Log file open, 04/19/18 00:53:40
LogWindows: Failed to load 'aqProf.dll' (GetLastError=126)
LogWindows: File 'aqProf.dll' does not exist
LogWindows: Failed to load 'VtuneApi.dll' (GetLastError=126)
LogWindows: File 'VtuneApi.dll' does not exist
LogWindows: Failed to load 'VtuneApi32e.dll' (GetLastError=126)
LogWindows: File 'VtuneApi32e.dll' does not exist
LogInit: Display: Running engine for game: ArtThiefMuseum
LogPlatformFile: Not using cached read wrapper
LogInit: Display: RandInit(-293415703) SRandInit(-293415703).
LogInit: Read version file with build ID '3709383'
LogInit: Overriding engine version to CL 3794801, compatible CL 3709383
LogInit: Registered custom module enumerator with build ID '3709383'
LogTaskGraph: Started task graph with 5 named threads and 14 total threads with 3 sets of task threads.
LogStats: Stats thread started at 0.187588
LogD3D11RHI: Aftermath initialized
LogModuleManager: Display: Found up-to-date module file ../../../Engine/Plugins/2D/Paper2D/Binaries/Win64/UE4Editor-Paper2D.dll (API version 3709383).
LogModuleManager: Display: Found up-to-date module file ../../../Engine/Plugins/2D/Paper2D/Binaries/Win64/UE4Editor-Paper2DEditor.dll (API version 3709383).
LogModuleManager: Display: Found up-to-date module file ../../../Engine/Plugins/2D/Paper2D/Binaries/Win64/UE4Editor-PaperSpriteSheetImporter.dll (API version 3709383).
LogModuleManager: Display: Found up-to-date module file ../../../Engine/Plugins/2D/Paper2D/Binaries/Win64/UE4Editor-PaperTiledImporter.dll (API version 3709383).
LogModuleManager: Display: Found up-to-date module file ../../../Engine/Plugins/2D/Paper2D/Binaries/Win64/UE4Editor-SmartSnapping.dll (API version 3709383).
LogModuleManager: Display: Found up-to-date module file ../../../Engine/Plugins/Blendables/LightPropagationVolume/Binaries/Win64/UE4Editor-LightPropagationVolumeRuntime.dll (API version 3709383).
LogModuleManager: Display: Found up-to-date module file ../../../Engine/Plugins/Blendables/LightPropagationVolume/Binaries/Win64/UE4Editor-LightPropagationVolumeEditor.dll (API version 3709383).
LogModuleManager: Display: Found up-to-date module file ../../../Engine/Plugins/Developer/GitSourceControl/Binaries/Win64/UE4Editor-GitSourceControl.dll (API version 3709383).
LogModuleManager: Display: Found up-to-date module file ../../../Engine/Plugins/Developer/PerforceSourceControl/Binaries/Win64/UE4Editor-PerforceSourceControl.dll (API version 3709383).
LogModuleManager: Display: Found up-to-date module file ../../../Engine/Plugins/Developer/SubversionSourceControl/Binaries/Win64/UE4Editor-SubversionSourceControl.dll (API version 3709383).
LogModuleManager: Display: Found up-to-date module file ../../../Engine/Plugins/Developer/UObjectPlugin/Binaries/Win64/UE4Editor-UObjectPlugin.dll (API version 3709383).
LogModuleManager: Display: Found up-to-date module file ../../../Engine/Plugins/Developer/VisualStudioCodeSourceCodeAccess/Binaries/Win64/UE4Editor-VisualStudioCodeSourceCodeAccess.dll (API version 3709383).
LogModuleManager: Display: Found up-to-date module file ../../../Engine/Plugins/Developer/VisualStudioSourceCodeAccess/Binaries/Win64/UE4Editor-VisualStudioSourceCodeAccess.dll (API version 3709383).
LogModuleManager: Display: Found up-to-date module file ../../../Engine/Plugins/Editor/AssetManagerEditor/Binaries/Win64/UE4Editor-AssetManagerEditor.dll (API version 3709383).
LogModuleManager: Display: Found up-to-date module file ../../../Engine/Plugins/Editor/AudioCapture/Binaries/Win64/UE4Editor-AudioCapture.dll (API version 3709383).
LogModuleManager: Display: Found up-to-date module file ../../../Engine/Plugins/Editor/FacialAnimation/Binaries/Win64/UE4Editor-FacialAnimation.dll (API version 3709383).
LogModuleManager: Display: Found up-to-date module file ../../../Engine/Plugins/Editor/FacialAnimation/Binaries/Win64/UE4Editor-FacialAnimationEditor.dll (API version 3709383).
LogModuleManager: Display: Found up-to-date module file ../../../Engine/Plugins/Editor/GameplayTagsEditor/Binaries/Win64/UE4Editor-GameplayTagsEditor.dll (API version 3709383).
LogModuleManager: Display: Found up-to-date module file ../../../Engine/Plugins/Editor/MobileLauncherProfileWizard/Binaries/Win64/UE4Editor-MobileLauncherProfileWizard.dll (API version 3709383).
LogModuleManager: Display: Found up-to-date module file ../../../Engine/Plugins/Editor/PluginBrowser/Binaries/Win64/UE4Editor-PluginBrowser.dll (API version 3709383).
LogModuleManager: Display: Found up-to-date module file ../../../Engine/Plugins/Editor/SpeedTreeImporter/Binaries/Win64/UE4Editor-SpeedTreeImporter.dll (API version 3709383).
LogModuleManager: Display: Found up-to-date module file ../../../Engine/Plugins/Experimental/AlembicImporter/Binaries/Win64/UE4Editor-AlembicImporter.dll (API version 3709383).
LogModuleManager: Display: Found up-to-date module file ../../../Engine/Plugins/Experimental/AlembicImporter/Binaries/Win64/UE4Editor-AlembicLibrary.dll (API version 3709383).
LogModuleManager: Display: Found up-to-date module file ../../../Engine/Plugins/Experimental/CharacterAI/Binaries/Win64/UE4Editor-CharacterAI.dll (API version 3709383).
LogModuleManager: Display: Found up-to-date module file ../../../Engine/Plugins/Experimental/HTML5Networking/Binaries/Win64/UE4Editor-HTML5Networking.dll (API version 3709383).
LogModuleManager: Display: Found up-to-date module file ../../../Engine/Plugins/Media/AndroidMedia/Binaries/Win64/UE4Editor-AndroidMediaEditor.dll (API version 3709383).
LogModuleManager: Display: Found up-to-date module file ../../../Engine/Plugins/Media/AndroidMedia/Binaries/Win64/UE4Editor-AndroidMediaFactory.dll (API version 3709383).
LogModuleManager: Display: Found up-to-date module file ../../../Engine/Plugins/Media/AvfMedia/Binaries/Win64/UE4Editor-AvfMediaEditor.dll (API version 3709383).
LogModuleManager: Display: Found up-to-date module file ../../../Engine/Plugins/Media/AvfMedia/Binaries/Win64/UE4Editor-AvfMediaFactory.dll (API version 3709383).
LogModuleManager: Display: Found up-to-date module file ../../../Engine/Plugins/Media/AvfMedia/Binaries/Win64/UE4Editor-AvfMediaFactory.dll (API version 3709383).
LogModuleManager: Display: Found up-to-date module file ../../../Engine/Plugins/Media/ImgMedia/Binaries/Win64/UE4Editor-ImgMedia.dll (API version 3709383).
LogModuleManager: Display: Found up-to-date module file ../../../Engine/Plugins/Media/ImgMedia/Binaries/Win64/UE4Editor-ImgMediaEditor.dll (API version 3709383).
LogModuleManager: Display: Found up-to-date module file ../../../Engine/Plugins/Media/ImgMedia/Binaries/Win64/UE4Editor-ImgMediaFactory.dll (API version 3709383).
LogModuleManager: Display: Found up-to-date module file ../../../Engine/Plugins/Media/ImgMedia/Binaries/Win64/UE4Editor-ImgMediaFactory.dll (API version 3709383).
LogModuleManager: Display: Found up-to-date module file ../../../Engine/Plugins/Media/ImgMedia/Binaries/Win64/UE4Editor-OpenExrWrapper.dll (API version 3709383).
LogModuleManager: Display: Found up-to-date module file ../../../Engine/Plugins/Media/MediaCompositing/Binaries/Win64/UE4Editor-MediaCompositing.dll (API version 3709383).
LogModuleManager: Display: Found up-to-date module file ../../../Engine/Plugins/Media/MediaCompositing/Binaries/Win64/UE4Editor-MediaCompositingEditor.dll (API version 3709383).
LogModuleManager: Display: Found up-to-date module file ../../../Engine/Plugins/Media/MediaPlayerEditor/Binaries/Win64/UE4Editor-MediaPlayerEditor.dll (API version 3709383).
LogModuleManager: Display: Found up-to-date module file ../../../Engine/Plugins/Media/WmfMedia/Binaries/Win64/UE4Editor-WmfMedia.dll (API version 3709383).
LogModuleManager: Display: Found up-to-date module file ../../../Engine/Plugins/Media/WmfMedia/Binaries/Win64/UE4Editor-WmfMediaEditor.dll (API version 3709383).
LogModuleManager: Display: Found up-to-date module file ../../../Engine/Plugins/Media/WmfMedia/Binaries/Win64/UE4Editor-WmfMediaFactory.dll (API version 3709383).
LogModuleManager: Display: Found up-to-date module file ../../../Engine/Plugins/Media/WmfMedia/Binaries/Win64/UE4Editor-WmfMediaFactory.dll (API version 3709383).
LogModuleManager: Display: Found up-to-date module file ../../../Engine/Plugins/Messaging/TcpMessaging/Binaries/Win64/UE4Editor-TcpMessaging.dll (API version 3709383).
LogModuleManager: Display: Found up-to-date module file ../../../Engine/Plugins/Messaging/UdpMessaging/Binaries/Win64/UE4Editor-UdpMessaging.dll (API version 3709383).
LogModuleManager: Display: Found up-to-date module file ../../../Engine/Plugins/MovieScene/ActorSequence/Binaries/Win64/UE4Editor-ActorSequence.dll (API version 3709383).
LogModuleManager: Display: Found up-to-date module file ../../../Engine/Plugins/MovieScene/LevelSequenceEditor/Binaries/Win64/UE4Editor-LevelSequenceEditor.dll (API version 3709383).
LogModuleManager: Display: Found up-to-date module file ../../../Engine/Plugins/MovieScene/MatineeToLevelSequence/Binaries/Win64/UE4Editor-MatineeToLevelSequence.dll (API version 3709383).
LogModuleManager: Display: Found up-to-date module file ../../../Engine/Plugins/Online/OnlineSubsystem/Binaries/Win64/UE4Editor-OnlineSubsystem.dll (API version 3709383).
LogModuleManager: Display: Found up-to-date module file ../../../Engine/Plugins/Runtime/AndroidPermission/Binaries/Win64/UE4Editor-AndroidPermission.dll (API version 3709383).
LogModuleManager: Display: Found up-to-date module file ../../../Engine/Plugins/Online/OnlineSubsystemNull/Binaries/Win64/UE4Editor-OnlineSubsystemNull.dll (API version 3709383).
LogModuleManager: Display: Found up-to-date module file ../../../Engine/Plugins/Online/OnlineSubsystemUtils/Binaries/Win64/UE4Editor-OnlineSubsystemUtils.dll (API version 3709383).
LogModuleManager: Display: Found up-to-date module file ../../../Engine/Plugins/Online/OnlineSubsystemUtils/Binaries/Win64/UE4Editor-OnlineBlueprintSupport.dll (API version 3709383).
LogModuleManager: Display: Found up-to-date module file ../../../Engine/Plugins/Runtime/AndroidDeviceProfileSelector/Binaries/Win64/UE4Editor-AndroidDeviceProfileSelector.dll (API version 3709383).
LogModuleManager: Display: Found up-to-date module file ../../../Engine/Plugins/Runtime/AppleARKit/Binaries/Win64/UE4Editor-AppleARKit.dll (API version 3709383).
LogModuleManager: Display: Found up-to-date module file ../../../Engine/Plugins/Runtime/ArchVisCharacter/Binaries/Win64/UE4Editor-ArchVisCharacter.dll (API version 3709383).
LogModuleManager: Display: Found up-to-date module file ../../../Engine/Plugins/Runtime/CableComponent/Binaries/Win64/UE4Editor-CableComponent.dll (API version 3709383).
LogModuleManager: Display: Found up-to-date module file ../../../Engine/Plugins/Runtime/CustomMeshComponent/Binaries/Win64/UE4Editor-CustomMeshComponent.dll (API version 3709383).
LogModuleManager: Display: Found up-to-date module file ../../../Engine/Plugins/Runtime/ExampleDeviceProfileSelector/Binaries/Win64/UE4Editor-ExampleDeviceProfileSelector.dll (API version 3709383).
LogModuleManager: Display: Found up-to-date module file ../../../Engine/Plugins/Runtime/ImmediatePhysics/Binaries/Win64/UE4Editor-ImmediatePhysics.dll (API version 3709383).
LogModuleManager: Display: Found up-to-date module file ../../../Engine/Plugins/Runtime/ImmediatePhysics/Binaries/Win64/UE4Editor-ImmediatePhysicsEditor.dll (API version 3709383).
LogModuleManager: Display: Found up-to-date module file ../../../Engine/Plugins/Runtime/LocationServicesBPLibrary/Binaries/Win64/UE4Editor-LocationServicesBPLibrary.dll (API version 3709383).
LogModuleManager: Display: Found up-to-date module file ../../../Engine/Plugins/Runtime/MobilePatchingUtils/Binaries/Win64/UE4Editor-MobilePatchingUtils.dll (API version 3709383).
LogModuleManager: Display: Found up-to-date module file ../../../Engine/Plugins/Runtime/Oculus/OculusVR/Binaries/Win64/UE4Editor-OculusHMD.dll (API version 3709383).
LogModuleManager: Display: Found up-to-date module file ../../../Engine/Plugins/Runtime/Oculus/OculusVR/Binaries/Win64/UE4Editor-OculusInput.dll (API version 3709383).
LogModuleManager: Display: Found up-to-date module file ../../../Engine/Plugins/Runtime/Oculus/OculusVR/Binaries/Win64/UE4Editor-OculusEditor.dll (API version 3709383).
LogModuleManager: Display: Found up-to-date module file ../../../Engine/Plugins/Runtime/PhysXVehicles/Binaries/Win64/UE4Editor-PhysXVehicles.dll (API version 3709383).
LogModuleManager: Display: Found up-to-date module file ../../../Engine/Plugins/Runtime/PhysXVehicles/Binaries/Win64/UE4Editor-PhysXVehiclesEditor.dll (API version 3709383).
LogModuleManager: Display: Found up-to-date module file ../../../Engine/Plugins/Runtime/ProceduralMeshComponent/Binaries/Win64/UE4Editor-ProceduralMeshComponent.dll (API version 3709383).
LogModuleManager: Display: Found up-to-date module file ../../../Engine/Plugins/Runtime/ProceduralMeshComponent/Binaries/Win64/UE4Editor-ProceduralMeshComponentEditor.dll (API version 3709383).
LogModuleManager: Display: Found up-to-date module file ../../../Engine/Plugins/Runtime/RuntimePhysXCooking/Binaries/Win64/UE4Editor-RuntimePhysXCooking.dll (API version 3709383).
LogModuleManager: Display: Found up-to-date module file ../../../Engine/Plugins/Runtime/Steam/SteamVR/Binaries/Win64/UE4Editor-SteamVR.dll (API version 3709383).
LogModuleManager: Display: Found up-to-date module file ../../../Engine/Plugins/Runtime/Steam/SteamVR/Binaries/Win64/UE4Editor-SteamVRController.dll (API version 3709383).
LogModuleManager: Display: Found up-to-date module file ../../../Engine/Plugins/Runtime/WindowsMoviePlayer/Binaries/Win64/UE4Editor-WindowsMoviePlayer.dll (API version 3709383).
LogPluginManager: Mounting plugin Paper2D
LogPluginManager: Mounting plugin LightPropagationVolume
LogPluginManager: Mounting plugin CodeLiteSourceCodeAccess
LogPluginManager: Mounting plugin GitSourceControl
LogPluginManager: Mounting plugin KDevelopSourceCodeAccess
LogPluginManager: Mounting plugin NullSourceCodeAccess
LogPluginManager: Mounting plugin PerforceSourceControl
LogPluginManager: Mounting plugin SubversionSourceControl
LogPluginManager: Mounting plugin UObjectPlugin
LogPluginManager: Mounting plugin VisualStudioCodeSourceCodeAccess
LogPluginManager: Mounting plugin VisualStudioSourceCodeAccess
LogPluginManager: Mounting plugin XCodeSourceCodeAccess
LogPluginManager: Mounting plugin AssetManagerEditor
LogPluginManager: Mounting plugin AudioCapture
LogPluginManager: Mounting plugin FacialAnimation
LogPluginManager: Mounting plugin GameplayTagsEditor
LogPluginManager: Mounting plugin MobileLauncherProfileWizard
LogPluginManager: Mounting plugin PluginBrowser
LogPluginManager: Mounting plugin SpeedTreeImporter
LogPluginManager: Mounting plugin AlembicImporter
LogPluginManager: Mounting plugin CharacterAI
LogPluginManager: Mounting plugin HTML5Networking
LogPluginManager: Mounting plugin AndroidMedia
LogPluginManager: Mounting plugin AvfMedia
LogPluginManager: Mounting plugin ImgMedia
LogPluginManager: Mounting plugin MediaCompositing
LogPluginManager: Mounting plugin MediaPlayerEditor
LogPluginManager: Mounting plugin WmfMedia
LogPluginManager: Mounting plugin TcpMessaging
LogPluginManager: Mounting plugin UdpMessaging
LogPluginManager: Mounting plugin ActorSequence
LogPluginManager: Mounting plugin LevelSequenceEditor
LogPluginManager: Mounting plugin MatineeToLevelSequence
LogPluginManager: Mounting plugin OnlineSubsystemGooglePlay
LogPluginManager: Mounting plugin OnlineSubsystemIOS
LogPluginManager: Mounting plugin OnlineSubsystem
LogPluginManager: Mounting plugin OnlineSubsystemNull
LogPluginManager: Mounting plugin OnlineSubsystemUtils
LogPluginManager: Mounting plugin AndroidDeviceProfileSelector
LogPluginManager: Mounting plugin AndroidMoviePlayer
LogPluginManager: Mounting plugin AndroidPermission
LogPluginManager: Mounting plugin AppleARKit
LogPluginManager: Mounting plugin AppleMoviePlayer
LogPluginManager: Mounting plugin ArchVisCharacter
LogPluginManager: Mounting plugin CableComponent
LogPluginManager: Mounting plugin CustomMeshComponent
LogPluginManager: Mounting plugin ExampleDeviceProfileSelector
LogPluginManager: Mounting plugin GoogleCloudMessaging
LogPluginManager: Mounting plugin ImmediatePhysics
LogPluginManager: Mounting plugin IOSDeviceProfileSelector
LogPluginManager: Mounting plugin LinuxDeviceProfileSelector
LogPluginManager: Mounting plugin LocationServicesBPLibrary
LogPluginManager: Mounting plugin MobilePatchingUtils
LogPluginManager: Mounting plugin OculusVR
LogPluginManager: Plugin shader directory ../../../Engine/Plugins/Runtime/Oculus/OculusVR/Shaders found
LogPluginManager: Mapping shader source directory ../../../Engine/Plugins/Runtime/Oculus/OculusVR/Shaders to virtual directory /Plugin/OculusVR
LogPluginManager: Mounting plugin PhysXVehicles
LogPluginManager: Mounting plugin ProceduralMeshComponent
LogPluginManager: Mounting plugin RuntimePhysXCooking
LogPluginManager: Mounting plugin SteamVR
LogPluginManager: Mounting plugin WindowsMoviePlayer
LogInit: Using libcurl 7.47.1
LogInit:  - built for x86_64-pc-win32
LogInit:  - supports SSL with OpenSSL/1.0.2g
LogInit:  - supports HTTP deflate (compression) using libz 1.2.8
LogInit:  - other features:
LogInit:      CURL_VERSION_SSL
LogInit:      CURL_VERSION_LIBZ
LogInit:      CURL_VERSION_IPV6
LogInit:      CURL_VERSION_ASYNCHDNS
LogInit:      CURL_VERSION_LARGEFILE
LogInit:      CURL_VERSION_IDN
LogInit:  CurlRequestOptions (configurable via config and command line):
LogInit:  - bVerifyPeer = false  - Libcurl will NOT verify peer certificate
LogInit:  - bUseHttpProxy = false  - Libcurl will NOT use HTTP proxy
LogInit:  - bDontReuseConnections = false  - Libcurl will reuse connections
LogInit:  - CertBundlePath = nullptr  - Libcurl will use whatever was configured at build time.
LogInit: Build: ++UE4+Release-4.18-CL-3794801
LogInit: Engine Version: 4.18.2-3794801+++UE4+Release-4.18
LogInit: Compatible Engine Version: 4.18.0-3709383+++UE4+Release-4.18
LogInit: Net CL: 3709383
LogDevObjectVersion: Number of dev versions registered: 16
LogDevObjectVersion:   Dev-Blueprints (B0D832E4-1F89-4F0D-ACCF-7EB736FD4AA2): 10
LogDevObjectVersion:   Dev-Build (E1C64328-A22C-4D53-A36C-8E866417BD8C): 0
LogDevObjectVersion:   Dev-Core (375EC13C-06E4-48FB-B500-84F0262A717E): 2
LogDevObjectVersion:   Dev-Editor (E4B068ED-F494-42E9-A231-DA0B2E46BB41): 20
LogDevObjectVersion:   Dev-Framework (CFFC743F-43B0-4480-9391-14DF171D2073): 30
LogDevObjectVersion:   Dev-Mobile (B02B49B5-BB20-44E9-A304-32B752E40360): 0
LogDevObjectVersion:   Dev-Networking (A4E4105C-59A1-49B5-A7C5-40C4547EDFEE): 0
LogDevObjectVersion:   Dev-Online (39C831C9-5AE6-47DC-9A44-9C173E1C8E7C): 0
LogDevObjectVersion:   Dev-Physics (78F01B33-EBEA-4F98-B9B4-84EACCB95AA2): 0
LogDevObjectVersion:   Dev-Platform (6631380F-2D4D-43E0-8009-CF276956A95A): 0
LogDevObjectVersion:   Dev-Rendering (12F88B9F-8875-4AFC-A67C-D90C383ABD29): 20
LogDevObjectVersion:   Dev-Sequencer (7B5AE74C-D270-4C10-A958-57980B212A5A): 4
LogDevObjectVersion:   Dev-VR (D7296918-1DD6-4BDD-9DE2-64A83CC13884): 0
LogDevObjectVersion:   Dev-LoadTimes (C2A15278-BFE7-4AFE-6C17-90FF531DF755): 1
LogDevObjectVersion:   Private-Geometry (6EACA3D4-40EC-4CC1-B786-8BED09428FC5): 1
LogDevObjectVersion:   Dev-AnimPhys (29E575DD-E0A3-4627-9D10-D276232CDCEA): 12
LogInit: Compiled (64-bit): Dec  8 2017 02:04:53
LogInit: Compiled with Visual C++: 19.00.24215.01
LogInit: Build Configuration: Development
LogInit: Branch Name: ++UE4+Release-4.18
LogInit: Command line:  
LogInit: Base directory: D:/UE_4.18/Engine/Binaries/Win64/
LogInit: Installed Engine Build: 1
LogInit: Presizing for max 8388607 objects, including 0 objects not considered by GC, pre-allocating 0 bytes for permanent pool.
LogInit: Object subsystem initialized
[2018.04.19-06.53.42:377][  0]LogInit: Selected Device Profile: [Windows]
[2018.04.19-06.53.42:377][  0]LogInit: Applying CVar settings loaded from the selected device profile: [Windows]
[2018.04.19-06.53.42:461][  0]LogInit: Computer: DESKTOP-1E3V943
[2018.04.19-06.53.42:461][  0]LogInit: User: JaredRothwell
[2018.04.19-06.53.42:461][  0]LogInit: CPU Page size=4096, Cores=4
[2018.04.19-06.53.42:461][  0]LogInit: High frequency timer resolution =2.531253 MHz
[2018.04.19-06.53.42:462][  0]LogMemory: Memory total: Physical=15.9GB (16GB approx)
[2018.04.19-06.53.42:462][  0]LogMemory: Platform Memory Stats for Windows
[2018.04.19-06.53.42:462][  0]LogMemory: Process Physical Memory: 273.73 MB used, 273.73 MB peak
[2018.04.19-06.53.42:462][  0]LogMemory: Process Virtual Memory: 269.85 MB used, 269.85 MB peak
[2018.04.19-06.53.42:462][  0]LogMemory: Physical Memory: 9359.50 MB used,  6892.54 MB free, 16252.04 MB total
[2018.04.19-06.53.42:462][  0]LogMemory: Virtual Memory: 682.52 MB used,  6892.54 MB free, 134217728.00 MB total
[2018.04.19-06.53.42:970][  0]LogInit: Using OS detected language (en-US).
[2018.04.19-06.53.42:970][  0]LogInit: Using OS detected locale (en-US).
[2018.04.19-06.53.43:128][  0]LogTextLocalizationManager: No specific localization for 'en-US' exists, so the 'en' localization will be used.
[2018.04.19-06.53.43:677][  0]LogInit: Setting process to per monitor DPI aware
[2018.04.19-06.53.47:402][  0]LogD3D11RHI: D3D11 adapters:
[2018.04.19-06.53.47:448][  0]LogD3D11RHI:    0. 'NVIDIA GeForce GTX 960M' (Feature Level 11_0)
[2018.04.19-06.53.47:448][  0]LogD3D11RHI:       2019/0/8126 MB DedicatedVideo/DedicatedSystem/SharedSystem, Outputs:2, VendorId:0x10de
[2018.04.19-06.53.47:456][  0]LogD3D11RHI:    1. 'Intel(R) HD Graphics 530' (Feature Level 11_0)
[2018.04.19-06.53.47:456][  0]LogD3D11RHI:       128/0/8126 MB DedicatedVideo/DedicatedSystem/SharedSystem, Outputs:0, VendorId:0x8086
[2018.04.19-06.53.47:458][  0]LogD3D11RHI:    2. 'Microsoft Basic Render Driver' (Feature Level 11_0)
[2018.04.19-06.53.47:458][  0]LogD3D11RHI:       0/0/8126 MB DedicatedVideo/DedicatedSystem/SharedSystem, Outputs:0, VendorId:0x1414
[2018.04.19-06.53.47:458][  0]LogD3D11RHI: Chosen D3D11 Adapter: 0
[2018.04.19-06.53.47:478][  0]LogD3D11RHI: Creating new Direct3DDevice
[2018.04.19-06.53.47:478][  0]LogD3D11RHI:     GPU DeviceId: 0x139b (for the marketing name, search the web for "GPU Device Id")
[2018.04.19-06.53.47:478][  0]LogWindows: EnumDisplayDevices:
[2018.04.19-06.53.47:478][  0]LogWindows:    0. 'Intel(R) HD Graphics 530' (P:0 D:1)
[2018.04.19-06.53.47:478][  0]LogWindows:    1. 'Intel(R) HD Graphics 530' (P:1 D:1)
[2018.04.19-06.53.47:478][  0]LogWindows:    2. 'Intel(R) HD Graphics 530' (P:0 D:0)
[2018.04.19-06.53.47:478][  0]LogWindows: DebugString: GetVideoDriverDetailsInvalid PrimaryIsNotTheChoosenAdapter GetVideoDriverDetailsInvalid PrimaryIsNotTheChoosenAdapter GetVideoDriverDetailsInvalid PrimaryIsNotTheChoosenAdapter FoundDriverCount:0 
[2018.04.19-06.53.47:478][  0]LogD3D11RHI:     Adapter Name: NVIDIA GeForce GTX 960M
[2018.04.19-06.53.47:478][  0]LogD3D11RHI:   Driver Version: Unknown (internal:Unknown, unified:Unknown)
[2018.04.19-06.53.47:478][  0]LogD3D11RHI:      Driver Date: Unknown
[2018.04.19-06.53.47:478][  0]LogRHI: Texture pool is 1413 MB (70% of 2019 MB)
[2018.04.19-06.53.47:506][  0]LogD3D11RHI: Async texture creation enabled
[2018.04.19-06.53.47:520][  0]LogD3D11RHI: GPU Timing Frequency: 1000.000000 (Debug: 2 1)
[2018.04.19-06.53.47:521][  0]LogShaderCompilers: Guid format shader working directory is 9 characters bigger than the processId version (../../../../projects/Art-Thief/ArtThiefMuseum/Intermediate/Shaders/WorkingDirectory/57100/).
[2018.04.19-06.53.47:521][  0]LogShaderCompilers: Cleaned the shader compiler working directory 'C:/Users/Jared Rothwell/AppData/Local/Temp/UnrealShaderWorkingDir/CAB03D0A4A189B891A35F3A2C4FCE991/'.
[2018.04.19-06.53.47:521][  0]LogShaderCompilers: Display: Using Local Shader Compiler.
[2018.04.19-06.53.50:946][  0]LogTemp: Display: Loaded TP AllDesktopTargetPlatform
[2018.04.19-06.53.51:002][  0]LogTemp: Display: Loaded TP MacClientTargetPlatform
[2018.04.19-06.53.51:051][  0]LogTemp: Display: Loaded TP MacNoEditorTargetPlatform
[2018.04.19-06.53.51:104][  0]LogTemp: Display: Loaded TP MacServerTargetPlatform
[2018.04.19-06.53.51:295][  0]LogTemp: Display: Loaded TP MacTargetPlatform
[2018.04.19-06.53.51:354][  0]LogTemp: Display: Loaded TP WindowsClientTargetPlatform
[2018.04.19-06.53.51:411][  0]LogTemp: Display: Loaded TP WindowsNoEditorTargetPlatform
[2018.04.19-06.53.51:467][  0]LogTemp: Display: Loaded TP WindowsServerTargetPlatform
[2018.04.19-06.53.51:509][  0]LogTemp: Display: Loaded TP WindowsTargetPlatform
[2018.04.19-06.53.51:558][  0]LogTemp: Display: Loaded TP Android_ASTCTargetPlatform
[2018.04.19-06.53.51:608][  0]LogTemp: Display: Loaded TP Android_ATCTargetPlatform
[2018.04.19-06.53.51:660][  0]LogTemp: Display: Loaded TP Android_DXTTargetPlatform
[2018.04.19-06.53.51:706][  0]LogTemp: Display: Loaded TP Android_ETC1TargetPlatform
[2018.04.19-06.53.51:783][  0]LogTemp: Display: Loaded TP Android_ETC2TargetPlatform
[2018.04.19-06.53.51:881][  0]LogTemp: Display: Loaded TP Android_MultiTargetPlatform
[2018.04.19-06.53.51:881][  0]LogTemp: Display: Loaded TP Android_PVRTCTargetPlatform
[2018.04.19-06.53.51:946][  0]LogTemp: Display: Loaded TP AndroidTargetPlatform
[2018.04.19-06.53.51:993][  0]LogTemp: Display: Loaded TP HTML5TargetPlatform
[2018.04.19-06.53.52:088][  0]LogTemp: Display: Loaded TP IOSTargetPlatform
[2018.04.19-06.53.52:114][  0]LogTemp: Display: Loaded TP TVOSTargetPlatform
[2018.04.19-06.53.52:169][  0]LogTemp: Display: Loaded TP LinuxClientTargetPlatform
[2018.04.19-06.53.52:215][  0]LogTemp: Display: Loaded TP LinuxNoEditorTargetPlatform
[2018.04.19-06.53.52:263][  0]LogTemp: Display: Loaded TP LinuxServerTargetPlatform
[2018.04.19-06.53.52:346][  0]LogTemp: Display: Loaded TP LinuxTargetPlatform
[2018.04.19-06.53.52:346][  0]LogTargetPlatformManager: Display: Building Assets For Windows
[2018.04.19-06.53.52:762][  0]LogDerivedDataCache: Display: Max Cache Size: 512 MB
[2018.04.19-06.53.54:911][  0]LogDerivedDataCache: Loaded boot cache 2.15s 78MB C:/Users/Jared Rothwell/AppData/Local/UnrealEngine/4.18/DerivedDataCache/Boot.ddc.
[2018.04.19-06.53.54:911][  0]LogDerivedDataCache: Display: Loaded Boot cache: C:/Users/Jared Rothwell/AppData/Local/UnrealEngine/4.18/DerivedDataCache/Boot.ddc
[2018.04.19-06.53.54:911][  0]LogDerivedDataCache: FDerivedDataBackendGraph:  Pak pak cache file ../../../../projects/Art-Thief/ArtThiefMuseum/DerivedDataCache/DDC.ddp not found, will not use a pak cache.
[2018.04.19-06.53.54:911][  0]LogDerivedDataCache: Unable to find inner node Pak for hierarchical cache Hierarchy.
[2018.04.19-06.53.54:911][  0]LogDerivedDataCache: FDerivedDataBackendGraph:  CompressedPak pak cache file ../../../../projects/Art-Thief/ArtThiefMuseum/DerivedDataCache/Compressed.ddp not found, will not use a pak cache.
[2018.04.19-06.53.54:911][  0]LogDerivedDataCache: Unable to find inner node CompressedPak for hierarchical cache Hierarchy.
[2018.04.19-06.53.54:931][  0]LogDerivedDataCache: Display: Pak cache opened for reading ../../../Engine/DerivedDataCache/Compressed.ddp.
[2018.04.19-06.53.54:943][  0]LogDerivedDataCache: Using Local data cache path C:/Users/Jared Rothwell/AppData/Local/UnrealEngine/Common/DerivedDataCache: Writable
[2018.04.19-06.53.54:955][  0]LogMaterial: Verifying Global Shaders for PCD3D_SM5
[2018.04.19-06.53.54:956][  0]LogSlate: Using Freetype 2.6.0
[2018.04.19-06.53.54:986][  0]LogSlate: SlateFontCache - WITH_FREETYPE: 1, WITH_HARFBUZZ: 1
[2018.04.19-06.53.54:986][  0]LogSlate: SlateFontCache - WITH_FREETYPE: 1, WITH_HARFBUZZ: 1
[2018.04.19-06.53.55:753][  0]LogInit: Selected Device Profile: [Windows]
[2018.04.19-06.53.56:100][  0]LogSimplygon: Simplygon DLL not present - disabling.
[2018.04.19-06.53.56:139][  0]LogMeshReduction: Using SimplygonSwarm for distributed automatic mesh merging
[2018.04.19-06.53.56:139][  0]LogMeshReduction: Using QuadricMeshReduction for automatic static mesh reduction
[2018.04.19-06.53.56:139][  0]LogMeshReduction: No automatic skeletal mesh reduction module available
[2018.04.19-06.53.56:139][  0]LogMeshReduction: No automatic mesh merging module available
[2018.04.19-06.53.56:139][  0]LogMeshMerging: No automatic mesh merging module available
[2018.04.19-06.53.56:173][  0]LogNetVersion: ArtThiefMuseum , NetCL: 3709383, EngineNetVer: 2, GameNetVer: 0 (Checksum: 2922769132)
[2018.04.19-06.53.56:361][  0]LogAssetRegistry: FAssetRegistry took 0.0273 seconds to start up
[2018.04.19-06.53.56:931][  0]LogPackageLocalizationCache: Processed 7 localized package path(s) for 2 prioritized culture(s) in 0.092420 seconds
[2018.04.19-06.53.56:937][  0]LogUObjectArray: 35900 objects as part of root set at end of initial load.
[2018.04.19-06.53.56:937][  0]LogUObjectAllocator: 7372016 out of 0 bytes used by permanent object pool.
[2018.04.19-06.53.56:937][  0]LogUObjectArray: CloseDisregardForGC: 0/0 objects in disregard for GC pool
[2018.04.19-06.53.56:980][  0]LogInit: WinSock: version 1.1 (2.2), MaxSocks=32767, MaxUdp=65467
[2018.04.19-06.54.10:876][  0]LogTcpMessaging: Initializing TcpMessaging bridge
[2018.04.19-06.54.10:920][  0]LogUdpMessaging: Initializing bridge on interface 0.0.0.0:0 to multicast group 230.0.0.1:6666.
[2018.04.19-06.54.11:633][  0]LogMaterial: Uniform references updated for custom material expression Custom.
[2018.04.19-06.54.12:042][  0]SourceControl: Source control is disabled
[2018.04.19-06.54.13:458][  0]LogAndroidPermission: UAndroidPermissionCallbackProxy::GetInstance
[2018.04.19-06.54.13:712][  0]LogOcInput: OculusInput pre-init called
[2018.04.19-06.54.13:994][  0]LogEngine: Initializing Engine...
[2018.04.19-06.54.13:996][  0]LogHMD: Failed to initialize OpenVR with code 110
[2018.04.19-06.54.14:230][  0]LogStats: UGameplayTagsManager::ConstructGameplayTagTree: Construct from data asset -  0.000 s
[2018.04.19-06.54.14:230][  0]LogStats: UGameplayTagsManager::ConstructGameplayTagTree: GameplayTagTreeChangedEvent.Broadcast -  0.000 s
[2018.04.19-06.54.14:354][  0]LogAIModule: Creating AISystem for world Untitled
[2018.04.19-06.54.14:374][  0]LogInit: XAudio2 using 'Speakers (Conexant SmartAudio HD)' : 2 channels at 48 kHz using 32 bits per sample (channel mask 0x3)
[2018.04.19-06.54.14:424][  0]LogInit: FAudioDevice initialized.
[2018.04.19-06.54.14:685][  0]LogDerivedDataCache: Saved boot cache 0.26s 78MB C:/Users/Jared Rothwell/AppData/Local/UnrealEngine/4.18/DerivedDataCache/Boot.ddc.
[2018.04.19-06.54.14:700][  0]LogInit: Texture streaming: Enabled
[2018.04.19-06.54.14:790][  0]LogEngineSessionManager: EngineSessionManager initialized
[2018.04.19-06.54.14:930][  0]LogInit: Transaction tracking system initialized
[2018.04.19-06.54.15:242][  0]BlueprintLog: New page: Editor Load
[2018.04.19-06.54.16:068][  0]LocalizationService: Localization service is disabled
[2018.04.19-06.54.17:037][  0]LogConsoleResponse: Display: 
[2018.04.19-06.54.17:983][  0]LogCook: Display: Max memory allowance for cook 16384mb min free memory 0mb
[2018.04.19-06.54.17:983][  0]LogCook: Display: Mobile HDR setting 1
[2018.04.19-06.54.17:983][  0]LogGameplayTags: Display: UGameplayTagsManager::DoneAddingNativeTags. DelegateIsBound: 0
[2018.04.19-06.54.18:422][  0]LogFileCache: Scanning file cache for directory 'D:/projects/Art-Thief/ArtThiefMuseum/Content/' took 0.02s
[2018.04.19-06.54.19:307][  0]Cmd: MAP LOAD FILE="../../../../projects/Art-Thief/ArtThiefMuseum/Content/StarterContent/Maps/Minimal_Default.umap" TEMPLATE=0 SHOWPROGRESS=1 FEATURELEVEL=3
[2018.04.19-06.54.19:307][  0]LightingResults: New page: Lighting Build
[2018.04.19-06.54.19:350][  0]MapCheck: New page: Map Check
[2018.04.19-06.54.19:350][  0]LightingResults: New page: Lighting Build
[2018.04.19-06.54.19:511][  0]LogLinker: Warning: Can't find file '/Game/StarterContent/Textures/T_Wood_Oak_D'
[2018.04.19-06.54.19:511][  0]LogLinker: Warning: Can't find file for asset '/Game/StarterContent/Textures/T_Wood_Oak_D' while loading ../../../../projects/Art-Thief/ArtThiefMuseum/Content/StarterContent/Materials/M_Wood_Oak.uasset.
[2018.04.19-06.54.19:511][  0]LoadErrors: Error: /Game/StarterContent/Materials/M_Wood_Oak : Can't find file for asset. /Game/StarterContent/Textures/T_Wood_Oak_D
[2018.04.19-06.54.19:512][  0]LogLinker: Warning: Can't find file '/Game/StarterContent/Textures/T_Wood_Oak_N'
[2018.04.19-06.54.19:512][  0]LogLinker: Warning: Can't find file for asset '/Game/StarterContent/Textures/T_Wood_Oak_N' while loading ../../../../projects/Art-Thief/ArtThiefMuseum/Content/StarterContent/Materials/M_Wood_Oak.uasset.
[2018.04.19-06.54.19:512][  0]LoadErrors: Error: /Game/StarterContent/Materials/M_Wood_Oak : Can't find file for asset. /Game/StarterContent/Textures/T_Wood_Oak_N
[2018.04.19-06.54.19:512][  0]LogLinker: Warning: Can't find file '/Game/StarterContent/Textures/T_Wood_Oak_D'
[2018.04.19-06.54.19:512][  0]LogLinker: Warning: Can't find file for asset '/Game/StarterContent/Textures/T_Wood_Oak_D' while loading ../../../../projects/Art-Thief/ArtThiefMuseum/Content/StarterContent/Materials/M_Wood_Oak.uasset.
[2018.04.19-06.54.19:513][  0]LoadErrors: Error: /Game/StarterContent/Materials/M_Wood_Oak : Can't find file for asset. /Game/StarterContent/Textures/T_Wood_Oak_D
[2018.04.19-06.54.19:513][  0]LogLinker: Warning: Can't find file '/Game/StarterContent/Textures/T_Wood_Oak_N'
[2018.04.19-06.54.19:513][  0]LogLinker: Warning: Can't find file for asset '/Game/StarterContent/Textures/T_Wood_Oak_N' while loading ../../../../projects/Art-Thief/ArtThiefMuseum/Content/StarterContent/Materials/M_Wood_Oak.uasset.
[2018.04.19-06.54.19:513][  0]LoadErrors: Error: /Game/StarterContent/Materials/M_Wood_Oak : Can't find file for asset. /Game/StarterContent/Textures/T_Wood_Oak_N
[2018.04.19-06.54.19:828][  0]LogLinker: Warning: Can't find file '/Game/StarterContent/Textures/T_Wood_Oak_D'
[2018.04.19-06.54.19:828][  0]LoadErrors: Failed to load /Game/StarterContent/Textures/T_Wood_Oak_D.T_Wood_Oak_D Referenced by MaterialExpressionTextureSample_82
[2018.04.19-06.54.19:829][  0]LogLinker: Warning: Can't find file for asset '/Game/StarterContent/Textures/T_Wood_Oak_D' while loading NULL.
[2018.04.19-06.54.19:829][  0]LoadErrors: Failed to load /Game/StarterContent/Textures/T_Wood_Oak_D.T_Wood_Oak_D Referenced by MaterialExpressionTextureSample_82
[2018.04.19-06.54.19:829][  0]LogLinker: Warning: Can't find file '/Game/StarterContent/Textures/T_Wood_Oak_N'
[2018.04.19-06.54.19:829][  0]LoadErrors: Failed to load /Game/StarterContent/Textures/T_Wood_Oak_N.T_Wood_Oak_N Referenced by MaterialExpressionTextureSample_83
[2018.04.19-06.54.19:829][  0]LogLinker: Warning: Can't find file for asset '/Game/StarterContent/Textures/T_Wood_Oak_N' while loading NULL.
[2018.04.19-06.54.19:829][  0]LoadErrors: Failed to load /Game/StarterContent/Textures/T_Wood_Oak_N.T_Wood_Oak_N Referenced by MaterialExpressionTextureSample_83
[2018.04.19-06.54.22:106][  0]LogMaterial: Missing cached shader map for material M_Wood_Oak, compiling. 
[2018.04.19-06.54.22:107][  0]LogMaterial: Warning: D:\projects\Art-Thief\ArtThiefMuseum\Content\StarterContent\Materials\M_Wood_Oak.uasset: Failed to compile Material for platform PCD3D_SM5, Default Material will be used in game.
[2018.04.19-06.54.22:107][  0]LogMaterial: 	(Node TextureSample) Texture Sample> Missing input texture
[2018.04.19-06.54.23:530][  0]LogAIModule: Creating AISystem for world Minimal_Default
[2018.04.19-06.54.23:549][  0]LogEditorServer: Finished looking for orphan Actors (0.000 secs)
[2018.04.19-06.54.23:563][  0]Cmd: MAP CHECKDEP NOCLEARLOG
[2018.04.19-06.54.23:625][  0]MapCheck: Map check complete: 0 Error(s), 0 Warning(s), took 62.316ms to complete.
[2018.04.19-06.54.23:625][  0]LogFileHelpers: Loading map 'Minimal_Default' took 4.318
[2018.04.19-06.54.23:904][  0]LogCollectionManager: Loaded 0 collections in 0.001637 seconds
[2018.04.19-06.54.23:980][  0]LogFileCache: Scanning file cache for directory 'D:/projects/Art-Thief/ArtThiefMuseum/Saved/Collections/' took 0.01s
[2018.04.19-06.54.23:980][  0]LogFileCache: Scanning file cache for directory 'D:/projects/Art-Thief/ArtThiefMuseum/Content/Developers/JaredRothwell/Collections/' took 0.01s
[2018.04.19-06.54.23:980][  0]LogFileCache: Scanning file cache for directory 'D:/projects/Art-Thief/ArtThiefMuseum/Content/Collections/' took 0.01s
[2018.04.19-06.54.23:980][  0]LogCollectionManager: Rebuilt the GUID cache for 0 collections in 0.000000 seconds
[2018.04.19-06.54.23:991][  0]LogContentBrowser: Native class hierarchy populated in 0.0104 seconds. Added 2363 classes and 519 folders.
[2018.04.19-06.54.24:046][  0]LogContentBrowser: Native class hierarchy updated for 'WidgetCarousel' in 0.0002 seconds. Added 0 classes and 0 folders.
[2018.04.19-06.54.24:655][  0]LogContentBrowser: Native class hierarchy updated for 'AddContentDialog' in 0.0004 seconds. Added 0 classes and 0 folders.
[2018.04.19-06.54.24:693][  0]LogContentBrowser: Native class hierarchy updated for 'SceneOutliner' in 0.0004 seconds. Added 1 classes and 2 folders.
[2018.04.19-06.54.24:797][  0]LogSlate: Took 0.000234 seconds to synchronously load lazily loaded font '../../../Engine/Content/Slate/Fonts/Roboto-Regular.ttf' (155K)
[2018.04.19-06.54.24:816][  0]LogSlate: Took 0.014881 seconds to synchronously load lazily loaded font '../../../Engine/Content/Slate/Fonts/Roboto-Bold.ttf' (160K)
[2018.04.19-06.54.25:005][  0]LogRenderer: Reallocating scene render targets to support 1304x496 Format 10 NumSamples 1 (Frame:1).
[2018.04.19-06.54.25:221][  0]LogContentBrowser: Native class hierarchy updated for 'HierarchicalLODOutliner' in 0.0003 seconds. Added 1 classes and 2 folders.
[2018.04.19-06.54.25:222][  0]LogLoad: (Engine Initialization) Total time: 47.06 seconds
[2018.04.19-06.54.25:222][  0]LogLoad: (Engine Initialization) Total Blueprint compile time: 0.00 seconds
[2018.04.19-06.54.25:222][  0]LogExternalProfiler: Found external profiler: VSPerf
[2018.04.19-06.54.25:222][  0]LogExternalProfiler: Using external profiler: VSPerf
[2018.04.19-06.54.25:271][  0]SourceControl: On branch master
[2018.04.19-06.54.25:271][  0]SourceControl: Your branch is up to date with 'origin/master'.
[2018.04.19-06.54.25:271][  0]SourceControl: Changes not staged for commit:
[2018.04.19-06.54.25:271][  0]SourceControl:   (use "git add/rm <file>..." to update what will be committed)
[2018.04.19-06.54.25:271][  0]SourceControl:   (use "git checkout -- <file>..." to discard changes in working directory)
[2018.04.19-06.54.25:271][  0]SourceControl: 	modified:   ArtThiefMuseum/Intermediate/CachedAssetRegistry.bin
[2018.04.19-06.54.25:271][  0]SourceControl: 	modified:   ArtThiefMuseum/Saved/Config/Windows/Engine.ini
[2018.04.19-06.54.25:271][  0]SourceControl: 	deleted:    ArtThiefMuseum/Saved/Logs/ArtThiefMuseum-backup-2018.04.16-20.59.18.log
[2018.04.19-06.54.25:271][  0]SourceControl: 	modified:   ArtThiefMuseum/Saved/Logs/ArtThiefMuseum.log
[2018.04.19-06.54.25:271][  0]SourceControl: Untracked files:
[2018.04.19-06.54.25:271][  0]SourceControl:   (use "git add <file>..." to include in what will be committed)
[2018.04.19-06.54.25:271][  0]SourceControl: 	ArtThiefMuseum/Saved/Autosaves/Game/StarterContent/Maps/Exterior_Auto1.umap
[2018.04.19-06.54.25:272][  0]SourceControl: 	ArtThiefMuseum/Saved/Autosaves/Game/StarterContent/Maps/Exterior_Auto2.umap
[2018.04.19-06.54.25:272][  0]SourceControl: 	ArtThiefMuseum/Saved/Autosaves/Game/StarterContent/Maps/Exterior_Auto3.umap
[2018.04.19-06.54.25:272][  0]SourceControl: 	ArtThiefMuseum/Saved/Backup/Exterior_2018-04-18-15-34-50.umap
[2018.04.19-06.54.25:272][  0]SourceControl: 	ArtThiefMuseum/Saved/Config/CrashReportClient/UE4CC-Windows-8F73B53C402EAF71ACF0CB8570010975/
[2018.04.19-06.54.25:272][  0]SourceControl: 	ArtThiefMuseum/Saved/Logs/ArtThiefMuseum-backup-2018.04.19-00.53.40.log
[2018.04.19-06.54.25:272][  0]SourceControl: 	Saved/Config/CrashReportClient/
[2018.04.19-06.54.25:272][  0]SourceControl: 	Saved/Logs/ArtThiefMuseum-backup-2018.04.17-22.29.43.log
[2018.04.19-06.54.25:272][  0]SourceControl: 	Saved/Logs/ArtThiefMuseum_2-backup-2018.04.17-23.16.42.log
[2018.04.19-06.54.25:272][  0]SourceControl: 	Saved/Logs/ArtThiefMuseum_3-backup-2018.04.17-23.20.06.log
[2018.04.19-06.54.25:272][  0]SourceControl: 	Saved/Logs/ArtThiefMuseum_3-backup-2018.04.17-23.42.38.log
[2018.04.19-06.54.25:272][  0]SourceControl: 	Saved/Logs/ArtThiefMuseum_4.log
[2018.04.19-06.54.25:272][  0]SourceControl: no changes added to commit (use "git add" and/or "git commit -a")
[2018.04.19-06.54.25:272][  0]LogContentStreaming: Texture pool size now 1000 MB
[2018.04.19-06.54.25:364][  1]LogAssetRegistry: Asset discovery search completed in 29.0257 seconds
[2018.04.19-06.54.25:368][  1]LogCollectionManager: Rebuilt the object cache for 0 collections in 0.000001 seconds (found 0 objects)
[2018.04.19-06.54.25:368][  1]LogCollectionManager: Fixed up redirectors for 0 collections in 0.000103 seconds (updated 0 objects)
[2018.04.19-06.54.30:038][262]LogSlate: Took 0.068994 seconds to synchronously load lazily loaded font '../../../Engine/Content/Editor/Slate/Fonts/FontAwesome.ttf' (139K)
[2018.04.19-06.54.30:062][262]LogSlate: Took 0.000284 seconds to synchronously load lazily loaded font '../../../Engine/Content/Slate/Fonts/Roboto-Light.ttf' (159K)
[2018.04.19-06.54.30:353][272]LogFileCache: Retrieving MD5 hashes for directory 'D:/projects/Art-Thief/ArtThiefMuseum/Content/' took 5.10s
[2018.04.19-06.54.32:463][396]LogSlate: Took 0.000464 seconds to synchronously load lazily loaded font '../../../Engine/Content/Slate/Fonts/Roboto-Light.ttf' (159K)
[2018.04.19-06.54.59:072][729]LogWindows: Error: === Critical error: ===
[2018.04.19-06.54.59:072][729]LogWindows: Error: 
[2018.04.19-06.54.59:072][729]LogWindows: Error: Fatal error!
[2018.04.19-06.54.59:072][729]LogWindows: Error: 
[2018.04.19-06.54.59:072][729]LogWindows: Error: Unhandled Exception: EXCEPTION_ACCESS_VIOLATION reading address 0x00000034
[2018.04.19-06.54.59:072][729]LogWindows: Error: 
[2018.04.19-06.54.59:072][729]LogWindows: Error: [Callstack] 0x00000000F3733443 UE4Editor-Sequencer.dll!UnknownFunction []
[2018.04.19-06.54.59:072][729]LogWindows: Error: [Callstack] 0x0000000012F7D2CF UE4Editor-SlateCore.dll!UnknownFunction []
[2018.04.19-06.54.59:072][729]LogWindows: Error: [Callstack] 0x0000000013469157 UE4Editor-Slate.dll!UnknownFunction []
[2018.04.19-06.54.59:072][729]LogWindows: Error: [Callstack] 0x0000000012F7D2CF UE4Editor-SlateCore.dll!UnknownFunction []
[2018.04.19-06.54.59:072][729]LogWindows: Error: [Callstack] 0x0000000012F7DBE6 UE4Editor-SlateCore.dll!UnknownFunction []
[2018.04.19-06.54.59:072][729]LogWindows: Error: [Callstack] 0x0000000012F7C06E UE4Editor-SlateCore.dll!UnknownFunction []
[2018.04.19-06.54.59:072][729]LogWindows: Error: [Callstack] 0x0000000012F7D2CF UE4Editor-SlateCore.dll!UnknownFunction []
[2018.04.19-06.54.59:072][729]LogWindows: Error: [Callstack] 0x0000000012F7BF39 UE4Editor-SlateCore.dll!UnknownFunction []
[2018.04.19-06.54.59:072][729]LogWindows: Error: [Callstack] 0x0000000012F7D2CF UE4Editor-SlateCore.dll!UnknownFunction []
[2018.04.19-06.54.59:072][729]LogWindows: Error: [Callstack] 0x0000000012F7B9F4 UE4Editor-SlateCore.dll!UnknownFunction []
[2018.04.19-06.54.59:072][729]LogWindows: Error: [Callstack] 0x0000000012F7D2CF UE4Editor-SlateCore.dll!UnknownFunction []
[2018.04.19-06.54.59:072][729]LogWindows: Error: [Callstack] 0x0000000012F7BF39 UE4Editor-SlateCore.dll!UnknownFunction []
[2018.04.19-06.54.59:072][729]LogWindows: Error: [Callstack] 0x0000000012F7D2CF UE4Editor-SlateCore.dll!UnknownFunction []
[2018.04.19-06.54.59:072][729]LogWindows: Error: [Callstack] 0x0000000012F7DBE6 UE4Editor-SlateCore.dll!UnknownFunction []
[2018.04.19-06.54.59:072][729]LogWindows: Error: [Callstack] 0x0000000012F7C06E UE4Editor-SlateCore.dll!UnknownFunction []
[2018.04.19-06.54.59:072][729]LogWindows: Error: [Callstack] 0x0000000012F7D2CF UE4Editor-SlateCore.dll!UnknownFunction []
[2018.04.19-06.54.59:072][729]LogWindows: Error: [Callstack] 0x0000000013469E34 UE4Editor-Slate.dll!UnknownFunction []
[2018.04.19-06.54.59:072][729]LogWindows: Error: [Callstack] 0x0000000012F7D2CF UE4Editor-SlateCore.dll!UnknownFunction []
[2018.04.19-06.54.59:072][729]LogWindows: Error: [Callstack] 0x0000000012F7BF39 UE4Editor-SlateCore.dll!UnknownFunction []
[2018.04.19-06.54.59:073][729]LogWindows: Error: [Callstack] 0x0000000012F7D2CF UE4Editor-SlateCore.dll!UnknownFunction []
[2018.04.19-06.54.59:073][729]LogWindows: Error: [Callstack] 0x0000000012F7DBE6 UE4Editor-SlateCore.dll!UnknownFunction []
[2018.04.19-06.54.59:073][729]LogWindows: Error: [Callstack] 0x000000001346D281 UE4Editor-Slate.dll!UnknownFunction []
[2018.04.19-06.54.59:073][729]LogWindows: Error: [Callstack] 0x0000000012F7D2CF UE4Editor-SlateCore.dll!UnknownFunction []
[2018.04.19-06.54.59:073][729]LogWindows: Error: [Callstack] 0x0000000012F7DBE6 UE4Editor-SlateCore.dll!UnknownFunction []
[2018.04.19-06.54.59:073][729]LogWindows: Error: [Callstack] 0x0000000012F7C06E UE4Editor-SlateCore.dll!UnknownFunction []
[2018.04.19-06.54.59:073][729]LogWindows: Error: [Callstack] 0x0000000012F7D2CF UE4Editor-SlateCore.dll!UnknownFunction []
[2018.04.19-06.54.59:073][729]LogWindows: Error: [Callstack] 0x0000000012F7B9F4 UE4Editor-SlateCore.dll!UnknownFunction []
[2018.04.19-06.54.59:073][729]LogWindows: Error: [Callstack] 0x0000000012F7D2CF UE4Editor-SlateCore.dll!UnknownFunction []
[2018.04.19-06.54.59:073][729]LogWindows: Error: [Callstack] 0x0000000012F7B9F4 UE4Editor-SlateCore.dll!UnknownFunction []
[2018.04.19-06.54.59:073][729]LogWindows: Error: [Callstack] 0x0000000013468F20 UE4Editor-Slate.dll!UnknownFunction []
[2018.04.19-06.54.59:073][729]LogWindows: Error: [Callstack] 0x0000000012F7D2CF UE4Editor-SlateCore.dll!UnknownFunction []
[2018.04.19-06.54.59:073][729]LogWindows: Error: [Callstack] 0x0000000012F7BF39 UE4Editor-SlateCore.dll!UnknownFunction []
[2018.04.19-06.54.59:073][729]LogWindows: Error: [Callstack] 0x0000000012F7D2CF UE4Editor-SlateCore.dll!UnknownFunction []
[2018.04.19-06.54.59:073][729]LogWindows: Error: [Callstack] 0x0000000012F7DBE6 UE4Editor-SlateCore.dll!UnknownFunction []
[2018.04.19-06.54.59:073][729]LogWindows: Error: [Callstack] 0x0000000012F7C06E UE4Editor-SlateCore.dll!UnknownFunction []
[2018.04.19-06.54.59:073][729]LogWindows: Error: [Callstack] 0x0000000012F7D2CF UE4Editor-SlateCore.dll!UnknownFunction []
[2018.04.19-06.54.59:073][729]LogWindows: Error: [Callstack] 0x0000000012F7B9F4 UE4Editor-SlateCore.dll!UnknownFunction []
[2018.04.19-06.54.59:073][729]LogWindows: Error: [Callstack] 0x0000000012F7D2CF UE4Editor-SlateCore.dll!UnknownFunction []
[2018.04.19-06.54.59:073][729]LogWindows: Error: [Callstack] 0x0000000012F7DBE6 UE4Editor-SlateCore.dll!UnknownFunction []
[2018.04.19-06.54.59:073][729]LogWindows: Error: [Callstack] 0x000000001346D281 UE4Editor-Slate.dll!UnknownFunction []
[2018.04.19-06.54.59:073][729]LogWindows: Error: [Callstack] 0x0000000012F7D2CF UE4Editor-SlateCore.dll!UnknownFunction []
[2018.04.19-06.54.59:073][729]LogWindows: Error: [Callstack] 0x0000000012F7B9F4 UE4Editor-SlateCore.dll!UnknownFunction []
[2018.04.19-06.54.59:073][729]LogWindows: Error: [Callstack] 0x0000000012F7D2CF UE4Editor-SlateCore.dll!UnknownFunction []
[2018.04.19-06.54.59:073][729]LogWindows: Error: [Callstack] 0x0000000012F7DBE6 UE4Editor-SlateCore.dll!UnknownFunction []
[2018.04.19-06.54.59:073][729]LogWindows: Error: [Callstack] 0x000000001346D281 UE4Editor-Slate.dll!UnknownFunction []
[2018.04.19-06.54.59:073][729]LogWindows: Error: [Callstack] 0x0000000012F7D2CF UE4Editor-SlateCore.dll!UnknownFunction []
[2018.04.19-06.54.59:073][729]LogWindows: Error: [Callstack] 0x0000000012F7BF39 UE4Editor-SlateCore.dll!UnknownFunction []
[2018.04.19-06.54.59:073][729]LogWindows: Error: [Callstack] 0x0000000012F7D2CF UE4Editor-SlateCore.dll!UnknownFunction []
[2018.04.19-06.54.59:073][729]LogWindows: Error: [Callstack] 0x0000000012F7B9F4 UE4Editor-SlateCore.dll!UnknownFunction []
[2018.04.19-06.54.59:073][729]LogWindows: Error: [Callstack] 0x0000000012F7D2CF UE4Editor-SlateCore.dll!UnknownFunction []
[2018.04.19-06.54.59:073][729]LogWindows: Error: [Callstack] 0x0000000012F7DBE6 UE4Editor-SlateCore.dll!UnknownFunction []
[2018.04.19-06.54.59:073][729]LogWindows: Error: [Callstack] 0x0000000012F7C06E UE4Editor-SlateCore.dll!UnknownFunction []
[2018.04.19-06.54.59:073][729]LogWindows: Error: [Callstack] 0x0000000012F7D2CF UE4Editor-SlateCore.dll!UnknownFunction []
[2018.04.19-06.54.59:073][729]LogWindows: Error: [Callstack] 0x0000000012F7B9F4 UE4Editor-SlateCore.dll!UnknownFunction []
[2018.04.19-06.54.59:073][729]LogWindows: Error: [Callstack] 0x0000000012F7D2CF UE4Editor-SlateCore.dll!UnknownFunction []
[2018.04.19-06.54.59:073][729]LogWindows: Error: [Callstack] 0x0000000012F7B9F4 UE4Editor-SlateCore.dll!UnknownFunction []
[2018.04.19-06.54.59:073][729]LogWindows: Error: [Callstack] 0x0000000013468F20 UE4Editor-Slate.dll!UnknownFunction []
[2018.04.19-06.54.59:073][729]LogWindows: Error: [Callstack] 0x0000000012F7D2CF UE4Editor-SlateCore.dll!UnknownFunction []
[2018.04.19-06.54.59:073][729]LogWindows: Error: [Callstack] 0x0000000012F7BF39 UE4Editor-SlateCore.dll!UnknownFunction []
[2018.04.19-06.54.59:073][729]LogWindows: Error: [Callstack] 0x0000000012F7D2CF UE4Editor-SlateCore.dll!UnknownFunction []
[2018.04.19-06.54.59:073][729]LogWindows: Error: [Callstack] 0x0000000012F7DBE6 UE4Editor-SlateCore.dll!UnknownFunction []
[2018.04.19-06.54.59:073][729]LogWindows: Error: [Callstack] 0x0000000012F7C06E UE4Editor-SlateCore.dll!UnknownFunction []
[2018.04.19-06.54.59:073][729]LogWindows: Error: [Callstack] 0x0000000012F7D2CF UE4Editor-SlateCore.dll!UnknownFunction []
[2018.04.19-06.54.59:073][729]LogWindows: Error: [Callstack] 0x0000000012F7B9F4 UE4Editor-SlateCore.dll!UnknownFunction []
[2018.04.19-06.54.59:073][729]LogWindows: Error: [Callstack] 0x0000000012F7D2CF UE4Editor-SlateCore.dll!UnknownFunction []
[2018.04.19-06.54.59:073][729]LogWindows: Error: [Callstack] 0x0000000012F7DBE6 UE4Editor-SlateCore.dll!UnknownFunction []
[2018.04.19-06.54.59:073][729]LogWindows: Error: [Callstack] 0x000000001346D281 UE4Editor-Slate.dll!UnknownFunction []
[2018.04.19-06.54.59:073][729]LogWindows: Error: [Callstack] 0x0000000012F7D2CF UE4Editor-SlateCore.dll!UnknownFunction []
[2018.04.19-06.54.59:073][729]LogWindows: Error: [Callstack] 0x0000000012F7BF39 UE4Editor-SlateCore.dll!UnknownFunction []
[2018.04.19-06.54.59:073][729]LogWindows: Error: [Callstack] 0x0000000012F7D2CF UE4Editor-SlateCore.dll!UnknownFunction []
[2018.04.19-06.54.59:073][729]LogWindows: Error: [Callstack] 0x0000000012F7B9F4 UE4Editor-SlateCore.dll!UnknownFunction []
[2018.04.19-06.54.59:073][729]LogWindows: Error: [Callstack] 0x0000000012F7D2CF UE4Editor-SlateCore.dll!UnknownFunction []
[2018.04.19-06.54.59:073][729]LogWindows: Error: [Callstack] 0x0000000012F7DBE6 UE4Editor-SlateCore.dll!UnknownFunction []
[2018.04.19-06.54.59:074][729]LogWindows: Error: [Callstack] 0x0000000012F7C06E UE4Editor-SlateCore.dll!UnknownFunction []
[2018.04.19-06.54.59:074][729]LogWindows: Error: [Callstack] 0x0000000012F7D2CF UE4Editor-SlateCore.dll!UnknownFunction []
[2018.04.19-06.54.59:074][729]LogWindows: Error: [Callstack] 0x0000000012F7DBE6 UE4Editor-SlateCore.dll!UnknownFunction []
[2018.04.19-06.54.59:074][729]LogWindows: Error: [Callstack] 0x0000000012F7C06E UE4Editor-SlateCore.dll!UnknownFunction []
[2018.04.19-06.54.59:074][729]LogWindows: Error: [Callstack] 0x0000000012F7D2CF UE4Editor-SlateCore.dll!UnknownFunction []
[2018.04.19-06.54.59:074][729]LogWindows: Error: [Callstack] 0x0000000012F7BF39 UE4Editor-SlateCore.dll!UnknownFunction []
[2018.04.19-06.54.59:074][729]LogWindows: Error: [Callstack] 0x0000000012F7D2CF UE4Editor-SlateCore.dll!UnknownFunction []
[2018.04.19-06.54.59:074][729]LogWindows: Error: [Callstack] 0x0000000012F7B9F4 UE4Editor-SlateCore.dll!UnknownFunction []
[2018.04.19-06.54.59:074][729]LogWindows: Error: [Callstack] 0x0000000012F7C10A UE4Editor-SlateCore.dll!UnknownFunction []
[2018.04.19-06.54.59:074][729]LogWindows: Error: [Callstack] 0x0000000012F7D2CF UE4Editor-SlateCore.dll!UnknownFunction []
[2018.04.19-06.54.59:074][729]LogWindows: Error: [Callstack] 0x000000001321306A UE4Editor-Slate.dll!UnknownFunction []
[2018.04.19-06.54.59:074][729]LogWindows: Error: [Callstack] 0x0000000013247940 UE4Editor-Slate.dll!UnknownFunction []
[2018.04.19-06.54.59:074][729]LogWindows: Error: [Callstack] 0x0000000013214140 UE4Editor-Slate.dll!UnknownFunction []
[2018.04.19-06.54.59:074][729]LogWindows: Error: [Callstack] 0x000000001326D867 UE4Editor-Slate.dll!UnknownFunction []
[2018.04.19-06.54.59:074][729]LogWindows: Error: [Callstack] 0x000000001326C953 UE4Editor-Slate.dll!UnknownFunction []
[2018.04.19-06.54.59:074][729]LogWindows: Error: [Callstack] 0x00000000134E69CA UE4Editor.exe!UnknownFunction []
[2018.04.19-06.54.59:074][729]LogWindows: Error: [Callstack] 0x00000000134F5430 UE4Editor.exe!UnknownFunction []
[2018.04.19-06.54.59:074][729]LogWindows: Error: [Callstack] 0x00000000134F54AA UE4Editor.exe!UnknownFunction []
[2018.04.19-06.54.59:074][729]LogWindows: Error: [Callstack] 0x0000000013502379 UE4Editor.exe!UnknownFunction []
[2018.04.19-06.54.59:074][729]LogWindows: Error: [Callstack] 0x0000000013503D57 UE4Editor.exe!UnknownFunction []
[2018.04.19-06.54.59:074][729]LogWindows: Error: [Callstack] 0x000000007A271FE4 KERNEL32.DLL!UnknownFunction []
[2018.04.19-06.54.59:074][729]LogWindows: Error: [Callstack] 0x000000007C67F061 ntdll.dll!UnknownFunction []
[2018.04.19-06.54.59:074][729]LogWindows: Error: [Callstack] 0x000000007C67F061 ntdll.dll!UnknownFunction []
[2018.04.19-06.54.59:074][729]LogWindows: Error: 
[2018.04.19-06.54.59:091][729]LogExit: Executing StaticShutdownAfterError
[2018.04.19-06.54.59:096][729]LogWindows: FPlatformMisc::RequestExit(1)
[2018.04.19-06.54.59:096][729]Log file closed, 04/19/18 00:54:59
