Log file open, 04/29/18 22:07:17
LogWindows: Failed to load 'aqProf.dll' (GetLastError=126)
LogWindows: File 'aqProf.dll' does not exist
LogWindows: Failed to load 'VtuneApi.dll' (GetLastError=126)
LogWindows: File 'VtuneApi.dll' does not exist
LogWindows: Failed to load 'VtuneApi32e.dll' (GetLastError=126)
LogWindows: File 'VtuneApi32e.dll' does not exist
LogInit: Display: Running engine for game: ArtThiefMuseum
LogPlatformFile: Not using cached read wrapper
LogInit: Display: RandInit(-1485032960) SRandInit(-1485032960).
LogInit: Read version file with build ID '3709383'
LogInit: Overriding engine version to CL 3832480, compatible CL 3709383
LogInit: Registered custom module enumerator with build ID '3709383'
LogTaskGraph: Started task graph with 5 named threads and 14 total threads with 3 sets of task threads.
LogStats: Stats thread started at 0.195804
LogD3D11RHI: Aftermath initialized
LogModuleManager: Display: Found up-to-date module file ../../../Engine/Plugins/2D/Paper2D/Binaries/Win64/UE4Editor-Paper2D.dll (API version 3709383).
LogModuleManager: Display: Found up-to-date module file ../../../Engine/Plugins/2D/Paper2D/Binaries/Win64/UE4Editor-Paper2DEditor.dll (API version 3709383).
LogModuleManager: Display: Found up-to-date module file ../../../Engine/Plugins/2D/Paper2D/Binaries/Win64/UE4Editor-PaperSpriteSheetImporter.dll (API version 3709383).
LogModuleManager: Display: Found up-to-date module file ../../../Engine/Plugins/2D/Paper2D/Binaries/Win64/UE4Editor-PaperTiledImporter.dll (API version 3709383).
LogModuleManager: Display: Found up-to-date module file ../../../Engine/Plugins/2D/Paper2D/Binaries/Win64/UE4Editor-SmartSnapping.dll (API version 3709383).
LogModuleManager: Display: Found up-to-date module file ../../../Engine/Plugins/Blendables/LightPropagationVolume/Binaries/Win64/UE4Editor-LightPropagationVolumeRuntime.dll (API version 3709383).
LogModuleManager: Display: Found up-to-date module file ../../../Engine/Plugins/Blendables/LightPropagationVolume/Binaries/Win64/UE4Editor-LightPropagationVolumeEditor.dll (API version 3709383).
LogModuleManager: Display: Found up-to-date module file ../../../Engine/Plugins/Developer/GitSourceControl/Binaries/Win64/UE4Editor-GitSourceControl.dll (API version 3709383).
LogModuleManager: Display: Found up-to-date module file ../../../Engine/Plugins/Developer/PerforceSourceControl/Binaries/Win64/UE4Editor-PerforceSourceControl.dll (API version 3709383).
LogModuleManager: Display: Found up-to-date module file ../../../Engine/Plugins/Developer/SubversionSourceControl/Binaries/Win64/UE4Editor-SubversionSourceControl.dll (API version 3709383).
LogModuleManager: Display: Found up-to-date module file ../../../Engine/Plugins/Developer/UObjectPlugin/Binaries/Win64/UE4Editor-UObjectPlugin.dll (API version 3709383).
LogModuleManager: Display: Found up-to-date module file ../../../Engine/Plugins/Developer/VisualStudioCodeSourceCodeAccess/Binaries/Win64/UE4Editor-VisualStudioCodeSourceCodeAccess.dll (API version 3709383).
LogModuleManager: Display: Found up-to-date module file ../../../Engine/Plugins/Developer/VisualStudioSourceCodeAccess/Binaries/Win64/UE4Editor-VisualStudioSourceCodeAccess.dll (API version 3709383).
LogModuleManager: Display: Found up-to-date module file ../../../Engine/Plugins/Editor/AssetManagerEditor/Binaries/Win64/UE4Editor-AssetManagerEditor.dll (API version 3709383).
LogModuleManager: Display: Found up-to-date module file ../../../Engine/Plugins/Editor/AudioCapture/Binaries/Win64/UE4Editor-AudioCapture.dll (API version 3709383).
LogModuleManager: Display: Found up-to-date module file ../../../Engine/Plugins/Editor/FacialAnimation/Binaries/Win64/UE4Editor-FacialAnimation.dll (API version 3709383).
LogModuleManager: Display: Found up-to-date module file ../../../Engine/Plugins/Editor/FacialAnimation/Binaries/Win64/UE4Editor-FacialAnimationEditor.dll (API version 3709383).
LogModuleManager: Display: Found up-to-date module file ../../../Engine/Plugins/Editor/GameplayTagsEditor/Binaries/Win64/UE4Editor-GameplayTagsEditor.dll (API version 3709383).
LogModuleManager: Display: Found up-to-date module file ../../../Engine/Plugins/Editor/MobileLauncherProfileWizard/Binaries/Win64/UE4Editor-MobileLauncherProfileWizard.dll (API version 3709383).
LogModuleManager: Display: Found up-to-date module file ../../../Engine/Plugins/Editor/PluginBrowser/Binaries/Win64/UE4Editor-PluginBrowser.dll (API version 3709383).
LogModuleManager: Display: Found up-to-date module file ../../../Engine/Plugins/Editor/SpeedTreeImporter/Binaries/Win64/UE4Editor-SpeedTreeImporter.dll (API version 3709383).
LogModuleManager: Display: Found up-to-date module file ../../../Engine/Plugins/Experimental/AlembicImporter/Binaries/Win64/UE4Editor-AlembicImporter.dll (API version 3709383).
LogModuleManager: Display: Found up-to-date module file ../../../Engine/Plugins/Experimental/AlembicImporter/Binaries/Win64/UE4Editor-AlembicLibrary.dll (API version 3709383).
LogModuleManager: Display: Found up-to-date module file ../../../Engine/Plugins/Experimental/CharacterAI/Binaries/Win64/UE4Editor-CharacterAI.dll (API version 3709383).
LogModuleManager: Display: Found up-to-date module file ../../../Engine/Plugins/Experimental/HTML5Networking/Binaries/Win64/UE4Editor-HTML5Networking.dll (API version 3709383).
LogModuleManager: Display: Found up-to-date module file ../../../Engine/Plugins/Media/AndroidMedia/Binaries/Win64/UE4Editor-AndroidMediaEditor.dll (API version 3709383).
LogModuleManager: Display: Found up-to-date module file ../../../Engine/Plugins/Media/AndroidMedia/Binaries/Win64/UE4Editor-AndroidMediaFactory.dll (API version 3709383).
LogModuleManager: Display: Found up-to-date module file ../../../Engine/Plugins/Media/AvfMedia/Binaries/Win64/UE4Editor-AvfMediaEditor.dll (API version 3709383).
LogModuleManager: Display: Found up-to-date module file ../../../Engine/Plugins/Media/AvfMedia/Binaries/Win64/UE4Editor-AvfMediaFactory.dll (API version 3709383).
LogModuleManager: Display: Found up-to-date module file ../../../Engine/Plugins/Media/AvfMedia/Binaries/Win64/UE4Editor-AvfMediaFactory.dll (API version 3709383).
LogModuleManager: Display: Found up-to-date module file ../../../Engine/Plugins/Media/ImgMedia/Binaries/Win64/UE4Editor-ImgMedia.dll (API version 3709383).
LogModuleManager: Display: Found up-to-date module file ../../../Engine/Plugins/Media/ImgMedia/Binaries/Win64/UE4Editor-ImgMediaEditor.dll (API version 3709383).
LogModuleManager: Display: Found up-to-date module file ../../../Engine/Plugins/Media/ImgMedia/Binaries/Win64/UE4Editor-ImgMediaFactory.dll (API version 3709383).
LogModuleManager: Display: Found up-to-date module file ../../../Engine/Plugins/Media/ImgMedia/Binaries/Win64/UE4Editor-ImgMediaFactory.dll (API version 3709383).
LogModuleManager: Display: Found up-to-date module file ../../../Engine/Plugins/Media/ImgMedia/Binaries/Win64/UE4Editor-OpenExrWrapper.dll (API version 3709383).
LogModuleManager: Display: Found up-to-date module file ../../../Engine/Plugins/Media/MediaCompositing/Binaries/Win64/UE4Editor-MediaCompositing.dll (API version 3709383).
LogModuleManager: Display: Found up-to-date module file ../../../Engine/Plugins/Media/MediaCompositing/Binaries/Win64/UE4Editor-MediaCompositingEditor.dll (API version 3709383).
LogModuleManager: Display: Found up-to-date module file ../../../Engine/Plugins/Media/MediaPlayerEditor/Binaries/Win64/UE4Editor-MediaPlayerEditor.dll (API version 3709383).
LogModuleManager: Display: Found up-to-date module file ../../../Engine/Plugins/Media/WmfMedia/Binaries/Win64/UE4Editor-WmfMedia.dll (API version 3709383).
LogModuleManager: Display: Found up-to-date module file ../../../Engine/Plugins/Media/WmfMedia/Binaries/Win64/UE4Editor-WmfMediaEditor.dll (API version 3709383).
LogModuleManager: Display: Found up-to-date module file ../../../Engine/Plugins/Media/WmfMedia/Binaries/Win64/UE4Editor-WmfMediaFactory.dll (API version 3709383).
LogModuleManager: Display: Found up-to-date module file ../../../Engine/Plugins/Media/WmfMedia/Binaries/Win64/UE4Editor-WmfMediaFactory.dll (API version 3709383).
LogModuleManager: Display: Found up-to-date module file ../../../Engine/Plugins/Messaging/TcpMessaging/Binaries/Win64/UE4Editor-TcpMessaging.dll (API version 3709383).
LogModuleManager: Display: Found up-to-date module file ../../../Engine/Plugins/Messaging/UdpMessaging/Binaries/Win64/UE4Editor-UdpMessaging.dll (API version 3709383).
LogModuleManager: Display: Found up-to-date module file ../../../Engine/Plugins/MovieScene/ActorSequence/Binaries/Win64/UE4Editor-ActorSequence.dll (API version 3709383).
LogModuleManager: Display: Found up-to-date module file ../../../Engine/Plugins/MovieScene/LevelSequenceEditor/Binaries/Win64/UE4Editor-LevelSequenceEditor.dll (API version 3709383).
LogModuleManager: Display: Found up-to-date module file ../../../Engine/Plugins/MovieScene/MatineeToLevelSequence/Binaries/Win64/UE4Editor-MatineeToLevelSequence.dll (API version 3709383).
LogModuleManager: Display: Found up-to-date module file ../../../Engine/Plugins/Online/OnlineSubsystem/Binaries/Win64/UE4Editor-OnlineSubsystem.dll (API version 3709383).
LogModuleManager: Display: Found up-to-date module file ../../../Engine/Plugins/Runtime/AndroidPermission/Binaries/Win64/UE4Editor-AndroidPermission.dll (API version 3709383).
LogModuleManager: Display: Found up-to-date module file ../../../Engine/Plugins/Online/OnlineSubsystemNull/Binaries/Win64/UE4Editor-OnlineSubsystemNull.dll (API version 3709383).
LogModuleManager: Display: Found up-to-date module file ../../../Engine/Plugins/Online/OnlineSubsystemUtils/Binaries/Win64/UE4Editor-OnlineSubsystemUtils.dll (API version 3709383).
LogModuleManager: Display: Found up-to-date module file ../../../Engine/Plugins/Online/OnlineSubsystemUtils/Binaries/Win64/UE4Editor-OnlineBlueprintSupport.dll (API version 3709383).
LogModuleManager: Display: Found up-to-date module file ../../../Engine/Plugins/Runtime/AndroidDeviceProfileSelector/Binaries/Win64/UE4Editor-AndroidDeviceProfileSelector.dll (API version 3709383).
LogModuleManager: Display: Found up-to-date module file ../../../Engine/Plugins/Runtime/AppleARKit/Binaries/Win64/UE4Editor-AppleARKit.dll (API version 3709383).
LogModuleManager: Display: Found up-to-date module file ../../../Engine/Plugins/Runtime/ArchVisCharacter/Binaries/Win64/UE4Editor-ArchVisCharacter.dll (API version 3709383).
LogModuleManager: Display: Found up-to-date module file ../../../Engine/Plugins/Runtime/CableComponent/Binaries/Win64/UE4Editor-CableComponent.dll (API version 3709383).
LogModuleManager: Display: Found up-to-date module file ../../../Engine/Plugins/Runtime/CustomMeshComponent/Binaries/Win64/UE4Editor-CustomMeshComponent.dll (API version 3709383).
LogModuleManager: Display: Found up-to-date module file ../../../Engine/Plugins/Runtime/ExampleDeviceProfileSelector/Binaries/Win64/UE4Editor-ExampleDeviceProfileSelector.dll (API version 3709383).
LogModuleManager: Display: Found up-to-date module file ../../../Engine/Plugins/Runtime/ImmediatePhysics/Binaries/Win64/UE4Editor-ImmediatePhysics.dll (API version 3709383).
LogModuleManager: Display: Found up-to-date module file ../../../Engine/Plugins/Runtime/ImmediatePhysics/Binaries/Win64/UE4Editor-ImmediatePhysicsEditor.dll (API version 3709383).
LogModuleManager: Display: Found up-to-date module file ../../../Engine/Plugins/Runtime/LocationServicesBPLibrary/Binaries/Win64/UE4Editor-LocationServicesBPLibrary.dll (API version 3709383).
LogModuleManager: Display: Found up-to-date module file ../../../Engine/Plugins/Runtime/MobilePatchingUtils/Binaries/Win64/UE4Editor-MobilePatchingUtils.dll (API version 3709383).
LogModuleManager: Display: Found up-to-date module file ../../../Engine/Plugins/Runtime/Oculus/OculusVR/Binaries/Win64/UE4Editor-OculusHMD.dll (API version 3709383).
LogModuleManager: Display: Found up-to-date module file ../../../Engine/Plugins/Runtime/Oculus/OculusVR/Binaries/Win64/UE4Editor-OculusInput.dll (API version 3709383).
LogModuleManager: Display: Found up-to-date module file ../../../Engine/Plugins/Runtime/Oculus/OculusVR/Binaries/Win64/UE4Editor-OculusEditor.dll (API version 3709383).
LogModuleManager: Display: Found up-to-date module file ../../../Engine/Plugins/Runtime/PhysXVehicles/Binaries/Win64/UE4Editor-PhysXVehicles.dll (API version 3709383).
LogModuleManager: Display: Found up-to-date module file ../../../Engine/Plugins/Runtime/PhysXVehicles/Binaries/Win64/UE4Editor-PhysXVehiclesEditor.dll (API version 3709383).
LogModuleManager: Display: Found up-to-date module file ../../../Engine/Plugins/Runtime/ProceduralMeshComponent/Binaries/Win64/UE4Editor-ProceduralMeshComponent.dll (API version 3709383).
LogModuleManager: Display: Found up-to-date module file ../../../Engine/Plugins/Runtime/ProceduralMeshComponent/Binaries/Win64/UE4Editor-ProceduralMeshComponentEditor.dll (API version 3709383).
LogModuleManager: Display: Found up-to-date module file ../../../Engine/Plugins/Runtime/RuntimePhysXCooking/Binaries/Win64/UE4Editor-RuntimePhysXCooking.dll (API version 3709383).
LogModuleManager: Display: Found up-to-date module file ../../../Engine/Plugins/Runtime/Steam/SteamVR/Binaries/Win64/UE4Editor-SteamVR.dll (API version 3709383).
LogModuleManager: Display: Found up-to-date module file ../../../Engine/Plugins/Runtime/Steam/SteamVR/Binaries/Win64/UE4Editor-SteamVRController.dll (API version 3709383).
LogModuleManager: Display: Found up-to-date module file ../../../Engine/Plugins/Runtime/WindowsMoviePlayer/Binaries/Win64/UE4Editor-WindowsMoviePlayer.dll (API version 3709383).
LogPluginManager: Mounting plugin Paper2D
LogPluginManager: Mounting plugin LightPropagationVolume
LogPluginManager: Mounting plugin CodeLiteSourceCodeAccess
LogPluginManager: Mounting plugin GitSourceControl
LogPluginManager: Mounting plugin KDevelopSourceCodeAccess
LogPluginManager: Mounting plugin NullSourceCodeAccess
LogPluginManager: Mounting plugin PerforceSourceControl
LogPluginManager: Mounting plugin SubversionSourceControl
LogPluginManager: Mounting plugin UObjectPlugin
LogPluginManager: Mounting plugin VisualStudioCodeSourceCodeAccess
LogPluginManager: Mounting plugin VisualStudioSourceCodeAccess
LogPluginManager: Mounting plugin XCodeSourceCodeAccess
LogPluginManager: Mounting plugin AssetManagerEditor
LogPluginManager: Mounting plugin AudioCapture
LogPluginManager: Mounting plugin FacialAnimation
LogPluginManager: Mounting plugin GameplayTagsEditor
LogPluginManager: Mounting plugin MobileLauncherProfileWizard
LogPluginManager: Mounting plugin PluginBrowser
LogPluginManager: Mounting plugin SpeedTreeImporter
LogPluginManager: Mounting plugin AlembicImporter
LogPluginManager: Mounting plugin CharacterAI
LogPluginManager: Mounting plugin HTML5Networking
LogPluginManager: Mounting plugin AndroidMedia
LogPluginManager: Mounting plugin AvfMedia
LogPluginManager: Mounting plugin ImgMedia
LogPluginManager: Mounting plugin MediaCompositing
LogPluginManager: Mounting plugin MediaPlayerEditor
LogPluginManager: Mounting plugin WmfMedia
LogPluginManager: Mounting plugin TcpMessaging
LogPluginManager: Mounting plugin UdpMessaging
LogPluginManager: Mounting plugin ActorSequence
LogPluginManager: Mounting plugin LevelSequenceEditor
LogPluginManager: Mounting plugin MatineeToLevelSequence
LogPluginManager: Mounting plugin OnlineSubsystemGooglePlay
LogPluginManager: Mounting plugin OnlineSubsystemIOS
LogPluginManager: Mounting plugin OnlineSubsystem
LogPluginManager: Mounting plugin OnlineSubsystemNull
LogPluginManager: Mounting plugin OnlineSubsystemUtils
LogPluginManager: Mounting plugin AndroidDeviceProfileSelector
LogPluginManager: Mounting plugin AndroidMoviePlayer
LogPluginManager: Mounting plugin AndroidPermission
LogPluginManager: Mounting plugin AppleARKit
LogPluginManager: Mounting plugin AppleMoviePlayer
LogPluginManager: Mounting plugin ArchVisCharacter
LogPluginManager: Mounting plugin CableComponent
LogPluginManager: Mounting plugin CustomMeshComponent
LogPluginManager: Mounting plugin ExampleDeviceProfileSelector
LogPluginManager: Mounting plugin GoogleCloudMessaging
LogPluginManager: Mounting plugin ImmediatePhysics
LogPluginManager: Mounting plugin IOSDeviceProfileSelector
LogPluginManager: Mounting plugin LinuxDeviceProfileSelector
LogPluginManager: Mounting plugin LocationServicesBPLibrary
LogPluginManager: Mounting plugin MobilePatchingUtils
LogPluginManager: Mounting plugin OculusVR
LogPluginManager: Plugin shader directory ../../../Engine/Plugins/Runtime/Oculus/OculusVR/Shaders found
LogPluginManager: Mapping shader source directory ../../../Engine/Plugins/Runtime/Oculus/OculusVR/Shaders to virtual directory /Plugin/OculusVR
LogPluginManager: Mounting plugin PhysXVehicles
LogPluginManager: Mounting plugin ProceduralMeshComponent
LogPluginManager: Mounting plugin RuntimePhysXCooking
LogPluginManager: Mounting plugin SteamVR
LogPluginManager: Mounting plugin WindowsMoviePlayer
LogInit: Using libcurl 7.47.1
LogInit:  - built for x86_64-pc-win32
LogInit:  - supports SSL with OpenSSL/1.0.2g
LogInit:  - supports HTTP deflate (compression) using libz 1.2.8
LogInit:  - other features:
LogInit:      CURL_VERSION_SSL
LogInit:      CURL_VERSION_LIBZ
LogInit:      CURL_VERSION_IPV6
LogInit:      CURL_VERSION_ASYNCHDNS
LogInit:      CURL_VERSION_LARGEFILE
LogInit:      CURL_VERSION_IDN
LogInit:  CurlRequestOptions (configurable via config and command line):
LogInit:  - bVerifyPeer = false  - Libcurl will NOT verify peer certificate
LogInit:  - bUseHttpProxy = false  - Libcurl will NOT use HTTP proxy
LogInit:  - bDontReuseConnections = false  - Libcurl will reuse connections
LogInit:  - CertBundlePath = nullptr  - Libcurl will use whatever was configured at build time.
LogInit: Build: ++UE4+Release-4.18-CL-3832480
LogInit: Engine Version: 4.18.3-3832480+++UE4+Release-4.18
LogInit: Compatible Engine Version: 4.18.0-3709383+++UE4+Release-4.18
LogInit: Net CL: 3709383
LogDevObjectVersion: Number of dev versions registered: 16
LogDevObjectVersion:   Dev-Blueprints (B0D832E4-1F89-4F0D-ACCF-7EB736FD4AA2): 10
LogDevObjectVersion:   Dev-Build (E1C64328-A22C-4D53-A36C-8E866417BD8C): 0
LogDevObjectVersion:   Dev-Core (375EC13C-06E4-48FB-B500-84F0262A717E): 2
LogDevObjectVersion:   Dev-Editor (E4B068ED-F494-42E9-A231-DA0B2E46BB41): 20
LogDevObjectVersion:   Dev-Framework (CFFC743F-43B0-4480-9391-14DF171D2073): 30
LogDevObjectVersion:   Dev-Mobile (B02B49B5-BB20-44E9-A304-32B752E40360): 0
LogDevObjectVersion:   Dev-Networking (A4E4105C-59A1-49B5-A7C5-40C4547EDFEE): 0
LogDevObjectVersion:   Dev-Online (39C831C9-5AE6-47DC-9A44-9C173E1C8E7C): 0
LogDevObjectVersion:   Dev-Physics (78F01B33-EBEA-4F98-B9B4-84EACCB95AA2): 0
LogDevObjectVersion:   Dev-Platform (6631380F-2D4D-43E0-8009-CF276956A95A): 0
LogDevObjectVersion:   Dev-Rendering (12F88B9F-8875-4AFC-A67C-D90C383ABD29): 20
LogDevObjectVersion:   Dev-Sequencer (7B5AE74C-D270-4C10-A958-57980B212A5A): 4
LogDevObjectVersion:   Dev-VR (D7296918-1DD6-4BDD-9DE2-64A83CC13884): 0
LogDevObjectVersion:   Dev-LoadTimes (C2A15278-BFE7-4AFE-6C17-90FF531DF755): 1
LogDevObjectVersion:   Private-Geometry (6EACA3D4-40EC-4CC1-B786-8BED09428FC5): 1
LogDevObjectVersion:   Dev-AnimPhys (29E575DD-E0A3-4627-9D10-D276232CDCEA): 12
LogInit: Compiled (64-bit): Jan 12 2018 02:04:55
LogInit: Compiled with Visual C++: 19.00.24215.01
LogInit: Build Configuration: Development
LogInit: Branch Name: ++UE4+Release-4.18
LogInit: Command line:  
LogInit: Base directory: D:/UE_4.18/Engine/Binaries/Win64/
LogInit: Installed Engine Build: 1
LogInit: Presizing for max 8388607 objects, including 0 objects not considered by GC, pre-allocating 0 bytes for permanent pool.
LogInit: Object subsystem initialized
[2018.04.30-04.07.18:984][  0]LogInit: Selected Device Profile: [Windows]
[2018.04.30-04.07.18:984][  0]LogInit: Applying CVar settings loaded from the selected device profile: [Windows]
[2018.04.30-04.07.19:045][  0]LogInit: Computer: DESKTOP-1E3V943
[2018.04.30-04.07.19:045][  0]LogInit: User: JaredRothwell
[2018.04.30-04.07.19:045][  0]LogInit: CPU Page size=4096, Cores=4
[2018.04.30-04.07.19:045][  0]LogInit: High frequency timer resolution =2.531251 MHz
[2018.04.30-04.07.19:045][  0]LogMemory: Memory total: Physical=15.9GB (16GB approx)
[2018.04.30-04.07.19:045][  0]LogMemory: Platform Memory Stats for Windows
[2018.04.30-04.07.19:045][  0]LogMemory: Process Physical Memory: 272.17 MB used, 272.17 MB peak
[2018.04.30-04.07.19:045][  0]LogMemory: Process Virtual Memory: 269.96 MB used, 269.96 MB peak
[2018.04.30-04.07.19:045][  0]LogMemory: Physical Memory: 9296.09 MB used,  6955.94 MB free, 16252.04 MB total
[2018.04.30-04.07.19:045][  0]LogMemory: Virtual Memory: 682.53 MB used,  6955.94 MB free, 134217728.00 MB total
[2018.04.30-04.07.19:585][  0]LogInit: Using OS detected language (en-US).
[2018.04.30-04.07.19:585][  0]LogInit: Using OS detected locale (en-US).
[2018.04.30-04.07.19:707][  0]LogTextLocalizationManager: No specific localization for 'en-US' exists, so the 'en' localization will be used.
[2018.04.30-04.07.20:301][  0]LogInit: Setting process to per monitor DPI aware
[2018.04.30-04.07.25:226][  0]LogD3D11RHI: D3D11 adapters:
[2018.04.30-04.07.25:344][  0]LogD3D11RHI:    0. 'NVIDIA GeForce GTX 960M' (Feature Level 11_0)
[2018.04.30-04.07.25:344][  0]LogD3D11RHI:       2019/0/8126 MB DedicatedVideo/DedicatedSystem/SharedSystem, Outputs:2, VendorId:0x10de
[2018.04.30-04.07.25:352][  0]LogD3D11RHI:    1. 'Intel(R) HD Graphics 530' (Feature Level 11_0)
[2018.04.30-04.07.25:352][  0]LogD3D11RHI:       128/0/8126 MB DedicatedVideo/DedicatedSystem/SharedSystem, Outputs:0, VendorId:0x8086
[2018.04.30-04.07.25:354][  0]LogD3D11RHI:    2. 'Microsoft Basic Render Driver' (Feature Level 11_0)
[2018.04.30-04.07.25:354][  0]LogD3D11RHI:       0/0/8126 MB DedicatedVideo/DedicatedSystem/SharedSystem, Outputs:0, VendorId:0x1414
[2018.04.30-04.07.25:354][  0]LogD3D11RHI: Chosen D3D11 Adapter: 0
[2018.04.30-04.07.25:363][  0]LogD3D11RHI: Creating new Direct3DDevice
[2018.04.30-04.07.25:363][  0]LogD3D11RHI:     GPU DeviceId: 0x139b (for the marketing name, search the web for "GPU Device Id")
[2018.04.30-04.07.25:363][  0]LogWindows: EnumDisplayDevices:
[2018.04.30-04.07.25:364][  0]LogWindows:    0. 'Intel(R) HD Graphics 530' (P:0 D:1)
[2018.04.30-04.07.25:364][  0]LogWindows:    1. 'Intel(R) HD Graphics 530' (P:1 D:1)
[2018.04.30-04.07.25:364][  0]LogWindows:    2. 'Intel(R) HD Graphics 530' (P:0 D:0)
[2018.04.30-04.07.25:364][  0]LogWindows: DebugString: GetVideoDriverDetailsInvalid PrimaryIsNotTheChoosenAdapter GetVideoDriverDetailsInvalid PrimaryIsNotTheChoosenAdapter GetVideoDriverDetailsInvalid PrimaryIsNotTheChoosenAdapter FoundDriverCount:0 
[2018.04.30-04.07.25:364][  0]LogD3D11RHI:     Adapter Name: NVIDIA GeForce GTX 960M
[2018.04.30-04.07.25:364][  0]LogD3D11RHI:   Driver Version: Unknown (internal:Unknown, unified:Unknown)
[2018.04.30-04.07.25:364][  0]LogD3D11RHI:      Driver Date: Unknown
[2018.04.30-04.07.25:364][  0]LogRHI: Texture pool is 1413 MB (70% of 2019 MB)
[2018.04.30-04.07.25:390][  0]LogD3D11RHI: Async texture creation enabled
[2018.04.30-04.07.25:405][  0]LogD3D11RHI: GPU Timing Frequency: 1000.000000 (Debug: 2 1)
[2018.04.30-04.07.25:406][  0]LogShaderCompilers: Guid format shader working directory is 9 characters bigger than the processId version (../../../../projects/Art-Thief/ArtThiefMuseum/Intermediate/Shaders/WorkingDirectory/61372/).
[2018.04.30-04.07.25:406][  0]LogShaderCompilers: Cleaned the shader compiler working directory 'C:/Users/Jared Rothwell/AppData/Local/Temp/UnrealShaderWorkingDir/B41F714F447542F1D14DACA9577EBEB7/'.
[2018.04.30-04.07.25:406][  0]LogShaderCompilers: Display: Using Local Shader Compiler.
[2018.04.30-04.07.29:466][  0]LogTemp: Display: Loaded TP AllDesktopTargetPlatform
[2018.04.30-04.07.29:518][  0]LogTemp: Display: Loaded TP MacClientTargetPlatform
[2018.04.30-04.07.29:564][  0]LogTemp: Display: Loaded TP MacNoEditorTargetPlatform
[2018.04.30-04.07.29:611][  0]LogTemp: Display: Loaded TP MacServerTargetPlatform
[2018.04.30-04.07.29:702][  0]LogTemp: Display: Loaded TP MacTargetPlatform
[2018.04.30-04.07.29:755][  0]LogTemp: Display: Loaded TP WindowsClientTargetPlatform
[2018.04.30-04.07.29:818][  0]LogTemp: Display: Loaded TP WindowsNoEditorTargetPlatform
[2018.04.30-04.07.29:885][  0]LogTemp: Display: Loaded TP WindowsServerTargetPlatform
[2018.04.30-04.07.29:970][  0]LogTemp: Display: Loaded TP WindowsTargetPlatform
[2018.04.30-04.07.30:034][  0]LogTemp: Display: Loaded TP Android_ASTCTargetPlatform
[2018.04.30-04.07.30:082][  0]LogTemp: Display: Loaded TP Android_ATCTargetPlatform
[2018.04.30-04.07.30:131][  0]LogTemp: Display: Loaded TP Android_DXTTargetPlatform
[2018.04.30-04.07.30:181][  0]LogTemp: Display: Loaded TP Android_ETC1TargetPlatform
[2018.04.30-04.07.30:233][  0]LogTemp: Display: Loaded TP Android_ETC2TargetPlatform
[2018.04.30-04.07.30:332][  0]LogTemp: Display: Loaded TP Android_MultiTargetPlatform
[2018.04.30-04.07.30:332][  0]LogTemp: Display: Loaded TP Android_PVRTCTargetPlatform
[2018.04.30-04.07.30:416][  0]LogTemp: Display: Loaded TP AndroidTargetPlatform
[2018.04.30-04.07.30:453][  0]LogTemp: Display: Loaded TP HTML5TargetPlatform
[2018.04.30-04.07.30:557][  0]LogTemp: Display: Loaded TP IOSTargetPlatform
[2018.04.30-04.07.30:585][  0]LogTemp: Display: Loaded TP TVOSTargetPlatform
[2018.04.30-04.07.30:640][  0]LogTemp: Display: Loaded TP LinuxClientTargetPlatform
[2018.04.30-04.07.30:695][  0]LogTemp: Display: Loaded TP LinuxNoEditorTargetPlatform
[2018.04.30-04.07.30:766][  0]LogTemp: Display: Loaded TP LinuxServerTargetPlatform
[2018.04.30-04.07.30:816][  0]LogTemp: Display: Loaded TP LinuxTargetPlatform
[2018.04.30-04.07.30:816][  0]LogTargetPlatformManager: Display: Building Assets For Windows
[2018.04.30-04.07.31:217][  0]LogDerivedDataCache: Display: Max Cache Size: 512 MB
[2018.04.30-04.07.31:300][  0]LogDerivedDataCache: Loaded boot cache 0.08s 78MB C:/Users/Jared Rothwell/AppData/Local/UnrealEngine/4.18/DerivedDataCache/Boot.ddc.
[2018.04.30-04.07.31:300][  0]LogDerivedDataCache: Display: Loaded Boot cache: C:/Users/Jared Rothwell/AppData/Local/UnrealEngine/4.18/DerivedDataCache/Boot.ddc
[2018.04.30-04.07.31:300][  0]LogDerivedDataCache: FDerivedDataBackendGraph:  Pak pak cache file ../../../../projects/Art-Thief/ArtThiefMuseum/DerivedDataCache/DDC.ddp not found, will not use a pak cache.
[2018.04.30-04.07.31:300][  0]LogDerivedDataCache: Unable to find inner node Pak for hierarchical cache Hierarchy.
[2018.04.30-04.07.31:300][  0]LogDerivedDataCache: FDerivedDataBackendGraph:  CompressedPak pak cache file ../../../../projects/Art-Thief/ArtThiefMuseum/DerivedDataCache/Compressed.ddp not found, will not use a pak cache.
[2018.04.30-04.07.31:300][  0]LogDerivedDataCache: Unable to find inner node CompressedPak for hierarchical cache Hierarchy.
[2018.04.30-04.07.31:319][  0]LogDerivedDataCache: Display: Pak cache opened for reading ../../../Engine/DerivedDataCache/Compressed.ddp.
[2018.04.30-04.07.31:332][  0]LogDerivedDataCache: Using Local data cache path C:/Users/Jared Rothwell/AppData/Local/UnrealEngine/Common/DerivedDataCache: Writable
[2018.04.30-04.07.31:344][  0]LogMaterial: Verifying Global Shaders for PCD3D_SM5
[2018.04.30-04.07.31:345][  0]LogSlate: Using Freetype 2.6.0
[2018.04.30-04.07.31:393][  0]LogSlate: SlateFontCache - WITH_FREETYPE: 1, WITH_HARFBUZZ: 1
[2018.04.30-04.07.31:393][  0]LogSlate: SlateFontCache - WITH_FREETYPE: 1, WITH_HARFBUZZ: 1
[2018.04.30-04.07.32:916][  0]LogInit: Selected Device Profile: [Windows]
[2018.04.30-04.07.33:269][  0]LogSimplygon: Simplygon DLL not present - disabling.
[2018.04.30-04.07.33:308][  0]LogMeshReduction: Using SimplygonSwarm for distributed automatic mesh merging
[2018.04.30-04.07.33:308][  0]LogMeshReduction: Using QuadricMeshReduction for automatic static mesh reduction
[2018.04.30-04.07.33:308][  0]LogMeshReduction: No automatic skeletal mesh reduction module available
[2018.04.30-04.07.33:308][  0]LogMeshReduction: No automatic mesh merging module available
[2018.04.30-04.07.33:308][  0]LogMeshMerging: No automatic mesh merging module available
[2018.04.30-04.07.33:341][  0]LogNetVersion: ArtThiefMuseum , NetCL: 3709383, EngineNetVer: 2, GameNetVer: 0 (Checksum: 2922769132)
[2018.04.30-04.07.33:528][  0]LogAssetRegistry: FAssetRegistry took 0.0269 seconds to start up
[2018.04.30-04.07.34:060][  0]LogPackageLocalizationCache: Processed 7 localized package path(s) for 2 prioritized culture(s) in 0.068457 seconds
[2018.04.30-04.07.34:066][  0]LogUObjectArray: 35870 objects as part of root set at end of initial load.
[2018.04.30-04.07.34:066][  0]LogUObjectAllocator: 7363704 out of 0 bytes used by permanent object pool.
[2018.04.30-04.07.34:066][  0]LogUObjectArray: CloseDisregardForGC: 0/0 objects in disregard for GC pool
[2018.04.30-04.07.34:107][  0]LogInit: WinSock: version 1.1 (2.2), MaxSocks=32767, MaxUdp=65467
[2018.04.30-04.07.50:629][  0]LogTcpMessaging: Initializing TcpMessaging bridge
[2018.04.30-04.07.50:670][  0]LogUdpMessaging: Initializing bridge on interface 0.0.0.0:0 to multicast group 230.0.0.1:6666.
[2018.04.30-04.07.51:382][  0]LogMaterial: Uniform references updated for custom material expression Custom.
[2018.04.30-04.07.51:761][  0]SourceControl: Source control is disabled
[2018.04.30-04.07.52:973][  0]LogAndroidPermission: UAndroidPermissionCallbackProxy::GetInstance
[2018.04.30-04.07.53:218][  0]LogOcInput: OculusInput pre-init called
[2018.04.30-04.07.53:482][  0]LogEngine: Initializing Engine...
[2018.04.30-04.07.53:484][  0]LogHMD: Failed to initialize OpenVR with code 110
[2018.04.30-04.07.53:735][  0]LogStats: UGameplayTagsManager::ConstructGameplayTagTree: Construct from data asset -  0.000 s
[2018.04.30-04.07.53:735][  0]LogStats: UGameplayTagsManager::ConstructGameplayTagTree: GameplayTagTreeChangedEvent.Broadcast -  0.000 s
[2018.04.30-04.07.53:866][  0]LogAIModule: Creating AISystem for world Untitled
[2018.04.30-04.07.53:885][  0]LogInit: XAudio2 using 'Speakers (Conexant SmartAudio HD)' : 2 channels at 48 kHz using 32 bits per sample (channel mask 0x3)
[2018.04.30-04.07.53:931][  0]LogInit: FAudioDevice initialized.
[2018.04.30-04.07.54:121][  0]LogDerivedDataCache: Saved boot cache 0.19s 78MB C:/Users/Jared Rothwell/AppData/Local/UnrealEngine/4.18/DerivedDataCache/Boot.ddc.
[2018.04.30-04.07.54:133][  0]LogInit: Texture streaming: Enabled
[2018.04.30-04.07.54:222][  0]LogEngineSessionManager: EngineSessionManager initialized
[2018.04.30-04.07.54:222][  0]LogEngineSessionManager: EngineSessionManager sent abnormal shutdown report. Type=AbnormalShutdown, SessionId={11C1A1D2-4E07-791B-D689-53AEBCBD0101}
[2018.04.30-04.07.54:336][  0]LogInit: Transaction tracking system initialized
[2018.04.30-04.07.54:605][  0]BlueprintLog: New page: Editor Load
[2018.04.30-04.07.55:375][  0]LocalizationService: Localization service is disabled
[2018.04.30-04.07.56:063][  0]LogConsoleResponse: Display: 
[2018.04.30-04.07.56:251][  0]LogCook: Display: Max memory allowance for cook 16384mb min free memory 0mb
[2018.04.30-04.07.56:251][  0]LogCook: Display: Mobile HDR setting 1
[2018.04.30-04.07.56:251][  0]LogGameplayTags: Display: UGameplayTagsManager::DoneAddingNativeTags. DelegateIsBound: 0
[2018.04.30-04.07.56:993][  0]LogFileCache: Scanning file cache for directory 'D:/projects/Art-Thief/ArtThiefMuseum/Content/' took 0.02s
[2018.04.30-04.07.57:340][  0]Cmd: MAP LOAD FILE="../../../../projects/Art-Thief/ArtThiefMuseum/Content/StarterContent/Maps/Minimal_Default.umap" TEMPLATE=0 SHOWPROGRESS=1 FEATURELEVEL=3
[2018.04.30-04.07.57:340][  0]LightingResults: New page: Lighting Build
[2018.04.30-04.07.57:372][  0]MapCheck: New page: Map Check
[2018.04.30-04.07.57:372][  0]LightingResults: New page: Lighting Build
[2018.04.30-04.07.57:613][  0]LogLinker: Warning: Can't find file '/Game/StarterContent/Textures/T_Wood_Oak_D'
[2018.04.30-04.07.57:613][  0]LogLinker: Warning: Can't find file for asset '/Game/StarterContent/Textures/T_Wood_Oak_D' while loading ../../../../projects/Art-Thief/ArtThiefMuseum/Content/StarterContent/Materials/M_Wood_Oak.uasset.
[2018.04.30-04.07.57:614][  0]LoadErrors: Error: /Game/StarterContent/Materials/M_Wood_Oak : Can't find file for asset. /Game/StarterContent/Textures/T_Wood_Oak_D
[2018.04.30-04.07.57:614][  0]LogLinker: Warning: Can't find file '/Game/StarterContent/Textures/T_Wood_Oak_N'
[2018.04.30-04.07.57:614][  0]LogLinker: Warning: Can't find file for asset '/Game/StarterContent/Textures/T_Wood_Oak_N' while loading ../../../../projects/Art-Thief/ArtThiefMuseum/Content/StarterContent/Materials/M_Wood_Oak.uasset.
[2018.04.30-04.07.57:614][  0]LoadErrors: Error: /Game/StarterContent/Materials/M_Wood_Oak : Can't find file for asset. /Game/StarterContent/Textures/T_Wood_Oak_N
[2018.04.30-04.07.57:614][  0]LogLinker: Warning: Can't find file '/Game/StarterContent/Textures/T_Wood_Oak_D'
[2018.04.30-04.07.57:614][  0]LogLinker: Warning: Can't find file for asset '/Game/StarterContent/Textures/T_Wood_Oak_D' while loading ../../../../projects/Art-Thief/ArtThiefMuseum/Content/StarterContent/Materials/M_Wood_Oak.uasset.
[2018.04.30-04.07.57:614][  0]LoadErrors: Error: /Game/StarterContent/Materials/M_Wood_Oak : Can't find file for asset. /Game/StarterContent/Textures/T_Wood_Oak_D
[2018.04.30-04.07.57:615][  0]LogLinker: Warning: Can't find file '/Game/StarterContent/Textures/T_Wood_Oak_N'
[2018.04.30-04.07.57:615][  0]LogLinker: Warning: Can't find file for asset '/Game/StarterContent/Textures/T_Wood_Oak_N' while loading ../../../../projects/Art-Thief/ArtThiefMuseum/Content/StarterContent/Materials/M_Wood_Oak.uasset.
[2018.04.30-04.07.57:615][  0]LoadErrors: Error: /Game/StarterContent/Materials/M_Wood_Oak : Can't find file for asset. /Game/StarterContent/Textures/T_Wood_Oak_N
[2018.04.30-04.07.57:827][  0]LogLinker: Warning: Can't find file '/Game/StarterContent/Textures/T_Wood_Oak_D'
[2018.04.30-04.07.57:827][  0]LoadErrors: Failed to load /Game/StarterContent/Textures/T_Wood_Oak_D.T_Wood_Oak_D Referenced by MaterialExpressionTextureSample_82
[2018.04.30-04.07.57:827][  0]LogLinker: Warning: Can't find file for asset '/Game/StarterContent/Textures/T_Wood_Oak_D' while loading NULL.
[2018.04.30-04.07.57:828][  0]LoadErrors: Failed to load /Game/StarterContent/Textures/T_Wood_Oak_D.T_Wood_Oak_D Referenced by MaterialExpressionTextureSample_82
[2018.04.30-04.07.57:828][  0]LogLinker: Warning: Can't find file '/Game/StarterContent/Textures/T_Wood_Oak_N'
[2018.04.30-04.07.57:828][  0]LoadErrors: Failed to load /Game/StarterContent/Textures/T_Wood_Oak_N.T_Wood_Oak_N Referenced by MaterialExpressionTextureSample_83
[2018.04.30-04.07.57:828][  0]LogLinker: Warning: Can't find file for asset '/Game/StarterContent/Textures/T_Wood_Oak_N' while loading NULL.
[2018.04.30-04.07.57:828][  0]LoadErrors: Failed to load /Game/StarterContent/Textures/T_Wood_Oak_N.T_Wood_Oak_N Referenced by MaterialExpressionTextureSample_83
[2018.04.30-04.07.58:394][  0]LogMaterial: Missing cached shader map for material M_Wood_Oak, compiling. 
[2018.04.30-04.07.58:395][  0]LogMaterial: Warning: D:\projects\Art-Thief\ArtThiefMuseum\Content\StarterContent\Materials\M_Wood_Oak.uasset: Failed to compile Material for platform PCD3D_SM5, Default Material will be used in game.
[2018.04.30-04.07.58:395][  0]LogMaterial: 	(Node TextureSample) Texture Sample> Missing input texture
[2018.04.30-04.07.59:324][  0]LogAIModule: Creating AISystem for world Minimal_Default
[2018.04.30-04.07.59:343][  0]LogEditorServer: Finished looking for orphan Actors (0.000 secs)
[2018.04.30-04.07.59:356][  0]Cmd: MAP CHECKDEP NOCLEARLOG
[2018.04.30-04.07.59:416][  0]MapCheck: Map check complete: 0 Error(s), 0 Warning(s), took 59.448ms to complete.
[2018.04.30-04.07.59:416][  0]LogFileHelpers: Loading map 'Minimal_Default' took 2.076
[2018.04.30-04.07.59:549][  0]LogCollectionManager: Loaded 0 collections in 0.001424 seconds
[2018.04.30-04.07.59:631][  0]LogFileCache: Scanning file cache for directory 'D:/projects/Art-Thief/ArtThiefMuseum/Saved/Collections/' took 0.01s
[2018.04.30-04.07.59:631][  0]LogFileCache: Scanning file cache for directory 'D:/projects/Art-Thief/ArtThiefMuseum/Content/Developers/JaredRothwell/Collections/' took 0.01s
[2018.04.30-04.07.59:631][  0]LogFileCache: Scanning file cache for directory 'D:/projects/Art-Thief/ArtThiefMuseum/Content/Collections/' took 0.01s
[2018.04.30-04.07.59:631][  0]LogCollectionManager: Rebuilt the GUID cache for 0 collections in 0.000000 seconds
[2018.04.30-04.07.59:639][  0]LogContentBrowser: Native class hierarchy populated in 0.0084 seconds. Added 2363 classes and 519 folders.
[2018.04.30-04.07.59:696][  0]LogContentBrowser: Native class hierarchy updated for 'WidgetCarousel' in 0.0003 seconds. Added 0 classes and 0 folders.
[2018.04.30-04.07.59:730][  0]LogContentBrowser: Native class hierarchy updated for 'AddContentDialog' in 0.0003 seconds. Added 0 classes and 0 folders.
[2018.04.30-04.07.59:767][  0]LogContentBrowser: Native class hierarchy updated for 'SceneOutliner' in 0.0002 seconds. Added 1 classes and 2 folders.
[2018.04.30-04.07.59:863][  0]LogSlate: Took 0.000198 seconds to synchronously load lazily loaded font '../../../Engine/Content/Slate/Fonts/Roboto-Regular.ttf' (155K)
[2018.04.30-04.07.59:866][  0]LogSlate: Took 0.000373 seconds to synchronously load lazily loaded font '../../../Engine/Content/Slate/Fonts/Roboto-Bold.ttf' (160K)
[2018.04.30-04.07.59:877][  0]LogSlate: Took 0.000192 seconds to synchronously load lazily loaded font '../../../Engine/Content/Editor/Slate/Fonts/FontAwesome.ttf' (139K)
[2018.04.30-04.08.00:031][  0]LogRenderer: Reallocating scene render targets to support 1304x568 Format 10 NumSamples 1 (Frame:1).
[2018.04.30-04.08.00:329][  0]LogContentBrowser: Native class hierarchy updated for 'HierarchicalLODOutliner' in 0.0003 seconds. Added 1 classes and 2 folders.
[2018.04.30-04.08.00:329][  0]LogLoad: (Engine Initialization) Total time: 46.49 seconds
[2018.04.30-04.08.00:329][  0]LogLoad: (Engine Initialization) Total Blueprint compile time: 0.00 seconds
[2018.04.30-04.08.00:329][  0]LogExternalProfiler: Found external profiler: VSPerf
[2018.04.30-04.08.00:329][  0]LogExternalProfiler: Using external profiler: VSPerf
[2018.04.30-04.08.00:701][  0]SourceControl: On branch master
[2018.04.30-04.08.00:701][  0]SourceControl: Your branch is up to date with 'origin/master'.
[2018.04.30-04.08.00:701][  0]SourceControl: Changes not staged for commit:
[2018.04.30-04.08.00:701][  0]SourceControl:   (use "git add <file>..." to update what will be committed)
[2018.04.30-04.08.00:701][  0]SourceControl:   (use "git checkout -- <file>..." to discard changes in working directory)
[2018.04.30-04.08.00:701][  0]SourceControl: 	modified:   ArtThiefMuseum/Intermediate/CachedAssetRegistry.bin
[2018.04.30-04.08.00:701][  0]SourceControl: 	modified:   ArtThiefMuseum/Saved/AutoScreenshot.png
[2018.04.30-04.08.00:701][  0]SourceControl: 	modified:   ArtThiefMuseum/Saved/Config/Windows/EditorPerProjectUserSettings.ini
[2018.04.30-04.08.00:701][  0]SourceControl: 	modified:   ArtThiefMuseum/Saved/Config/Windows/Engine.ini
[2018.04.30-04.08.00:701][  0]SourceControl: 	modified:   ArtThiefMuseum/Saved/Logs/ArtThiefMuseum.log
[2018.04.30-04.08.00:701][  0]SourceControl: 	modified:   ArtThiefMuseum/Saved/Logs/ArtThiefMuseum_2.log
[2018.04.30-04.08.00:701][  0]SourceControl: Untracked files:
[2018.04.30-04.08.00:701][  0]SourceControl:   (use "git add <file>..." to include in what will be committed)
[2018.04.30-04.08.00:701][  0]SourceControl: 	ArtThiefMuseum/Content/StarterContent/Maps/Exterior.umap
[2018.04.30-04.08.00:701][  0]SourceControl: no changes added to commit (use "git add" and/or "git commit -a")
[2018.04.30-04.08.00:702][  0]LogContentStreaming: Texture pool size now 1000 MB
[2018.04.30-04.08.01:002][  1]LogFileCache: Retrieving MD5 hashes for directory 'D:/projects/Art-Thief/ArtThiefMuseum/Content/' took 0.32s
[2018.04.30-04.08.01:022][  1]LogAssetRegistry: Asset discovery search completed in 27.5160 seconds
[2018.04.30-04.08.01:025][  1]LogCollectionManager: Rebuilt the object cache for 0 collections in 0.000000 seconds (found 0 objects)
[2018.04.30-04.08.01:025][  1]LogCollectionManager: Fixed up redirectors for 0 collections in 0.000058 seconds (updated 0 objects)
[2018.04.30-04.08.05:008][ 13]LogSlate: Took 0.000200 seconds to synchronously load lazily loaded font '../../../Engine/Content/Slate/Fonts/Roboto-Light.ttf' (159K)
[2018.04.30-04.12.12:855][429]LogSlate: Took 0.000170 seconds to synchronously load lazily loaded font '../../../Engine/Content/Slate/Fonts/Roboto-Light.ttf' (159K)
[2018.04.30-04.12.14:365][429]LogMaterial: Missing cached shader map for material BogMyrtle_01_Billboard_Mat, compiling. 
[2018.04.30-04.12.14:592][429]LogMaterial: Missing cached shader map for material BogMyrtle_01_Fronds_Mat, compiling. 
[2018.04.30-04.12.15:743][429]LogSlate: Took 0.000265 seconds to synchronously load lazily loaded font '../../../Engine/Content/Slate/Fonts/Roboto-Regular.ttf' (155K)
[2018.04.30-04.12.17:403][429]LogMaterial: Missing cached shader map for material ScotsPine_01_Leaves_Mat, compiling. 
[2018.04.30-04.12.17:480][429]LogMaterial: Missing cached shader map for material ScotsPine_01_Fronds_Mat, compiling. 
[2018.04.30-04.12.17:547][429]LogMaterial: Missing cached shader map for material ScotsPine_01_Branches_Mat, compiling. 
[2018.04.30-04.12.17:622][429]LogMaterial: Missing cached shader map for material ScotsPine_01_Branches_2_Mat, compiling. 
[2018.04.30-04.12.17:691][429]LogMaterial: Missing cached shader map for material ScotsPine_01_Billboard_Mat, compiling. 
[2018.04.30-04.12.17:909][429]LogStaticMesh: Building static mesh ScotsPine_01...
[2018.04.30-04.16.04:241][429]LogStaticMesh: Built static mesh [226.33s] /Game/KiteDemo/Environments/Trees/ScotsPine_01/ScotsPine_01.ScotsPine_01
[2018.04.30-04.16.04:707][429]LogStaticMesh: Building static mesh BogMyrtleBush_02...
[2018.04.30-04.16.05:642][429]LogStaticMesh: Built static mesh [0.93s] /Game/KiteDemo/Environments/Foliage/BogMyrtleBush_02/BogMyrtleBush_02.BogMyrtleBush_02
[2018.04.30-04.16.07:492][429]LogAIModule: Creating AISystem for world Exterior
[2018.04.30-04.16.07:580][429]Cmd: MAP LOAD FILE="../../../../projects/Art-Thief/ArtThiefMuseum/Content/StarterContent/Maps/Exterior.umap" TEMPLATE=0 SHOWPROGRESS=1 FEATURELEVEL=3
[2018.04.30-04.16.07:580][429]LightingResults: New page: Lighting Build
[2018.04.30-04.16.07:581][429]LoadErrors: New page: Loading map: Exterior.umap
[2018.04.30-04.16.07:583][429]MapCheck: New page: Map Check
[2018.04.30-04.16.07:583][429]LightingResults: New page: Lighting Build
[2018.04.30-04.16.09:324][429]LogEditorServer: Finished looking for orphan Actors (0.000 secs)
[2018.04.30-04.16.09:374][429]Cmd: MAP CHECKDEP NOCLEARLOG
[2018.04.30-04.16.09:478][429]MapCheck: Map check complete: 0 Error(s), 0 Warning(s), took 102.962ms to complete.
[2018.04.30-04.16.09:478][429]LogFileHelpers: Loading map 'Exterior' took 1.900
[2018.04.30-06.17.30:543][508]LogEditorViewport: Clicking on Actor (LMB): StaticMeshActor (Cube3)
[2018.04.30-06.20.13:298][527]LogEditorViewport: Clicking on Actor (LMB): SkeletalMeshActor (Police_newFixed2)
[2018.04.30-06.20.26:428][288]LogSlate: Took 0.085718 seconds to synchronously load lazily loaded font '../../../Engine/Content/Slate/Fonts/Roboto-Light.ttf' (159K)
[2018.04.30-06.21.04:754][530]LogEditorViewport: Clicking on Actor (LMB): StaticMeshActor (SM_BGBuilding7)
[2018.04.30-06.21.12:282][959]LogEditorViewport: Clicking on Actor (LMB): SkeletalMeshActor (Police_newFixed2)
[2018.04.30-06.21.23:564][613]LogSlate: Took 0.029133 seconds to synchronously load lazily loaded font '../../../Engine/Content/Editor/Slate/Fonts/Roboto-BoldCondensed.ttf' (158K)
[2018.04.30-06.22.11:182][390]EditorErrors: New page: Actor attachment
[2018.04.30-06.22.18:014][766]LogEditorViewport: Clicking on Actor (LMB): SkeletalMeshActor (Police_newFixed2)
[2018.04.30-06.23.11:608][902]LogEditorViewport: Clicking on Actor (LMB): StaticMeshActor (SM_TrimWall_Door)
[2018.04.30-06.23.53:428][323]LogSavePackage: Save=9258.33ms
[2018.04.30-06.23.53:428][323]LogSavePackage: Moving '../../../../projects/Art-Thief/ArtThiefMuseum/Saved/ExteriorA2F22CB64DAFA85C8EFA1FB0EFF20113.tmp' to '../../../../projects/Art-Thief/ArtThiefMuseum/Content/StarterContent/Maps/Exterior.umap'
[2018.04.30-06.23.53:456][323]LogSavePackage: Display: Finished SavePackage ../../../../projects/Art-Thief/ArtThiefMuseum/Content/StarterContent/Maps/Exterior.umap
[2018.04.30-06.23.53:494][323]LogFileHelpers: Saving map 'Exterior' took 17.255
[2018.04.30-06.23.53:735][323]LogSavePackage: Save=219.68ms
[2018.04.30-06.23.53:735][323]LogSavePackage: Moving '../../../../projects/Art-Thief/ArtThiefMuseum/Saved/Ext_Guardinbush_seq6D2A476843301F3829DE18BA9811E90B.tmp' to '../../../../projects/Art-Thief/ArtThiefMuseum/Content/Sequences/Outside_sequences/Ext_Guardinbush_seq.uasset'
[2018.04.30-06.23.54:341][323]LogSavePackage: Display: Finished SavePackage ../../../../projects/Art-Thief/ArtThiefMuseum/Content/Sequences/Outside_sequences/Ext_Guardinbush_seq.uasset
[2018.04.30-06.23.54:501][323]LogSavePackage: Save=95.84ms
[2018.04.30-06.23.54:501][323]LogSavePackage: Moving '../../../../projects/Art-Thief/ArtThiefMuseum/Saved/ExitBuilding_seqBD33087540E502FF8D05BE9D4F49F79D.tmp' to '../../../../projects/Art-Thief/ArtThiefMuseum/Content/Sequences/Outside_sequences/ExitBuilding_seq.uasset'
[2018.04.30-06.23.54:504][323]LogSavePackage: Display: Finished SavePackage ../../../../projects/Art-Thief/ArtThiefMuseum/Content/Sequences/Outside_sequences/ExitBuilding_seq.uasset
[2018.04.30-06.25.04:748][288]LogEditorViewport: Clicking on Actor (LMB): StaticMeshActor (crowbarOld2)
[2018.04.30-06.25.41:053][215]LogEditorViewport: Clicking on Actor (LMB): Landscape (Landscape4)
[2018.04.30-06.26.14:250][617]LogSavePackage: Save=9167.55ms
[2018.04.30-06.26.14:251][617]LogSavePackage: Moving '../../../../projects/Art-Thief/ArtThiefMuseum/Saved/Exterior4837EDC64D9A6F680B08D98BB4C3616B.tmp' to '../../../../projects/Art-Thief/ArtThiefMuseum/Content/StarterContent/Maps/Exterior.umap'
[2018.04.30-06.26.14:277][617]LogSavePackage: Display: Finished SavePackage ../../../../projects/Art-Thief/ArtThiefMuseum/Content/StarterContent/Maps/Exterior.umap
[2018.04.30-06.26.14:312][617]LogFileHelpers: Saving map 'Exterior' took 9.353
[2018.04.30-06.26.14:414][617]LogSavePackage: Save=90.99ms
[2018.04.30-06.26.14:414][617]LogSavePackage: Moving '../../../../projects/Art-Thief/ArtThiefMuseum/Saved/ExitBuilding_seqFE34DC6D4272720E644E0EAF132EB306.tmp' to '../../../../projects/Art-Thief/ArtThiefMuseum/Content/Sequences/Outside_sequences/ExitBuilding_seq.uasset'
[2018.04.30-06.26.14:417][617]LogSavePackage: Display: Finished SavePackage ../../../../projects/Art-Thief/ArtThiefMuseum/Content/Sequences/Outside_sequences/ExitBuilding_seq.uasset
[2018.04.30-06.26.14:421][617]Cmd: OBJ SAVEPACKAGE PACKAGE="/Game/Sequences/Outside_sequences/Kick_door_seq" FILE="../../../../projects/Art-Thief/ArtThiefMuseum/Content/Sequences/Outside_sequences/Kick_door_seq.uasset" SILENT=true
[2018.04.30-06.26.14:485][617]LogSavePackage: Save=54.58ms
[2018.04.30-06.26.14:485][617]LogSavePackage: Moving '../../../../projects/Art-Thief/ArtThiefMuseum/Saved/Kick_door_seq811ED52149BA4664B9C2A3AEC5989A69.tmp' to '../../../../projects/Art-Thief/ArtThiefMuseum/Content/Sequences/Outside_sequences/Kick_door_seq.uasset'
[2018.04.30-06.26.14:507][617]LogSavePackage: Display: Finished SavePackage ../../../../projects/Art-Thief/ArtThiefMuseum/Content/Sequences/Outside_sequences/Kick_door_seq.uasset
[2018.04.30-06.26.14:515][617]Cmd: OBJ SAVEPACKAGE PACKAGE="/Game/Sequences/Outside_sequences/Throw_rock_seq" FILE="../../../../projects/Art-Thief/ArtThiefMuseum/Content/Sequences/Outside_sequences/Throw_rock_seq.uasset" SILENT=true
[2018.04.30-06.26.14:613][617]LogSavePackage: Save=88.38ms
[2018.04.30-06.26.14:613][617]LogSavePackage: Moving '../../../../projects/Art-Thief/ArtThiefMuseum/Saved/Throw_rock_seq42CB55C94921E4A737E281B41AD7D598.tmp' to '../../../../projects/Art-Thief/ArtThiefMuseum/Content/Sequences/Outside_sequences/Throw_rock_seq.uasset'
[2018.04.30-06.26.14:619][617]LogSavePackage: Display: Finished SavePackage ../../../../projects/Art-Thief/ArtThiefMuseum/Content/Sequences/Outside_sequences/Throw_rock_seq.uasset
[2018.04.30-06.26.36:643][740]LogMaterial: Missing cached shader map for material phong2, compiling. 
[2018.04.30-06.26.36:719][740]LogMaterial: Missing cached shader map for material phong3, compiling. 
[2018.04.30-06.26.36:796][740]LogMaterial: Missing cached shader map for material phong4, compiling. 
[2018.04.30-06.29.13:805][539]LogAnimationCompression: Building Anim DDC data for AnimSequence /Game/Props/DoorFBX_Anim.DoorFBX_Anim
[2018.04.30-06.29.13:805][539]LogAnimationCompression: Recompressing (AnimSequence /Game/Props/DoorFBX_Anim.DoorFBX_Anim) using current/default (AnimCompress_BitwiseCompressOnly_0) bFirstRecompressUsingCurrentOrDefault(1) bTryAlternateCompressor(0) IsCompressedDataValid(0)
[2018.04.30-06.29.39:108][ 40]LogEditorViewport: Clicking on Actor (LMB): SkeletalMeshActor (DoorFBX)
[2018.04.30-06.29.44:697][354]LogEditorActor: Deleted Actor: SkeletalMeshActor
[2018.04.30-06.29.44:710][354]LogEditorActor: Deleted 1 Actors (0.281 secs)
[2018.04.30-06.29.46:658][459]LogEditorActor: Deleted Actor: SkeletalMeshActor
[2018.04.30-06.29.46:669][459]LogEditorActor: Deleted 1 Actors (0.033 secs)
[2018.04.30-06.29.47:555][509]LogEditorActor: Deleted Actor: SkeletalMeshActor
[2018.04.30-06.29.47:565][509]LogEditorActor: Deleted 1 Actors (0.036 secs)
[2018.04.30-06.29.49:829][641]LogEditorActor: Deleted Actor: SkeletalMeshActor
[2018.04.30-06.29.49:840][641]LogEditorActor: Deleted 1 Actors (0.033 secs)
[2018.04.30-06.31.38:770][677]LogEditorViewport: Clicking on Actor (LMB): StaticMeshActor (Cube)
[2018.04.30-06.32.05:032][172]LogEditorViewport: Clicking on Actor (LMB): StaticMeshActor (Cube)
[2018.04.30-06.32.07:203][297]Cmd: EDIT COPY
[2018.04.30-06.32.07:649][323]Cmd: EDIT PASTE
[2018.04.30-06.32.37:626][ 16]Cmd: EDIT COPY
[2018.04.30-06.32.37:967][ 36]Cmd: EDIT PASTE
[2018.04.30-06.32.49:689][723]Cmd: EDIT COPY
[2018.04.30-06.32.49:945][738]Cmd: EDIT PASTE
[2018.04.30-06.33.02:925][493]LogEditorViewport: Clicking on Actor (LMB): StaticMeshActor (Cube4)
[2018.04.30-06.33.18:626][366]Cmd: TRANSACTION UNDO
[2018.04.30-06.33.18:626][366]LogEditorTransaction: Undo Move Actors
[2018.04.30-06.33.21:839][538]LogEditorViewport: Clicking on Actor (LMB): StaticMeshActor (Cube4)
[2018.04.30-06.33.43:848][787]LogEditorViewport: Clicking on Actor (LMB): StaticMeshActor (Cube6)
[2018.04.30-06.33.50:693][149]Cmd: TRANSACTION UNDO
[2018.04.30-06.33.50:693][149]LogEditorTransaction: Undo Move Actors
[2018.04.30-06.34.13:692][480]LogEditorViewport: Clicking on Actor (LMB): SkeletalMeshActor (DoorFBX)
[2018.04.30-06.34.14:937][550]Cmd: EDIT COPY
[2018.04.30-06.34.15:329][572]Cmd: EDIT PASTE
[2018.04.30-06.34.21:630][925]Cmd: EDIT COPY
[2018.04.30-06.34.21:905][941]Cmd: EDIT PASTE
[2018.04.30-06.34.46:184][796]LogSavePackage: Save=8771.98ms
[2018.04.30-06.34.46:185][796]LogSavePackage: Moving '../../../../projects/Art-Thief/ArtThiefMuseum/Saved/ExteriorD86C8F1E4E9C42BBC5419E8F0D76C7B1.tmp' to '../../../../projects/Art-Thief/ArtThiefMuseum/Content/StarterContent/Maps/Exterior.umap'
[2018.04.30-06.34.46:210][796]LogSavePackage: Display: Finished SavePackage ../../../../projects/Art-Thief/ArtThiefMuseum/Content/StarterContent/Maps/Exterior.umap
[2018.04.30-06.34.46:248][796]LogFileHelpers: Saving map 'Exterior' took 9.169
[2018.04.30-06.34.46:253][796]Cmd: OBJ SAVEPACKAGE PACKAGE="/Game/Sequences/Outside_sequences/Kick_door_seq" FILE="../../../../projects/Art-Thief/ArtThiefMuseum/Content/Sequences/Outside_sequences/Kick_door_seq.uasset" SILENT=true
[2018.04.30-06.34.46:389][796]LogSavePackage: Save=126.33ms
[2018.04.30-06.34.46:389][796]LogSavePackage: Moving '../../../../projects/Art-Thief/ArtThiefMuseum/Saved/Kick_door_seq6F31D6A2424B1EE7579C4DA2E3638B7F.tmp' to '../../../../projects/Art-Thief/ArtThiefMuseum/Content/Sequences/Outside_sequences/Kick_door_seq.uasset'
[2018.04.30-06.34.46:392][796]LogSavePackage: Display: Finished SavePackage ../../../../projects/Art-Thief/ArtThiefMuseum/Content/Sequences/Outside_sequences/Kick_door_seq.uasset
[2018.04.30-06.34.46:396][796]Cmd: OBJ SAVEPACKAGE PACKAGE="/Game/Sequences/Outside_sequences/Throw_rock_seq" FILE="../../../../projects/Art-Thief/ArtThiefMuseum/Content/Sequences/Outside_sequences/Throw_rock_seq.uasset" SILENT=true
[2018.04.30-06.34.46:487][796]LogSavePackage: Save=82.03ms
[2018.04.30-06.34.46:487][796]LogSavePackage: Moving '../../../../projects/Art-Thief/ArtThiefMuseum/Saved/Throw_rock_seq66D86DC0470847E1B9B6CBAC7DCC517A.tmp' to '../../../../projects/Art-Thief/ArtThiefMuseum/Content/Sequences/Outside_sequences/Throw_rock_seq.uasset'
[2018.04.30-06.34.46:489][796]LogSavePackage: Display: Finished SavePackage ../../../../projects/Art-Thief/ArtThiefMuseum/Content/Sequences/Outside_sequences/Throw_rock_seq.uasset
[2018.04.30-06.34.50:554][ 22]LogEditorViewport: Clicking on Actor (LMB): SkeletalMeshActor (DoorFBX)
[2018.04.30-06.37.39:689][642]LogEditorViewport: Clicking on Actor (LMB): SkeletalMeshActor (Police_newFixed2)
[2018.04.30-06.38.19:845][477]LogSavePackage: Save=8508.05ms
[2018.04.30-06.38.19:845][477]LogSavePackage: Moving '../../../../projects/Art-Thief/ArtThiefMuseum/Saved/Exterior763699854F10E21E7FF1638F9D7CECB4.tmp' to '../../../../projects/Art-Thief/ArtThiefMuseum/Content/StarterContent/Maps/Exterior.umap'
[2018.04.30-06.38.19:871][477]LogSavePackage: Display: Finished SavePackage ../../../../projects/Art-Thief/ArtThiefMuseum/Content/StarterContent/Maps/Exterior.umap
[2018.04.30-06.38.19:912][477]LogFileHelpers: Saving map 'Exterior' took 8.694
[2018.04.30-06.38.19:916][477]Cmd: OBJ SAVEPACKAGE PACKAGE="/Game/Sequences/Outside_sequences/Kick_door_seq" FILE="../../../../projects/Art-Thief/ArtThiefMuseum/Content/Sequences/Outside_sequences/Kick_door_seq.uasset" SILENT=true
[2018.04.30-06.38.19:977][477]LogSavePackage: Save=58.74ms
[2018.04.30-06.38.19:978][477]LogSavePackage: Moving '../../../../projects/Art-Thief/ArtThiefMuseum/Saved/Kick_door_seqCF8781684CA39706F17D1D9EC954B40D.tmp' to '../../../../projects/Art-Thief/ArtThiefMuseum/Content/Sequences/Outside_sequences/Kick_door_seq.uasset'
[2018.04.30-06.38.19:980][477]LogSavePackage: Display: Finished SavePackage ../../../../projects/Art-Thief/ArtThiefMuseum/Content/Sequences/Outside_sequences/Kick_door_seq.uasset
[2018.04.30-06.38.19:984][477]Cmd: OBJ SAVEPACKAGE PACKAGE="/Game/Sequences/Outside_sequences/Intro_Seq" FILE="../../../../projects/Art-Thief/ArtThiefMuseum/Content/Sequences/Outside_sequences/Intro_Seq.uasset" SILENT=true
[2018.04.30-06.38.20:269][477]LogSavePackage: Save=277.60ms
[2018.04.30-06.38.20:269][477]LogSavePackage: Moving '../../../../projects/Art-Thief/ArtThiefMuseum/Saved/Intro_Seq8578545443405F63EBF292ABCBE49505.tmp' to '../../../../projects/Art-Thief/ArtThiefMuseum/Content/Sequences/Outside_sequences/Intro_Seq.uasset'
[2018.04.30-06.38.20:309][477]LogSavePackage: Display: Finished SavePackage ../../../../projects/Art-Thief/ArtThiefMuseum/Content/Sequences/Outside_sequences/Intro_Seq.uasset
[2018.04.30-06.39.28:764][941]LogActorFactory: Actor Factory created Canvas_carrying_tube
[2018.04.30-06.39.30:794][ 62]LogActorFactory: Actor Factory created Canvas_carrying_tube
[2018.04.30-06.39.36:494][382]LogActorFactory: Actor Factory created Canvas_carrying_tube
[2018.04.30-06.39.37:516][442]LogActorFactory: Actor Factory created Canvas_carrying_tube
[2018.04.30-06.39.39:459][544]LogActorFactory: Actor Factory created Canvas_carrying_tube
[2018.04.30-06.39.40:184][586]LogActorFactory: Actor Factory created Canvas_carrying_tube
[2018.04.30-06.40.29:046][486]EditorErrors: New page: Actor attachment
[2018.04.30-06.41.31:992][201]EditorErrors: New page: Actor attachment
[2018.04.30-06.41.55:281][571]EditorErrors: New page: Actor attachment
[2018.04.30-06.42.06:266][219]Cmd: TRANSACTION UNDO
[2018.04.30-06.42.06:266][219]LogEditorTransaction: Undo Move Actors
[2018.04.30-06.43.43:657][946]EditorErrors: New page: Actor attachment
[2018.04.30-06.43.55:692][666]EditorErrors: New page: Actor attachment
[2018.04.30-06.45.45:647][ 14]LogEditorViewport: Clicking on Actor (LMB): Landscape (Landscape4)
[2018.04.30-06.48.04:731][ 46]LogEditorViewport: Clicking on Actor (LMB): StaticMeshActor (Canvas_carrying_tube3)
[2018.04.30-06.48.34:315][216]LogSavePackage: Save=9202.93ms
[2018.04.30-06.48.34:315][216]LogSavePackage: Moving '../../../../projects/Art-Thief/ArtThiefMuseum/Saved/Exterior1BF9AAC44C2A9C82A5C2E683F8F7F4F2.tmp' to '../../../../projects/Art-Thief/ArtThiefMuseum/Content/StarterContent/Maps/Exterior.umap'
[2018.04.30-06.48.34:349][216]LogSavePackage: Display: Finished SavePackage ../../../../projects/Art-Thief/ArtThiefMuseum/Content/StarterContent/Maps/Exterior.umap
[2018.04.30-06.48.34:389][216]LogFileHelpers: Saving map 'Exterior' took 9.628
[2018.04.30-06.48.34:451][216]LogSavePackage: Save=48.01ms
[2018.04.30-06.48.34:451][216]LogSavePackage: Moving '../../../../projects/Art-Thief/ArtThiefMuseum/Saved/Ext_Guardinbush_seq7321B34043EFFB1848799BBFA4CEDB50.tmp' to '../../../../projects/Art-Thief/ArtThiefMuseum/Content/Sequences/Outside_sequences/Ext_Guardinbush_seq.uasset'
[2018.04.30-06.48.34:453][216]LogSavePackage: Display: Finished SavePackage ../../../../projects/Art-Thief/ArtThiefMuseum/Content/Sequences/Outside_sequences/Ext_Guardinbush_seq.uasset
[2018.04.30-06.48.34:562][216]LogSavePackage: Save=94.91ms
[2018.04.30-06.48.34:562][216]LogSavePackage: Moving '../../../../projects/Art-Thief/ArtThiefMuseum/Saved/ExitBuilding_seq4C0FDF784297465E6A6476817A32D5D7.tmp' to '../../../../projects/Art-Thief/ArtThiefMuseum/Content/Sequences/Outside_sequences/ExitBuilding_seq.uasset'
[2018.04.30-06.48.34:565][216]LogSavePackage: Display: Finished SavePackage ../../../../projects/Art-Thief/ArtThiefMuseum/Content/Sequences/Outside_sequences/ExitBuilding_seq.uasset
[2018.04.30-06.48.34:569][216]Cmd: OBJ SAVEPACKAGE PACKAGE="/Game/Sequences/Outside_sequences/Intro_Seq" FILE="../../../../projects/Art-Thief/ArtThiefMuseum/Content/Sequences/Outside_sequences/Intro_Seq.uasset" SILENT=true
[2018.04.30-06.48.34:861][216]LogSavePackage: Save=281.65ms
[2018.04.30-06.48.34:861][216]LogSavePackage: Moving '../../../../projects/Art-Thief/ArtThiefMuseum/Saved/Intro_SeqED1924BA45E456AADD6111AD5B2ABB67.tmp' to '../../../../projects/Art-Thief/ArtThiefMuseum/Content/Sequences/Outside_sequences/Intro_Seq.uasset'
[2018.04.30-06.48.34:864][216]LogSavePackage: Display: Finished SavePackage ../../../../projects/Art-Thief/ArtThiefMuseum/Content/Sequences/Outside_sequences/Intro_Seq.uasset
[2018.04.30-06.50.05:156][760]LogSavePackage: Save=10002.52ms
[2018.04.30-06.50.05:156][760]LogSavePackage: Moving '../../../../projects/Art-Thief/ArtThiefMuseum/Saved/Exterior7759BCD2492523DA1444C6967A104A3F.tmp' to '../../../../projects/Art-Thief/ArtThiefMuseum/Content/StarterContent/Maps/Exterior.umap'
[2018.04.30-06.50.05:185][760]LogSavePackage: Display: Finished SavePackage ../../../../projects/Art-Thief/ArtThiefMuseum/Content/StarterContent/Maps/Exterior.umap
[2018.04.30-06.50.05:225][760]LogFileHelpers: Saving map 'Exterior' took 10.210
[2018.04.30-06.50.05:284][760]LogSavePackage: Save=50.70ms
[2018.04.30-06.50.05:284][760]LogSavePackage: Moving '../../../../projects/Art-Thief/ArtThiefMuseum/Saved/Ext_Guardinbush_seq74972773496EDD33E3498EB6DE2F8616.tmp' to '../../../../projects/Art-Thief/ArtThiefMuseum/Content/Sequences/Outside_sequences/Ext_Guardinbush_seq.uasset'
[2018.04.30-06.50.05:287][760]LogSavePackage: Display: Finished SavePackage ../../../../projects/Art-Thief/ArtThiefMuseum/Content/Sequences/Outside_sequences/Ext_Guardinbush_seq.uasset
[2018.04.30-06.50.05:292][760]Cmd: OBJ SAVEPACKAGE PACKAGE="/Game/Sequences/Outside_sequences/Kick_door_seq" FILE="../../../../projects/Art-Thief/ArtThiefMuseum/Content/Sequences/Outside_sequences/Kick_door_seq.uasset" SILENT=true
[2018.04.30-06.50.05:364][760]LogSavePackage: Save=63.72ms
[2018.04.30-06.50.05:364][760]LogSavePackage: Moving '../../../../projects/Art-Thief/ArtThiefMuseum/Saved/Kick_door_seqEEB5B518431635F033A42EB109EF269C.tmp' to '../../../../projects/Art-Thief/ArtThiefMuseum/Content/Sequences/Outside_sequences/Kick_door_seq.uasset'
[2018.04.30-06.50.05:368][760]LogSavePackage: Display: Finished SavePackage ../../../../projects/Art-Thief/ArtThiefMuseum/Content/Sequences/Outside_sequences/Kick_door_seq.uasset
[2018.04.30-06.50.05:372][760]Cmd: OBJ SAVEPACKAGE PACKAGE="/Game/Sequences/Outside_sequences/Throw_rock_seq" FILE="../../../../projects/Art-Thief/ArtThiefMuseum/Content/Sequences/Outside_sequences/Throw_rock_seq.uasset" SILENT=true
[2018.04.30-06.50.05:476][760]LogSavePackage: Save=95.73ms
[2018.04.30-06.50.05:476][760]LogSavePackage: Moving '../../../../projects/Art-Thief/ArtThiefMuseum/Saved/Throw_rock_seq1AD5290447B90F565E7227B1FDB02CE8.tmp' to '../../../../projects/Art-Thief/ArtThiefMuseum/Content/Sequences/Outside_sequences/Throw_rock_seq.uasset'
[2018.04.30-06.50.05:479][760]LogSavePackage: Display: Finished SavePackage ../../../../projects/Art-Thief/ArtThiefMuseum/Content/Sequences/Outside_sequences/Throw_rock_seq.uasset
[2018.04.30-06.50.05:483][760]Cmd: OBJ SAVEPACKAGE PACKAGE="/Game/Sequences/Outside_sequences/Intro_Seq" FILE="../../../../projects/Art-Thief/ArtThiefMuseum/Content/Sequences/Outside_sequences/Intro_Seq.uasset" SILENT=true
[2018.04.30-06.50.05:794][760]LogSavePackage: Save=308.75ms
[2018.04.30-06.50.05:794][760]LogSavePackage: Moving '../../../../projects/Art-Thief/ArtThiefMuseum/Saved/Intro_SeqB40F048746677767C1E81FA0FF486761.tmp' to '../../../../projects/Art-Thief/ArtThiefMuseum/Content/Sequences/Outside_sequences/Intro_Seq.uasset'
[2018.04.30-06.50.05:798][760]LogSavePackage: Display: Finished SavePackage ../../../../projects/Art-Thief/ArtThiefMuseum/Content/Sequences/Outside_sequences/Intro_Seq.uasset
[2018.04.30-06.53.16:057][ 11]LogEditorViewport: Clicking on Actor (LMB): SkeletalMeshActor (DoorFBX)
[2018.04.30-06.53.42:767][570]Cmd: TRANSACTION UNDO
[2018.04.30-06.53.42:767][570]LogEditorTransaction: Undo Rotate Actors
[2018.04.30-06.55.58:445][  5]LogSavePackage: Save=8510.01ms
[2018.04.30-06.55.58:445][  5]LogSavePackage: Moving '../../../../projects/Art-Thief/ArtThiefMuseum/Saved/Exterior2E217AA24DEC534BEE23DF809CEA9C23.tmp' to '../../../../projects/Art-Thief/ArtThiefMuseum/Content/StarterContent/Maps/Exterior.umap'
[2018.04.30-06.55.58:471][  5]LogSavePackage: Display: Finished SavePackage ../../../../projects/Art-Thief/ArtThiefMuseum/Content/StarterContent/Maps/Exterior.umap
[2018.04.30-06.55.58:509][  5]LogFileHelpers: Saving map 'Exterior' took 8.909
[2018.04.30-06.55.58:515][  5]Cmd: OBJ SAVEPACKAGE PACKAGE="/Game/Sequences/Outside_sequences/Kick_door_seq" FILE="../../../../projects/Art-Thief/ArtThiefMuseum/Content/Sequences/Outside_sequences/Kick_door_seq.uasset" SILENT=true
[2018.04.30-06.55.58:580][  5]LogSavePackage: Save=57.10ms
[2018.04.30-06.55.58:580][  5]LogSavePackage: Moving '../../../../projects/Art-Thief/ArtThiefMuseum/Saved/Kick_door_seqD7230A1448C5934819AE0A98DF37E22C.tmp' to '../../../../projects/Art-Thief/ArtThiefMuseum/Content/Sequences/Outside_sequences/Kick_door_seq.uasset'
[2018.04.30-06.55.58:583][  5]LogSavePackage: Display: Finished SavePackage ../../../../projects/Art-Thief/ArtThiefMuseum/Content/Sequences/Outside_sequences/Kick_door_seq.uasset
[2018.04.30-06.55.58:588][  5]Cmd: OBJ SAVEPACKAGE PACKAGE="/Game/Sequences/Outside_sequences/Throw_rock_seq" FILE="../../../../projects/Art-Thief/ArtThiefMuseum/Content/Sequences/Outside_sequences/Throw_rock_seq.uasset" SILENT=true
[2018.04.30-06.55.58:687][  5]LogSavePackage: Save=91.27ms
[2018.04.30-06.55.58:687][  5]LogSavePackage: Moving '../../../../projects/Art-Thief/ArtThiefMuseum/Saved/Throw_rock_seq4AE481B24E910E67C931F6AA53ABA21F.tmp' to '../../../../projects/Art-Thief/ArtThiefMuseum/Content/Sequences/Outside_sequences/Throw_rock_seq.uasset'
[2018.04.30-06.55.58:689][  5]LogSavePackage: Display: Finished SavePackage ../../../../projects/Art-Thief/ArtThiefMuseum/Content/Sequences/Outside_sequences/Throw_rock_seq.uasset
[2018.04.30-06.56.40:365][413]LogLinker: Warning: Can't find file '/Game/Import/Lamborginhi_base_phong'
[2018.04.30-06.56.40:366][413]LogLinker: Warning: Can't find file for asset '/Game/Import/Lamborginhi_base_phong' while loading ../../../../projects/Art-Thief/ArtThiefMuseum/Content/Lambo.uasset.
[2018.04.30-06.56.40:366][413]LoadErrors: Error: /Game/Lambo : Can't find file for asset. /Game/Import/Lamborginhi_base_phong
[2018.04.30-06.56.40:366][413]LogLinker: Warning: Can't find file '/Game/Import/Lamborginhi_glass_phong'
[2018.04.30-06.56.40:366][413]LogLinker: Warning: Can't find file for asset '/Game/Import/Lamborginhi_glass_phong' while loading ../../../../projects/Art-Thief/ArtThiefMuseum/Content/Lambo.uasset.
[2018.04.30-06.56.40:366][413]LoadErrors: Error: /Game/Lambo : Can't find file for asset. /Game/Import/Lamborginhi_glass_phong
[2018.04.30-06.56.40:366][413]LogLinker: Warning: Can't find file '/Game/Import/Lamborginhi_base_phong'
[2018.04.30-06.56.40:366][413]LogLinker: Warning: Can't find file for asset '/Game/Import/Lamborginhi_base_phong' while loading ../../../../projects/Art-Thief/ArtThiefMuseum/Content/Lambo.uasset.
[2018.04.30-06.56.40:366][413]LogLinker: Warning: Can't find file '/Game/Import/Lamborginhi_glass_phong'
[2018.04.30-06.56.40:366][413]LogLinker: Warning: Can't find file for asset '/Game/Import/Lamborginhi_glass_phong' while loading ../../../../projects/Art-Thief/ArtThiefMuseum/Content/Lambo.uasset.
[2018.04.30-06.56.40:368][413]LogLinker: Warning: Can't find file '/Game/Import/Lamborginhi_base_phong'
[2018.04.30-06.56.40:368][413]LoadErrors: Failed to load /Game/Import/Lamborginhi_base_phong.Lamborginhi_base_phong Referenced by Lambo
[2018.04.30-06.56.40:368][413]LogLinker: Warning: Can't find file for asset '/Game/Import/Lamborginhi_base_phong' while loading NULL.
[2018.04.30-06.56.40:368][413]LogLinker: Warning: Can't find file '/Game/Import/Lamborginhi_glass_phong'
[2018.04.30-06.56.40:368][413]LoadErrors: Failed to load /Game/Import/Lamborginhi_glass_phong.Lamborginhi_glass_phong Referenced by Lambo
[2018.04.30-06.56.40:369][413]LogLinker: Warning: Can't find file for asset '/Game/Import/Lamborginhi_glass_phong' while loading NULL.
[2018.04.30-06.56.40:369][413]LogLinker: Warning: Can't find file '/Game/Import/Lamborginhi_base_phong'
[2018.04.30-06.56.40:369][413]LogLinker: Warning: Can't find file for asset '/Game/Import/Lamborginhi_base_phong' while loading NULL.
[2018.04.30-06.56.40:369][413]LogLinker: Warning: Can't find file '/Game/Import/Lamborginhi_base_phong'
[2018.04.30-06.56.40:369][413]LogLinker: Warning: Can't find file for asset '/Game/Import/Lamborginhi_base_phong' while loading NULL.
[2018.04.30-06.56.40:370][413]LogLinker: Warning: Can't find file '/Game/Import/Lamborginhi_base_phong'
[2018.04.30-06.56.40:370][413]LogLinker: Warning: Can't find file for asset '/Game/Import/Lamborginhi_base_phong' while loading NULL.
[2018.04.30-06.56.40:370][413]LogLinker: Warning: Can't find file '/Game/Import/Lamborginhi_base_phong'
[2018.04.30-06.56.40:370][413]LogLinker: Warning: Can't find file for asset '/Game/Import/Lamborginhi_base_phong' while loading NULL.
[2018.04.30-06.56.40:370][413]LogLinker: Warning: Can't find file '/Game/Import/Lamborginhi_base_phong'
[2018.04.30-06.56.40:371][413]LogLinker: Warning: Can't find file for asset '/Game/Import/Lamborginhi_base_phong' while loading NULL.
[2018.04.30-06.56.40:371][413]LogLinker: Warning: Can't find file '/Game/Import/Lamborginhi_glass_phong'
[2018.04.30-06.56.40:371][413]LogLinker: Warning: Can't find file for asset '/Game/Import/Lamborginhi_glass_phong' while loading NULL.
[2018.04.30-06.56.40:371][413]LogLinker: Warning: Can't find file '/Game/Import/Lamborginhi_base_phong'
[2018.04.30-06.56.40:371][413]LogLinker: Warning: Can't find file for asset '/Game/Import/Lamborginhi_base_phong' while loading NULL.
[2018.04.30-06.56.40:371][413]LogLinker: Warning: Can't find file '/Game/Import/Lamborginhi_base_phong'
[2018.04.30-06.56.40:371][413]LogLinker: Warning: Can't find file for asset '/Game/Import/Lamborginhi_base_phong' while loading NULL.
[2018.04.30-06.56.40:371][413]LogLinker: Warning: Can't find file '/Game/Import/Lamborginhi_base_phong'
[2018.04.30-06.56.40:372][413]LogLinker: Warning: Can't find file for asset '/Game/Import/Lamborginhi_base_phong' while loading NULL.
[2018.04.30-06.56.40:372][413]LogLinker: Warning: Can't find file '/Game/Import/Lamborginhi_base_phong'
[2018.04.30-06.56.40:372][413]LogLinker: Warning: Can't find file for asset '/Game/Import/Lamborginhi_base_phong' while loading NULL.
[2018.04.30-06.56.40:889][435]LogActorFactory: Actor Factory created Lambo
[2018.04.30-06.56.47:922][856]LogActorFactory: Actor Factory created Lambo
[2018.04.30-06.58.56:705][375]LogEditorViewport: Clicking on Actor (LMB): Landscape (Landscape4)
[2018.04.30-07.01.00:468][725]LogEditorViewport: Clicking on Actor (LMB): StaticMeshActor (Lambo)
[2018.04.30-07.01.45:762][833]LogSavePackage: Save=8946.61ms
[2018.04.30-07.01.45:762][833]LogSavePackage: Moving '../../../../projects/Art-Thief/ArtThiefMuseum/Saved/Exterior5CCDAF594CF4DE86A85A6FA7183BB6EA.tmp' to '../../../../projects/Art-Thief/ArtThiefMuseum/Content/StarterContent/Maps/Exterior.umap'
[2018.04.30-07.01.45:793][833]LogSavePackage: Display: Finished SavePackage ../../../../projects/Art-Thief/ArtThiefMuseum/Content/StarterContent/Maps/Exterior.umap
[2018.04.30-07.01.45:842][833]LogFileHelpers: Saving map 'Exterior' took 9.310
[2018.04.30-07.01.45:965][833]LogSavePackage: Save=106.95ms
[2018.04.30-07.01.45:965][833]LogSavePackage: Moving '../../../../projects/Art-Thief/ArtThiefMuseum/Saved/ExitBuilding_seqEFF1CF62420E9A721EFB1B87BF2F2767.tmp' to '../../../../projects/Art-Thief/ArtThiefMuseum/Content/Sequences/Outside_sequences/ExitBuilding_seq.uasset'
[2018.04.30-07.01.45:967][833]LogSavePackage: Display: Finished SavePackage ../../../../projects/Art-Thief/ArtThiefMuseum/Content/Sequences/Outside_sequences/ExitBuilding_seq.uasset
[2018.04.30-07.01.45:971][833]Cmd: OBJ SAVEPACKAGE PACKAGE="/Game/Sequences/Outside_sequences/Kick_door_seq" FILE="../../../../projects/Art-Thief/ArtThiefMuseum/Content/Sequences/Outside_sequences/Kick_door_seq.uasset" SILENT=true
[2018.04.30-07.01.46:047][833]LogSavePackage: Save=65.44ms
[2018.04.30-07.01.46:047][833]LogSavePackage: Moving '../../../../projects/Art-Thief/ArtThiefMuseum/Saved/Kick_door_seq2DAB9C894F62EA3CC0205DBA31803A1B.tmp' to '../../../../projects/Art-Thief/ArtThiefMuseum/Content/Sequences/Outside_sequences/Kick_door_seq.uasset'
[2018.04.30-07.01.46:050][833]LogSavePackage: Display: Finished SavePackage ../../../../projects/Art-Thief/ArtThiefMuseum/Content/Sequences/Outside_sequences/Kick_door_seq.uasset
