Log file open, 04/18/18 15:10:59
LogWindows: Failed to load 'aqProf.dll' (GetLastError=126)
LogWindows: File 'aqProf.dll' does not exist
LogWindows: Failed to load 'VtuneApi.dll' (GetLastError=126)
LogWindows: File 'VtuneApi.dll' does not exist
LogWindows: Failed to load 'VtuneApi32e.dll' (GetLastError=126)
LogWindows: File 'VtuneApi32e.dll' does not exist
LogInit: Display: Running engine for game: ArtThiefMuseum
LogPlatformFile: Not using cached read wrapper
LogInit: Display: RandInit(1407484645) SRandInit(1407484645).
LogInit: Read version file with build ID '3709383'
LogInit: Overriding engine version to CL 3794801, compatible CL 3709383
LogInit: Registered custom module enumerator with build ID '3709383'
LogTaskGraph: Started task graph with 5 named threads and 14 total threads with 3 sets of task threads.
LogStats: Stats thread started at 0.176368
LogD3D11RHI: Aftermath initialized
LogModuleManager: Display: Found up-to-date module file ../../../Engine/Plugins/2D/Paper2D/Binaries/Win64/UE4Editor-Paper2D.dll (API version 3709383).
LogModuleManager: Display: Found up-to-date module file ../../../Engine/Plugins/2D/Paper2D/Binaries/Win64/UE4Editor-Paper2DEditor.dll (API version 3709383).
LogModuleManager: Display: Found up-to-date module file ../../../Engine/Plugins/2D/Paper2D/Binaries/Win64/UE4Editor-PaperSpriteSheetImporter.dll (API version 3709383).
LogModuleManager: Display: Found up-to-date module file ../../../Engine/Plugins/2D/Paper2D/Binaries/Win64/UE4Editor-PaperTiledImporter.dll (API version 3709383).
LogModuleManager: Display: Found up-to-date module file ../../../Engine/Plugins/2D/Paper2D/Binaries/Win64/UE4Editor-SmartSnapping.dll (API version 3709383).
LogModuleManager: Display: Found up-to-date module file ../../../Engine/Plugins/Blendables/LightPropagationVolume/Binaries/Win64/UE4Editor-LightPropagationVolumeRuntime.dll (API version 3709383).
LogModuleManager: Display: Found up-to-date module file ../../../Engine/Plugins/Blendables/LightPropagationVolume/Binaries/Win64/UE4Editor-LightPropagationVolumeEditor.dll (API version 3709383).
LogModuleManager: Display: Found up-to-date module file ../../../Engine/Plugins/Developer/GitSourceControl/Binaries/Win64/UE4Editor-GitSourceControl.dll (API version 3709383).
LogModuleManager: Display: Found up-to-date module file ../../../Engine/Plugins/Developer/PerforceSourceControl/Binaries/Win64/UE4Editor-PerforceSourceControl.dll (API version 3709383).
LogModuleManager: Display: Found up-to-date module file ../../../Engine/Plugins/Developer/SubversionSourceControl/Binaries/Win64/UE4Editor-SubversionSourceControl.dll (API version 3709383).
LogModuleManager: Display: Found up-to-date module file ../../../Engine/Plugins/Developer/UObjectPlugin/Binaries/Win64/UE4Editor-UObjectPlugin.dll (API version 3709383).
LogModuleManager: Display: Found up-to-date module file ../../../Engine/Plugins/Developer/VisualStudioCodeSourceCodeAccess/Binaries/Win64/UE4Editor-VisualStudioCodeSourceCodeAccess.dll (API version 3709383).
LogModuleManager: Display: Found up-to-date module file ../../../Engine/Plugins/Developer/VisualStudioSourceCodeAccess/Binaries/Win64/UE4Editor-VisualStudioSourceCodeAccess.dll (API version 3709383).
LogModuleManager: Display: Found up-to-date module file ../../../Engine/Plugins/Editor/AssetManagerEditor/Binaries/Win64/UE4Editor-AssetManagerEditor.dll (API version 3709383).
LogModuleManager: Display: Found up-to-date module file ../../../Engine/Plugins/Editor/AudioCapture/Binaries/Win64/UE4Editor-AudioCapture.dll (API version 3709383).
LogModuleManager: Display: Found up-to-date module file ../../../Engine/Plugins/Editor/FacialAnimation/Binaries/Win64/UE4Editor-FacialAnimation.dll (API version 3709383).
LogModuleManager: Display: Found up-to-date module file ../../../Engine/Plugins/Editor/FacialAnimation/Binaries/Win64/UE4Editor-FacialAnimationEditor.dll (API version 3709383).
LogModuleManager: Display: Found up-to-date module file ../../../Engine/Plugins/Editor/GameplayTagsEditor/Binaries/Win64/UE4Editor-GameplayTagsEditor.dll (API version 3709383).
LogModuleManager: Display: Found up-to-date module file ../../../Engine/Plugins/Editor/MobileLauncherProfileWizard/Binaries/Win64/UE4Editor-MobileLauncherProfileWizard.dll (API version 3709383).
LogModuleManager: Display: Found up-to-date module file ../../../Engine/Plugins/Editor/PluginBrowser/Binaries/Win64/UE4Editor-PluginBrowser.dll (API version 3709383).
LogModuleManager: Display: Found up-to-date module file ../../../Engine/Plugins/Editor/SpeedTreeImporter/Binaries/Win64/UE4Editor-SpeedTreeImporter.dll (API version 3709383).
LogModuleManager: Display: Found up-to-date module file ../../../Engine/Plugins/Experimental/AlembicImporter/Binaries/Win64/UE4Editor-AlembicImporter.dll (API version 3709383).
LogModuleManager: Display: Found up-to-date module file ../../../Engine/Plugins/Experimental/AlembicImporter/Binaries/Win64/UE4Editor-AlembicLibrary.dll (API version 3709383).
LogModuleManager: Display: Found up-to-date module file ../../../Engine/Plugins/Experimental/CharacterAI/Binaries/Win64/UE4Editor-CharacterAI.dll (API version 3709383).
LogModuleManager: Display: Found up-to-date module file ../../../Engine/Plugins/Experimental/HTML5Networking/Binaries/Win64/UE4Editor-HTML5Networking.dll (API version 3709383).
LogModuleManager: Display: Found up-to-date module file ../../../Engine/Plugins/Media/AndroidMedia/Binaries/Win64/UE4Editor-AndroidMediaEditor.dll (API version 3709383).
LogModuleManager: Display: Found up-to-date module file ../../../Engine/Plugins/Media/AndroidMedia/Binaries/Win64/UE4Editor-AndroidMediaFactory.dll (API version 3709383).
LogModuleManager: Display: Found up-to-date module file ../../../Engine/Plugins/Media/AvfMedia/Binaries/Win64/UE4Editor-AvfMediaEditor.dll (API version 3709383).
LogModuleManager: Display: Found up-to-date module file ../../../Engine/Plugins/Media/AvfMedia/Binaries/Win64/UE4Editor-AvfMediaFactory.dll (API version 3709383).
LogModuleManager: Display: Found up-to-date module file ../../../Engine/Plugins/Media/AvfMedia/Binaries/Win64/UE4Editor-AvfMediaFactory.dll (API version 3709383).
LogModuleManager: Display: Found up-to-date module file ../../../Engine/Plugins/Media/ImgMedia/Binaries/Win64/UE4Editor-ImgMedia.dll (API version 3709383).
LogModuleManager: Display: Found up-to-date module file ../../../Engine/Plugins/Media/ImgMedia/Binaries/Win64/UE4Editor-ImgMediaEditor.dll (API version 3709383).
LogModuleManager: Display: Found up-to-date module file ../../../Engine/Plugins/Media/ImgMedia/Binaries/Win64/UE4Editor-ImgMediaFactory.dll (API version 3709383).
LogModuleManager: Display: Found up-to-date module file ../../../Engine/Plugins/Media/ImgMedia/Binaries/Win64/UE4Editor-ImgMediaFactory.dll (API version 3709383).
LogModuleManager: Display: Found up-to-date module file ../../../Engine/Plugins/Media/ImgMedia/Binaries/Win64/UE4Editor-OpenExrWrapper.dll (API version 3709383).
LogModuleManager: Display: Found up-to-date module file ../../../Engine/Plugins/Media/MediaCompositing/Binaries/Win64/UE4Editor-MediaCompositing.dll (API version 3709383).
LogModuleManager: Display: Found up-to-date module file ../../../Engine/Plugins/Media/MediaCompositing/Binaries/Win64/UE4Editor-MediaCompositingEditor.dll (API version 3709383).
LogModuleManager: Display: Found up-to-date module file ../../../Engine/Plugins/Media/MediaPlayerEditor/Binaries/Win64/UE4Editor-MediaPlayerEditor.dll (API version 3709383).
LogModuleManager: Display: Found up-to-date module file ../../../Engine/Plugins/Media/WmfMedia/Binaries/Win64/UE4Editor-WmfMedia.dll (API version 3709383).
LogModuleManager: Display: Found up-to-date module file ../../../Engine/Plugins/Media/WmfMedia/Binaries/Win64/UE4Editor-WmfMediaEditor.dll (API version 3709383).
LogModuleManager: Display: Found up-to-date module file ../../../Engine/Plugins/Media/WmfMedia/Binaries/Win64/UE4Editor-WmfMediaFactory.dll (API version 3709383).
LogModuleManager: Display: Found up-to-date module file ../../../Engine/Plugins/Media/WmfMedia/Binaries/Win64/UE4Editor-WmfMediaFactory.dll (API version 3709383).
LogModuleManager: Display: Found up-to-date module file ../../../Engine/Plugins/Messaging/TcpMessaging/Binaries/Win64/UE4Editor-TcpMessaging.dll (API version 3709383).
LogModuleManager: Display: Found up-to-date module file ../../../Engine/Plugins/Messaging/UdpMessaging/Binaries/Win64/UE4Editor-UdpMessaging.dll (API version 3709383).
LogModuleManager: Display: Found up-to-date module file ../../../Engine/Plugins/MovieScene/ActorSequence/Binaries/Win64/UE4Editor-ActorSequence.dll (API version 3709383).
LogModuleManager: Display: Found up-to-date module file ../../../Engine/Plugins/MovieScene/LevelSequenceEditor/Binaries/Win64/UE4Editor-LevelSequenceEditor.dll (API version 3709383).
LogModuleManager: Display: Found up-to-date module file ../../../Engine/Plugins/MovieScene/MatineeToLevelSequence/Binaries/Win64/UE4Editor-MatineeToLevelSequence.dll (API version 3709383).
LogModuleManager: Display: Found up-to-date module file ../../../Engine/Plugins/Online/OnlineSubsystem/Binaries/Win64/UE4Editor-OnlineSubsystem.dll (API version 3709383).
LogModuleManager: Display: Found up-to-date module file ../../../Engine/Plugins/Runtime/AndroidPermission/Binaries/Win64/UE4Editor-AndroidPermission.dll (API version 3709383).
LogModuleManager: Display: Found up-to-date module file ../../../Engine/Plugins/Online/OnlineSubsystemNull/Binaries/Win64/UE4Editor-OnlineSubsystemNull.dll (API version 3709383).
LogModuleManager: Display: Found up-to-date module file ../../../Engine/Plugins/Online/OnlineSubsystemUtils/Binaries/Win64/UE4Editor-OnlineSubsystemUtils.dll (API version 3709383).
LogModuleManager: Display: Found up-to-date module file ../../../Engine/Plugins/Online/OnlineSubsystemUtils/Binaries/Win64/UE4Editor-OnlineBlueprintSupport.dll (API version 3709383).
LogModuleManager: Display: Found up-to-date module file ../../../Engine/Plugins/Runtime/AndroidDeviceProfileSelector/Binaries/Win64/UE4Editor-AndroidDeviceProfileSelector.dll (API version 3709383).
LogModuleManager: Display: Found up-to-date module file ../../../Engine/Plugins/Runtime/AppleARKit/Binaries/Win64/UE4Editor-AppleARKit.dll (API version 3709383).
LogModuleManager: Display: Found up-to-date module file ../../../Engine/Plugins/Runtime/ArchVisCharacter/Binaries/Win64/UE4Editor-ArchVisCharacter.dll (API version 3709383).
LogModuleManager: Display: Found up-to-date module file ../../../Engine/Plugins/Runtime/CableComponent/Binaries/Win64/UE4Editor-CableComponent.dll (API version 3709383).
LogModuleManager: Display: Found up-to-date module file ../../../Engine/Plugins/Runtime/CustomMeshComponent/Binaries/Win64/UE4Editor-CustomMeshComponent.dll (API version 3709383).
LogModuleManager: Display: Found up-to-date module file ../../../Engine/Plugins/Runtime/ExampleDeviceProfileSelector/Binaries/Win64/UE4Editor-ExampleDeviceProfileSelector.dll (API version 3709383).
LogModuleManager: Display: Found up-to-date module file ../../../Engine/Plugins/Runtime/ImmediatePhysics/Binaries/Win64/UE4Editor-ImmediatePhysics.dll (API version 3709383).
LogModuleManager: Display: Found up-to-date module file ../../../Engine/Plugins/Runtime/ImmediatePhysics/Binaries/Win64/UE4Editor-ImmediatePhysicsEditor.dll (API version 3709383).
LogModuleManager: Display: Found up-to-date module file ../../../Engine/Plugins/Runtime/LocationServicesBPLibrary/Binaries/Win64/UE4Editor-LocationServicesBPLibrary.dll (API version 3709383).
LogModuleManager: Display: Found up-to-date module file ../../../Engine/Plugins/Runtime/MobilePatchingUtils/Binaries/Win64/UE4Editor-MobilePatchingUtils.dll (API version 3709383).
LogModuleManager: Display: Found up-to-date module file ../../../Engine/Plugins/Runtime/Oculus/OculusVR/Binaries/Win64/UE4Editor-OculusHMD.dll (API version 3709383).
LogModuleManager: Display: Found up-to-date module file ../../../Engine/Plugins/Runtime/Oculus/OculusVR/Binaries/Win64/UE4Editor-OculusInput.dll (API version 3709383).
LogModuleManager: Display: Found up-to-date module file ../../../Engine/Plugins/Runtime/Oculus/OculusVR/Binaries/Win64/UE4Editor-OculusEditor.dll (API version 3709383).
LogModuleManager: Display: Found up-to-date module file ../../../Engine/Plugins/Runtime/PhysXVehicles/Binaries/Win64/UE4Editor-PhysXVehicles.dll (API version 3709383).
LogModuleManager: Display: Found up-to-date module file ../../../Engine/Plugins/Runtime/PhysXVehicles/Binaries/Win64/UE4Editor-PhysXVehiclesEditor.dll (API version 3709383).
LogModuleManager: Display: Found up-to-date module file ../../../Engine/Plugins/Runtime/ProceduralMeshComponent/Binaries/Win64/UE4Editor-ProceduralMeshComponent.dll (API version 3709383).
LogModuleManager: Display: Found up-to-date module file ../../../Engine/Plugins/Runtime/ProceduralMeshComponent/Binaries/Win64/UE4Editor-ProceduralMeshComponentEditor.dll (API version 3709383).
LogModuleManager: Display: Found up-to-date module file ../../../Engine/Plugins/Runtime/RuntimePhysXCooking/Binaries/Win64/UE4Editor-RuntimePhysXCooking.dll (API version 3709383).
LogModuleManager: Display: Found up-to-date module file ../../../Engine/Plugins/Runtime/Steam/SteamVR/Binaries/Win64/UE4Editor-SteamVR.dll (API version 3709383).
LogModuleManager: Display: Found up-to-date module file ../../../Engine/Plugins/Runtime/Steam/SteamVR/Binaries/Win64/UE4Editor-SteamVRController.dll (API version 3709383).
LogModuleManager: Display: Found up-to-date module file ../../../Engine/Plugins/Runtime/WindowsMoviePlayer/Binaries/Win64/UE4Editor-WindowsMoviePlayer.dll (API version 3709383).
LogPluginManager: Mounting plugin Paper2D
LogPluginManager: Mounting plugin LightPropagationVolume
LogPluginManager: Mounting plugin CodeLiteSourceCodeAccess
LogPluginManager: Mounting plugin GitSourceControl
LogPluginManager: Mounting plugin KDevelopSourceCodeAccess
LogPluginManager: Mounting plugin NullSourceCodeAccess
LogPluginManager: Mounting plugin PerforceSourceControl
LogPluginManager: Mounting plugin SubversionSourceControl
LogPluginManager: Mounting plugin UObjectPlugin
LogPluginManager: Mounting plugin VisualStudioCodeSourceCodeAccess
LogPluginManager: Mounting plugin VisualStudioSourceCodeAccess
LogPluginManager: Mounting plugin XCodeSourceCodeAccess
LogPluginManager: Mounting plugin AssetManagerEditor
LogPluginManager: Mounting plugin AudioCapture
LogPluginManager: Mounting plugin FacialAnimation
LogPluginManager: Mounting plugin GameplayTagsEditor
LogPluginManager: Mounting plugin MobileLauncherProfileWizard
LogPluginManager: Mounting plugin PluginBrowser
LogPluginManager: Mounting plugin SpeedTreeImporter
LogPluginManager: Mounting plugin AlembicImporter
LogPluginManager: Mounting plugin CharacterAI
LogPluginManager: Mounting plugin HTML5Networking
LogPluginManager: Mounting plugin AndroidMedia
LogPluginManager: Mounting plugin AvfMedia
LogPluginManager: Mounting plugin ImgMedia
LogPluginManager: Mounting plugin MediaCompositing
LogPluginManager: Mounting plugin MediaPlayerEditor
LogPluginManager: Mounting plugin WmfMedia
LogPluginManager: Mounting plugin TcpMessaging
LogPluginManager: Mounting plugin UdpMessaging
LogPluginManager: Mounting plugin ActorSequence
LogPluginManager: Mounting plugin LevelSequenceEditor
LogPluginManager: Mounting plugin MatineeToLevelSequence
LogPluginManager: Mounting plugin OnlineSubsystemGooglePlay
LogPluginManager: Mounting plugin OnlineSubsystemIOS
LogPluginManager: Mounting plugin OnlineSubsystem
LogPluginManager: Mounting plugin OnlineSubsystemNull
LogPluginManager: Mounting plugin OnlineSubsystemUtils
LogPluginManager: Mounting plugin AndroidDeviceProfileSelector
LogPluginManager: Mounting plugin AndroidMoviePlayer
LogPluginManager: Mounting plugin AndroidPermission
LogPluginManager: Mounting plugin AppleARKit
LogPluginManager: Mounting plugin AppleMoviePlayer
LogPluginManager: Mounting plugin ArchVisCharacter
LogPluginManager: Mounting plugin CableComponent
LogPluginManager: Mounting plugin CustomMeshComponent
LogPluginManager: Mounting plugin ExampleDeviceProfileSelector
LogPluginManager: Mounting plugin GoogleCloudMessaging
LogPluginManager: Mounting plugin ImmediatePhysics
LogPluginManager: Mounting plugin IOSDeviceProfileSelector
LogPluginManager: Mounting plugin LinuxDeviceProfileSelector
LogPluginManager: Mounting plugin LocationServicesBPLibrary
LogPluginManager: Mounting plugin MobilePatchingUtils
LogPluginManager: Mounting plugin OculusVR
LogPluginManager: Plugin shader directory ../../../Engine/Plugins/Runtime/Oculus/OculusVR/Shaders found
LogPluginManager: Mapping shader source directory ../../../Engine/Plugins/Runtime/Oculus/OculusVR/Shaders to virtual directory /Plugin/OculusVR
LogPluginManager: Mounting plugin PhysXVehicles
LogPluginManager: Mounting plugin ProceduralMeshComponent
LogPluginManager: Mounting plugin RuntimePhysXCooking
LogPluginManager: Mounting plugin SteamVR
LogPluginManager: Mounting plugin WindowsMoviePlayer
LogInit: Using libcurl 7.47.1
LogInit:  - built for x86_64-pc-win32
LogInit:  - supports SSL with OpenSSL/1.0.2g
LogInit:  - supports HTTP deflate (compression) using libz 1.2.8
LogInit:  - other features:
LogInit:      CURL_VERSION_SSL
LogInit:      CURL_VERSION_LIBZ
LogInit:      CURL_VERSION_IPV6
LogInit:      CURL_VERSION_ASYNCHDNS
LogInit:      CURL_VERSION_LARGEFILE
LogInit:      CURL_VERSION_IDN
LogInit:  CurlRequestOptions (configurable via config and command line):
LogInit:  - bVerifyPeer = false  - Libcurl will NOT verify peer certificate
LogInit:  - bUseHttpProxy = false  - Libcurl will NOT use HTTP proxy
LogInit:  - bDontReuseConnections = false  - Libcurl will reuse connections
LogInit:  - CertBundlePath = nullptr  - Libcurl will use whatever was configured at build time.
LogInit: Build: ++UE4+Release-4.18-CL-3794801
LogInit: Engine Version: 4.18.2-3794801+++UE4+Release-4.18
LogInit: Compatible Engine Version: 4.18.0-3709383+++UE4+Release-4.18
LogInit: Net CL: 3709383
LogDevObjectVersion: Number of dev versions registered: 16
LogDevObjectVersion:   Dev-Blueprints (B0D832E4-1F89-4F0D-ACCF-7EB736FD4AA2): 10
LogDevObjectVersion:   Dev-Build (E1C64328-A22C-4D53-A36C-8E866417BD8C): 0
LogDevObjectVersion:   Dev-Core (375EC13C-06E4-48FB-B500-84F0262A717E): 2
LogDevObjectVersion:   Dev-Editor (E4B068ED-F494-42E9-A231-DA0B2E46BB41): 20
LogDevObjectVersion:   Dev-Framework (CFFC743F-43B0-4480-9391-14DF171D2073): 30
LogDevObjectVersion:   Dev-Mobile (B02B49B5-BB20-44E9-A304-32B752E40360): 0
LogDevObjectVersion:   Dev-Networking (A4E4105C-59A1-49B5-A7C5-40C4547EDFEE): 0
LogDevObjectVersion:   Dev-Online (39C831C9-5AE6-47DC-9A44-9C173E1C8E7C): 0
LogDevObjectVersion:   Dev-Physics (78F01B33-EBEA-4F98-B9B4-84EACCB95AA2): 0
LogDevObjectVersion:   Dev-Platform (6631380F-2D4D-43E0-8009-CF276956A95A): 0
LogDevObjectVersion:   Dev-Rendering (12F88B9F-8875-4AFC-A67C-D90C383ABD29): 20
LogDevObjectVersion:   Dev-Sequencer (7B5AE74C-D270-4C10-A958-57980B212A5A): 4
LogDevObjectVersion:   Dev-VR (D7296918-1DD6-4BDD-9DE2-64A83CC13884): 0
LogDevObjectVersion:   Dev-LoadTimes (C2A15278-BFE7-4AFE-6C17-90FF531DF755): 1
LogDevObjectVersion:   Private-Geometry (6EACA3D4-40EC-4CC1-B786-8BED09428FC5): 1
LogDevObjectVersion:   Dev-AnimPhys (29E575DD-E0A3-4627-9D10-D276232CDCEA): 12
LogInit: Compiled (64-bit): Dec  8 2017 02:04:53
LogInit: Compiled with Visual C++: 19.00.24215.01
LogInit: Build Configuration: Development
LogInit: Branch Name: ++UE4+Release-4.18
LogInit: Command line:  
LogInit: Base directory: D:/UE_4.18/Engine/Binaries/Win64/
LogInit: Installed Engine Build: 1
LogInit: Presizing for max 8388607 objects, including 0 objects not considered by GC, pre-allocating 0 bytes for permanent pool.
LogInit: Object subsystem initialized
[2018.04.18-21.11.00:598][  0]LogInit: Selected Device Profile: [Windows]
[2018.04.18-21.11.00:598][  0]LogInit: Applying CVar settings loaded from the selected device profile: [Windows]
[2018.04.18-21.11.00:666][  0]LogInit: Computer: DESKTOP-1E3V943
[2018.04.18-21.11.00:666][  0]LogInit: User: JaredRothwell
[2018.04.18-21.11.00:666][  0]LogInit: CPU Page size=4096, Cores=4
[2018.04.18-21.11.00:666][  0]LogInit: High frequency timer resolution =2.531253 MHz
[2018.04.18-21.11.00:666][  0]LogMemory: Memory total: Physical=15.9GB (16GB approx)
[2018.04.18-21.11.00:666][  0]LogMemory: Platform Memory Stats for Windows
[2018.04.18-21.11.00:666][  0]LogMemory: Process Physical Memory: 273.65 MB used, 273.65 MB peak
[2018.04.18-21.11.00:666][  0]LogMemory: Process Virtual Memory: 269.82 MB used, 269.82 MB peak
[2018.04.18-21.11.00:666][  0]LogMemory: Physical Memory: 10058.58 MB used,  6193.45 MB free, 16252.04 MB total
[2018.04.18-21.11.00:666][  0]LogMemory: Virtual Memory: 682.51 MB used,  6193.45 MB free, 134217728.00 MB total
[2018.04.18-21.11.01:179][  0]LogInit: Using OS detected language (en-US).
[2018.04.18-21.11.01:179][  0]LogInit: Using OS detected locale (en-US).
[2018.04.18-21.11.01:339][  0]LogTextLocalizationManager: No specific localization for 'en-US' exists, so the 'en' localization will be used.
[2018.04.18-21.11.01:904][  0]LogInit: Setting process to per monitor DPI aware
[2018.04.18-21.11.05:015][  0]LogD3D11RHI: D3D11 adapters:
[2018.04.18-21.11.05:133][  0]LogD3D11RHI:    0. 'NVIDIA GeForce GTX 960M' (Feature Level 11_0)
[2018.04.18-21.11.05:133][  0]LogD3D11RHI:       2019/0/8126 MB DedicatedVideo/DedicatedSystem/SharedSystem, Outputs:2, VendorId:0x10de
[2018.04.18-21.11.05:142][  0]LogD3D11RHI:    1. 'Intel(R) HD Graphics 530' (Feature Level 11_0)
[2018.04.18-21.11.05:142][  0]LogD3D11RHI:       128/0/8126 MB DedicatedVideo/DedicatedSystem/SharedSystem, Outputs:0, VendorId:0x8086
[2018.04.18-21.11.05:144][  0]LogD3D11RHI:    2. 'Microsoft Basic Render Driver' (Feature Level 11_0)
[2018.04.18-21.11.05:144][  0]LogD3D11RHI:       0/0/8126 MB DedicatedVideo/DedicatedSystem/SharedSystem, Outputs:0, VendorId:0x1414
[2018.04.18-21.11.05:144][  0]LogD3D11RHI: Chosen D3D11 Adapter: 0
[2018.04.18-21.11.05:162][  0]LogD3D11RHI: Creating new Direct3DDevice
[2018.04.18-21.11.05:162][  0]LogD3D11RHI:     GPU DeviceId: 0x139b (for the marketing name, search the web for "GPU Device Id")
[2018.04.18-21.11.05:162][  0]LogWindows: EnumDisplayDevices:
[2018.04.18-21.11.05:162][  0]LogWindows:    0. 'Intel(R) HD Graphics 530' (P:0 D:1)
[2018.04.18-21.11.05:162][  0]LogWindows:    1. 'Intel(R) HD Graphics 530' (P:1 D:1)
[2018.04.18-21.11.05:163][  0]LogWindows:    2. 'Intel(R) HD Graphics 530' (P:0 D:0)
[2018.04.18-21.11.05:163][  0]LogWindows: DebugString: GetVideoDriverDetailsInvalid PrimaryIsNotTheChoosenAdapter GetVideoDriverDetailsInvalid PrimaryIsNotTheChoosenAdapter GetVideoDriverDetailsInvalid PrimaryIsNotTheChoosenAdapter FoundDriverCount:0 
[2018.04.18-21.11.05:163][  0]LogD3D11RHI:     Adapter Name: NVIDIA GeForce GTX 960M
[2018.04.18-21.11.05:163][  0]LogD3D11RHI:   Driver Version: Unknown (internal:Unknown, unified:Unknown)
[2018.04.18-21.11.05:163][  0]LogD3D11RHI:      Driver Date: Unknown
[2018.04.18-21.11.05:163][  0]LogRHI: Texture pool is 1413 MB (70% of 2019 MB)
[2018.04.18-21.11.05:186][  0]LogD3D11RHI: Async texture creation enabled
[2018.04.18-21.11.05:200][  0]LogD3D11RHI: GPU Timing Frequency: 1000.000000 (Debug: 2 1)
[2018.04.18-21.11.05:202][  0]LogShaderCompilers: Guid format shader working directory is 9 characters bigger than the processId version (../../../../projects/Art-Thief/ArtThiefMuseum/Intermediate/Shaders/WorkingDirectory/46988/).
[2018.04.18-21.11.05:202][  0]LogShaderCompilers: Cleaned the shader compiler working directory 'C:/Users/Jared Rothwell/AppData/Local/Temp/UnrealShaderWorkingDir/6B37FC704C083951CA9114A7F195CDDE/'.
[2018.04.18-21.11.05:202][  0]LogShaderCompilers: Display: Using Local Shader Compiler.
[2018.04.18-21.11.08:004][  0]LogTemp: Display: Loaded TP AllDesktopTargetPlatform
[2018.04.18-21.11.08:055][  0]LogTemp: Display: Loaded TP MacClientTargetPlatform
[2018.04.18-21.11.08:103][  0]LogTemp: Display: Loaded TP MacNoEditorTargetPlatform
[2018.04.18-21.11.08:147][  0]LogTemp: Display: Loaded TP MacServerTargetPlatform
[2018.04.18-21.11.08:213][  0]LogTemp: Display: Loaded TP MacTargetPlatform
[2018.04.18-21.11.08:257][  0]LogTemp: Display: Loaded TP WindowsClientTargetPlatform
[2018.04.18-21.11.08:307][  0]LogTemp: Display: Loaded TP WindowsNoEditorTargetPlatform
[2018.04.18-21.11.08:353][  0]LogTemp: Display: Loaded TP WindowsServerTargetPlatform
[2018.04.18-21.11.08:396][  0]LogTemp: Display: Loaded TP WindowsTargetPlatform
[2018.04.18-21.11.08:451][  0]LogTemp: Display: Loaded TP Android_ASTCTargetPlatform
[2018.04.18-21.11.08:500][  0]LogTemp: Display: Loaded TP Android_ATCTargetPlatform
[2018.04.18-21.11.08:547][  0]LogTemp: Display: Loaded TP Android_DXTTargetPlatform
[2018.04.18-21.11.08:593][  0]LogTemp: Display: Loaded TP Android_ETC1TargetPlatform
[2018.04.18-21.11.08:639][  0]LogTemp: Display: Loaded TP Android_ETC2TargetPlatform
[2018.04.18-21.11.08:742][  0]LogTemp: Display: Loaded TP Android_MultiTargetPlatform
[2018.04.18-21.11.08:742][  0]LogTemp: Display: Loaded TP Android_PVRTCTargetPlatform
[2018.04.18-21.11.08:801][  0]LogTemp: Display: Loaded TP AndroidTargetPlatform
[2018.04.18-21.11.08:836][  0]LogTemp: Display: Loaded TP HTML5TargetPlatform
[2018.04.18-21.11.08:936][  0]LogTemp: Display: Loaded TP IOSTargetPlatform
[2018.04.18-21.11.08:961][  0]LogTemp: Display: Loaded TP TVOSTargetPlatform
[2018.04.18-21.11.09:048][  0]LogTemp: Display: Loaded TP LinuxClientTargetPlatform
[2018.04.18-21.11.09:095][  0]LogTemp: Display: Loaded TP LinuxNoEditorTargetPlatform
[2018.04.18-21.11.09:141][  0]LogTemp: Display: Loaded TP LinuxServerTargetPlatform
[2018.04.18-21.11.09:200][  0]LogTemp: Display: Loaded TP LinuxTargetPlatform
[2018.04.18-21.11.09:200][  0]LogTargetPlatformManager: Display: Building Assets For Windows
[2018.04.18-21.11.09:580][  0]LogDerivedDataCache: Display: Max Cache Size: 512 MB
[2018.04.18-21.11.11:074][  0]LogDerivedDataCache: Loaded boot cache 1.49s 78MB C:/Users/Jared Rothwell/AppData/Local/UnrealEngine/4.18/DerivedDataCache/Boot.ddc.
[2018.04.18-21.11.11:074][  0]LogDerivedDataCache: Display: Loaded Boot cache: C:/Users/Jared Rothwell/AppData/Local/UnrealEngine/4.18/DerivedDataCache/Boot.ddc
[2018.04.18-21.11.11:074][  0]LogDerivedDataCache: FDerivedDataBackendGraph:  Pak pak cache file ../../../../projects/Art-Thief/ArtThiefMuseum/DerivedDataCache/DDC.ddp not found, will not use a pak cache.
[2018.04.18-21.11.11:074][  0]LogDerivedDataCache: Unable to find inner node Pak for hierarchical cache Hierarchy.
[2018.04.18-21.11.11:074][  0]LogDerivedDataCache: FDerivedDataBackendGraph:  CompressedPak pak cache file ../../../../projects/Art-Thief/ArtThiefMuseum/DerivedDataCache/Compressed.ddp not found, will not use a pak cache.
[2018.04.18-21.11.11:074][  0]LogDerivedDataCache: Unable to find inner node CompressedPak for hierarchical cache Hierarchy.
[2018.04.18-21.11.11:093][  0]LogDerivedDataCache: Display: Pak cache opened for reading ../../../Engine/DerivedDataCache/Compressed.ddp.
[2018.04.18-21.11.11:105][  0]LogDerivedDataCache: Using Local data cache path C:/Users/Jared Rothwell/AppData/Local/UnrealEngine/Common/DerivedDataCache: Writable
[2018.04.18-21.11.11:117][  0]LogMaterial: Verifying Global Shaders for PCD3D_SM5
[2018.04.18-21.11.11:117][  0]LogSlate: Using Freetype 2.6.0
[2018.04.18-21.11.11:148][  0]LogSlate: SlateFontCache - WITH_FREETYPE: 1, WITH_HARFBUZZ: 1
[2018.04.18-21.11.11:148][  0]LogSlate: SlateFontCache - WITH_FREETYPE: 1, WITH_HARFBUZZ: 1
[2018.04.18-21.11.12:107][  0]LogInit: Selected Device Profile: [Windows]
[2018.04.18-21.11.12:445][  0]LogSimplygon: Simplygon DLL not present - disabling.
[2018.04.18-21.11.12:517][  0]LogMeshReduction: Using SimplygonSwarm for distributed automatic mesh merging
[2018.04.18-21.11.12:517][  0]LogMeshReduction: Using QuadricMeshReduction for automatic static mesh reduction
[2018.04.18-21.11.12:517][  0]LogMeshReduction: No automatic skeletal mesh reduction module available
[2018.04.18-21.11.12:517][  0]LogMeshReduction: No automatic mesh merging module available
[2018.04.18-21.11.12:517][  0]LogMeshMerging: No automatic mesh merging module available
[2018.04.18-21.11.12:552][  0]LogNetVersion: ArtThiefMuseum , NetCL: 3709383, EngineNetVer: 2, GameNetVer: 0 (Checksum: 2922769132)
[2018.04.18-21.11.12:719][  0]LogAssetRegistry: FAssetRegistry took 0.0264 seconds to start up
[2018.04.18-21.11.13:259][  0]LogPackageLocalizationCache: Processed 7 localized package path(s) for 2 prioritized culture(s) in 0.074212 seconds
[2018.04.18-21.11.13:266][  0]LogUObjectArray: 35900 objects as part of root set at end of initial load.
[2018.04.18-21.11.13:266][  0]LogUObjectAllocator: 7372024 out of 0 bytes used by permanent object pool.
[2018.04.18-21.11.13:266][  0]LogUObjectArray: CloseDisregardForGC: 0/0 objects in disregard for GC pool
[2018.04.18-21.11.13:309][  0]LogInit: WinSock: version 1.1 (2.2), MaxSocks=32767, MaxUdp=65467
[2018.04.18-21.11.26:916][  0]LogTcpMessaging: Initializing TcpMessaging bridge
[2018.04.18-21.11.26:954][  0]LogUdpMessaging: Initializing bridge on interface 0.0.0.0:0 to multicast group 230.0.0.1:6666.
[2018.04.18-21.11.27:710][  0]LogMaterial: Uniform references updated for custom material expression Custom.
[2018.04.18-21.11.28:126][  0]SourceControl: Source control is disabled
[2018.04.18-21.11.29:520][  0]LogAndroidPermission: UAndroidPermissionCallbackProxy::GetInstance
[2018.04.18-21.11.29:774][  0]LogOcInput: OculusInput pre-init called
[2018.04.18-21.11.30:066][  0]LogEngine: Initializing Engine...
[2018.04.18-21.11.30:068][  0]LogHMD: Failed to initialize OpenVR with code 110
[2018.04.18-21.11.30:322][  0]LogStats: UGameplayTagsManager::ConstructGameplayTagTree: Construct from data asset -  0.000 s
[2018.04.18-21.11.30:322][  0]LogStats: UGameplayTagsManager::ConstructGameplayTagTree: GameplayTagTreeChangedEvent.Broadcast -  0.000 s
[2018.04.18-21.11.30:446][  0]LogAIModule: Creating AISystem for world Untitled
[2018.04.18-21.11.30:464][  0]LogInit: XAudio2 using 'Speakers (Conexant SmartAudio HD)' : 2 channels at 48 kHz using 32 bits per sample (channel mask 0x3)
[2018.04.18-21.11.30:503][  0]LogInit: FAudioDevice initialized.
[2018.04.18-21.11.30:780][  0]LogDerivedDataCache: Saved boot cache 0.28s 78MB C:/Users/Jared Rothwell/AppData/Local/UnrealEngine/4.18/DerivedDataCache/Boot.ddc.
[2018.04.18-21.11.30:797][  0]LogInit: Texture streaming: Enabled
[2018.04.18-21.11.30:880][  0]LogEngineSessionManager: EngineSessionManager initialized
[2018.04.18-21.11.31:026][  0]LogInit: Transaction tracking system initialized
[2018.04.18-21.11.31:302][  0]BlueprintLog: New page: Editor Load
[2018.04.18-21.11.32:096][  0]LocalizationService: Localization service is disabled
[2018.04.18-21.11.32:834][  0]LogConsoleResponse: Display: 
[2018.04.18-21.11.33:706][  0]LogCook: Display: Max memory allowance for cook 16384mb min free memory 0mb
[2018.04.18-21.11.33:706][  0]LogCook: Display: Mobile HDR setting 1
[2018.04.18-21.11.33:706][  0]LogGameplayTags: Display: UGameplayTagsManager::DoneAddingNativeTags. DelegateIsBound: 0
[2018.04.18-21.11.34:368][  0]LogFileCache: Scanning file cache for directory 'D:/projects/Art-Thief/ArtThiefMuseum/Content/' took 0.05s
[2018.04.18-21.11.34:976][  0]Cmd: MAP LOAD FILE="../../../../projects/Art-Thief/ArtThiefMuseum/Content/StarterContent/Maps/Minimal_Default.umap" TEMPLATE=0 SHOWPROGRESS=1 FEATURELEVEL=3
[2018.04.18-21.11.34:976][  0]LightingResults: New page: Lighting Build
[2018.04.18-21.11.35:018][  0]MapCheck: New page: Map Check
[2018.04.18-21.11.35:018][  0]LightingResults: New page: Lighting Build
[2018.04.18-21.11.35:165][  0]LogLinker: Warning: Can't find file '/Game/StarterContent/Textures/T_Wood_Oak_D'
[2018.04.18-21.11.35:165][  0]LogLinker: Warning: Can't find file for asset '/Game/StarterContent/Textures/T_Wood_Oak_D' while loading ../../../../projects/Art-Thief/ArtThiefMuseum/Content/StarterContent/Materials/M_Wood_Oak.uasset.
[2018.04.18-21.11.35:165][  0]LoadErrors: Error: /Game/StarterContent/Materials/M_Wood_Oak : Can't find file for asset. /Game/StarterContent/Textures/T_Wood_Oak_D
[2018.04.18-21.11.35:165][  0]LogLinker: Warning: Can't find file '/Game/StarterContent/Textures/T_Wood_Oak_N'
[2018.04.18-21.11.35:165][  0]LogLinker: Warning: Can't find file for asset '/Game/StarterContent/Textures/T_Wood_Oak_N' while loading ../../../../projects/Art-Thief/ArtThiefMuseum/Content/StarterContent/Materials/M_Wood_Oak.uasset.
[2018.04.18-21.11.35:166][  0]LoadErrors: Error: /Game/StarterContent/Materials/M_Wood_Oak : Can't find file for asset. /Game/StarterContent/Textures/T_Wood_Oak_N
[2018.04.18-21.11.35:166][  0]LogLinker: Warning: Can't find file '/Game/StarterContent/Textures/T_Wood_Oak_D'
[2018.04.18-21.11.35:166][  0]LogLinker: Warning: Can't find file for asset '/Game/StarterContent/Textures/T_Wood_Oak_D' while loading ../../../../projects/Art-Thief/ArtThiefMuseum/Content/StarterContent/Materials/M_Wood_Oak.uasset.
[2018.04.18-21.11.35:166][  0]LoadErrors: Error: /Game/StarterContent/Materials/M_Wood_Oak : Can't find file for asset. /Game/StarterContent/Textures/T_Wood_Oak_D
[2018.04.18-21.11.35:166][  0]LogLinker: Warning: Can't find file '/Game/StarterContent/Textures/T_Wood_Oak_N'
[2018.04.18-21.11.35:167][  0]LogLinker: Warning: Can't find file for asset '/Game/StarterContent/Textures/T_Wood_Oak_N' while loading ../../../../projects/Art-Thief/ArtThiefMuseum/Content/StarterContent/Materials/M_Wood_Oak.uasset.
[2018.04.18-21.11.35:167][  0]LoadErrors: Error: /Game/StarterContent/Materials/M_Wood_Oak : Can't find file for asset. /Game/StarterContent/Textures/T_Wood_Oak_N
[2018.04.18-21.11.35:422][  0]LogLinker: Warning: Can't find file '/Game/StarterContent/Textures/T_Wood_Oak_D'
[2018.04.18-21.11.35:422][  0]LoadErrors: Failed to load /Game/StarterContent/Textures/T_Wood_Oak_D.T_Wood_Oak_D Referenced by MaterialExpressionTextureSample_82
[2018.04.18-21.11.35:422][  0]LogLinker: Warning: Can't find file for asset '/Game/StarterContent/Textures/T_Wood_Oak_D' while loading NULL.
[2018.04.18-21.11.35:422][  0]LoadErrors: Failed to load /Game/StarterContent/Textures/T_Wood_Oak_D.T_Wood_Oak_D Referenced by MaterialExpressionTextureSample_82
[2018.04.18-21.11.35:422][  0]LogLinker: Warning: Can't find file '/Game/StarterContent/Textures/T_Wood_Oak_N'
[2018.04.18-21.11.35:422][  0]LoadErrors: Failed to load /Game/StarterContent/Textures/T_Wood_Oak_N.T_Wood_Oak_N Referenced by MaterialExpressionTextureSample_83
[2018.04.18-21.11.35:422][  0]LogLinker: Warning: Can't find file for asset '/Game/StarterContent/Textures/T_Wood_Oak_N' while loading NULL.
[2018.04.18-21.11.35:422][  0]LoadErrors: Failed to load /Game/StarterContent/Textures/T_Wood_Oak_N.T_Wood_Oak_N Referenced by MaterialExpressionTextureSample_83
[2018.04.18-21.11.36:367][  0]LogMaterial: Missing cached shader map for material M_Wood_Oak, compiling. 
[2018.04.18-21.11.36:368][  0]LogMaterial: Warning: D:\projects\Art-Thief\ArtThiefMuseum\Content\StarterContent\Materials\M_Wood_Oak.uasset: Failed to compile Material for platform PCD3D_SM5, Default Material will be used in game.
[2018.04.18-21.11.36:368][  0]LogMaterial: 	(Node TextureSample) Texture Sample> Missing input texture
[2018.04.18-21.11.38:847][  0]LogAIModule: Creating AISystem for world Minimal_Default
[2018.04.18-21.11.38:867][  0]LogEditorServer: Finished looking for orphan Actors (0.000 secs)
[2018.04.18-21.11.38:883][  0]Cmd: MAP CHECKDEP NOCLEARLOG
[2018.04.18-21.11.38:945][  0]MapCheck: Map check complete: 0 Error(s), 0 Warning(s), took 62.017ms to complete.
[2018.04.18-21.11.38:945][  0]LogFileHelpers: Loading map 'Minimal_Default' took 3.970
[2018.04.18-21.11.39:219][  0]LogCollectionManager: Loaded 0 collections in 0.001587 seconds
[2018.04.18-21.11.39:295][  0]LogFileCache: Scanning file cache for directory 'D:/projects/Art-Thief/ArtThiefMuseum/Saved/Collections/' took 0.01s
[2018.04.18-21.11.39:295][  0]LogFileCache: Scanning file cache for directory 'D:/projects/Art-Thief/ArtThiefMuseum/Content/Developers/JaredRothwell/Collections/' took 0.01s
[2018.04.18-21.11.39:295][  0]LogFileCache: Scanning file cache for directory 'D:/projects/Art-Thief/ArtThiefMuseum/Content/Collections/' took 0.01s
[2018.04.18-21.11.39:295][  0]LogCollectionManager: Rebuilt the GUID cache for 0 collections in 0.000000 seconds
[2018.04.18-21.11.39:305][  0]LogContentBrowser: Native class hierarchy populated in 0.0096 seconds. Added 2363 classes and 519 folders.
[2018.04.18-21.11.39:358][  0]LogContentBrowser: Native class hierarchy updated for 'WidgetCarousel' in 0.0003 seconds. Added 0 classes and 0 folders.
[2018.04.18-21.11.39:982][  0]LogContentBrowser: Native class hierarchy updated for 'AddContentDialog' in 0.0002 seconds. Added 0 classes and 0 folders.
[2018.04.18-21.11.40:022][  0]LogContentBrowser: Native class hierarchy updated for 'SceneOutliner' in 0.0003 seconds. Added 1 classes and 2 folders.
[2018.04.18-21.11.40:118][  0]LogSlate: Took 0.000238 seconds to synchronously load lazily loaded font '../../../Engine/Content/Slate/Fonts/Roboto-Regular.ttf' (155K)
[2018.04.18-21.11.40:135][  0]LogSlate: Took 0.013468 seconds to synchronously load lazily loaded font '../../../Engine/Content/Slate/Fonts/Roboto-Bold.ttf' (160K)
[2018.04.18-21.11.40:323][  0]LogRenderer: Reallocating scene render targets to support 1304x496 Format 10 NumSamples 1 (Frame:1).
[2018.04.18-21.11.40:581][  0]LogContentBrowser: Native class hierarchy updated for 'HierarchicalLODOutliner' in 0.0003 seconds. Added 1 classes and 2 folders.
[2018.04.18-21.11.40:581][  0]LogLoad: (Engine Initialization) Total time: 42.69 seconds
[2018.04.18-21.11.40:581][  0]LogLoad: (Engine Initialization) Total Blueprint compile time: 0.00 seconds
[2018.04.18-21.11.40:581][  0]LogExternalProfiler: Found external profiler: VSPerf
[2018.04.18-21.11.40:581][  0]LogExternalProfiler: Using external profiler: VSPerf
[2018.04.18-21.11.40:630][  0]SourceControl: On branch master
[2018.04.18-21.11.40:630][  0]SourceControl: Your branch is up to date with 'origin/master'.
[2018.04.18-21.11.40:630][  0]SourceControl: Changes not staged for commit:
[2018.04.18-21.11.40:630][  0]SourceControl:   (use "git add/rm <file>..." to update what will be committed)
[2018.04.18-21.11.40:630][  0]SourceControl:   (use "git checkout -- <file>..." to discard changes in working directory)
[2018.04.18-21.11.40:630][  0]SourceControl: 	modified:   ArtThiefMuseum/Intermediate/CachedAssetRegistry.bin
[2018.04.18-21.11.40:630][  0]SourceControl: 	modified:   ArtThiefMuseum/Saved/Config/Windows/Engine.ini
[2018.04.18-21.11.40:630][  0]SourceControl: 	deleted:    ArtThiefMuseum/Saved/Logs/ArtThiefMuseum-backup-2018.04.17-16.00.44.log
[2018.04.18-21.11.40:631][  0]SourceControl: 	modified:   ArtThiefMuseum/Saved/Logs/ArtThiefMuseum.log
[2018.04.18-21.11.40:631][  0]SourceControl: Untracked files:
[2018.04.18-21.11.40:631][  0]SourceControl:   (use "git add <file>..." to include in what will be committed)
[2018.04.18-21.11.40:631][  0]SourceControl: 	ArtThiefMuseum/Content/StarterContent/Maps/Exterior.umap
[2018.04.18-21.11.40:631][  0]SourceControl: 	ArtThiefMuseum/Saved/Autosaves/Game/StarterContent/Maps/Exterior_Auto1.umap
[2018.04.18-21.11.40:631][  0]SourceControl: 	ArtThiefMuseum/Saved/Autosaves/Game/StarterContent/Maps/Exterior_Auto2.umap
[2018.04.18-21.11.40:631][  0]SourceControl: 	ArtThiefMuseum/Saved/Autosaves/Game/StarterContent/Maps/Exterior_Auto3.umap
[2018.04.18-21.11.40:631][  0]SourceControl: 	ArtThiefMuseum/Saved/Backup/Alarm_seq_2018-04-16-23-45-28.uasset
[2018.04.18-21.11.40:631][  0]SourceControl: 	ArtThiefMuseum/Saved/Backup/Alarm_seq_2018-04-16-23-57-28.uasset
[2018.04.18-21.11.40:631][  0]SourceControl: 	ArtThiefMuseum/Saved/Backup/Canvas_carrying_tube_2018-04-16-23-24-21.uasset
[2018.04.18-21.11.40:631][  0]SourceControl: 	ArtThiefMuseum/Saved/Backup/Exterior_2018-04-16-16-52-41.umap
[2018.04.18-21.11.40:631][  0]SourceControl: 	ArtThiefMuseum/Saved/Config/CrashReportClient/UE4CC-Windows-DD0F18C54B4920B30151D59EBBA06D7C/
[2018.04.18-21.11.40:631][  0]SourceControl: 	ArtThiefMuseum/Saved/Logs/ArtThiefMuseum-backup-2018.04.18-15.10.58.log
[2018.04.18-21.11.40:631][  0]SourceControl: 	Saved/Config/CrashReportClient/
[2018.04.18-21.11.40:631][  0]SourceControl: 	Saved/Logs/ArtThiefMuseum-backup-2018.04.17-22.29.43.log
[2018.04.18-21.11.40:631][  0]SourceControl: 	Saved/Logs/ArtThiefMuseum_2-backup-2018.04.17-23.16.42.log
[2018.04.18-21.11.40:631][  0]SourceControl: 	Saved/Logs/ArtThiefMuseum_3-backup-2018.04.17-23.20.06.log
[2018.04.18-21.11.40:631][  0]SourceControl: 	Saved/Logs/ArtThiefMuseum_3-backup-2018.04.17-23.42.38.log
[2018.04.18-21.11.40:631][  0]SourceControl: 	Saved/Logs/ArtThiefMuseum_4.log
[2018.04.18-21.11.40:631][  0]SourceControl: no changes added to commit (use "git add" and/or "git commit -a")
[2018.04.18-21.11.40:631][  0]LogContentStreaming: Texture pool size now 1000 MB
[2018.04.18-21.11.40:846][  2]LogAssetRegistry: Asset discovery search completed in 28.1490 seconds
[2018.04.18-21.11.40:849][  2]LogCollectionManager: Rebuilt the object cache for 0 collections in 0.000002 seconds (found 0 objects)
[2018.04.18-21.11.40:849][  2]LogCollectionManager: Fixed up redirectors for 0 collections in 0.000108 seconds (updated 0 objects)
[2018.04.18-21.11.45:719][280]LogFileCache: Retrieving MD5 hashes for directory 'D:/projects/Art-Thief/ArtThiefMuseum/Content/' took 5.11s
[2018.04.18-21.12.00:018][114]LogSlate: Took 0.048613 seconds to synchronously load lazily loaded font '../../../Engine/Content/Editor/Slate/Fonts/FontAwesome.ttf' (139K)
[2018.04.18-21.12.00:046][114]LogSlate: Took 0.000324 seconds to synchronously load lazily loaded font '../../../Engine/Content/Slate/Fonts/Roboto-Light.ttf' (159K)
[2018.04.18-21.12.11:165][755]LogSlate: Took 0.000211 seconds to synchronously load lazily loaded font '../../../Engine/Content/Slate/Fonts/Roboto-Light.ttf' (159K)
[2018.04.18-21.12.12:039][755]LogSlate: Took 0.000152 seconds to synchronously load lazily loaded font '../../../Engine/Content/Slate/Fonts/Roboto-Regular.ttf' (155K)
[2018.04.18-21.12.31:889][755]LogAIModule: Creating AISystem for world Exterior
[2018.04.18-21.12.32:066][755]Cmd: MAP LOAD FILE="../../../../projects/Art-Thief/ArtThiefMuseum/Content/StarterContent/Maps/Exterior.umap" TEMPLATE=0 SHOWPROGRESS=1 FEATURELEVEL=3
[2018.04.18-21.12.32:066][755]LightingResults: New page: Lighting Build
[2018.04.18-21.12.32:067][755]LoadErrors: New page: Loading map: Exterior.umap
[2018.04.18-21.12.32:068][755]MapCheck: New page: Map Check
[2018.04.18-21.12.32:068][755]LightingResults: New page: Lighting Build
[2018.04.18-21.12.33:485][755]LogEditorServer: Finished looking for orphan Actors (0.000 secs)
[2018.04.18-21.12.33:534][755]Cmd: MAP CHECKDEP NOCLEARLOG
[2018.04.18-21.12.33:633][755]MapCheck: Map check complete: 0 Error(s), 0 Warning(s), took 98.526ms to complete.
[2018.04.18-21.12.33:633][755]LogFileHelpers: Loading map 'Exterior' took 1.568
[2018.04.18-21.15.27:478][701]LogContentBrowser: Native class hierarchy updated for 'SkeletonEditor' in 0.0003 seconds. Added 1 classes and 2 folders.
[2018.04.18-21.15.27:825][701]LogActorComponent: RegisterComponentWithWorld: (/Engine/Transient.World_4:PersistentLevel.Actor_0.DebugSkelMeshComponent_0) Already registered. Aborting.
[2018.04.18-21.15.27:941][701]LogSkeletalMesh: USkeletalMeshComponent::InitArticulated : Bodies already created (/Engine/Transient.World_4:PersistentLevel.Actor_0.DebugSkelMeshComponent_0) - call TermArticulated first.
[2018.04.18-21.15.28:391][701]LogContentBrowser: Native class hierarchy updated for 'ClothingSystemEditorInterface' in 0.0003 seconds. Added 1 classes and 0 folders.
[2018.04.18-21.15.28:397][701]LogRenderer: Reallocating scene render targets to support 1304x672 Format 10 NumSamples 1 (Frame:1).
[2018.04.18-21.15.30:336][775]LogRenderer: Reallocating scene render targets to support 1304x888 Format 10 NumSamples 1 (Frame:82).
[2018.04.18-21.15.33:973][939]LogActorComponent: RegisterComponentWithWorld: (/Engine/Transient.World_5:PersistentLevel.Actor_1.DebugSkelMeshComponent_1) Already registered. Aborting.
[2018.04.18-21.15.34:008][939]LogSkeletalMesh: USkeletalMeshComponent::InitArticulated : Bodies already created (/Engine/Transient.World_5:PersistentLevel.Actor_1.DebugSkelMeshComponent_1) - call TermArticulated first.
[2018.04.18-21.15.34:440][940]LogRenderer: Reallocating scene render targets to support 1388x888 Format 10 NumSamples 1 (Frame:1).
[2018.04.18-21.17.20:700][715]Cmd: OBJ SAVEPACKAGE PACKAGE="/Game/Animations/Guard/FemaleGuardFixed_Skeleton" FILE="../../../../projects/Art-Thief/ArtThiefMuseum/Content/Animations/Guard/FemaleGuardFixed_Skeleton.uasset" SILENT=true
[2018.04.18-21.17.20:773][715]LogSavePackage: Save=27.43ms
[2018.04.18-21.17.20:773][715]LogSavePackage: Moving '../../../../projects/Art-Thief/ArtThiefMuseum/Saved/FemaleGuardFixed_Skeleton6F4B131C4E8FF8C51D10F498F850037F.tmp' to '../../../../projects/Art-Thief/ArtThiefMuseum/Content/Animations/Guard/FemaleGuardFixed_Skeleton.uasset'
[2018.04.18-21.17.20:779][715]LogSavePackage: Display: Finished SavePackage ../../../../projects/Art-Thief/ArtThiefMuseum/Content/Animations/Guard/FemaleGuardFixed_Skeleton.uasset
[2018.04.18-21.20.36:927][339]Cmd: TRANSACTION UNDO
[2018.04.18-21.20.36:927][339]LogEditorTransaction: Undo Select Actors/Components
[2018.04.18-21.20.37:186][339]LogActorComponent: RegisterComponentWithWorld: (/Engine/Transient.World_4:PersistentLevel.Actor_0.DebugSkelMeshComponent_0) Already registered. Aborting.
[2018.04.18-21.20.37:188][339]LogActorComponent: RegisterComponentWithWorld: (/Engine/Transient.World_5:PersistentLevel.Actor_1.DebugSkelMeshComponent_1) Already registered. Aborting.
[2018.04.18-21.20.37:226][339]LogSlate: Took 0.000192 seconds to synchronously load lazily loaded font '../../../Engine/Content/Slate/Fonts/Roboto-Light.ttf' (159K)
[2018.04.18-21.20.37:551][346]Cmd: TRANSACTION UNDO
[2018.04.18-21.20.37:551][346]LogEditorTransaction: Undo Select Actors/Components
[2018.04.18-21.20.37:812][346]LogActorComponent: RegisterComponentWithWorld: (/Engine/Transient.World_4:PersistentLevel.Actor_0.DebugSkelMeshComponent_0) Already registered. Aborting.
[2018.04.18-21.20.37:814][346]LogActorComponent: RegisterComponentWithWorld: (/Engine/Transient.World_5:PersistentLevel.Actor_1.DebugSkelMeshComponent_1) Already registered. Aborting.
[2018.04.18-21.20.39:152][417]Cmd: TRANSACTION UNDO
[2018.04.18-21.20.39:152][417]LogEditorTransaction: Undo Select None
[2018.04.18-21.20.39:447][417]LogActorComponent: RegisterComponentWithWorld: (/Engine/Transient.World_4:PersistentLevel.Actor_0.DebugSkelMeshComponent_0) Already registered. Aborting.
[2018.04.18-21.20.39:449][417]LogActorComponent: RegisterComponentWithWorld: (/Engine/Transient.World_5:PersistentLevel.Actor_1.DebugSkelMeshComponent_1) Already registered. Aborting.
[2018.04.18-21.20.40:484][468]Cmd: TRANSACTION UNDO
[2018.04.18-21.20.40:484][468]LogEditorTransaction: Undo Add Keys at Current Time
[2018.04.18-21.20.40:758][468]LogActorComponent: RegisterComponentWithWorld: (/Engine/Transient.World_4:PersistentLevel.Actor_0.DebugSkelMeshComponent_0) Already registered. Aborting.
[2018.04.18-21.20.40:761][468]LogActorComponent: RegisterComponentWithWorld: (/Engine/Transient.World_5:PersistentLevel.Actor_1.DebugSkelMeshComponent_1) Already registered. Aborting.
[2018.04.18-21.22.52:800][894]LogSavePackage: Save=11774.74ms
[2018.04.18-21.22.52:800][894]LogSavePackage: Moving '../../../../projects/Art-Thief/ArtThiefMuseum/Saved/Exterior_Auto1DF28C5004EF9094F1BD022A69CEAEC31.tmp' to '../../../../projects/Art-Thief/ArtThiefMuseum/Saved/Autosaves/Game/StarterContent/Maps/Exterior_Auto1.umap'
[2018.04.18-21.22.53:494][894]LogSavePackage: Display: Finished SavePackage ../../../../projects/Art-Thief/ArtThiefMuseum/Saved/Autosaves/Game/StarterContent/Maps/Exterior_Auto1.umap
[2018.04.18-21.22.53:497][894]LogFileHelpers: Editor autosave (incl. sublevels) for '/Game/StarterContent/Maps/Exterior' took 17.602
[2018.04.18-21.22.53:497][894]LogFileHelpers: Editor autosave (incl. sublevels) for all levels took 17.602
[2018.04.18-21.22.53:503][894]OBJ SavePackage: Generating thumbnails for [0] asset(s) in package [/Game/Sequences/ExitBuilding_seq] ([1] browsable assets)...
[2018.04.18-21.22.53:503][894]OBJ SavePackage: Finished generating thumbnails for package [/Game/Sequences/ExitBuilding_seq]
[2018.04.18-21.22.53:579][894]LogSavePackage: Save=29.50ms
[2018.04.18-21.22.53:579][894]LogSavePackage: Moving '../../../../projects/Art-Thief/ArtThiefMuseum/Saved/ExitBuilding_seq_Auto1340AC4DB4DAEC245771F2D8A1F050EED.tmp' to '../../../../projects/Art-Thief/ArtThiefMuseum/Saved/Autosaves/Game/Sequences/ExitBuilding_seq_Auto1.uasset'
[2018.04.18-21.22.53:580][894]LogSavePackage: Display: Finished SavePackage ../../../../projects/Art-Thief/ArtThiefMuseum/Saved/Autosaves/Game/Sequences/ExitBuilding_seq_Auto1.uasset
[2018.04.18-21.22.53:580][894]LogFileHelpers: Auto-saving content packages took 0.078
[2018.04.18-21.23.30:223][901]LogActorFactory: Actor Factory created Canvas_carrying_tube
[2018.04.18-21.23.31:985][  3]LogActorFactory: Actor Factory created Canvas_carrying_tube
[2018.04.18-21.23.37:514][324]LogEditorViewport: Clicking on Actor (LMB): SkeletalMeshActor (FemaleGuardFixed)
[2018.04.18-21.23.47:548][904]EditorErrors: New page: Actor attachment
[2018.04.18-21.23.50:590][ 85]EditorErrors: New page: Actor attachment
[2018.04.18-21.23.53:900][279]LogEditorViewport: Clicking on Actor (LMB): Landscape (Landscape4)
[2018.04.18-21.24.02:326][732]LogEditorViewport: Clicking on Actor (LMB): StaticMeshActor (Canvas_carrying_tube)
[2018.04.18-21.24.09:366][111]LogEditorViewport: Clicking on Actor (LMB): Landscape (Landscape4)
[2018.04.18-21.24.33:720][ 25]LogSavePackage: Save=8403.05ms
[2018.04.18-21.24.33:720][ 25]LogSavePackage: Moving '../../../../projects/Art-Thief/ArtThiefMuseum/Saved/Exterior3CA51B67446301838A723594E0438087.tmp' to '../../../../projects/Art-Thief/ArtThiefMuseum/Content/StarterContent/Maps/Exterior.umap'
[2018.04.18-21.24.33:838][ 25]LogSavePackage: Display: Finished SavePackage ../../../../projects/Art-Thief/ArtThiefMuseum/Content/StarterContent/Maps/Exterior.umap
[2018.04.18-21.24.33:873][ 25]LogFileHelpers: Saving map 'Exterior' took 8.664
[2018.04.18-21.24.33:881][ 25]Cmd: OBJ SAVEPACKAGE PACKAGE="/Game/Sequences/ExitBuilding_seq" FILE="../../../../projects/Art-Thief/ArtThiefMuseum/Content/Sequences/ExitBuilding_seq.uasset" SILENT=true
[2018.04.18-21.24.33:933][ 25]LogSavePackage: Save=25.58ms
[2018.04.18-21.24.33:933][ 25]LogSavePackage: Moving '../../../../projects/Art-Thief/ArtThiefMuseum/Saved/ExitBuilding_seq5871002043F5726C0CD55193FB522556.tmp' to '../../../../projects/Art-Thief/ArtThiefMuseum/Content/Sequences/ExitBuilding_seq.uasset'
[2018.04.18-21.24.33:936][ 25]LogSavePackage: Display: Finished SavePackage ../../../../projects/Art-Thief/ArtThiefMuseum/Content/Sequences/ExitBuilding_seq.uasset
[2018.04.18-21.25.39:293][546]LogTexture: Display: Building textures: crowbarSpecular (AutoDXT, 1024X1024)
[2018.04.18-21.25.39:293][546]LogTexture: Display: Building textures: crowbarNormal (BC5, 1024X1024)
[2018.04.18-21.25.39:293][546]LogTexture: Display: Building textures: crowbarDiffuse (AutoDXT, 1024X1024)
[2018.04.18-21.25.39:293][546]LogMaterial: Missing cached shader map for material crowbar, compiling. 
[2018.04.18-21.25.39:367][546]LogStaticMesh: Building static mesh crowbarOld...
[2018.04.18-21.25.39:418][546]LogStaticMesh: Built static mesh [0.05s] /Game/Props/crowbarOld.crowbarOld
[2018.04.18-21.25.40:083][547]LogRenderer: Reallocating scene render targets to support 1432x924 Format 10 NumSamples 1 (Frame:1).
[2018.04.18-21.26.12:481][173]LogActorComponent: RegisterComponentWithWorld: (/Engine/Transient.World_8:PersistentLevel.Actor_2.DebugSkelMeshComponent_2) Already registered. Aborting.
[2018.04.18-21.26.12:566][173]LogSkeletalMesh: USkeletalMeshComponent::InitArticulated : Bodies already created (/Engine/Transient.World_8:PersistentLevel.Actor_2.DebugSkelMeshComponent_2) - call TermArticulated first.
[2018.04.18-21.26.12:944][173]LogSlate: Took 0.029907 seconds to synchronously load lazily loaded font '../../../Engine/Content/Editor/Slate/Fonts/Roboto-Italic.ttf' (157K)
[2018.04.18-21.26.16:228][292]LogActorComponent: RegisterComponentWithWorld: (/Engine/Transient.World_9:PersistentLevel.Actor_3.DebugSkelMeshComponent_3) Already registered. Aborting.
[2018.04.18-21.26.16:266][292]LogSkeletalMesh: USkeletalMeshComponent::InitArticulated : Bodies already created (/Engine/Transient.World_9:PersistentLevel.Actor_3.DebugSkelMeshComponent_3) - call TermArticulated first.
[2018.04.18-21.27.22:435][263]Cmd: TRANSACTION UNDO
[2018.04.18-21.27.22:435][263]LogEditorTransaction: Undo Rotate Socket
[2018.04.18-21.27.22:737][263]LogActorComponent: RegisterComponentWithWorld: (/Engine/Transient.World_9:PersistentLevel.Actor_3.DebugSkelMeshComponent_3) Already registered. Aborting.
[2018.04.18-21.27.22:740][263]LogActorComponent: RegisterComponentWithWorld: (/Engine/Transient.World_8:PersistentLevel.Actor_2.DebugSkelMeshComponent_2) Already registered. Aborting.
[2018.04.18-21.28.18:995][545]Cmd: OBJ SAVEPACKAGE PACKAGE="/Game/Animations/Thief_fixed/TheifFixed_Skeleton" FILE="../../../../projects/Art-Thief/ArtThiefMuseum/Content/Animations/Thief_fixed/TheifFixed_Skeleton.uasset" SILENT=true
[2018.04.18-21.28.19:051][545]LogSavePackage: Save=44.87ms
[2018.04.18-21.28.19:051][545]LogSavePackage: Moving '../../../../projects/Art-Thief/ArtThiefMuseum/Saved/TheifFixed_Skeleton5901A07344553CF5795B6CA3BD7B4E05.tmp' to '../../../../projects/Art-Thief/ArtThiefMuseum/Content/Animations/Thief_fixed/TheifFixed_Skeleton.uasset'
[2018.04.18-21.28.19:053][545]LogSavePackage: Display: Finished SavePackage ../../../../projects/Art-Thief/ArtThiefMuseum/Content/Animations/Thief_fixed/TheifFixed_Skeleton.uasset
[2018.04.18-21.28.28:610][181]LogActorFactory: Actor Factory created crowbarOld
[2018.04.18-21.28.29:172][220]LogActorFactory: Actor Factory created crowbarOld
[2018.04.18-21.28.33:608][568]LogEditorViewport: Clicking on Actor (LMB): SkeletalMeshActor (TheifFixed)
[2018.04.18-21.28.56:711][518]EditorErrors: New page: Actor attachment
[2018.04.18-21.29.07:569][443]EditorErrors: New page: Actor attachment
[2018.04.18-21.29.21:193][670]EditorErrors: New page: Actor attachment
[2018.04.18-21.29.26:079][101]LogEditorViewport: Clicking on Actor (LMB): StaticMeshActor (SM_Window63)
[2018.04.18-21.29.26:971][162]LogEditorViewport: Clicking on Actor (LMB): StaticMeshActor (SM_BrickWall52)
[2018.04.18-21.29.29:898][399]LogEditorViewport: Clicking on Actor (LMB): Landscape (Landscape4)
[2018.04.18-21.29.32:354][596]LogEditorViewport: Clicking on Actor (LMB): StaticMeshActor (crowbarOld)
[2018.04.18-21.30.10:815][870]LogActorFactory: Actor Factory created crowbarOld
[2018.04.18-21.30.14:368][110]LogActorFactory: Actor Factory created crowbarOld
[2018.04.18-21.30.56:195][341]LogEditorViewport: Clicking on Actor (LMB): StaticMeshActor (SM_BrickWall50)
[2018.04.18-21.31.00:134][632]LogEditorViewport: Clicking on Actor (LMB): StaticMeshActor (SM_WindowWall67)
[2018.04.18-21.31.03:193][842]LogEditorViewport: Clicking on Actor (LMB): Landscape (Landscape4)
[2018.04.18-21.31.03:919][895]LogEditorViewport: Clicking on Actor (LMB): Landscape (Landscape4)
[2018.04.18-21.31.04:436][934]LogEditorViewport: Clicking on Actor (LMB): StaticMeshActor (crowbarOld2)
[2018.04.18-21.32.40:130][785]LogEditorViewport: Clicking on Actor (LMB): StaticMeshActor (SM_BrickWall26)
[2018.04.18-21.32.41:066][856]LogEditorViewport: Clicking on Actor (LMB): Landscape (Landscape4)
[2018.04.18-21.33.12:778][386]LogEditorViewport: Clicking on Actor (LMB): Landscape (Landscape4)
[2018.04.18-21.33.17:383][722]LogEditorViewport: Clicking on Actor (context menu): StaticMeshActor (SM_WindowWall67)
[2018.04.18-21.33.18:859][800]LogEditorViewport: Clicking on Actor (LMB): Landscape (Landscape4)
[2018.04.18-21.34.01:515][173]LogEditorViewport: Clicking on Actor (LMB): StaticMeshActor (SM_BrickWall28)
[2018.04.18-21.34.03:288][308]LogEditorViewport: Clicking on Actor (LMB): StaticMeshActor (SM_BrickWall26)
[2018.04.18-21.35.02:467][  9]LogSavePackage: Save=8244.24ms
[2018.04.18-21.35.02:467][  9]LogSavePackage: Moving '../../../../projects/Art-Thief/ArtThiefMuseum/Saved/Exterior27E4FEFC42D26AE23FCD50AA10A9EB42.tmp' to '../../../../projects/Art-Thief/ArtThiefMuseum/Content/StarterContent/Maps/Exterior.umap'
[2018.04.18-21.35.02:491][  9]LogSavePackage: Display: Finished SavePackage ../../../../projects/Art-Thief/ArtThiefMuseum/Content/StarterContent/Maps/Exterior.umap
[2018.04.18-21.35.02:525][  9]LogFileHelpers: Saving map 'Exterior' took 12.154
[2018.04.18-21.35.02:532][  9]Cmd: OBJ SAVEPACKAGE PACKAGE="/Game/Sequences/Throw_rock_seq" FILE="../../../../projects/Art-Thief/ArtThiefMuseum/Content/Sequences/Throw_rock_seq.uasset" SILENT=true
[2018.04.18-21.35.02:560][  9]LogSavePackage: Save=19.82ms
[2018.04.18-21.35.02:560][  9]LogSavePackage: Moving '../../../../projects/Art-Thief/ArtThiefMuseum/Saved/Throw_rock_seq65F6691C47D917CA691C5795090DA7D2.tmp' to '../../../../projects/Art-Thief/ArtThiefMuseum/Content/Sequences/Throw_rock_seq.uasset'
[2018.04.18-21.35.02:562][  9]LogSavePackage: Display: Finished SavePackage ../../../../projects/Art-Thief/ArtThiefMuseum/Content/Sequences/Throw_rock_seq.uasset
[2018.04.18-21.35.21:249][479]LogWindowsTextInputMethodSystem: Display: IME system now deactivated.
[2018.04.18-21.35.21:593][480]Cmd: QUIT_EDITOR
[2018.04.18-21.35.21:633][480]LogExit: Preparing to exit.
[2018.04.18-21.35.22:479][480]LogDirectoryWatcher: A directory notification for 'D:/projects/Art-Thief/ArtThiefMuseum/Content/' was aborted.
[2018.04.18-21.35.22:573][480]LogExit: Editor shut down
[2018.04.18-21.35.22:580][480]LogExit: Transaction tracking system shut down
[2018.04.18-21.35.22:852][480]LogDirectoryWatcher: A directory notification for '../../../Engine/Content/' was aborted.
[2018.04.18-21.35.22:853][480]LogDirectoryWatcher: A directory notification for '../../../../projects/Art-Thief/ArtThiefMuseum/Content/' was aborted.
[2018.04.18-21.35.22:853][480]LogDirectoryWatcher: A directory notification for '../../../Engine/Plugins/2D/Paper2D/Content/' was aborted.
[2018.04.18-21.35.22:853][480]LogDirectoryWatcher: A directory notification for '../../../Engine/Plugins/Media/MediaCompositing/Content/' was aborted.
[2018.04.18-21.35.22:853][480]LogDirectoryWatcher: A directory notification for '../../../Engine/Plugins/Runtime/AppleARKit/Content/' was aborted.
[2018.04.18-21.35.22:853][480]LogDirectoryWatcher: A directory notification for '../../../Engine/Plugins/Runtime/Oculus/OculusVR/Content/' was aborted.
[2018.04.18-21.35.22:853][480]LogDirectoryWatcher: A directory notification for '../../../Engine/Plugins/Runtime/Steam/SteamVR/Content/' was aborted.
[2018.04.18-21.35.23:087][480]LogExit: Object subsystem successfully closed.
[2018.04.18-21.35.23:121][480]LogD3D11RHI: Shutdown
[2018.04.18-21.35.23:121][480]LogD3D11RHI: CleanupD3DDevice
[2018.04.18-21.35.23:128][480]LogD3D11RHI: ~FD3D11DynamicRHI
[2018.04.18-21.35.23:138][480]LogModuleManager: Shutting down and abandoning module StaticMeshEditor (556)
[2018.04.18-21.35.23:138][480]LogModuleManager: Shutting down and abandoning module SequencerWidgets (554)
[2018.04.18-21.35.23:138][480]LogModuleManager: Shutting down and abandoning module ClothingSystemEditorInterface (552)
[2018.04.18-21.35.23:138][480]LogModuleManager: Shutting down and abandoning module SkeletonEditor (550)
[2018.04.18-21.35.23:138][480]LogModuleManager: Shutting down and abandoning module HierarchicalLODOutliner (548)
[2018.04.18-21.35.23:138][480]LogModuleManager: Shutting down and abandoning module SceneOutliner (546)
[2018.04.18-21.35.23:138][480]LogModuleManager: Shutting down and abandoning module AddContentDialog (544)
[2018.04.18-21.35.23:138][480]LogDirectoryWatcher: A directory notification for 'D:/UE_4.18/FeaturePacks/' was aborted.
[2018.04.18-21.35.23:142][480]LogModuleManager: Shutting down and abandoning module WidgetCarousel (543)
[2018.04.18-21.35.23:142][480]LogModuleManager: Shutting down and abandoning module EditorWidgets (540)
[2018.04.18-21.35.23:142][480]LogModuleManager: Shutting down and abandoning module CollectionManager (538)
[2018.04.18-21.35.23:142][480]LogDirectoryWatcher: A directory notification for 'D:/projects/Art-Thief/ArtThiefMuseum/Content/Collections/' was aborted.
[2018.04.18-21.35.23:142][480]LogDirectoryWatcher: A directory notification for 'D:/projects/Art-Thief/ArtThiefMuseum/Content/Developers/JaredRothwell/Collections/' was aborted.
[2018.04.18-21.35.23:142][480]LogDirectoryWatcher: A directory notification for 'D:/projects/Art-Thief/ArtThiefMuseum/Saved/Collections/' was aborted.
[2018.04.18-21.35.23:142][480]LogModuleManager: Shutting down and abandoning module StatsViewer (536)
[2018.04.18-21.35.23:142][480]LogModuleManager: Shutting down and abandoning module FoliageEdit (534)
[2018.04.18-21.35.23:142][480]LogModuleManager: Shutting down and abandoning module LandscapeEditor (532)
[2018.04.18-21.35.23:143][480]LogModuleManager: Shutting down and abandoning module MeshPaintMode (530)
[2018.04.18-21.35.23:143][480]LogModuleManager: Shutting down and abandoning module SceneDepthPickerMode (528)
[2018.04.18-21.35.23:143][480]LogModuleManager: Shutting down and abandoning module ActorPickerMode (526)
[2018.04.18-21.35.23:143][480]LogModuleManager: Shutting down and abandoning module GeometryMode (524)
[2018.04.18-21.35.23:143][480]LogModuleManager: Shutting down and abandoning module TextureAlignMode (522)
[2018.04.18-21.35.23:143][480]LogModuleManager: Shutting down and abandoning module BspMode (520)
[2018.04.18-21.35.23:143][480]LogModuleManager: Shutting down and abandoning module PIEPreviewDeviceProfileSelector (518)
[2018.04.18-21.35.23:143][480]LogModuleManager: Shutting down and abandoning module HardwareSurvey (516)
[2018.04.18-21.35.23:143][480]LogModuleManager: Shutting down and abandoning module SequenceRecorderSections (514)
[2018.04.18-21.35.23:143][480]LogModuleManager: Shutting down and abandoning module AutomationWorker (512)
[2018.04.18-21.35.23:143][480]LogModuleManager: Shutting down and abandoning module MatineeToLevelSequence (510)
[2018.04.18-21.35.23:143][480]LogModuleManager: Shutting down and abandoning module LevelSequenceEditor (508)
[2018.04.18-21.35.23:143][480]LogModuleManager: Shutting down and abandoning module PlacementMode (507)
[2018.04.18-21.35.23:143][480]LogModuleManager: Shutting down and abandoning module WmfMediaFactory (504)
[2018.04.18-21.35.23:143][480]LogModuleManager: Shutting down and abandoning module WmfMediaEditor (502)
[2018.04.18-21.35.23:143][480]LogModuleManager: Shutting down and abandoning module OpenExrWrapper (500)
[2018.04.18-21.35.23:143][480]LogModuleManager: Shutting down and abandoning module ImgMediaFactory (498)
[2018.04.18-21.35.23:143][480]LogModuleManager: Shutting down and abandoning module ImgMediaEditor (496)
[2018.04.18-21.35.23:143][480]LogModuleManager: Shutting down and abandoning module AvfMediaFactory (494)
[2018.04.18-21.35.23:143][480]LogModuleManager: Shutting down and abandoning module AvfMediaEditor (492)
[2018.04.18-21.35.23:143][480]LogModuleManager: Shutting down and abandoning module AndroidMediaFactory (490)
[2018.04.18-21.35.23:143][480]LogModuleManager: Shutting down and abandoning module AndroidMediaEditor (488)
[2018.04.18-21.35.23:143][480]LogModuleManager: Shutting down and abandoning module CharacterAI (486)
[2018.04.18-21.35.23:143][480]LogModuleManager: Shutting down and abandoning module AudioCapture (484)
[2018.04.18-21.35.23:143][480]LogModuleManager: Shutting down and abandoning module SequenceRecorder (483)
[2018.04.18-21.35.23:143][480]LogModuleManager: Shutting down and abandoning module SmartSnapping (480)
[2018.04.18-21.35.23:143][480]LogModuleManager: Shutting down and abandoning module SessionServices (478)
[2018.04.18-21.35.23:143][480]LogModuleManager: Shutting down and abandoning module ViewportSnapping (476)
[2018.04.18-21.35.23:143][480]LogModuleManager: Shutting down and abandoning module ViewportInteraction (474)
[2018.04.18-21.35.23:143][480]LogModuleManager: Shutting down and abandoning module ClothPainter (472)
[2018.04.18-21.35.23:144][480]LogModuleManager: Shutting down and abandoning module SkeletalMeshEditor (471)
[2018.04.18-21.35.23:144][480]LogModuleManager: Shutting down and abandoning module LogVisualizer (468)
[2018.04.18-21.35.23:144][480]LogModuleManager: Shutting down and abandoning module IntroTutorials (466)
[2018.04.18-21.35.23:144][480]LogModuleManager: Shutting down and abandoning module GameProjectGeneration (465)
[2018.04.18-21.35.23:144][480]LogModuleManager: Shutting down and abandoning module IOSPlatformEditor (462)
[2018.04.18-21.35.23:144][480]LogModuleManager: Shutting down and abandoning module HTML5PlatformEditor (460)
[2018.04.18-21.35.23:144][480]LogModuleManager: Shutting down and abandoning module AndroidPlatformEditor (458)
[2018.04.18-21.35.23:144][480]LogModuleManager: Shutting down and abandoning module AndroidDeviceDetection (457)
[2018.04.18-21.35.23:812][480]LogModuleManager: Shutting down and abandoning module WindowsPlatformEditor (454)
[2018.04.18-21.35.23:812][480]LogModuleManager: Shutting down and abandoning module IOSRuntimeSettings (452)
[2018.04.18-21.35.23:812][480]LogModuleManager: Shutting down and abandoning module AndroidRuntimeSettings (450)
[2018.04.18-21.35.23:812][480]LogModuleManager: Shutting down and abandoning module InputBindingEditor (448)
[2018.04.18-21.35.23:812][480]LogModuleManager: Shutting down and abandoning module MergeActors (446)
[2018.04.18-21.35.23:812][480]LogModuleManager: Shutting down and abandoning module SizeMap (444)
[2018.04.18-21.35.23:812][480]LogModuleManager: Shutting down and abandoning module TreeMap (442)
[2018.04.18-21.35.23:812][480]LogModuleManager: Shutting down and abandoning module ReferenceViewer (440)
[2018.04.18-21.35.23:812][480]LogModuleManager: Shutting down and abandoning module LocalizationDashboard (438)
[2018.04.18-21.35.23:812][480]LogModuleManager: Shutting down and abandoning module LocalizationService (437)
[2018.04.18-21.35.23:812][480]LogModuleManager: Shutting down and abandoning module HardwareTargeting (434)
[2018.04.18-21.35.23:812][480]LogModuleManager: Shutting down and abandoning module DeviceProfileEditor (432)
[2018.04.18-21.35.23:812][480]LogModuleManager: Shutting down and abandoning module UndoHistory (430)
[2018.04.18-21.35.23:813][480]LogModuleManager: Shutting down and abandoning module XmlParser (428)
[2018.04.18-21.35.23:813][480]LogModuleManager: Shutting down and abandoning module Blutility (426)
[2018.04.18-21.35.23:813][480]LogModuleManager: Shutting down and abandoning module ProjectSettingsViewer (424)
[2018.04.18-21.35.23:813][480]LogModuleManager: Shutting down and abandoning module ProjectTargetPlatformEditor (423)
[2018.04.18-21.35.23:813][480]LogModuleManager: Shutting down and abandoning module EditorSettingsViewer (420)
[2018.04.18-21.35.23:813][480]LogModuleManager: Shutting down and abandoning module SettingsEditor (418)
[2018.04.18-21.35.23:813][480]LogModuleManager: Shutting down and abandoning module ProjectLauncher (416)
[2018.04.18-21.35.23:813][480]LogModuleManager: Shutting down and abandoning module SessionFrontend (414)
[2018.04.18-21.35.23:813][480]LogModuleManager: Shutting down and abandoning module ProfilerClient (412)
[2018.04.18-21.35.23:813][480]LogModuleManager: Shutting down and abandoning module DeviceManager (410)
[2018.04.18-21.35.23:813][480]LogModuleManager: Shutting down and abandoning module TargetDeviceServices (409)
[2018.04.18-21.35.23:866][480]LogModuleManager: Shutting down and abandoning module AutomationController (406)
[2018.04.18-21.35.23:866][480]LogModuleManager: Shutting down and abandoning module AutomationWindow (404)
[2018.04.18-21.35.23:866][480]LogModuleManager: Shutting down and abandoning module Layers (402)
[2018.04.18-21.35.23:866][480]LogModuleManager: Shutting down and abandoning module ComponentVisualizers (400)
[2018.04.18-21.35.23:866][480]LogModuleManager: Shutting down and abandoning module DetailCustomizations (398)
[2018.04.18-21.35.23:866][480]LogModuleManager: Shutting down and abandoning module PackagesDialog (396)
[2018.04.18-21.35.23:867][480]LogModuleManager: Shutting down and abandoning module Persona (394)
[2018.04.18-21.35.23:867][480]LogModuleManager: Shutting down and abandoning module AdvancedPreviewScene (393)
[2018.04.18-21.35.23:867][480]LogModuleManager: Shutting down and abandoning module AnimGraph (391)
[2018.04.18-21.35.23:867][480]LogModuleManager: Shutting down and abandoning module Kismet (388)
[2018.04.18-21.35.23:867][480]LogModuleManager: Shutting down and abandoning module ClassViewer (386)
[2018.04.18-21.35.23:867][480]LogModuleManager: Shutting down and abandoning module Toolbox (384)
[2018.04.18-21.35.23:867][480]LogModuleManager: Shutting down and abandoning module ModuleUI (382)
[2018.04.18-21.35.23:867][480]LogModuleManager: Shutting down and abandoning module MovieSceneTools (380)
[2018.04.18-21.35.23:867][480]LogModuleManager: Shutting down and abandoning module OutputLog (378)
[2018.04.18-21.35.23:867][480]LogModuleManager: Shutting down and abandoning module GammaUI (376)
[2018.04.18-21.35.23:867][480]LogModuleManager: Shutting down and abandoning module Documentation (374)
[2018.04.18-21.35.23:867][480]LogModuleManager: Shutting down and abandoning module MovieSceneTracks (372)
[2018.04.18-21.35.23:867][480]LogModuleManager: Shutting down and abandoning module MovieScene (370)
[2018.04.18-21.35.23:867][480]LogModuleManager: Shutting down and abandoning module StreamingPauseRendering (368)
[2018.04.18-21.35.23:867][480]LogModuleManager: Shutting down and abandoning module LauncherPlatform (366)
[2018.04.18-21.35.23:867][480]LogModuleManager: Shutting down and abandoning module AnalyticsET (364)
[2018.04.18-21.35.23:867][480]LogModuleManager: Shutting down and abandoning module PortalServices (362)
[2018.04.18-21.35.23:867][480]LogModuleManager: Shutting down and abandoning module PortalRpc (360)
[2018.04.18-21.35.23:867][480]LogModuleManager: Shutting down and abandoning module MessagingRpc (358)
[2018.04.18-21.35.23:867][480]LogModuleManager: Shutting down and abandoning module AIModule (356)
[2018.04.18-21.35.23:867][480]LogModuleManager: Shutting down and abandoning module GameplayDebugger (355)
[2018.04.18-21.35.23:867][480]LogModuleManager: Shutting down and abandoning module AITestSuite (353)
[2018.04.18-21.35.23:867][480]LogModuleManager: Shutting down and abandoning module DesktopPlatform (350)
[2018.04.18-21.35.23:867][480]LogModuleManager: Shutting down and abandoning module ProfilerService (348)
[2018.04.18-21.35.23:962][480]LogModuleManager: Shutting down and abandoning module TaskGraph (346)
[2018.04.18-21.35.23:962][480]LogModuleManager: Shutting down and abandoning module SteamVRController (344)
[2018.04.18-21.35.23:962][480]LogModuleManager: Shutting down and abandoning module ProceduralMeshComponentEditor (342)
[2018.04.18-21.35.23:962][480]LogModuleManager: Shutting down and abandoning module ProceduralMeshComponent (340)
[2018.04.18-21.35.23:962][480]LogModuleManager: Shutting down and abandoning module OculusInput (338)
[2018.04.18-21.35.23:962][480]LogModuleManager: Shutting down and abandoning module MobilePatchingUtils (336)
[2018.04.18-21.35.23:962][480]LogModuleManager: Shutting down and abandoning module CustomMeshComponent (334)
[2018.04.18-21.35.23:962][480]LogModuleManager: Shutting down and abandoning module CableComponent (332)
[2018.04.18-21.35.23:962][480]LogModuleManager: Shutting down and abandoning module ArchVisCharacter (330)
[2018.04.18-21.35.23:962][480]LogModuleManager: Shutting down and abandoning module AndroidPermission (328)
[2018.04.18-21.35.23:962][480]LogModuleManager: Shutting down and abandoning module ActorSequence (324)
[2018.04.18-21.35.23:962][480]LogModuleManager: Shutting down and abandoning module MediaPlayerEditor (322)
[2018.04.18-21.35.23:963][480]LogModuleManager: Shutting down and abandoning module MediaCompositingEditor (320)
[2018.04.18-21.35.23:963][480]LogModuleManager: Shutting down and abandoning module MediaCompositing (318)
[2018.04.18-21.35.23:963][480]LogModuleManager: Shutting down and abandoning module HTML5Networking (316)
[2018.04.18-21.35.23:963][480]LogModuleManager: Shutting down and abandoning module AlembicImporter (314)
[2018.04.18-21.35.23:963][480]LogModuleManager: Shutting down and abandoning module AlembicLibrary (313)
[2018.04.18-21.35.23:963][480]LogModuleManager: Shutting down and abandoning module GeometryCache (312)
[2018.04.18-21.35.23:963][480]LogModuleManager: Shutting down and abandoning module GeometryCacheEd (311)
[2018.04.18-21.35.23:963][480]LogModuleManager: Shutting down and abandoning module SpeedTreeImporter (306)
[2018.04.18-21.35.23:963][480]LogModuleManager: Shutting down and abandoning module PluginBrowser (304)
[2018.04.18-21.35.23:963][480]LogModuleManager: Shutting down and abandoning module MobileLauncherProfileWizard (302)
[2018.04.18-21.35.23:963][480]LogModuleManager: Shutting down and abandoning module VisualStudioSourceCodeAccess (300)
[2018.04.18-21.35.23:963][480]LogModuleManager: Shutting down and abandoning module VisualStudioCodeSourceCodeAccess (298)
[2018.04.18-21.35.23:963][480]LogModuleManager: Shutting down and abandoning module UObjectPlugin (296)
[2018.04.18-21.35.23:963][480]LogModuleManager: Shutting down and abandoning module SubversionSourceControl (294)
[2018.04.18-21.35.23:963][480]LogModuleManager: Shutting down and abandoning module PerforceSourceControl (292)
[2018.04.18-21.35.23:963][480]LogModuleManager: Shutting down and abandoning module GitSourceControl (290)
[2018.04.18-21.35.23:963][480]LogModuleManager: Shutting down and abandoning module SourceControl (289)
[2018.04.18-21.35.23:963][480]LogModuleManager: Shutting down and abandoning module LightPropagationVolumeEditor (286)
[2018.04.18-21.35.23:963][480]LogModuleManager: Shutting down and abandoning module PaperTiledImporter (284)
[2018.04.18-21.35.23:963][480]LogModuleManager: Shutting down and abandoning module PaperSpriteSheetImporter (282)
[2018.04.18-21.35.23:963][480]LogModuleManager: Shutting down and abandoning module Paper2DEditor (280)
[2018.04.18-21.35.23:963][480]LogModuleManager: Shutting down and abandoning module MeshPaint (279)
[2018.04.18-21.35.23:963][480]LogModuleManager: Shutting down and abandoning module LevelEditor (277)
[2018.04.18-21.35.23:965][480]LogModuleManager: Shutting down and abandoning module PixelInspectorModule (276)
[2018.04.18-21.35.23:965][480]LogModuleManager: Shutting down and abandoning module MainFrame (274)
[2018.04.18-21.35.23:965][480]LogModuleManager: Shutting down and abandoning module HotReload (273)
[2018.04.18-21.35.23:965][480]LogModuleManager: Shutting down and abandoning module RuntimePhysXCooking (268)
[2018.04.18-21.35.23:965][480]LogModuleManager: Shutting down and abandoning module PhysXVehiclesEditor (266)
[2018.04.18-21.35.23:966][480]LogModuleManager: Shutting down and abandoning module PhysXVehicles (264)
[2018.04.18-21.35.23:966][480]LogModuleManager: Shutting down and abandoning module OculusEditor (262)
[2018.04.18-21.35.23:966][480]LogModuleManager: Shutting down and abandoning module LocationServicesBPLibrary (260)
[2018.04.18-21.35.23:966][480]LogModuleManager: Shutting down and abandoning module ImmediatePhysicsEditor (258)
[2018.04.18-21.35.23:966][480]LogModuleManager: Shutting down and abandoning module ImmediatePhysics (256)
[2018.04.18-21.35.23:966][480]LogModuleManager: Shutting down and abandoning module UdpMessaging (254)
[2018.04.18-21.35.24:067][480]LogModuleManager: Shutting down and abandoning module TcpMessaging (252)
[2018.04.18-21.35.24:167][480]LogModuleManager: Shutting down and abandoning module GameplayTagsEditor (250)
[2018.04.18-21.35.24:167][480]LogModuleManager: Shutting down and abandoning module FacialAnimationEditor (248)
[2018.04.18-21.35.24:167][480]LogModuleManager: Shutting down and abandoning module FacialAnimation (246)
[2018.04.18-21.35.24:167][480]LogModuleManager: Shutting down and abandoning module AssetManagerEditor (244)
[2018.04.18-21.35.24:167][480]LogModuleManager: Shutting down and abandoning module GraphEditor (243)
[2018.04.18-21.35.24:167][480]LogModuleManager: Shutting down and abandoning module ContentBrowser (241)
[2018.04.18-21.35.24:170][480]LogModuleManager: Shutting down and abandoning module LightPropagationVolumeRuntime (238)
[2018.04.18-21.35.24:170][480]LogModuleManager: Shutting down and abandoning module Paper2D (236)
[2018.04.18-21.35.24:170][480]LogModuleManager: Shutting down and abandoning module WindowsMoviePlayer (234)
[2018.04.18-21.35.24:171][480]LogModuleManager: Shutting down and abandoning module WmfMedia (232)
[2018.04.18-21.35.24:177][480]LogModuleManager: Shutting down and abandoning module ImgMedia (230)
[2018.04.18-21.35.24:177][480]LogModuleManager: Shutting down and abandoning module PacketHandler (228)
[2018.04.18-21.35.24:177][480]LogModuleManager: Shutting down and abandoning module ClothingSystemEditor (226)
[2018.04.18-21.35.24:177][480]LogModuleManager: Shutting down and abandoning module ClothingSystemRuntime (224)
[2018.04.18-21.35.24:177][480]LogModuleManager: Shutting down and abandoning module MediaAssets (222)
[2018.04.18-21.35.24:177][480]LogModuleManager: Shutting down and abandoning module Media (221)
[2018.04.18-21.35.24:184][480]LogModuleManager: Shutting down and abandoning module Overlay (218)
[2018.04.18-21.35.24:184][480]LogModuleManager: Shutting down and abandoning module OverlayEditor (217)
[2018.04.18-21.35.24:184][480]LogModuleManager: Shutting down and abandoning module VREditor (214)
[2018.04.18-21.35.24:184][480]LogModuleManager: Shutting down and abandoning module StringTableEditor (212)
[2018.04.18-21.35.24:184][480]LogModuleManager: Shutting down and abandoning module GameplayTasksEditor (210)
[2018.04.18-21.35.24:184][480]LogModuleManager: Shutting down and abandoning module BehaviorTreeEditor (208)
[2018.04.18-21.35.24:185][480]LogModuleManager: Shutting down and abandoning module FunctionalTesting (206)
[2018.04.18-21.35.24:185][480]LogModuleManager: Shutting down and abandoning module CollisionAnalyzer (204)
[2018.04.18-21.35.24:185][480]LogModuleManager: Shutting down and abandoning module WorkspaceMenuStructure (203)
[2018.04.18-21.35.24:185][480]LogModuleManager: Shutting down and abandoning module UMG (200)
[2018.04.18-21.35.24:185][480]LogModuleManager: Shutting down and abandoning module UMGEditor (199)
[2018.04.18-21.35.24:185][480]LogModuleManager: Shutting down and abandoning module Sequencer (198)
[2018.04.18-21.35.24:185][480]LogModuleManager: Shutting down and abandoning module MessageLog (195)
[2018.04.18-21.35.24:185][480]LogModuleManager: Shutting down and abandoning module SlateReflector (190)
[2018.04.18-21.35.24:185][480]LogModuleManager: Shutting down and abandoning module Slate (188)
[2018.04.18-21.35.24:185][480]LogModuleManager: Shutting down and abandoning module EditorStyle (186)
[2018.04.18-21.35.24:187][480]LogModuleManager: Shutting down and abandoning module MRMesh (184)
[2018.04.18-21.35.24:188][480]LogModuleManager: Shutting down and abandoning module SourceCodeAccess (182)
[2018.04.18-21.35.24:188][480]LogModuleManager: Shutting down and abandoning module HeadMountedDisplay (180)
[2018.04.18-21.35.24:188][480]LogModuleManager: Shutting down and abandoning module XAudio2 (178)
[2018.04.18-21.35.24:188][480]LogModuleManager: Shutting down and abandoning module Networking (176)
[2018.04.18-21.35.24:188][480]LogModuleManager: Shutting down and abandoning module Core (172)
[2018.04.18-21.35.24:188][480]LogModuleManager: Shutting down and abandoning module LevelSequence (168)
[2018.04.18-21.35.24:188][480]LogModuleManager: Shutting down and abandoning module DirectoryWatcher (166)
[2018.04.18-21.35.24:196][480]LogModuleManager: Shutting down and abandoning module KismetCompiler (164)
[2018.04.18-21.35.24:196][480]LogModuleManager: Shutting down and abandoning module MeshUtilities (162)
[2018.04.18-21.35.24:196][480]LogModuleManager: Shutting down and abandoning module MeshMergeUtilities (161)
[2018.04.18-21.35.24:196][480]LogModuleManager: Shutting down and abandoning module MeshReductionInterface (160)
[2018.04.18-21.35.24:196][480]LogModuleManager: Shutting down and abandoning module SimplygonSwarm (159)
[2018.04.18-21.35.24:196][480]LogModuleManager: Shutting down and abandoning module SimplygonMeshReduction (157)
[2018.04.18-21.35.24:196][480]LogModuleManager: Shutting down and abandoning module QuadricMeshReduction (155)
[2018.04.18-21.35.24:196][480]LogModuleManager: Shutting down and abandoning module MaterialBaking (151)
[2018.04.18-21.35.24:196][480]LogModuleManager: Shutting down and abandoning module DerivedDataCache (148)
[2018.04.18-21.35.24:218][480]LogDerivedDataCache: Shutdown
[2018.04.18-21.35.24:218][480]LogModuleManager: Shutting down and abandoning module TargetPlatform (146)
[2018.04.18-21.35.24:218][480]LogModuleManager: Shutting down and abandoning module VulkanShaderFormat (145)
[2018.04.18-21.35.24:218][480]LogModuleManager: Shutting down and abandoning module ShaderFormatVectorVM (143)
[2018.04.18-21.35.24:218][480]LogModuleManager: Shutting down and abandoning module ShaderFormatOpenGL (141)
[2018.04.18-21.35.24:218][480]LogModuleManager: Shutting down and abandoning module ShaderFormatD3D (139)
[2018.04.18-21.35.24:218][480]LogModuleManager: Shutting down and abandoning module MetalShaderFormat (137)
[2018.04.18-21.35.24:218][480]LogModuleManager: Shutting down and abandoning module TextureFormatUncompressed (135)
[2018.04.18-21.35.24:218][480]LogModuleManager: Shutting down and abandoning module TextureFormatPVR (133)
[2018.04.18-21.35.24:218][480]LogModuleManager: Shutting down and abandoning module TextureFormatDXT (131)
[2018.04.18-21.35.24:218][480]LogModuleManager: Shutting down and abandoning module TextureFormatIntelISPCTexComp (129)
[2018.04.18-21.35.24:219][480]LogModuleManager: Shutting down and abandoning module TextureFormatASTC (127)
[2018.04.18-21.35.24:219][480]LogModuleManager: Shutting down and abandoning module ImageWrapper (126)
[2018.04.18-21.35.24:219][480]LogModuleManager: Shutting down and abandoning module TextureFormatAndroid (123)
[2018.04.18-21.35.24:219][480]LogModuleManager: Shutting down and abandoning module AudioFormatOpus (121)
[2018.04.18-21.35.24:219][480]LogModuleManager: Shutting down and abandoning module AudioFormatOgg (119)
[2018.04.18-21.35.24:219][480]LogModuleManager: Shutting down and abandoning module AudioFormatADPCM (117)
[2018.04.18-21.35.24:219][480]LogModuleManager: Shutting down and abandoning module LinuxTargetPlatform (115)
[2018.04.18-21.35.24:219][480]LogModuleManager: Shutting down and abandoning module LinuxServerTargetPlatform (113)
[2018.04.18-21.35.24:219][480]LogModuleManager: Shutting down and abandoning module LinuxNoEditorTargetPlatform (111)
[2018.04.18-21.35.24:219][480]LogModuleManager: Shutting down and abandoning module LinuxClientTargetPlatform (109)
[2018.04.18-21.35.24:219][480]LogModuleManager: Shutting down and abandoning module TVOSTargetPlatform (107)
[2018.04.18-21.35.24:219][480]LogModuleManager: Shutting down and abandoning module Messaging (105)
[2018.04.18-21.35.24:219][480]LogModuleManager: Shutting down and abandoning module IOSTargetPlatform (103)
[2018.04.18-21.35.24:219][480]LogModuleManager: Shutting down and abandoning module HTML5TargetPlatform (101)
[2018.04.18-21.35.24:219][480]LogModuleManager: Shutting down and abandoning module AndroidTargetPlatform (99)
[2018.04.18-21.35.24:219][480]LogModuleManager: Shutting down and abandoning module Android_PVRTCTargetPlatform (97)
[2018.04.18-21.35.24:219][480]LogModuleManager: Shutting down and abandoning module Android_MultiTargetPlatform (95)
[2018.04.18-21.35.24:219][480]LogModuleManager: Shutting down and abandoning module Android_ETC2TargetPlatform (93)
[2018.04.18-21.35.24:219][480]LogModuleManager: Shutting down and abandoning module Android_ETC1TargetPlatform (91)
[2018.04.18-21.35.24:219][480]LogModuleManager: Shutting down and abandoning module Android_DXTTargetPlatform (89)
[2018.04.18-21.35.24:219][480]LogModuleManager: Shutting down and abandoning module Android_ATCTargetPlatform (87)
[2018.04.18-21.35.24:219][480]LogModuleManager: Shutting down and abandoning module Android_ASTCTargetPlatform (85)
[2018.04.18-21.35.24:219][480]LogModuleManager: Shutting down and abandoning module WindowsTargetPlatform (83)
[2018.04.18-21.35.24:219][480]LogModuleManager: Shutting down and abandoning module WindowsServerTargetPlatform (81)
[2018.04.18-21.35.24:219][480]LogModuleManager: Shutting down and abandoning module WindowsNoEditorTargetPlatform (79)
[2018.04.18-21.35.24:219][480]LogModuleManager: Shutting down and abandoning module WindowsClientTargetPlatform (77)
[2018.04.18-21.35.24:219][480]LogModuleManager: Shutting down and abandoning module MacTargetPlatform (75)
[2018.04.18-21.35.24:219][480]LogModuleManager: Shutting down and abandoning module MacServerTargetPlatform (73)
[2018.04.18-21.35.24:220][480]LogModuleManager: Shutting down and abandoning module MacNoEditorTargetPlatform (71)
[2018.04.18-21.35.24:220][480]LogModuleManager: Shutting down and abandoning module MacClientTargetPlatform (69)
[2018.04.18-21.35.24:220][480]LogModuleManager: Shutting down and abandoning module AllDesktopTargetPlatform (67)
[2018.04.18-21.35.24:220][480]LogModuleManager: Shutting down and abandoning module InputCore (64)
[2018.04.18-21.35.24:220][480]LogModuleManager: Shutting down and abandoning module Settings (62)
[2018.04.18-21.35.24:220][480]LogModuleManager: Shutting down and abandoning module PhysXCooking (60)
[2018.04.18-21.35.24:220][480]LogModuleManager: Shutting down and abandoning module SteamVR (58)
[2018.04.18-21.35.24:220][480]LogModuleManager: Shutting down and abandoning module OculusHMD (56)
[2018.04.18-21.35.24:220][480]LogModuleManager: Shutting down and abandoning module ExampleDeviceProfileSelector (54)
[2018.04.18-21.35.24:220][480]LogModuleManager: Shutting down and abandoning module AppleARKit (52)
[2018.04.18-21.35.24:220][480]LogModuleManager: Shutting down and abandoning module AugmentedReality (51)
[2018.04.18-21.35.24:220][480]LogModuleManager: Shutting down and abandoning module OnlineBlueprintSupport (48)
[2018.04.18-21.35.24:220][480]LogModuleManager: Shutting down and abandoning module OnlineSubsystem (44)
[2018.04.18-21.35.24:220][480]LogModuleManager: Shutting down and abandoning module XMPP (43)
[2018.04.18-21.35.24:220][480]LogModuleManager: Shutting down and abandoning module HTTP (41)
[2018.04.18-21.35.24:220][480]LogHttp: Display: Http module shutting down, but needs to wait on 1 outstanding Http requests:
[2018.04.18-21.35.24:220][480]LogHttp: Display: 	verb=[POST] url=[https://datarouter.ol.epicgames.com/datarouter/api/v1/public/data?SessionID=%7B25E13341-4486-871C-9C8C-C8889864163B%7D&AppID=UEEditor.Rocket.Release&AppVersion=4.18.2-3794801%2B%2B%2BUE4%2BRelease-4.18&UserID=2f971d094905c2a7bc833c87802c48c8%7C3f39104fdd2144b9a74201bb2a9c7b8e%7Cba7f9d7c-a839-4a7f-98e9-7a135484811a&AppEnvironment=datacollector-binary&UploadType=eteventstream] status=Processing
[2018.04.18-21.35.24:249][480]LogModuleManager: Shutting down and abandoning module SSL (40)
[2018.04.18-21.35.24:250][480]LogModuleManager: Shutting down and abandoning module AnimationModifiers (36)
[2018.04.18-21.35.24:250][480]LogModuleManager: Shutting down and abandoning module PropertyEditor (35)
[2018.04.18-21.35.24:250][480]LogModuleManager: Shutting down and abandoning module AudioEditor (32)
[2018.04.18-21.35.24:250][480]LogModuleManager: Shutting down and abandoning module TextureCompressor (30)
[2018.04.18-21.35.24:250][480]LogModuleManager: Shutting down and abandoning module ShaderCore (28)
[2018.04.18-21.35.24:250][480]LogModuleManager: Shutting down and abandoning module Landscape (26)
[2018.04.18-21.35.24:250][480]LogModuleManager: Shutting down and abandoning module SlateRHIRenderer (24)
[2018.04.18-21.35.24:253][480]LogModuleManager: Shutting down and abandoning module OpenGLDrv (22)
[2018.04.18-21.35.24:253][480]LogModuleManager: Shutting down and abandoning module D3D11RHI (20)
[2018.04.18-21.35.24:253][480]LogModuleManager: Shutting down and abandoning module AnimGraphRuntime (18)
[2018.04.18-21.35.24:253][480]LogModuleManager: Shutting down and abandoning module Renderer (16)
[2018.04.18-21.35.24:253][480]LogModuleManager: Shutting down and abandoning module Engine (14)
[2018.04.18-21.35.24:253][480]LogModuleManager: Shutting down and abandoning module CoreUObject (12)
[2018.04.18-21.35.24:253][480]LogModuleManager: Shutting down and abandoning module NetworkFile (10)
[2018.04.18-21.35.24:253][480]LogModuleManager: Shutting down and abandoning module CookedIterativeFile (8)
[2018.04.18-21.35.24:253][480]LogModuleManager: Shutting down and abandoning module StreamingFile (6)
[2018.04.18-21.35.24:253][480]LogModuleManager: Shutting down and abandoning module SandboxFile (4)
[2018.04.18-21.35.24:253][480]LogModuleManager: Shutting down and abandoning module PakFile (2)
[2018.04.18-21.35.24:257][480]LogExit: Exiting.
[2018.04.18-21.35.24:295][480]Log file closed, 04/18/18 15:35:24
