Log file open, 04/16/18 17:43:04
LogWindows: Failed to load 'aqProf.dll' (GetLastError=126)
LogWindows: File 'aqProf.dll' does not exist
LogWindows: Failed to load 'VtuneApi.dll' (GetLastError=126)
LogWindows: File 'VtuneApi.dll' does not exist
LogWindows: Failed to load 'VtuneApi32e.dll' (GetLastError=126)
LogWindows: File 'VtuneApi32e.dll' does not exist
LogInit: Display: Running engine for game: ArtThiefMuseum
LogPlatformFile: Not using cached read wrapper
LogInit: Display: RandInit(-736026801) SRandInit(-736026801).
LogInit: Read version file with build ID '3709383'
LogInit: Overriding engine version to CL 3794801, compatible CL 3709383
LogInit: Registered custom module enumerator with build ID '3709383'
LogTaskGraph: Started task graph with 5 named threads and 14 total threads with 3 sets of task threads.
LogStats: Stats thread started at 0.185512
LogD3D11RHI: Aftermath initialized
LogModuleManager: Display: Found up-to-date module file ../../../Engine/Plugins/2D/Paper2D/Binaries/Win64/UE4Editor-Paper2D.dll (API version 3709383).
LogModuleManager: Display: Found up-to-date module file ../../../Engine/Plugins/2D/Paper2D/Binaries/Win64/UE4Editor-Paper2DEditor.dll (API version 3709383).
LogModuleManager: Display: Found up-to-date module file ../../../Engine/Plugins/2D/Paper2D/Binaries/Win64/UE4Editor-PaperSpriteSheetImporter.dll (API version 3709383).
LogModuleManager: Display: Found up-to-date module file ../../../Engine/Plugins/2D/Paper2D/Binaries/Win64/UE4Editor-PaperTiledImporter.dll (API version 3709383).
LogModuleManager: Display: Found up-to-date module file ../../../Engine/Plugins/2D/Paper2D/Binaries/Win64/UE4Editor-SmartSnapping.dll (API version 3709383).
LogModuleManager: Display: Found up-to-date module file ../../../Engine/Plugins/Blendables/LightPropagationVolume/Binaries/Win64/UE4Editor-LightPropagationVolumeRuntime.dll (API version 3709383).
LogModuleManager: Display: Found up-to-date module file ../../../Engine/Plugins/Blendables/LightPropagationVolume/Binaries/Win64/UE4Editor-LightPropagationVolumeEditor.dll (API version 3709383).
LogModuleManager: Display: Found up-to-date module file ../../../Engine/Plugins/Developer/GitSourceControl/Binaries/Win64/UE4Editor-GitSourceControl.dll (API version 3709383).
LogModuleManager: Display: Found up-to-date module file ../../../Engine/Plugins/Developer/PerforceSourceControl/Binaries/Win64/UE4Editor-PerforceSourceControl.dll (API version 3709383).
LogModuleManager: Display: Found up-to-date module file ../../../Engine/Plugins/Developer/SubversionSourceControl/Binaries/Win64/UE4Editor-SubversionSourceControl.dll (API version 3709383).
LogModuleManager: Display: Found up-to-date module file ../../../Engine/Plugins/Developer/UObjectPlugin/Binaries/Win64/UE4Editor-UObjectPlugin.dll (API version 3709383).
LogModuleManager: Display: Found up-to-date module file ../../../Engine/Plugins/Developer/VisualStudioCodeSourceCodeAccess/Binaries/Win64/UE4Editor-VisualStudioCodeSourceCodeAccess.dll (API version 3709383).
LogModuleManager: Display: Found up-to-date module file ../../../Engine/Plugins/Developer/VisualStudioSourceCodeAccess/Binaries/Win64/UE4Editor-VisualStudioSourceCodeAccess.dll (API version 3709383).
LogModuleManager: Display: Found up-to-date module file ../../../Engine/Plugins/Editor/AssetManagerEditor/Binaries/Win64/UE4Editor-AssetManagerEditor.dll (API version 3709383).
LogModuleManager: Display: Found up-to-date module file ../../../Engine/Plugins/Editor/AudioCapture/Binaries/Win64/UE4Editor-AudioCapture.dll (API version 3709383).
LogModuleManager: Display: Found up-to-date module file ../../../Engine/Plugins/Editor/FacialAnimation/Binaries/Win64/UE4Editor-FacialAnimation.dll (API version 3709383).
LogModuleManager: Display: Found up-to-date module file ../../../Engine/Plugins/Editor/FacialAnimation/Binaries/Win64/UE4Editor-FacialAnimationEditor.dll (API version 3709383).
LogModuleManager: Display: Found up-to-date module file ../../../Engine/Plugins/Editor/GameplayTagsEditor/Binaries/Win64/UE4Editor-GameplayTagsEditor.dll (API version 3709383).
LogModuleManager: Display: Found up-to-date module file ../../../Engine/Plugins/Editor/MobileLauncherProfileWizard/Binaries/Win64/UE4Editor-MobileLauncherProfileWizard.dll (API version 3709383).
LogModuleManager: Display: Found up-to-date module file ../../../Engine/Plugins/Editor/PluginBrowser/Binaries/Win64/UE4Editor-PluginBrowser.dll (API version 3709383).
LogModuleManager: Display: Found up-to-date module file ../../../Engine/Plugins/Editor/SpeedTreeImporter/Binaries/Win64/UE4Editor-SpeedTreeImporter.dll (API version 3709383).
LogModuleManager: Display: Found up-to-date module file ../../../Engine/Plugins/Experimental/AlembicImporter/Binaries/Win64/UE4Editor-AlembicImporter.dll (API version 3709383).
LogModuleManager: Display: Found up-to-date module file ../../../Engine/Plugins/Experimental/AlembicImporter/Binaries/Win64/UE4Editor-AlembicLibrary.dll (API version 3709383).
LogModuleManager: Display: Found up-to-date module file ../../../Engine/Plugins/Experimental/CharacterAI/Binaries/Win64/UE4Editor-CharacterAI.dll (API version 3709383).
LogModuleManager: Display: Found up-to-date module file ../../../Engine/Plugins/Experimental/HTML5Networking/Binaries/Win64/UE4Editor-HTML5Networking.dll (API version 3709383).
LogModuleManager: Display: Found up-to-date module file ../../../Engine/Plugins/Media/AndroidMedia/Binaries/Win64/UE4Editor-AndroidMediaEditor.dll (API version 3709383).
LogModuleManager: Display: Found up-to-date module file ../../../Engine/Plugins/Media/AndroidMedia/Binaries/Win64/UE4Editor-AndroidMediaFactory.dll (API version 3709383).
LogModuleManager: Display: Found up-to-date module file ../../../Engine/Plugins/Media/AvfMedia/Binaries/Win64/UE4Editor-AvfMediaEditor.dll (API version 3709383).
LogModuleManager: Display: Found up-to-date module file ../../../Engine/Plugins/Media/AvfMedia/Binaries/Win64/UE4Editor-AvfMediaFactory.dll (API version 3709383).
LogModuleManager: Display: Found up-to-date module file ../../../Engine/Plugins/Media/AvfMedia/Binaries/Win64/UE4Editor-AvfMediaFactory.dll (API version 3709383).
LogModuleManager: Display: Found up-to-date module file ../../../Engine/Plugins/Media/ImgMedia/Binaries/Win64/UE4Editor-ImgMedia.dll (API version 3709383).
LogModuleManager: Display: Found up-to-date module file ../../../Engine/Plugins/Media/ImgMedia/Binaries/Win64/UE4Editor-ImgMediaEditor.dll (API version 3709383).
LogModuleManager: Display: Found up-to-date module file ../../../Engine/Plugins/Media/ImgMedia/Binaries/Win64/UE4Editor-ImgMediaFactory.dll (API version 3709383).
LogModuleManager: Display: Found up-to-date module file ../../../Engine/Plugins/Media/ImgMedia/Binaries/Win64/UE4Editor-ImgMediaFactory.dll (API version 3709383).
LogModuleManager: Display: Found up-to-date module file ../../../Engine/Plugins/Media/ImgMedia/Binaries/Win64/UE4Editor-OpenExrWrapper.dll (API version 3709383).
LogModuleManager: Display: Found up-to-date module file ../../../Engine/Plugins/Media/MediaCompositing/Binaries/Win64/UE4Editor-MediaCompositing.dll (API version 3709383).
LogModuleManager: Display: Found up-to-date module file ../../../Engine/Plugins/Media/MediaCompositing/Binaries/Win64/UE4Editor-MediaCompositingEditor.dll (API version 3709383).
LogModuleManager: Display: Found up-to-date module file ../../../Engine/Plugins/Media/MediaPlayerEditor/Binaries/Win64/UE4Editor-MediaPlayerEditor.dll (API version 3709383).
LogModuleManager: Display: Found up-to-date module file ../../../Engine/Plugins/Media/WmfMedia/Binaries/Win64/UE4Editor-WmfMedia.dll (API version 3709383).
LogModuleManager: Display: Found up-to-date module file ../../../Engine/Plugins/Media/WmfMedia/Binaries/Win64/UE4Editor-WmfMediaEditor.dll (API version 3709383).
LogModuleManager: Display: Found up-to-date module file ../../../Engine/Plugins/Media/WmfMedia/Binaries/Win64/UE4Editor-WmfMediaFactory.dll (API version 3709383).
LogModuleManager: Display: Found up-to-date module file ../../../Engine/Plugins/Media/WmfMedia/Binaries/Win64/UE4Editor-WmfMediaFactory.dll (API version 3709383).
LogModuleManager: Display: Found up-to-date module file ../../../Engine/Plugins/Messaging/TcpMessaging/Binaries/Win64/UE4Editor-TcpMessaging.dll (API version 3709383).
LogModuleManager: Display: Found up-to-date module file ../../../Engine/Plugins/Messaging/UdpMessaging/Binaries/Win64/UE4Editor-UdpMessaging.dll (API version 3709383).
LogModuleManager: Display: Found up-to-date module file ../../../Engine/Plugins/MovieScene/ActorSequence/Binaries/Win64/UE4Editor-ActorSequence.dll (API version 3709383).
LogModuleManager: Display: Found up-to-date module file ../../../Engine/Plugins/MovieScene/LevelSequenceEditor/Binaries/Win64/UE4Editor-LevelSequenceEditor.dll (API version 3709383).
LogModuleManager: Display: Found up-to-date module file ../../../Engine/Plugins/MovieScene/MatineeToLevelSequence/Binaries/Win64/UE4Editor-MatineeToLevelSequence.dll (API version 3709383).
LogModuleManager: Display: Found up-to-date module file ../../../Engine/Plugins/Online/OnlineSubsystem/Binaries/Win64/UE4Editor-OnlineSubsystem.dll (API version 3709383).
LogModuleManager: Display: Found up-to-date module file ../../../Engine/Plugins/Runtime/AndroidPermission/Binaries/Win64/UE4Editor-AndroidPermission.dll (API version 3709383).
LogModuleManager: Display: Found up-to-date module file ../../../Engine/Plugins/Online/OnlineSubsystemNull/Binaries/Win64/UE4Editor-OnlineSubsystemNull.dll (API version 3709383).
LogModuleManager: Display: Found up-to-date module file ../../../Engine/Plugins/Online/OnlineSubsystemUtils/Binaries/Win64/UE4Editor-OnlineSubsystemUtils.dll (API version 3709383).
LogModuleManager: Display: Found up-to-date module file ../../../Engine/Plugins/Online/OnlineSubsystemUtils/Binaries/Win64/UE4Editor-OnlineBlueprintSupport.dll (API version 3709383).
LogModuleManager: Display: Found up-to-date module file ../../../Engine/Plugins/Runtime/AndroidDeviceProfileSelector/Binaries/Win64/UE4Editor-AndroidDeviceProfileSelector.dll (API version 3709383).
LogModuleManager: Display: Found up-to-date module file ../../../Engine/Plugins/Runtime/AppleARKit/Binaries/Win64/UE4Editor-AppleARKit.dll (API version 3709383).
LogModuleManager: Display: Found up-to-date module file ../../../Engine/Plugins/Runtime/ArchVisCharacter/Binaries/Win64/UE4Editor-ArchVisCharacter.dll (API version 3709383).
LogModuleManager: Display: Found up-to-date module file ../../../Engine/Plugins/Runtime/CableComponent/Binaries/Win64/UE4Editor-CableComponent.dll (API version 3709383).
LogModuleManager: Display: Found up-to-date module file ../../../Engine/Plugins/Runtime/CustomMeshComponent/Binaries/Win64/UE4Editor-CustomMeshComponent.dll (API version 3709383).
LogModuleManager: Display: Found up-to-date module file ../../../Engine/Plugins/Runtime/ExampleDeviceProfileSelector/Binaries/Win64/UE4Editor-ExampleDeviceProfileSelector.dll (API version 3709383).
LogModuleManager: Display: Found up-to-date module file ../../../Engine/Plugins/Runtime/ImmediatePhysics/Binaries/Win64/UE4Editor-ImmediatePhysics.dll (API version 3709383).
LogModuleManager: Display: Found up-to-date module file ../../../Engine/Plugins/Runtime/ImmediatePhysics/Binaries/Win64/UE4Editor-ImmediatePhysicsEditor.dll (API version 3709383).
LogModuleManager: Display: Found up-to-date module file ../../../Engine/Plugins/Runtime/LocationServicesBPLibrary/Binaries/Win64/UE4Editor-LocationServicesBPLibrary.dll (API version 3709383).
LogModuleManager: Display: Found up-to-date module file ../../../Engine/Plugins/Runtime/MobilePatchingUtils/Binaries/Win64/UE4Editor-MobilePatchingUtils.dll (API version 3709383).
LogModuleManager: Display: Found up-to-date module file ../../../Engine/Plugins/Runtime/Oculus/OculusVR/Binaries/Win64/UE4Editor-OculusHMD.dll (API version 3709383).
LogModuleManager: Display: Found up-to-date module file ../../../Engine/Plugins/Runtime/Oculus/OculusVR/Binaries/Win64/UE4Editor-OculusInput.dll (API version 3709383).
LogModuleManager: Display: Found up-to-date module file ../../../Engine/Plugins/Runtime/Oculus/OculusVR/Binaries/Win64/UE4Editor-OculusEditor.dll (API version 3709383).
LogModuleManager: Display: Found up-to-date module file ../../../Engine/Plugins/Runtime/PhysXVehicles/Binaries/Win64/UE4Editor-PhysXVehicles.dll (API version 3709383).
LogModuleManager: Display: Found up-to-date module file ../../../Engine/Plugins/Runtime/PhysXVehicles/Binaries/Win64/UE4Editor-PhysXVehiclesEditor.dll (API version 3709383).
LogModuleManager: Display: Found up-to-date module file ../../../Engine/Plugins/Runtime/ProceduralMeshComponent/Binaries/Win64/UE4Editor-ProceduralMeshComponent.dll (API version 3709383).
LogModuleManager: Display: Found up-to-date module file ../../../Engine/Plugins/Runtime/ProceduralMeshComponent/Binaries/Win64/UE4Editor-ProceduralMeshComponentEditor.dll (API version 3709383).
LogModuleManager: Display: Found up-to-date module file ../../../Engine/Plugins/Runtime/RuntimePhysXCooking/Binaries/Win64/UE4Editor-RuntimePhysXCooking.dll (API version 3709383).
LogModuleManager: Display: Found up-to-date module file ../../../Engine/Plugins/Runtime/Steam/SteamVR/Binaries/Win64/UE4Editor-SteamVR.dll (API version 3709383).
LogModuleManager: Display: Found up-to-date module file ../../../Engine/Plugins/Runtime/Steam/SteamVR/Binaries/Win64/UE4Editor-SteamVRController.dll (API version 3709383).
LogModuleManager: Display: Found up-to-date module file ../../../Engine/Plugins/Runtime/WindowsMoviePlayer/Binaries/Win64/UE4Editor-WindowsMoviePlayer.dll (API version 3709383).
LogPluginManager: Mounting plugin Paper2D
LogPluginManager: Mounting plugin LightPropagationVolume
LogPluginManager: Mounting plugin CodeLiteSourceCodeAccess
LogPluginManager: Mounting plugin GitSourceControl
LogPluginManager: Mounting plugin KDevelopSourceCodeAccess
LogPluginManager: Mounting plugin NullSourceCodeAccess
LogPluginManager: Mounting plugin PerforceSourceControl
LogPluginManager: Mounting plugin SubversionSourceControl
LogPluginManager: Mounting plugin UObjectPlugin
LogPluginManager: Mounting plugin VisualStudioCodeSourceCodeAccess
LogPluginManager: Mounting plugin VisualStudioSourceCodeAccess
LogPluginManager: Mounting plugin XCodeSourceCodeAccess
LogPluginManager: Mounting plugin AssetManagerEditor
LogPluginManager: Mounting plugin AudioCapture
LogPluginManager: Mounting plugin FacialAnimation
LogPluginManager: Mounting plugin GameplayTagsEditor
LogPluginManager: Mounting plugin MobileLauncherProfileWizard
LogPluginManager: Mounting plugin PluginBrowser
LogPluginManager: Mounting plugin SpeedTreeImporter
LogPluginManager: Mounting plugin AlembicImporter
LogPluginManager: Mounting plugin CharacterAI
LogPluginManager: Mounting plugin HTML5Networking
LogPluginManager: Mounting plugin AndroidMedia
LogPluginManager: Mounting plugin AvfMedia
LogPluginManager: Mounting plugin ImgMedia
LogPluginManager: Mounting plugin MediaCompositing
LogPluginManager: Mounting plugin MediaPlayerEditor
LogPluginManager: Mounting plugin WmfMedia
LogPluginManager: Mounting plugin TcpMessaging
LogPluginManager: Mounting plugin UdpMessaging
LogPluginManager: Mounting plugin ActorSequence
LogPluginManager: Mounting plugin LevelSequenceEditor
LogPluginManager: Mounting plugin MatineeToLevelSequence
LogPluginManager: Mounting plugin OnlineSubsystemGooglePlay
LogPluginManager: Mounting plugin OnlineSubsystemIOS
LogPluginManager: Mounting plugin OnlineSubsystem
LogPluginManager: Mounting plugin OnlineSubsystemNull
LogPluginManager: Mounting plugin OnlineSubsystemUtils
LogPluginManager: Mounting plugin AndroidDeviceProfileSelector
LogPluginManager: Mounting plugin AndroidMoviePlayer
LogPluginManager: Mounting plugin AndroidPermission
LogPluginManager: Mounting plugin AppleARKit
LogPluginManager: Mounting plugin AppleMoviePlayer
LogPluginManager: Mounting plugin ArchVisCharacter
LogPluginManager: Mounting plugin CableComponent
LogPluginManager: Mounting plugin CustomMeshComponent
LogPluginManager: Mounting plugin ExampleDeviceProfileSelector
LogPluginManager: Mounting plugin GoogleCloudMessaging
LogPluginManager: Mounting plugin ImmediatePhysics
LogPluginManager: Mounting plugin IOSDeviceProfileSelector
LogPluginManager: Mounting plugin LinuxDeviceProfileSelector
LogPluginManager: Mounting plugin LocationServicesBPLibrary
LogPluginManager: Mounting plugin MobilePatchingUtils
LogPluginManager: Mounting plugin OculusVR
LogPluginManager: Plugin shader directory ../../../Engine/Plugins/Runtime/Oculus/OculusVR/Shaders found
LogPluginManager: Mapping shader source directory ../../../Engine/Plugins/Runtime/Oculus/OculusVR/Shaders to virtual directory /Plugin/OculusVR
LogPluginManager: Mounting plugin PhysXVehicles
LogPluginManager: Mounting plugin ProceduralMeshComponent
LogPluginManager: Mounting plugin RuntimePhysXCooking
LogPluginManager: Mounting plugin SteamVR
LogPluginManager: Mounting plugin WindowsMoviePlayer
LogInit: Using libcurl 7.47.1
LogInit:  - built for x86_64-pc-win32
LogInit:  - supports SSL with OpenSSL/1.0.2g
LogInit:  - supports HTTP deflate (compression) using libz 1.2.8
LogInit:  - other features:
LogInit:      CURL_VERSION_SSL
LogInit:      CURL_VERSION_LIBZ
LogInit:      CURL_VERSION_IPV6
LogInit:      CURL_VERSION_ASYNCHDNS
LogInit:      CURL_VERSION_LARGEFILE
LogInit:      CURL_VERSION_IDN
LogInit:  CurlRequestOptions (configurable via config and command line):
LogInit:  - bVerifyPeer = false  - Libcurl will NOT verify peer certificate
LogInit:  - bUseHttpProxy = false  - Libcurl will NOT use HTTP proxy
LogInit:  - bDontReuseConnections = false  - Libcurl will reuse connections
LogInit:  - CertBundlePath = nullptr  - Libcurl will use whatever was configured at build time.
LogInit: Build: ++UE4+Release-4.18-CL-3794801
LogInit: Engine Version: 4.18.2-3794801+++UE4+Release-4.18
LogInit: Compatible Engine Version: 4.18.0-3709383+++UE4+Release-4.18
LogInit: Net CL: 3709383
LogDevObjectVersion: Number of dev versions registered: 16
LogDevObjectVersion:   Dev-Blueprints (B0D832E4-1F89-4F0D-ACCF-7EB736FD4AA2): 10
LogDevObjectVersion:   Dev-Build (E1C64328-A22C-4D53-A36C-8E866417BD8C): 0
LogDevObjectVersion:   Dev-Core (375EC13C-06E4-48FB-B500-84F0262A717E): 2
LogDevObjectVersion:   Dev-Editor (E4B068ED-F494-42E9-A231-DA0B2E46BB41): 20
LogDevObjectVersion:   Dev-Framework (CFFC743F-43B0-4480-9391-14DF171D2073): 30
LogDevObjectVersion:   Dev-Mobile (B02B49B5-BB20-44E9-A304-32B752E40360): 0
LogDevObjectVersion:   Dev-Networking (A4E4105C-59A1-49B5-A7C5-40C4547EDFEE): 0
LogDevObjectVersion:   Dev-Online (39C831C9-5AE6-47DC-9A44-9C173E1C8E7C): 0
LogDevObjectVersion:   Dev-Physics (78F01B33-EBEA-4F98-B9B4-84EACCB95AA2): 0
LogDevObjectVersion:   Dev-Platform (6631380F-2D4D-43E0-8009-CF276956A95A): 0
LogDevObjectVersion:   Dev-Rendering (12F88B9F-8875-4AFC-A67C-D90C383ABD29): 20
LogDevObjectVersion:   Dev-Sequencer (7B5AE74C-D270-4C10-A958-57980B212A5A): 4
LogDevObjectVersion:   Dev-VR (D7296918-1DD6-4BDD-9DE2-64A83CC13884): 0
LogDevObjectVersion:   Dev-LoadTimes (C2A15278-BFE7-4AFE-6C17-90FF531DF755): 1
LogDevObjectVersion:   Private-Geometry (6EACA3D4-40EC-4CC1-B786-8BED09428FC5): 1
LogDevObjectVersion:   Dev-AnimPhys (29E575DD-E0A3-4627-9D10-D276232CDCEA): 12
LogInit: Compiled (64-bit): Dec  8 2017 02:04:53
LogInit: Compiled with Visual C++: 19.00.24215.01
LogInit: Build Configuration: Development
LogInit: Branch Name: ++UE4+Release-4.18
LogInit: Command line:  
LogInit: Base directory: D:/UE_4.18/Engine/Binaries/Win64/
LogInit: Installed Engine Build: 1
LogInit: Presizing for max 8388607 objects, including 0 objects not considered by GC, pre-allocating 0 bytes for permanent pool.
LogInit: Object subsystem initialized
[2018.04.16-23.43.05:948][  0]LogInit: Selected Device Profile: [Windows]
[2018.04.16-23.43.05:948][  0]LogInit: Applying CVar settings loaded from the selected device profile: [Windows]
[2018.04.16-23.43.05:964][  0]LogInit: Computer: DESKTOP-1E3V943
[2018.04.16-23.43.05:964][  0]LogInit: User: JaredRothwell
[2018.04.16-23.43.05:964][  0]LogInit: CPU Page size=4096, Cores=4
[2018.04.16-23.43.05:964][  0]LogInit: High frequency timer resolution =2.531253 MHz
[2018.04.16-23.43.05:965][  0]LogMemory: Memory total: Physical=15.9GB (16GB approx)
[2018.04.16-23.43.05:965][  0]LogMemory: Platform Memory Stats for Windows
[2018.04.16-23.43.05:965][  0]LogMemory: Process Physical Memory: 273.57 MB used, 273.57 MB peak
[2018.04.16-23.43.05:965][  0]LogMemory: Process Virtual Memory: 271.93 MB used, 271.93 MB peak
[2018.04.16-23.43.05:965][  0]LogMemory: Physical Memory: 9332.98 MB used,  6919.05 MB free, 16252.04 MB total
[2018.04.16-23.43.05:965][  0]LogMemory: Virtual Memory: 684.57 MB used,  6919.05 MB free, 134217728.00 MB total
[2018.04.16-23.43.06:101][  0]LogInit: Using OS detected language (en-US).
[2018.04.16-23.43.06:101][  0]LogInit: Using OS detected locale (en-US).
[2018.04.16-23.43.06:104][  0]LogTextLocalizationManager: No specific localization for 'en-US' exists, so the 'en' localization will be used.
[2018.04.16-23.43.06:575][  0]LogInit: Setting process to per monitor DPI aware
[2018.04.16-23.43.06:846][  0]LogD3D11RHI: D3D11 adapters:
[2018.04.16-23.43.06:887][  0]LogD3D11RHI:    0. 'NVIDIA GeForce GTX 960M' (Feature Level 11_0)
[2018.04.16-23.43.06:887][  0]LogD3D11RHI:       2019/0/8126 MB DedicatedVideo/DedicatedSystem/SharedSystem, Outputs:2, VendorId:0x10de
[2018.04.16-23.43.06:894][  0]LogD3D11RHI:    1. 'Intel(R) HD Graphics 530' (Feature Level 11_0)
[2018.04.16-23.43.06:894][  0]LogD3D11RHI:       128/0/8126 MB DedicatedVideo/DedicatedSystem/SharedSystem, Outputs:0, VendorId:0x8086
[2018.04.16-23.43.06:896][  0]LogD3D11RHI:    2. 'Microsoft Basic Render Driver' (Feature Level 11_0)
[2018.04.16-23.43.06:896][  0]LogD3D11RHI:       0/0/8126 MB DedicatedVideo/DedicatedSystem/SharedSystem, Outputs:0, VendorId:0x1414
[2018.04.16-23.43.06:897][  0]LogD3D11RHI: Chosen D3D11 Adapter: 0
[2018.04.16-23.43.06:909][  0]LogD3D11RHI: Creating new Direct3DDevice
[2018.04.16-23.43.06:909][  0]LogD3D11RHI:     GPU DeviceId: 0x139b (for the marketing name, search the web for "GPU Device Id")
[2018.04.16-23.43.06:909][  0]LogWindows: EnumDisplayDevices:
[2018.04.16-23.43.06:909][  0]LogWindows:    0. 'Intel(R) HD Graphics 530' (P:0 D:1)
[2018.04.16-23.43.06:909][  0]LogWindows:    1. 'Intel(R) HD Graphics 530' (P:1 D:1)
[2018.04.16-23.43.06:909][  0]LogWindows:    2. 'Intel(R) HD Graphics 530' (P:0 D:0)
[2018.04.16-23.43.06:909][  0]LogWindows: DebugString: GetVideoDriverDetailsInvalid PrimaryIsNotTheChoosenAdapter GetVideoDriverDetailsInvalid PrimaryIsNotTheChoosenAdapter GetVideoDriverDetailsInvalid PrimaryIsNotTheChoosenAdapter FoundDriverCount:0 
[2018.04.16-23.43.06:909][  0]LogD3D11RHI:     Adapter Name: NVIDIA GeForce GTX 960M
[2018.04.16-23.43.06:909][  0]LogD3D11RHI:   Driver Version: Unknown (internal:Unknown, unified:Unknown)
[2018.04.16-23.43.06:910][  0]LogD3D11RHI:      Driver Date: Unknown
[2018.04.16-23.43.06:910][  0]LogRHI: Texture pool is 1413 MB (70% of 2019 MB)
[2018.04.16-23.43.06:932][  0]LogD3D11RHI: Async texture creation enabled
[2018.04.16-23.43.06:946][  0]LogD3D11RHI: GPU Timing Frequency: 1000.000000 (Debug: 2 1)
[2018.04.16-23.43.06:947][  0]LogShaderCompilers: Guid format shader working directory is 9 characters bigger than the processId version (../../../../projects/Art-Thief/ArtThiefMuseum/Intermediate/Shaders/WorkingDirectory/26072/).
[2018.04.16-23.43.06:948][  0]LogShaderCompilers: Cleaned the shader compiler working directory 'C:/Users/Jared Rothwell/AppData/Local/Temp/UnrealShaderWorkingDir/65FE82B541E7551BF76377B8A9012AD7/'.
[2018.04.16-23.43.06:948][  0]LogShaderCompilers: Display: Using Local Shader Compiler.
[2018.04.16-23.43.07:939][  0]LogTemp: Display: Loaded TP AllDesktopTargetPlatform
[2018.04.16-23.43.07:984][  0]LogTemp: Display: Loaded TP MacClientTargetPlatform
[2018.04.16-23.43.08:024][  0]LogTemp: Display: Loaded TP MacNoEditorTargetPlatform
[2018.04.16-23.43.08:069][  0]LogTemp: Display: Loaded TP MacServerTargetPlatform
[2018.04.16-23.43.08:110][  0]LogTemp: Display: Loaded TP MacTargetPlatform
[2018.04.16-23.43.08:155][  0]LogTemp: Display: Loaded TP WindowsClientTargetPlatform
[2018.04.16-23.43.08:200][  0]LogTemp: Display: Loaded TP WindowsNoEditorTargetPlatform
[2018.04.16-23.43.08:244][  0]LogTemp: Display: Loaded TP WindowsServerTargetPlatform
[2018.04.16-23.43.08:280][  0]LogTemp: Display: Loaded TP WindowsTargetPlatform
[2018.04.16-23.43.08:324][  0]LogTemp: Display: Loaded TP Android_ASTCTargetPlatform
[2018.04.16-23.43.08:365][  0]LogTemp: Display: Loaded TP Android_ATCTargetPlatform
[2018.04.16-23.43.08:405][  0]LogTemp: Display: Loaded TP Android_DXTTargetPlatform
[2018.04.16-23.43.08:461][  0]LogTemp: Display: Loaded TP Android_ETC1TargetPlatform
[2018.04.16-23.43.08:504][  0]LogTemp: Display: Loaded TP Android_ETC2TargetPlatform
[2018.04.16-23.43.08:594][  0]LogTemp: Display: Loaded TP Android_MultiTargetPlatform
[2018.04.16-23.43.08:594][  0]LogTemp: Display: Loaded TP Android_PVRTCTargetPlatform
[2018.04.16-23.43.08:638][  0]LogTemp: Display: Loaded TP AndroidTargetPlatform
[2018.04.16-23.43.08:668][  0]LogTemp: Display: Loaded TP HTML5TargetPlatform
[2018.04.16-23.43.08:748][  0]LogTemp: Display: Loaded TP IOSTargetPlatform
[2018.04.16-23.43.08:773][  0]LogTemp: Display: Loaded TP TVOSTargetPlatform
[2018.04.16-23.43.08:821][  0]LogTemp: Display: Loaded TP LinuxClientTargetPlatform
[2018.04.16-23.43.08:867][  0]LogTemp: Display: Loaded TP LinuxNoEditorTargetPlatform
[2018.04.16-23.43.08:910][  0]LogTemp: Display: Loaded TP LinuxServerTargetPlatform
[2018.04.16-23.43.08:952][  0]LogTemp: Display: Loaded TP LinuxTargetPlatform
[2018.04.16-23.43.08:952][  0]LogTargetPlatformManager: Display: Building Assets For Windows
[2018.04.16-23.43.09:325][  0]LogDerivedDataCache: Display: Max Cache Size: 512 MB
[2018.04.16-23.43.09:400][  0]LogDerivedDataCache: Loaded boot cache 0.07s 78MB C:/Users/Jared Rothwell/AppData/Local/UnrealEngine/4.18/DerivedDataCache/Boot.ddc.
[2018.04.16-23.43.09:400][  0]LogDerivedDataCache: Display: Loaded Boot cache: C:/Users/Jared Rothwell/AppData/Local/UnrealEngine/4.18/DerivedDataCache/Boot.ddc
[2018.04.16-23.43.09:400][  0]LogDerivedDataCache: FDerivedDataBackendGraph:  Pak pak cache file ../../../../projects/Art-Thief/ArtThiefMuseum/DerivedDataCache/DDC.ddp not found, will not use a pak cache.
[2018.04.16-23.43.09:400][  0]LogDerivedDataCache: Unable to find inner node Pak for hierarchical cache Hierarchy.
[2018.04.16-23.43.09:400][  0]LogDerivedDataCache: FDerivedDataBackendGraph:  CompressedPak pak cache file ../../../../projects/Art-Thief/ArtThiefMuseum/DerivedDataCache/Compressed.ddp not found, will not use a pak cache.
[2018.04.16-23.43.09:400][  0]LogDerivedDataCache: Unable to find inner node CompressedPak for hierarchical cache Hierarchy.
[2018.04.16-23.43.09:418][  0]LogDerivedDataCache: Display: Pak cache opened for reading ../../../Engine/DerivedDataCache/Compressed.ddp.
[2018.04.16-23.43.09:430][  0]LogDerivedDataCache: Using Local data cache path C:/Users/Jared Rothwell/AppData/Local/UnrealEngine/Common/DerivedDataCache: Writable
[2018.04.16-23.43.09:441][  0]LogMaterial: Verifying Global Shaders for PCD3D_SM5
[2018.04.16-23.43.09:441][  0]LogSlate: Using Freetype 2.6.0
[2018.04.16-23.43.09:442][  0]LogSlate: SlateFontCache - WITH_FREETYPE: 1, WITH_HARFBUZZ: 1
[2018.04.16-23.43.09:442][  0]LogSlate: SlateFontCache - WITH_FREETYPE: 1, WITH_HARFBUZZ: 1
[2018.04.16-23.43.09:852][  0]LogInit: Selected Device Profile: [Windows]
[2018.04.16-23.43.10:147][  0]LogSimplygon: Simplygon DLL not present - disabling.
[2018.04.16-23.43.10:183][  0]LogMeshReduction: Using SimplygonSwarm for distributed automatic mesh merging
[2018.04.16-23.43.10:183][  0]LogMeshReduction: Using QuadricMeshReduction for automatic static mesh reduction
[2018.04.16-23.43.10:183][  0]LogMeshReduction: No automatic skeletal mesh reduction module available
[2018.04.16-23.43.10:183][  0]LogMeshReduction: No automatic mesh merging module available
[2018.04.16-23.43.10:183][  0]LogMeshMerging: No automatic mesh merging module available
[2018.04.16-23.43.10:216][  0]LogNetVersion: ArtThiefMuseum , NetCL: 3709383, EngineNetVer: 2, GameNetVer: 0 (Checksum: 2922769132)
[2018.04.16-23.43.10:384][  0]LogAssetRegistry: FAssetRegistry took 0.0264 seconds to start up
[2018.04.16-23.43.10:880][  0]LogPackageLocalizationCache: Processed 7 localized package path(s) for 2 prioritized culture(s) in 0.061277 seconds
[2018.04.16-23.43.10:888][  0]LogUObjectArray: 35900 objects as part of root set at end of initial load.
[2018.04.16-23.43.10:888][  0]LogUObjectAllocator: 7372016 out of 0 bytes used by permanent object pool.
[2018.04.16-23.43.10:888][  0]LogUObjectArray: CloseDisregardForGC: 0/0 objects in disregard for GC pool
[2018.04.16-23.43.10:928][  0]LogInit: WinSock: version 1.1 (2.2), MaxSocks=32767, MaxUdp=65467
[2018.04.16-23.43.13:479][  0]LogTcpMessaging: Initializing TcpMessaging bridge
[2018.04.16-23.43.13:514][  0]LogUdpMessaging: Initializing bridge on interface 0.0.0.0:0 to multicast group 230.0.0.1:6666.
[2018.04.16-23.43.14:081][  0]LogMaterial: Uniform references updated for custom material expression Custom.
[2018.04.16-23.43.14:452][  0]SourceControl: Source control is disabled
[2018.04.16-23.43.15:512][  0]LogAndroidPermission: UAndroidPermissionCallbackProxy::GetInstance
[2018.04.16-23.43.15:728][  0]LogOcInput: OculusInput pre-init called
[2018.04.16-23.43.15:971][  0]LogEngine: Initializing Engine...
[2018.04.16-23.43.15:974][  0]LogHMD: Failed to initialize OpenVR with code 110
[2018.04.16-23.43.16:191][  0]LogStats: UGameplayTagsManager::ConstructGameplayTagTree: Construct from data asset -  0.000 s
[2018.04.16-23.43.16:192][  0]LogStats: UGameplayTagsManager::ConstructGameplayTagTree: GameplayTagTreeChangedEvent.Broadcast -  0.000 s
[2018.04.16-23.43.16:301][  0]LogAIModule: Creating AISystem for world Untitled
[2018.04.16-23.43.16:319][  0]LogInit: XAudio2 using 'Speakers (Conexant SmartAudio HD)' : 2 channels at 48 kHz using 32 bits per sample (channel mask 0x3)
[2018.04.16-23.43.16:447][  0]LogInit: FAudioDevice initialized.
[2018.04.16-23.43.16:643][  0]LogDerivedDataCache: Saved boot cache 0.20s 78MB C:/Users/Jared Rothwell/AppData/Local/UnrealEngine/4.18/DerivedDataCache/Boot.ddc.
[2018.04.16-23.43.16:657][  0]LogInit: Texture streaming: Enabled
[2018.04.16-23.43.16:742][  0]LogEngineSessionManager: EngineSessionManager initialized
[2018.04.16-23.43.16:853][  0]LogInit: Transaction tracking system initialized
[2018.04.16-23.43.17:128][  0]BlueprintLog: New page: Editor Load
[2018.04.16-23.43.17:870][  0]LocalizationService: Localization service is disabled
[2018.04.16-23.43.18:498][  0]LogConsoleResponse: Display: 
[2018.04.16-23.43.18:671][  0]LogCook: Display: Max memory allowance for cook 16384mb min free memory 0mb
[2018.04.16-23.43.18:671][  0]LogCook: Display: Mobile HDR setting 1
[2018.04.16-23.43.18:671][  0]LogGameplayTags: Display: UGameplayTagsManager::DoneAddingNativeTags. DelegateIsBound: 0
[2018.04.16-23.43.18:955][  0]LogFileCache: Scanning file cache for directory 'D:/projects/Art-Thief/ArtThiefMuseum/Content/' took 0.02s
[2018.04.16-23.43.19:685][  0]Cmd: MAP LOAD FILE="../../../../projects/Art-Thief/ArtThiefMuseum/Content/StarterContent/Maps/Minimal_Default.umap" TEMPLATE=0 SHOWPROGRESS=1 FEATURELEVEL=3
[2018.04.16-23.43.19:685][  0]LightingResults: New page: Lighting Build
[2018.04.16-23.43.19:719][  0]MapCheck: New page: Map Check
[2018.04.16-23.43.19:719][  0]LightingResults: New page: Lighting Build
[2018.04.16-23.43.19:857][  0]LogLinker: Warning: Can't find file '/Game/StarterContent/Textures/T_Wood_Oak_D'
[2018.04.16-23.43.19:857][  0]LogLinker: Warning: Can't find file for asset '/Game/StarterContent/Textures/T_Wood_Oak_D' while loading ../../../../projects/Art-Thief/ArtThiefMuseum/Content/StarterContent/Materials/M_Wood_Oak.uasset.
[2018.04.16-23.43.19:857][  0]LoadErrors: Error: /Game/StarterContent/Materials/M_Wood_Oak : Can't find file for asset. /Game/StarterContent/Textures/T_Wood_Oak_D
[2018.04.16-23.43.19:857][  0]LogLinker: Warning: Can't find file '/Game/StarterContent/Textures/T_Wood_Oak_N'
[2018.04.16-23.43.19:857][  0]LogLinker: Warning: Can't find file for asset '/Game/StarterContent/Textures/T_Wood_Oak_N' while loading ../../../../projects/Art-Thief/ArtThiefMuseum/Content/StarterContent/Materials/M_Wood_Oak.uasset.
[2018.04.16-23.43.19:857][  0]LoadErrors: Error: /Game/StarterContent/Materials/M_Wood_Oak : Can't find file for asset. /Game/StarterContent/Textures/T_Wood_Oak_N
[2018.04.16-23.43.19:858][  0]LogLinker: Warning: Can't find file '/Game/StarterContent/Textures/T_Wood_Oak_D'
[2018.04.16-23.43.19:858][  0]LogLinker: Warning: Can't find file for asset '/Game/StarterContent/Textures/T_Wood_Oak_D' while loading ../../../../projects/Art-Thief/ArtThiefMuseum/Content/StarterContent/Materials/M_Wood_Oak.uasset.
[2018.04.16-23.43.19:858][  0]LoadErrors: Error: /Game/StarterContent/Materials/M_Wood_Oak : Can't find file for asset. /Game/StarterContent/Textures/T_Wood_Oak_D
[2018.04.16-23.43.19:858][  0]LogLinker: Warning: Can't find file '/Game/StarterContent/Textures/T_Wood_Oak_N'
[2018.04.16-23.43.19:858][  0]LogLinker: Warning: Can't find file for asset '/Game/StarterContent/Textures/T_Wood_Oak_N' while loading ../../../../projects/Art-Thief/ArtThiefMuseum/Content/StarterContent/Materials/M_Wood_Oak.uasset.
[2018.04.16-23.43.19:858][  0]LoadErrors: Error: /Game/StarterContent/Materials/M_Wood_Oak : Can't find file for asset. /Game/StarterContent/Textures/T_Wood_Oak_N
[2018.04.16-23.43.20:084][  0]LogLinker: Warning: Can't find file '/Game/StarterContent/Textures/T_Wood_Oak_D'
[2018.04.16-23.43.20:084][  0]LoadErrors: Failed to load /Game/StarterContent/Textures/T_Wood_Oak_D.T_Wood_Oak_D Referenced by MaterialExpressionTextureSample_82
[2018.04.16-23.43.20:085][  0]LogLinker: Warning: Can't find file for asset '/Game/StarterContent/Textures/T_Wood_Oak_D' while loading NULL.
[2018.04.16-23.43.20:085][  0]LoadErrors: Failed to load /Game/StarterContent/Textures/T_Wood_Oak_D.T_Wood_Oak_D Referenced by MaterialExpressionTextureSample_82
[2018.04.16-23.43.20:085][  0]LogLinker: Warning: Can't find file '/Game/StarterContent/Textures/T_Wood_Oak_N'
[2018.04.16-23.43.20:085][  0]LoadErrors: Failed to load /Game/StarterContent/Textures/T_Wood_Oak_N.T_Wood_Oak_N Referenced by MaterialExpressionTextureSample_83
[2018.04.16-23.43.20:085][  0]LogLinker: Warning: Can't find file for asset '/Game/StarterContent/Textures/T_Wood_Oak_N' while loading NULL.
[2018.04.16-23.43.20:085][  0]LoadErrors: Failed to load /Game/StarterContent/Textures/T_Wood_Oak_N.T_Wood_Oak_N Referenced by MaterialExpressionTextureSample_83
[2018.04.16-23.43.20:239][  0]LogMaterial: Missing cached shader map for material M_Wood_Oak, compiling. 
[2018.04.16-23.43.20:242][  0]LogMaterial: Warning: D:\projects\Art-Thief\ArtThiefMuseum\Content\StarterContent\Materials\M_Wood_Oak.uasset: Failed to compile Material for platform PCD3D_SM5, Default Material will be used in game.
[2018.04.16-23.43.20:242][  0]LogMaterial: 	(Node TextureSample) Texture Sample> Missing input texture
[2018.04.16-23.43.20:597][  0]LogAIModule: Creating AISystem for world Minimal_Default
[2018.04.16-23.43.20:619][  0]LogEditorServer: Finished looking for orphan Actors (0.000 secs)
[2018.04.16-23.43.20:631][  0]Cmd: MAP CHECKDEP NOCLEARLOG
[2018.04.16-23.43.20:684][  0]MapCheck: Map check complete: 0 Error(s), 0 Warning(s), took 53.16ms to complete.
[2018.04.16-23.43.20:684][  0]LogFileHelpers: Loading map 'Minimal_Default' took 0.999
[2018.04.16-23.43.20:863][  0]LogCollectionManager: Loaded 0 collections in 0.000937 seconds
[2018.04.16-23.43.20:941][  0]LogFileCache: Scanning file cache for directory 'D:/projects/Art-Thief/ArtThiefMuseum/Saved/Collections/' took 0.01s
[2018.04.16-23.43.20:941][  0]LogFileCache: Scanning file cache for directory 'D:/projects/Art-Thief/ArtThiefMuseum/Content/Developers/JaredRothwell/Collections/' took 0.01s
[2018.04.16-23.43.20:941][  0]LogFileCache: Scanning file cache for directory 'D:/projects/Art-Thief/ArtThiefMuseum/Content/Collections/' took 0.01s
[2018.04.16-23.43.20:941][  0]LogCollectionManager: Rebuilt the GUID cache for 0 collections in 0.000001 seconds
[2018.04.16-23.43.20:952][  0]LogContentBrowser: Native class hierarchy populated in 0.0106 seconds. Added 2363 classes and 519 folders.
[2018.04.16-23.43.21:006][  0]LogContentBrowser: Native class hierarchy updated for 'WidgetCarousel' in 0.0003 seconds. Added 0 classes and 0 folders.
[2018.04.16-23.43.21:047][  0]LogContentBrowser: Native class hierarchy updated for 'AddContentDialog' in 0.0003 seconds. Added 0 classes and 0 folders.
[2018.04.16-23.43.21:086][  0]LogContentBrowser: Native class hierarchy updated for 'SceneOutliner' in 0.0003 seconds. Added 1 classes and 2 folders.
[2018.04.16-23.43.21:174][  0]LogSlate: Took 0.000183 seconds to synchronously load lazily loaded font '../../../Engine/Content/Slate/Fonts/Roboto-Regular.ttf' (155K)
[2018.04.16-23.43.21:177][  0]LogSlate: Took 0.000169 seconds to synchronously load lazily loaded font '../../../Engine/Content/Slate/Fonts/Roboto-Bold.ttf' (160K)
[2018.04.16-23.43.21:293][  0]LogRenderer: Reallocating scene render targets to support 1304x496 Format 10 NumSamples 1 (Frame:1).
[2018.04.16-23.43.21:537][  0]LogContentBrowser: Native class hierarchy updated for 'HierarchicalLODOutliner' in 0.0003 seconds. Added 1 classes and 2 folders.
[2018.04.16-23.43.21:537][  0]LogLoad: (Engine Initialization) Total time: 17.74 seconds
[2018.04.16-23.43.21:537][  0]LogLoad: (Engine Initialization) Total Blueprint compile time: 0.00 seconds
[2018.04.16-23.43.21:537][  0]LogExternalProfiler: Found external profiler: VSPerf
[2018.04.16-23.43.21:537][  0]LogExternalProfiler: Using external profiler: VSPerf
[2018.04.16-23.43.21:556][  0]LogWindowsTextInputMethodSystem: Display: IME system now deactivated.
[2018.04.16-23.43.21:589][  0]SourceControl: On branch master
[2018.04.16-23.43.21:589][  0]SourceControl: Your branch is up to date with 'origin/master'.
[2018.04.16-23.43.21:589][  0]SourceControl: Changes to be committed:
[2018.04.16-23.43.21:589][  0]SourceControl:   (use "git reset HEAD <file>..." to unstage)
[2018.04.16-23.43.21:589][  0]SourceControl: 	new file:   ArtThiefMuseum/Content/Animations/Thief_Props/Canvas_carrying_tube.uasset
[2018.04.16-23.43.21:589][  0]SourceControl: 	new file:   ArtThiefMuseum/Content/Animations/Thief_Props/pCylinder1Mat.uasset
[2018.04.16-23.43.21:589][  0]SourceControl: Changes not staged for commit:
[2018.04.16-23.43.21:589][  0]SourceControl:   (use "git add <file>..." to update what will be committed)
[2018.04.16-23.43.21:589][  0]SourceControl:   (use "git checkout -- <file>..." to discard changes in working directory)
[2018.04.16-23.43.21:589][  0]SourceControl: 	modified:   ArtThiefMuseum/Content/Animations/Thief_fixed/TheifFixed_Skeleton.uasset
[2018.04.16-23.43.21:589][  0]SourceControl: 	modified:   ArtThiefMuseum/Content/Sequences/sneaking_seq.uasset
[2018.04.16-23.43.21:589][  0]SourceControl: 	modified:   ArtThiefMuseum/Content/StarterContent/Maps/Minimal_Default.umap
[2018.04.16-23.43.21:589][  0]SourceControl: 	modified:   ArtThiefMuseum/Intermediate/CachedAssetRegistry.bin
[2018.04.16-23.43.21:589][  0]SourceControl: 	modified:   ArtThiefMuseum/Saved/AutoScreenshot.png
[2018.04.16-23.43.21:589][  0]SourceControl: 	modified:   ArtThiefMuseum/Saved/Autosaves/Game/StarterContent/Maps/Minimal_Default_Auto1.umap
[2018.04.16-23.43.21:589][  0]SourceControl: 	modified:   ArtThiefMuseum/Saved/Autosaves/Game/StarterContent/Maps/Minimal_Default_Auto2.umap
[2018.04.16-23.43.21:589][  0]SourceControl: 	modified:   ArtThiefMuseum/Saved/Autosaves/Game/StarterContent/Maps/Minimal_Default_Auto3.umap
[2018.04.16-23.43.21:589][  0]SourceControl: 	modified:   ArtThiefMuseum/Saved/Config/Windows/EditorPerProjectUserSettings.ini
[2018.04.16-23.43.21:589][  0]SourceControl: 	modified:   ArtThiefMuseum/Saved/Config/Windows/Engine.ini
[2018.04.16-23.43.21:589][  0]SourceControl: 	modified:   ArtThiefMuseum/Saved/Logs/ArtThiefMuseum.log
[2018.04.16-23.43.21:589][  0]SourceControl: 	modified:   ArtThiefMuseum/Saved/Logs/ArtThiefMuseum_2.log
[2018.04.16-23.43.21:589][  0]SourceControl: Untracked files:
[2018.04.16-23.43.21:589][  0]SourceControl:   (use "git add <file>..." to include in what will be committed)
[2018.04.16-23.43.21:589][  0]SourceControl: 	ArtThiefMuseum/Saved/Autosaves/Game/StarterContent/Maps/Exterior_Auto1.umap
[2018.04.16-23.43.21:589][  0]SourceControl: 	ArtThiefMuseum/Saved/Autosaves/Game/StarterContent/Maps/Exterior_Auto2.umap
[2018.04.16-23.43.21:589][  0]SourceControl: 	ArtThiefMuseum/Saved/Autosaves/Game/StarterContent/Maps/Exterior_Auto3.umap
[2018.04.16-23.43.21:589][  0]SourceControl: 	ArtThiefMuseum/Saved/Backup/
[2018.04.16-23.43.21:589][  0]SourceControl: 	ArtThiefMuseum/Saved/Config/CrashReportClient/UE4CC-Windows-37ED78DB4068CC33F4497EA970420CD0/
[2018.04.16-23.43.21:589][  0]SourceControl: 	ArtThiefMuseum/Saved/Config/CrashReportClient/UE4CC-Windows-3FCA43DF48E4047E69DC12ADB2E4C0E6/
[2018.04.16-23.43.21:589][  0]SourceControl: 	ArtThiefMuseum/Saved/Config/CrashReportClient/UE4CC-Windows-D9EC866F46C472DC975005ABFF5E9D50/
[2018.04.16-23.43.21:589][  0]SourceControl: 	ArtThiefMuseum/Saved/Config/WorldState/759477767.json
[2018.04.16-23.43.21:589][  0]SourceControl: 	ArtThiefMuseum/Saved/Logs/ArtThiefMuseum-backup-2018.04.16-17.05.33.log
[2018.04.16-23.43.21:589][  0]SourceControl: 	ArtThiefMuseum/Saved/Logs/ArtThiefMuseum_2-backup-2018.04.16-17.43.04.log
[2018.04.16-23.43.21:589][  0]LogContentStreaming: Texture pool size now 1000 MB
[2018.04.16-23.43.21:671][  1]LogFileCache: Retrieving MD5 hashes for directory 'D:/projects/Art-Thief/ArtThiefMuseum/Content/' took 0.10s
[2018.04.16-23.43.21:689][  1]LogAssetRegistry: Asset discovery search completed in 11.3271 seconds
[2018.04.16-23.43.21:692][  1]LogCollectionManager: Rebuilt the object cache for 0 collections in 0.000000 seconds (found 0 objects)
[2018.04.16-23.43.21:692][  1]LogCollectionManager: Fixed up redirectors for 0 collections in 0.000076 seconds (updated 0 objects)
[2018.04.16-23.43.27:867][348]LogSlate: Took 0.000262 seconds to synchronously load lazily loaded font '../../../Engine/Content/Editor/Slate/Fonts/FontAwesome.ttf' (139K)
[2018.04.16-23.43.43:185][255]LogEditorViewport: Clicking on Actor (LMB): SkeletalMeshActor (TheifFixed2)
[2018.04.16-23.44.18:605][347]EditorErrors: New page: Actor attachment
[2018.04.16-23.44.27:828][887]LogSlate: Took 0.000263 seconds to synchronously load lazily loaded font '../../../Engine/Content/Slate/Fonts/Roboto-Light.ttf' (159K)
[2018.04.16-23.44.28:101][887]LogSavePackage: Save=195.94ms
[2018.04.16-23.44.28:101][887]LogSavePackage: Moving '../../../../projects/Art-Thief/ArtThiefMuseum/Saved/Minimal_DefaultBC1CA54749874EA79790D18761CEC1E9.tmp' to '../../../../projects/Art-Thief/ArtThiefMuseum/Content/StarterContent/Maps/Minimal_Default.umap'
[2018.04.16-23.44.28:103][887]LogSavePackage: Display: Finished SavePackage ../../../../projects/Art-Thief/ArtThiefMuseum/Content/StarterContent/Maps/Minimal_Default.umap
[2018.04.16-23.44.28:132][887]LogFileHelpers: Saving map 'Minimal_Default' took 0.292
[2018.04.16-23.44.31:699][ 93]LogSlate: Took 0.000377 seconds to synchronously load lazily loaded font '../../../Engine/Content/Slate/Fonts/Roboto-Light.ttf' (159K)
[2018.04.16-23.48.12:738][628]LogSavePackage: Save=188.61ms
[2018.04.16-23.48.12:738][628]LogSavePackage: Moving '../../../../projects/Art-Thief/ArtThiefMuseum/Saved/Minimal_DefaultD832C4E2402E11E8C05048A76B03ED59.tmp' to '../../../../projects/Art-Thief/ArtThiefMuseum/Content/StarterContent/Maps/Minimal_Default.umap'
[2018.04.16-23.48.12:740][628]LogSavePackage: Display: Finished SavePackage ../../../../projects/Art-Thief/ArtThiefMuseum/Content/StarterContent/Maps/Minimal_Default.umap
[2018.04.16-23.48.12:769][628]LogFileHelpers: Saving map 'Minimal_Default' took 0.297
[2018.04.16-23.48.12:772][628]Cmd: OBJ SAVEPACKAGE PACKAGE="/Game/Sequences/sneaking_seq" FILE="../../../../projects/Art-Thief/ArtThiefMuseum/Content/Sequences/sneaking_seq.uasset" SILENT=true
[2018.04.16-23.48.12:807][628]LogSavePackage: Save=27.82ms
[2018.04.16-23.48.12:807][628]LogSavePackage: Moving '../../../../projects/Art-Thief/ArtThiefMuseum/Saved/sneaking_seq6B07C3394F379DAF6F5B778302BDDA26.tmp' to '../../../../projects/Art-Thief/ArtThiefMuseum/Content/Sequences/sneaking_seq.uasset'
[2018.04.16-23.48.12:809][628]LogSavePackage: Display: Finished SavePackage ../../../../projects/Art-Thief/ArtThiefMuseum/Content/Sequences/sneaking_seq.uasset
[2018.04.16-23.48.16:678][747]Cmd: OBJ SAVEPACKAGE PACKAGE="/Game/Sequences/Alarm_seq" FILE="../../../../projects/Art-Thief/ArtThiefMuseum/Content/Sequences/Alarm_seq.uasset" SILENT=true
[2018.04.16-23.48.16:737][747]LogSavePackage: Save=51.58ms
[2018.04.16-23.48.16:737][747]LogSavePackage: Moving '../../../../projects/Art-Thief/ArtThiefMuseum/Saved/Alarm_seq3FC46BF34EE6420280478BA1AEFE1B2C.tmp' to '../../../../projects/Art-Thief/ArtThiefMuseum/Content/Sequences/Alarm_seq.uasset'
[2018.04.16-23.48.16:786][747]LogSavePackage: Display: Finished SavePackage ../../../../projects/Art-Thief/ArtThiefMuseum/Content/Sequences/Alarm_seq.uasset
[2018.04.16-23.48.17:005][747]LogWindowsTextInputMethodSystem: Display: IME system now deactivated.
[2018.04.16-23.48.17:237][748]Cmd: QUIT_EDITOR
[2018.04.16-23.48.17:280][748]LogExit: Preparing to exit.
[2018.04.16-23.48.17:640][748]LogDirectoryWatcher: A directory notification for 'D:/projects/Art-Thief/ArtThiefMuseum/Content/' was aborted.
[2018.04.16-23.48.17:661][748]LogExit: Editor shut down
[2018.04.16-23.48.17:664][748]LogExit: Transaction tracking system shut down
[2018.04.16-23.48.17:832][748]LogDirectoryWatcher: A directory notification for '../../../Engine/Content/' was aborted.
[2018.04.16-23.48.17:832][748]LogDirectoryWatcher: A directory notification for '../../../../projects/Art-Thief/ArtThiefMuseum/Content/' was aborted.
[2018.04.16-23.48.17:833][748]LogDirectoryWatcher: A directory notification for '../../../Engine/Plugins/2D/Paper2D/Content/' was aborted.
[2018.04.16-23.48.17:833][748]LogDirectoryWatcher: A directory notification for '../../../Engine/Plugins/Media/MediaCompositing/Content/' was aborted.
[2018.04.16-23.48.17:833][748]LogDirectoryWatcher: A directory notification for '../../../Engine/Plugins/Runtime/AppleARKit/Content/' was aborted.
[2018.04.16-23.48.17:833][748]LogDirectoryWatcher: A directory notification for '../../../Engine/Plugins/Runtime/Oculus/OculusVR/Content/' was aborted.
[2018.04.16-23.48.17:833][748]LogDirectoryWatcher: A directory notification for '../../../Engine/Plugins/Runtime/Steam/SteamVR/Content/' was aborted.
[2018.04.16-23.48.17:899][748]LogExit: Object subsystem successfully closed.
[2018.04.16-23.48.17:922][748]LogD3D11RHI: Shutdown
[2018.04.16-23.48.17:923][748]LogD3D11RHI: CleanupD3DDevice
[2018.04.16-23.48.17:925][748]LogD3D11RHI: ~FD3D11DynamicRHI
[2018.04.16-23.48.17:933][748]LogModuleManager: Shutting down and abandoning module SequencerWidgets (550)
[2018.04.16-23.48.17:933][748]LogModuleManager: Shutting down and abandoning module HierarchicalLODOutliner (548)
[2018.04.16-23.48.17:933][748]LogModuleManager: Shutting down and abandoning module SceneOutliner (546)
[2018.04.16-23.48.17:933][748]LogModuleManager: Shutting down and abandoning module AddContentDialog (544)
[2018.04.16-23.48.17:933][748]LogDirectoryWatcher: A directory notification for 'D:/UE_4.18/FeaturePacks/' was aborted.
[2018.04.16-23.48.17:934][748]LogModuleManager: Shutting down and abandoning module WidgetCarousel (543)
[2018.04.16-23.48.17:934][748]LogModuleManager: Shutting down and abandoning module EditorWidgets (540)
[2018.04.16-23.48.17:934][748]LogModuleManager: Shutting down and abandoning module CollectionManager (538)
[2018.04.16-23.48.17:934][748]LogDirectoryWatcher: A directory notification for 'D:/projects/Art-Thief/ArtThiefMuseum/Content/Collections/' was aborted.
[2018.04.16-23.48.17:934][748]LogDirectoryWatcher: A directory notification for 'D:/projects/Art-Thief/ArtThiefMuseum/Content/Developers/JaredRothwell/Collections/' was aborted.
[2018.04.16-23.48.17:934][748]LogDirectoryWatcher: A directory notification for 'D:/projects/Art-Thief/ArtThiefMuseum/Saved/Collections/' was aborted.
[2018.04.16-23.48.17:935][748]LogModuleManager: Shutting down and abandoning module StatsViewer (536)
[2018.04.16-23.48.17:935][748]LogModuleManager: Shutting down and abandoning module FoliageEdit (534)
[2018.04.16-23.48.17:935][748]LogModuleManager: Shutting down and abandoning module LandscapeEditor (532)
[2018.04.16-23.48.17:935][748]LogModuleManager: Shutting down and abandoning module MeshPaintMode (530)
[2018.04.16-23.48.17:935][748]LogModuleManager: Shutting down and abandoning module SceneDepthPickerMode (528)
[2018.04.16-23.48.17:935][748]LogModuleManager: Shutting down and abandoning module ActorPickerMode (526)
[2018.04.16-23.48.17:935][748]LogModuleManager: Shutting down and abandoning module GeometryMode (524)
[2018.04.16-23.48.17:935][748]LogModuleManager: Shutting down and abandoning module TextureAlignMode (522)
[2018.04.16-23.48.17:935][748]LogModuleManager: Shutting down and abandoning module BspMode (520)
[2018.04.16-23.48.17:935][748]LogModuleManager: Shutting down and abandoning module PIEPreviewDeviceProfileSelector (518)
[2018.04.16-23.48.17:935][748]LogModuleManager: Shutting down and abandoning module HardwareSurvey (516)
[2018.04.16-23.48.17:935][748]LogModuleManager: Shutting down and abandoning module SequenceRecorderSections (514)
[2018.04.16-23.48.17:935][748]LogModuleManager: Shutting down and abandoning module AutomationWorker (512)
[2018.04.16-23.48.17:935][748]LogModuleManager: Shutting down and abandoning module MatineeToLevelSequence (510)
[2018.04.16-23.48.17:935][748]LogModuleManager: Shutting down and abandoning module LevelSequenceEditor (508)
[2018.04.16-23.48.17:935][748]LogModuleManager: Shutting down and abandoning module PlacementMode (507)
[2018.04.16-23.48.17:935][748]LogModuleManager: Shutting down and abandoning module WmfMediaFactory (504)
[2018.04.16-23.48.17:935][748]LogModuleManager: Shutting down and abandoning module WmfMediaEditor (502)
[2018.04.16-23.48.17:935][748]LogModuleManager: Shutting down and abandoning module OpenExrWrapper (500)
[2018.04.16-23.48.17:935][748]LogModuleManager: Shutting down and abandoning module ImgMediaFactory (498)
[2018.04.16-23.48.17:935][748]LogModuleManager: Shutting down and abandoning module ImgMediaEditor (496)
[2018.04.16-23.48.17:935][748]LogModuleManager: Shutting down and abandoning module AvfMediaFactory (494)
[2018.04.16-23.48.17:935][748]LogModuleManager: Shutting down and abandoning module AvfMediaEditor (492)
[2018.04.16-23.48.17:935][748]LogModuleManager: Shutting down and abandoning module AndroidMediaFactory (490)
[2018.04.16-23.48.17:935][748]LogModuleManager: Shutting down and abandoning module AndroidMediaEditor (488)
[2018.04.16-23.48.17:935][748]LogModuleManager: Shutting down and abandoning module CharacterAI (486)
[2018.04.16-23.48.17:935][748]LogModuleManager: Shutting down and abandoning module AudioCapture (484)
[2018.04.16-23.48.17:935][748]LogModuleManager: Shutting down and abandoning module SequenceRecorder (483)
[2018.04.16-23.48.17:935][748]LogModuleManager: Shutting down and abandoning module SmartSnapping (480)
[2018.04.16-23.48.17:935][748]LogModuleManager: Shutting down and abandoning module SessionServices (478)
[2018.04.16-23.48.17:935][748]LogModuleManager: Shutting down and abandoning module ViewportSnapping (476)
[2018.04.16-23.48.17:935][748]LogModuleManager: Shutting down and abandoning module ViewportInteraction (474)
[2018.04.16-23.48.17:935][748]LogModuleManager: Shutting down and abandoning module ClothPainter (472)
[2018.04.16-23.48.17:935][748]LogModuleManager: Shutting down and abandoning module SkeletalMeshEditor (471)
[2018.04.16-23.48.17:935][748]LogModuleManager: Shutting down and abandoning module LogVisualizer (468)
[2018.04.16-23.48.17:935][748]LogModuleManager: Shutting down and abandoning module IntroTutorials (466)
[2018.04.16-23.48.17:936][748]LogModuleManager: Shutting down and abandoning module GameProjectGeneration (465)
[2018.04.16-23.48.17:936][748]LogModuleManager: Shutting down and abandoning module IOSPlatformEditor (462)
[2018.04.16-23.48.17:936][748]LogModuleManager: Shutting down and abandoning module HTML5PlatformEditor (460)
[2018.04.16-23.48.17:936][748]LogModuleManager: Shutting down and abandoning module AndroidPlatformEditor (458)
[2018.04.16-23.48.17:936][748]LogModuleManager: Shutting down and abandoning module AndroidDeviceDetection (457)
[2018.04.16-23.48.18:287][748]LogModuleManager: Shutting down and abandoning module WindowsPlatformEditor (454)
[2018.04.16-23.48.18:287][748]LogModuleManager: Shutting down and abandoning module IOSRuntimeSettings (452)
[2018.04.16-23.48.18:287][748]LogModuleManager: Shutting down and abandoning module AndroidRuntimeSettings (450)
[2018.04.16-23.48.18:287][748]LogModuleManager: Shutting down and abandoning module InputBindingEditor (448)
[2018.04.16-23.48.18:287][748]LogModuleManager: Shutting down and abandoning module MergeActors (446)
[2018.04.16-23.48.18:287][748]LogModuleManager: Shutting down and abandoning module SizeMap (444)
[2018.04.16-23.48.18:287][748]LogModuleManager: Shutting down and abandoning module TreeMap (442)
[2018.04.16-23.48.18:287][748]LogModuleManager: Shutting down and abandoning module ReferenceViewer (440)
[2018.04.16-23.48.18:287][748]LogModuleManager: Shutting down and abandoning module LocalizationDashboard (438)
[2018.04.16-23.48.18:287][748]LogModuleManager: Shutting down and abandoning module LocalizationService (437)
[2018.04.16-23.48.18:288][748]LogModuleManager: Shutting down and abandoning module HardwareTargeting (434)
[2018.04.16-23.48.18:288][748]LogModuleManager: Shutting down and abandoning module DeviceProfileEditor (432)
[2018.04.16-23.48.18:288][748]LogModuleManager: Shutting down and abandoning module UndoHistory (430)
[2018.04.16-23.48.18:288][748]LogModuleManager: Shutting down and abandoning module XmlParser (428)
[2018.04.16-23.48.18:288][748]LogModuleManager: Shutting down and abandoning module Blutility (426)
[2018.04.16-23.48.18:288][748]LogModuleManager: Shutting down and abandoning module ProjectSettingsViewer (424)
[2018.04.16-23.48.18:288][748]LogModuleManager: Shutting down and abandoning module ProjectTargetPlatformEditor (423)
[2018.04.16-23.48.18:288][748]LogModuleManager: Shutting down and abandoning module EditorSettingsViewer (420)
[2018.04.16-23.48.18:288][748]LogModuleManager: Shutting down and abandoning module SettingsEditor (418)
[2018.04.16-23.48.18:288][748]LogModuleManager: Shutting down and abandoning module ProjectLauncher (416)
[2018.04.16-23.48.18:288][748]LogModuleManager: Shutting down and abandoning module SessionFrontend (414)
[2018.04.16-23.48.18:288][748]LogModuleManager: Shutting down and abandoning module ProfilerClient (412)
[2018.04.16-23.48.18:288][748]LogModuleManager: Shutting down and abandoning module DeviceManager (410)
[2018.04.16-23.48.18:288][748]LogModuleManager: Shutting down and abandoning module TargetDeviceServices (409)
[2018.04.16-23.48.18:342][748]LogModuleManager: Shutting down and abandoning module AutomationController (406)
[2018.04.16-23.48.18:342][748]LogModuleManager: Shutting down and abandoning module AutomationWindow (404)
[2018.04.16-23.48.18:342][748]LogModuleManager: Shutting down and abandoning module Layers (402)
[2018.04.16-23.48.18:342][748]LogModuleManager: Shutting down and abandoning module ComponentVisualizers (400)
[2018.04.16-23.48.18:342][748]LogModuleManager: Shutting down and abandoning module DetailCustomizations (398)
[2018.04.16-23.48.18:342][748]LogModuleManager: Shutting down and abandoning module PackagesDialog (396)
[2018.04.16-23.48.18:342][748]LogModuleManager: Shutting down and abandoning module Persona (394)
[2018.04.16-23.48.18:342][748]LogModuleManager: Shutting down and abandoning module AdvancedPreviewScene (393)
[2018.04.16-23.48.18:342][748]LogModuleManager: Shutting down and abandoning module AnimGraph (391)
[2018.04.16-23.48.18:342][748]LogModuleManager: Shutting down and abandoning module Kismet (388)
[2018.04.16-23.48.18:342][748]LogModuleManager: Shutting down and abandoning module ClassViewer (386)
[2018.04.16-23.48.18:342][748]LogModuleManager: Shutting down and abandoning module Toolbox (384)
[2018.04.16-23.48.18:342][748]LogModuleManager: Shutting down and abandoning module ModuleUI (382)
[2018.04.16-23.48.18:342][748]LogModuleManager: Shutting down and abandoning module MovieSceneTools (380)
[2018.04.16-23.48.18:342][748]LogModuleManager: Shutting down and abandoning module OutputLog (378)
[2018.04.16-23.48.18:342][748]LogModuleManager: Shutting down and abandoning module GammaUI (376)
[2018.04.16-23.48.18:342][748]LogModuleManager: Shutting down and abandoning module Documentation (374)
[2018.04.16-23.48.18:342][748]LogModuleManager: Shutting down and abandoning module MovieSceneTracks (372)
[2018.04.16-23.48.18:342][748]LogModuleManager: Shutting down and abandoning module MovieScene (370)
[2018.04.16-23.48.18:342][748]LogModuleManager: Shutting down and abandoning module StreamingPauseRendering (368)
[2018.04.16-23.48.18:342][748]LogModuleManager: Shutting down and abandoning module LauncherPlatform (366)
[2018.04.16-23.48.18:342][748]LogModuleManager: Shutting down and abandoning module AnalyticsET (364)
[2018.04.16-23.48.18:342][748]LogModuleManager: Shutting down and abandoning module PortalServices (362)
[2018.04.16-23.48.18:342][748]LogModuleManager: Shutting down and abandoning module PortalRpc (360)
[2018.04.16-23.48.18:342][748]LogModuleManager: Shutting down and abandoning module MessagingRpc (358)
[2018.04.16-23.48.18:342][748]LogModuleManager: Shutting down and abandoning module AIModule (356)
[2018.04.16-23.48.18:342][748]LogModuleManager: Shutting down and abandoning module GameplayDebugger (355)
[2018.04.16-23.48.18:342][748]LogModuleManager: Shutting down and abandoning module AITestSuite (353)
[2018.04.16-23.48.18:342][748]LogModuleManager: Shutting down and abandoning module DesktopPlatform (350)
[2018.04.16-23.48.18:342][748]LogModuleManager: Shutting down and abandoning module ProfilerService (348)
[2018.04.16-23.48.18:512][748]LogModuleManager: Shutting down and abandoning module TaskGraph (346)
[2018.04.16-23.48.18:512][748]LogModuleManager: Shutting down and abandoning module SteamVRController (344)
[2018.04.16-23.48.18:512][748]LogModuleManager: Shutting down and abandoning module ProceduralMeshComponentEditor (342)
[2018.04.16-23.48.18:512][748]LogModuleManager: Shutting down and abandoning module ProceduralMeshComponent (340)
[2018.04.16-23.48.18:512][748]LogModuleManager: Shutting down and abandoning module OculusInput (338)
[2018.04.16-23.48.18:512][748]LogModuleManager: Shutting down and abandoning module MobilePatchingUtils (336)
[2018.04.16-23.48.18:512][748]LogModuleManager: Shutting down and abandoning module CustomMeshComponent (334)
[2018.04.16-23.48.18:512][748]LogModuleManager: Shutting down and abandoning module CableComponent (332)
[2018.04.16-23.48.18:512][748]LogModuleManager: Shutting down and abandoning module ArchVisCharacter (330)
[2018.04.16-23.48.18:512][748]LogModuleManager: Shutting down and abandoning module AndroidPermission (328)
[2018.04.16-23.48.18:512][748]LogModuleManager: Shutting down and abandoning module ActorSequence (324)
[2018.04.16-23.48.18:512][748]LogModuleManager: Shutting down and abandoning module MediaPlayerEditor (322)
[2018.04.16-23.48.18:512][748]LogModuleManager: Shutting down and abandoning module MediaCompositingEditor (320)
[2018.04.16-23.48.18:512][748]LogModuleManager: Shutting down and abandoning module MediaCompositing (318)
[2018.04.16-23.48.18:512][748]LogModuleManager: Shutting down and abandoning module HTML5Networking (316)
[2018.04.16-23.48.18:512][748]LogModuleManager: Shutting down and abandoning module AlembicImporter (314)
[2018.04.16-23.48.18:513][748]LogModuleManager: Shutting down and abandoning module AlembicLibrary (313)
[2018.04.16-23.48.18:513][748]LogModuleManager: Shutting down and abandoning module GeometryCache (312)
[2018.04.16-23.48.18:513][748]LogModuleManager: Shutting down and abandoning module GeometryCacheEd (311)
[2018.04.16-23.48.18:513][748]LogModuleManager: Shutting down and abandoning module SpeedTreeImporter (306)
[2018.04.16-23.48.18:513][748]LogModuleManager: Shutting down and abandoning module PluginBrowser (304)
[2018.04.16-23.48.18:513][748]LogModuleManager: Shutting down and abandoning module MobileLauncherProfileWizard (302)
[2018.04.16-23.48.18:513][748]LogModuleManager: Shutting down and abandoning module VisualStudioSourceCodeAccess (300)
[2018.04.16-23.48.18:513][748]LogModuleManager: Shutting down and abandoning module VisualStudioCodeSourceCodeAccess (298)
[2018.04.16-23.48.18:513][748]LogModuleManager: Shutting down and abandoning module UObjectPlugin (296)
[2018.04.16-23.48.18:513][748]LogModuleManager: Shutting down and abandoning module SubversionSourceControl (294)
[2018.04.16-23.48.18:513][748]LogModuleManager: Shutting down and abandoning module PerforceSourceControl (292)
[2018.04.16-23.48.18:513][748]LogModuleManager: Shutting down and abandoning module GitSourceControl (290)
[2018.04.16-23.48.18:513][748]LogModuleManager: Shutting down and abandoning module SourceControl (289)
[2018.04.16-23.48.18:513][748]LogModuleManager: Shutting down and abandoning module LightPropagationVolumeEditor (286)
[2018.04.16-23.48.18:513][748]LogModuleManager: Shutting down and abandoning module PaperTiledImporter (284)
[2018.04.16-23.48.18:513][748]LogModuleManager: Shutting down and abandoning module PaperSpriteSheetImporter (282)
[2018.04.16-23.48.18:513][748]LogModuleManager: Shutting down and abandoning module Paper2DEditor (280)
[2018.04.16-23.48.18:513][748]LogModuleManager: Shutting down and abandoning module MeshPaint (279)
[2018.04.16-23.48.18:513][748]LogModuleManager: Shutting down and abandoning module LevelEditor (277)
[2018.04.16-23.48.18:514][748]LogModuleManager: Shutting down and abandoning module PixelInspectorModule (276)
[2018.04.16-23.48.18:514][748]LogModuleManager: Shutting down and abandoning module MainFrame (274)
[2018.04.16-23.48.18:514][748]LogModuleManager: Shutting down and abandoning module HotReload (273)
[2018.04.16-23.48.18:514][748]LogModuleManager: Shutting down and abandoning module RuntimePhysXCooking (268)
[2018.04.16-23.48.18:514][748]LogModuleManager: Shutting down and abandoning module PhysXVehiclesEditor (266)
[2018.04.16-23.48.18:514][748]LogModuleManager: Shutting down and abandoning module PhysXVehicles (264)
[2018.04.16-23.48.18:514][748]LogModuleManager: Shutting down and abandoning module OculusEditor (262)
[2018.04.16-23.48.18:514][748]LogModuleManager: Shutting down and abandoning module LocationServicesBPLibrary (260)
[2018.04.16-23.48.18:514][748]LogModuleManager: Shutting down and abandoning module ImmediatePhysicsEditor (258)
[2018.04.16-23.48.18:514][748]LogModuleManager: Shutting down and abandoning module ImmediatePhysics (256)
[2018.04.16-23.48.18:514][748]LogModuleManager: Shutting down and abandoning module UdpMessaging (254)
[2018.04.16-23.48.18:615][748]LogModuleManager: Shutting down and abandoning module TcpMessaging (252)
[2018.04.16-23.48.18:716][748]LogModuleManager: Shutting down and abandoning module GameplayTagsEditor (250)
[2018.04.16-23.48.18:716][748]LogModuleManager: Shutting down and abandoning module FacialAnimationEditor (248)
[2018.04.16-23.48.18:716][748]LogModuleManager: Shutting down and abandoning module FacialAnimation (246)
[2018.04.16-23.48.18:716][748]LogModuleManager: Shutting down and abandoning module AssetManagerEditor (244)
[2018.04.16-23.48.18:716][748]LogModuleManager: Shutting down and abandoning module GraphEditor (243)
[2018.04.16-23.48.18:716][748]LogModuleManager: Shutting down and abandoning module ContentBrowser (241)
[2018.04.16-23.48.18:717][748]LogModuleManager: Shutting down and abandoning module LightPropagationVolumeRuntime (238)
[2018.04.16-23.48.18:717][748]LogModuleManager: Shutting down and abandoning module Paper2D (236)
[2018.04.16-23.48.18:717][748]LogModuleManager: Shutting down and abandoning module WindowsMoviePlayer (234)
[2018.04.16-23.48.18:717][748]LogModuleManager: Shutting down and abandoning module WmfMedia (232)
[2018.04.16-23.48.18:719][748]LogModuleManager: Shutting down and abandoning module ImgMedia (230)
[2018.04.16-23.48.18:719][748]LogModuleManager: Shutting down and abandoning module PacketHandler (228)
[2018.04.16-23.48.18:719][748]LogModuleManager: Shutting down and abandoning module ClothingSystemEditor (226)
[2018.04.16-23.48.18:719][748]LogModuleManager: Shutting down and abandoning module ClothingSystemRuntime (224)
[2018.04.16-23.48.18:719][748]LogModuleManager: Shutting down and abandoning module MediaAssets (222)
[2018.04.16-23.48.18:719][748]LogModuleManager: Shutting down and abandoning module Media (221)
[2018.04.16-23.48.18:725][748]LogModuleManager: Shutting down and abandoning module Overlay (218)
[2018.04.16-23.48.18:725][748]LogModuleManager: Shutting down and abandoning module OverlayEditor (217)
[2018.04.16-23.48.18:725][748]LogModuleManager: Shutting down and abandoning module VREditor (214)
[2018.04.16-23.48.18:725][748]LogModuleManager: Shutting down and abandoning module StringTableEditor (212)
[2018.04.16-23.48.18:725][748]LogModuleManager: Shutting down and abandoning module GameplayTasksEditor (210)
[2018.04.16-23.48.18:725][748]LogModuleManager: Shutting down and abandoning module BehaviorTreeEditor (208)
[2018.04.16-23.48.18:725][748]LogModuleManager: Shutting down and abandoning module FunctionalTesting (206)
[2018.04.16-23.48.18:725][748]LogModuleManager: Shutting down and abandoning module CollisionAnalyzer (204)
[2018.04.16-23.48.18:725][748]LogModuleManager: Shutting down and abandoning module WorkspaceMenuStructure (203)
[2018.04.16-23.48.18:725][748]LogModuleManager: Shutting down and abandoning module UMG (200)
[2018.04.16-23.48.18:725][748]LogModuleManager: Shutting down and abandoning module UMGEditor (199)
[2018.04.16-23.48.18:726][748]LogModuleManager: Shutting down and abandoning module Sequencer (198)
[2018.04.16-23.48.18:726][748]LogModuleManager: Shutting down and abandoning module MessageLog (195)
[2018.04.16-23.48.18:726][748]LogModuleManager: Shutting down and abandoning module SlateReflector (190)
[2018.04.16-23.48.18:726][748]LogModuleManager: Shutting down and abandoning module Slate (188)
[2018.04.16-23.48.18:726][748]LogModuleManager: Shutting down and abandoning module EditorStyle (186)
[2018.04.16-23.48.18:728][748]LogModuleManager: Shutting down and abandoning module MRMesh (184)
[2018.04.16-23.48.18:728][748]LogModuleManager: Shutting down and abandoning module SourceCodeAccess (182)
[2018.04.16-23.48.18:728][748]LogModuleManager: Shutting down and abandoning module HeadMountedDisplay (180)
[2018.04.16-23.48.18:728][748]LogModuleManager: Shutting down and abandoning module XAudio2 (178)
[2018.04.16-23.48.18:728][748]LogModuleManager: Shutting down and abandoning module Networking (176)
[2018.04.16-23.48.18:728][748]LogModuleManager: Shutting down and abandoning module Core (172)
[2018.04.16-23.48.18:728][748]LogModuleManager: Shutting down and abandoning module LevelSequence (168)
[2018.04.16-23.48.18:728][748]LogModuleManager: Shutting down and abandoning module DirectoryWatcher (166)
[2018.04.16-23.48.18:728][748]LogModuleManager: Shutting down and abandoning module KismetCompiler (164)
[2018.04.16-23.48.18:728][748]LogModuleManager: Shutting down and abandoning module MeshUtilities (162)
[2018.04.16-23.48.18:728][748]LogModuleManager: Shutting down and abandoning module MeshMergeUtilities (161)
[2018.04.16-23.48.18:728][748]LogModuleManager: Shutting down and abandoning module MeshReductionInterface (160)
[2018.04.16-23.48.18:728][748]LogModuleManager: Shutting down and abandoning module SimplygonSwarm (159)
[2018.04.16-23.48.18:728][748]LogModuleManager: Shutting down and abandoning module SimplygonMeshReduction (157)
[2018.04.16-23.48.18:729][748]LogModuleManager: Shutting down and abandoning module QuadricMeshReduction (155)
[2018.04.16-23.48.18:729][748]LogModuleManager: Shutting down and abandoning module MaterialBaking (151)
[2018.04.16-23.48.18:729][748]LogModuleManager: Shutting down and abandoning module DerivedDataCache (148)
[2018.04.16-23.48.18:803][748]LogDerivedDataCache: Shutdown
[2018.04.16-23.48.18:803][748]LogModuleManager: Shutting down and abandoning module TargetPlatform (146)
[2018.04.16-23.48.18:803][748]LogModuleManager: Shutting down and abandoning module VulkanShaderFormat (145)
[2018.04.16-23.48.18:803][748]LogModuleManager: Shutting down and abandoning module ShaderFormatVectorVM (143)
[2018.04.16-23.48.18:803][748]LogModuleManager: Shutting down and abandoning module ShaderFormatOpenGL (141)
[2018.04.16-23.48.18:803][748]LogModuleManager: Shutting down and abandoning module ShaderFormatD3D (139)
[2018.04.16-23.48.18:803][748]LogModuleManager: Shutting down and abandoning module MetalShaderFormat (137)
[2018.04.16-23.48.18:803][748]LogModuleManager: Shutting down and abandoning module TextureFormatUncompressed (135)
[2018.04.16-23.48.18:803][748]LogModuleManager: Shutting down and abandoning module TextureFormatPVR (133)
[2018.04.16-23.48.18:803][748]LogModuleManager: Shutting down and abandoning module TextureFormatDXT (131)
[2018.04.16-23.48.18:803][748]LogModuleManager: Shutting down and abandoning module TextureFormatIntelISPCTexComp (129)
[2018.04.16-23.48.18:803][748]LogModuleManager: Shutting down and abandoning module TextureFormatASTC (127)
[2018.04.16-23.48.18:803][748]LogModuleManager: Shutting down and abandoning module ImageWrapper (126)
[2018.04.16-23.48.18:803][748]LogModuleManager: Shutting down and abandoning module TextureFormatAndroid (123)
[2018.04.16-23.48.18:803][748]LogModuleManager: Shutting down and abandoning module AudioFormatOpus (121)
[2018.04.16-23.48.18:803][748]LogModuleManager: Shutting down and abandoning module AudioFormatOgg (119)
[2018.04.16-23.48.18:803][748]LogModuleManager: Shutting down and abandoning module AudioFormatADPCM (117)
[2018.04.16-23.48.18:803][748]LogModuleManager: Shutting down and abandoning module LinuxTargetPlatform (115)
[2018.04.16-23.48.18:803][748]LogModuleManager: Shutting down and abandoning module LinuxServerTargetPlatform (113)
[2018.04.16-23.48.18:803][748]LogModuleManager: Shutting down and abandoning module LinuxNoEditorTargetPlatform (111)
[2018.04.16-23.48.18:803][748]LogModuleManager: Shutting down and abandoning module LinuxClientTargetPlatform (109)
[2018.04.16-23.48.18:803][748]LogModuleManager: Shutting down and abandoning module TVOSTargetPlatform (107)
[2018.04.16-23.48.18:803][748]LogModuleManager: Shutting down and abandoning module Messaging (105)
[2018.04.16-23.48.18:803][748]LogModuleManager: Shutting down and abandoning module IOSTargetPlatform (103)
[2018.04.16-23.48.18:803][748]LogModuleManager: Shutting down and abandoning module HTML5TargetPlatform (101)
[2018.04.16-23.48.18:803][748]LogModuleManager: Shutting down and abandoning module AndroidTargetPlatform (99)
[2018.04.16-23.48.18:803][748]LogModuleManager: Shutting down and abandoning module Android_PVRTCTargetPlatform (97)
[2018.04.16-23.48.18:803][748]LogModuleManager: Shutting down and abandoning module Android_MultiTargetPlatform (95)
[2018.04.16-23.48.18:803][748]LogModuleManager: Shutting down and abandoning module Android_ETC2TargetPlatform (93)
[2018.04.16-23.48.18:803][748]LogModuleManager: Shutting down and abandoning module Android_ETC1TargetPlatform (91)
[2018.04.16-23.48.18:804][748]LogModuleManager: Shutting down and abandoning module Android_DXTTargetPlatform (89)
[2018.04.16-23.48.18:804][748]LogModuleManager: Shutting down and abandoning module Android_ATCTargetPlatform (87)
[2018.04.16-23.48.18:804][748]LogModuleManager: Shutting down and abandoning module Android_ASTCTargetPlatform (85)
[2018.04.16-23.48.18:804][748]LogModuleManager: Shutting down and abandoning module WindowsTargetPlatform (83)
[2018.04.16-23.48.18:804][748]LogModuleManager: Shutting down and abandoning module WindowsServerTargetPlatform (81)
[2018.04.16-23.48.18:804][748]LogModuleManager: Shutting down and abandoning module WindowsNoEditorTargetPlatform (79)
[2018.04.16-23.48.18:804][748]LogModuleManager: Shutting down and abandoning module WindowsClientTargetPlatform (77)
[2018.04.16-23.48.18:804][748]LogModuleManager: Shutting down and abandoning module MacTargetPlatform (75)
[2018.04.16-23.48.18:804][748]LogModuleManager: Shutting down and abandoning module MacServerTargetPlatform (73)
[2018.04.16-23.48.18:804][748]LogModuleManager: Shutting down and abandoning module MacNoEditorTargetPlatform (71)
[2018.04.16-23.48.18:804][748]LogModuleManager: Shutting down and abandoning module MacClientTargetPlatform (69)
[2018.04.16-23.48.18:804][748]LogModuleManager: Shutting down and abandoning module AllDesktopTargetPlatform (67)
[2018.04.16-23.48.18:804][748]LogModuleManager: Shutting down and abandoning module InputCore (64)
[2018.04.16-23.48.18:804][748]LogModuleManager: Shutting down and abandoning module Settings (62)
[2018.04.16-23.48.18:804][748]LogModuleManager: Shutting down and abandoning module PhysXCooking (60)
[2018.04.16-23.48.18:804][748]LogModuleManager: Shutting down and abandoning module SteamVR (58)
[2018.04.16-23.48.18:804][748]LogModuleManager: Shutting down and abandoning module OculusHMD (56)
[2018.04.16-23.48.18:804][748]LogModuleManager: Shutting down and abandoning module ExampleDeviceProfileSelector (54)
[2018.04.16-23.48.18:804][748]LogModuleManager: Shutting down and abandoning module AppleARKit (52)
[2018.04.16-23.48.18:804][748]LogModuleManager: Shutting down and abandoning module AugmentedReality (51)
[2018.04.16-23.48.18:804][748]LogModuleManager: Shutting down and abandoning module OnlineBlueprintSupport (48)
[2018.04.16-23.48.18:804][748]LogModuleManager: Shutting down and abandoning module OnlineSubsystem (44)
[2018.04.16-23.48.18:804][748]LogModuleManager: Shutting down and abandoning module XMPP (43)
[2018.04.16-23.48.18:804][748]LogModuleManager: Shutting down and abandoning module HTTP (41)
[2018.04.16-23.48.18:804][748]LogHttp: Display: Http module shutting down, but needs to wait on 1 outstanding Http requests:
[2018.04.16-23.48.18:804][748]LogHttp: Display: 	verb=[POST] url=[https://datarouter.ol.epicgames.com/datarouter/api/v1/public/data?SessionID=%7BC9DBE861-424C-2525-46B1-EBA57C02C7EE%7D&AppID=UEEditor.Rocket.Release&AppVersion=4.18.2-3794801%2B%2B%2BUE4%2BRelease-4.18&UserID=2f971d094905c2a7bc833c87802c48c8%7C3f39104fdd2144b9a74201bb2a9c7b8e%7Cba7f9d7c-a839-4a7f-98e9-7a135484811a&AppEnvironment=datacollector-binary&UploadType=eteventstream] status=Processing
[2018.04.16-23.48.18:819][748]LogModuleManager: Shutting down and abandoning module SSL (40)
[2018.04.16-23.48.18:820][748]LogModuleManager: Shutting down and abandoning module AnimationModifiers (36)
[2018.04.16-23.48.18:820][748]LogModuleManager: Shutting down and abandoning module PropertyEditor (35)
[2018.04.16-23.48.18:820][748]LogModuleManager: Shutting down and abandoning module AudioEditor (32)
[2018.04.16-23.48.18:820][748]LogModuleManager: Shutting down and abandoning module TextureCompressor (30)
[2018.04.16-23.48.18:820][748]LogModuleManager: Shutting down and abandoning module ShaderCore (28)
[2018.04.16-23.48.18:820][748]LogModuleManager: Shutting down and abandoning module Landscape (26)
[2018.04.16-23.48.18:820][748]LogModuleManager: Shutting down and abandoning module SlateRHIRenderer (24)
[2018.04.16-23.48.18:821][748]LogModuleManager: Shutting down and abandoning module OpenGLDrv (22)
[2018.04.16-23.48.18:821][748]LogModuleManager: Shutting down and abandoning module D3D11RHI (20)
[2018.04.16-23.48.18:821][748]LogModuleManager: Shutting down and abandoning module AnimGraphRuntime (18)
[2018.04.16-23.48.18:821][748]LogModuleManager: Shutting down and abandoning module Renderer (16)
[2018.04.16-23.48.18:821][748]LogModuleManager: Shutting down and abandoning module Engine (14)
[2018.04.16-23.48.18:821][748]LogModuleManager: Shutting down and abandoning module CoreUObject (12)
[2018.04.16-23.48.18:821][748]LogModuleManager: Shutting down and abandoning module NetworkFile (10)
[2018.04.16-23.48.18:821][748]LogModuleManager: Shutting down and abandoning module CookedIterativeFile (8)
[2018.04.16-23.48.18:821][748]LogModuleManager: Shutting down and abandoning module StreamingFile (6)
[2018.04.16-23.48.18:821][748]LogModuleManager: Shutting down and abandoning module SandboxFile (4)
[2018.04.16-23.48.18:821][748]LogModuleManager: Shutting down and abandoning module PakFile (2)
[2018.04.16-23.48.18:825][748]LogExit: Exiting.
[2018.04.16-23.48.18:840][748]Log file closed, 04/16/18 17:48:18
