Log file open, 04/19/18 10:27:46
LogWindows: Failed to load 'aqProf.dll' (GetLastError=126)
LogWindows: File 'aqProf.dll' does not exist
LogWindows: Failed to load 'VSPerf140.dll' (GetLastError=126)
LogWindows: File 'VSPerf140.dll' does not exist
LogWindows: Failed to load 'VtuneApi.dll' (GetLastError=126)
LogWindows: File 'VtuneApi.dll' does not exist
LogWindows: Failed to load 'VtuneApi32e.dll' (GetLastError=126)
LogWindows: File 'VtuneApi32e.dll' does not exist
LogInit: Display: Running engine for game: ArtThiefMuseum
LogPlatformFile: Not using cached read wrapper
LogInit: Display: RandInit(-210917933) SRandInit(-210917932).
LogInit: Read version file with build ID '3709383'
LogInit: Overriding engine version to CL 3832480, compatible CL 3709383
LogInit: Registered custom module enumerator with build ID '3709383'
LogTaskGraph: Started task graph with 5 named threads and 8 total threads with 3 sets of task threads.
LogStats: Stats thread started at 0.129572
LogD3D11RHI: Aftermath initialized
LogModuleManager: Display: Found up-to-date module file ../../../Engine/Plugins/2D/Paper2D/Binaries/Win64/UE4Editor-Paper2D.dll (API version 3709383).
LogModuleManager: Display: Found up-to-date module file ../../../Engine/Plugins/2D/Paper2D/Binaries/Win64/UE4Editor-Paper2DEditor.dll (API version 3709383).
LogModuleManager: Display: Found up-to-date module file ../../../Engine/Plugins/2D/Paper2D/Binaries/Win64/UE4Editor-PaperSpriteSheetImporter.dll (API version 3709383).
LogModuleManager: Display: Found up-to-date module file ../../../Engine/Plugins/2D/Paper2D/Binaries/Win64/UE4Editor-PaperTiledImporter.dll (API version 3709383).
LogModuleManager: Display: Found up-to-date module file ../../../Engine/Plugins/2D/Paper2D/Binaries/Win64/UE4Editor-SmartSnapping.dll (API version 3709383).
LogModuleManager: Display: Found up-to-date module file ../../../Engine/Plugins/Blendables/LightPropagationVolume/Binaries/Win64/UE4Editor-LightPropagationVolumeRuntime.dll (API version 3709383).
LogModuleManager: Display: Found up-to-date module file ../../../Engine/Plugins/Blendables/LightPropagationVolume/Binaries/Win64/UE4Editor-LightPropagationVolumeEditor.dll (API version 3709383).
LogModuleManager: Display: Found up-to-date module file ../../../Engine/Plugins/Developer/GitSourceControl/Binaries/Win64/UE4Editor-GitSourceControl.dll (API version 3709383).
LogModuleManager: Display: Found up-to-date module file ../../../Engine/Plugins/Developer/PerforceSourceControl/Binaries/Win64/UE4Editor-PerforceSourceControl.dll (API version 3709383).
LogModuleManager: Display: Found up-to-date module file ../../../Engine/Plugins/Developer/SubversionSourceControl/Binaries/Win64/UE4Editor-SubversionSourceControl.dll (API version 3709383).
LogModuleManager: Display: Found up-to-date module file ../../../Engine/Plugins/Developer/UObjectPlugin/Binaries/Win64/UE4Editor-UObjectPlugin.dll (API version 3709383).
LogModuleManager: Display: Found up-to-date module file ../../../Engine/Plugins/Developer/VisualStudioCodeSourceCodeAccess/Binaries/Win64/UE4Editor-VisualStudioCodeSourceCodeAccess.dll (API version 3709383).
LogModuleManager: Display: Found up-to-date module file ../../../Engine/Plugins/Developer/VisualStudioSourceCodeAccess/Binaries/Win64/UE4Editor-VisualStudioSourceCodeAccess.dll (API version 3709383).
LogModuleManager: Display: Found up-to-date module file ../../../Engine/Plugins/Editor/AssetManagerEditor/Binaries/Win64/UE4Editor-AssetManagerEditor.dll (API version 3709383).
LogModuleManager: Display: Found up-to-date module file ../../../Engine/Plugins/Editor/AudioCapture/Binaries/Win64/UE4Editor-AudioCapture.dll (API version 3709383).
LogModuleManager: Display: Found up-to-date module file ../../../Engine/Plugins/Editor/FacialAnimation/Binaries/Win64/UE4Editor-FacialAnimation.dll (API version 3709383).
LogModuleManager: Display: Found up-to-date module file ../../../Engine/Plugins/Editor/FacialAnimation/Binaries/Win64/UE4Editor-FacialAnimationEditor.dll (API version 3709383).
LogModuleManager: Display: Found up-to-date module file ../../../Engine/Plugins/Editor/GameplayTagsEditor/Binaries/Win64/UE4Editor-GameplayTagsEditor.dll (API version 3709383).
LogModuleManager: Display: Found up-to-date module file ../../../Engine/Plugins/Editor/MobileLauncherProfileWizard/Binaries/Win64/UE4Editor-MobileLauncherProfileWizard.dll (API version 3709383).
LogModuleManager: Display: Found up-to-date module file ../../../Engine/Plugins/Editor/PluginBrowser/Binaries/Win64/UE4Editor-PluginBrowser.dll (API version 3709383).
LogModuleManager: Display: Found up-to-date module file ../../../Engine/Plugins/Editor/SpeedTreeImporter/Binaries/Win64/UE4Editor-SpeedTreeImporter.dll (API version 3709383).
LogModuleManager: Display: Found up-to-date module file ../../../Engine/Plugins/Experimental/AlembicImporter/Binaries/Win64/UE4Editor-AlembicImporter.dll (API version 3709383).
LogModuleManager: Display: Found up-to-date module file ../../../Engine/Plugins/Experimental/AlembicImporter/Binaries/Win64/UE4Editor-AlembicLibrary.dll (API version 3709383).
LogModuleManager: Display: Found up-to-date module file ../../../Engine/Plugins/Experimental/CharacterAI/Binaries/Win64/UE4Editor-CharacterAI.dll (API version 3709383).
LogModuleManager: Display: Found up-to-date module file ../../../Engine/Plugins/Experimental/HTML5Networking/Binaries/Win64/UE4Editor-HTML5Networking.dll (API version 3709383).
LogModuleManager: Display: Found up-to-date module file ../../../Engine/Plugins/Media/AndroidMedia/Binaries/Win64/UE4Editor-AndroidMediaEditor.dll (API version 3709383).
LogModuleManager: Display: Found up-to-date module file ../../../Engine/Plugins/Media/AndroidMedia/Binaries/Win64/UE4Editor-AndroidMediaFactory.dll (API version 3709383).
LogModuleManager: Display: Found up-to-date module file ../../../Engine/Plugins/Media/AvfMedia/Binaries/Win64/UE4Editor-AvfMediaEditor.dll (API version 3709383).
LogModuleManager: Display: Found up-to-date module file ../../../Engine/Plugins/Media/AvfMedia/Binaries/Win64/UE4Editor-AvfMediaFactory.dll (API version 3709383).
LogModuleManager: Display: Found up-to-date module file ../../../Engine/Plugins/Media/AvfMedia/Binaries/Win64/UE4Editor-AvfMediaFactory.dll (API version 3709383).
LogModuleManager: Display: Found up-to-date module file ../../../Engine/Plugins/Media/ImgMedia/Binaries/Win64/UE4Editor-ImgMedia.dll (API version 3709383).
LogModuleManager: Display: Found up-to-date module file ../../../Engine/Plugins/Media/ImgMedia/Binaries/Win64/UE4Editor-ImgMediaEditor.dll (API version 3709383).
LogModuleManager: Display: Found up-to-date module file ../../../Engine/Plugins/Media/ImgMedia/Binaries/Win64/UE4Editor-ImgMediaFactory.dll (API version 3709383).
LogModuleManager: Display: Found up-to-date module file ../../../Engine/Plugins/Media/ImgMedia/Binaries/Win64/UE4Editor-ImgMediaFactory.dll (API version 3709383).
LogModuleManager: Display: Found up-to-date module file ../../../Engine/Plugins/Media/ImgMedia/Binaries/Win64/UE4Editor-OpenExrWrapper.dll (API version 3709383).
LogModuleManager: Display: Found up-to-date module file ../../../Engine/Plugins/Media/MediaCompositing/Binaries/Win64/UE4Editor-MediaCompositing.dll (API version 3709383).
LogModuleManager: Display: Found up-to-date module file ../../../Engine/Plugins/Media/MediaCompositing/Binaries/Win64/UE4Editor-MediaCompositingEditor.dll (API version 3709383).
LogModuleManager: Display: Found up-to-date module file ../../../Engine/Plugins/Media/MediaPlayerEditor/Binaries/Win64/UE4Editor-MediaPlayerEditor.dll (API version 3709383).
LogModuleManager: Display: Found up-to-date module file ../../../Engine/Plugins/Media/WmfMedia/Binaries/Win64/UE4Editor-WmfMedia.dll (API version 3709383).
LogModuleManager: Display: Found up-to-date module file ../../../Engine/Plugins/Media/WmfMedia/Binaries/Win64/UE4Editor-WmfMediaEditor.dll (API version 3709383).
LogModuleManager: Display: Found up-to-date module file ../../../Engine/Plugins/Media/WmfMedia/Binaries/Win64/UE4Editor-WmfMediaFactory.dll (API version 3709383).
LogModuleManager: Display: Found up-to-date module file ../../../Engine/Plugins/Media/WmfMedia/Binaries/Win64/UE4Editor-WmfMediaFactory.dll (API version 3709383).
LogModuleManager: Display: Found up-to-date module file ../../../Engine/Plugins/Messaging/TcpMessaging/Binaries/Win64/UE4Editor-TcpMessaging.dll (API version 3709383).
LogModuleManager: Display: Found up-to-date module file ../../../Engine/Plugins/Messaging/UdpMessaging/Binaries/Win64/UE4Editor-UdpMessaging.dll (API version 3709383).
LogModuleManager: Display: Found up-to-date module file ../../../Engine/Plugins/MovieScene/ActorSequence/Binaries/Win64/UE4Editor-ActorSequence.dll (API version 3709383).
LogModuleManager: Display: Found up-to-date module file ../../../Engine/Plugins/MovieScene/LevelSequenceEditor/Binaries/Win64/UE4Editor-LevelSequenceEditor.dll (API version 3709383).
LogModuleManager: Display: Found up-to-date module file ../../../Engine/Plugins/MovieScene/MatineeToLevelSequence/Binaries/Win64/UE4Editor-MatineeToLevelSequence.dll (API version 3709383).
LogModuleManager: Display: Found up-to-date module file ../../../Engine/Plugins/Online/OnlineSubsystem/Binaries/Win64/UE4Editor-OnlineSubsystem.dll (API version 3709383).
LogModuleManager: Display: Found up-to-date module file ../../../Engine/Plugins/Runtime/AndroidPermission/Binaries/Win64/UE4Editor-AndroidPermission.dll (API version 3709383).
LogModuleManager: Display: Found up-to-date module file ../../../Engine/Plugins/Online/OnlineSubsystemNull/Binaries/Win64/UE4Editor-OnlineSubsystemNull.dll (API version 3709383).
LogModuleManager: Display: Found up-to-date module file ../../../Engine/Plugins/Online/OnlineSubsystemUtils/Binaries/Win64/UE4Editor-OnlineSubsystemUtils.dll (API version 3709383).
LogModuleManager: Display: Found up-to-date module file ../../../Engine/Plugins/Online/OnlineSubsystemUtils/Binaries/Win64/UE4Editor-OnlineBlueprintSupport.dll (API version 3709383).
LogModuleManager: Display: Found up-to-date module file ../../../Engine/Plugins/Runtime/AndroidDeviceProfileSelector/Binaries/Win64/UE4Editor-AndroidDeviceProfileSelector.dll (API version 3709383).
LogModuleManager: Display: Found up-to-date module file ../../../Engine/Plugins/Runtime/AppleARKit/Binaries/Win64/UE4Editor-AppleARKit.dll (API version 3709383).
LogModuleManager: Display: Found up-to-date module file ../../../Engine/Plugins/Runtime/ArchVisCharacter/Binaries/Win64/UE4Editor-ArchVisCharacter.dll (API version 3709383).
LogModuleManager: Display: Found up-to-date module file ../../../Engine/Plugins/Runtime/CableComponent/Binaries/Win64/UE4Editor-CableComponent.dll (API version 3709383).
LogModuleManager: Display: Found up-to-date module file ../../../Engine/Plugins/Runtime/CustomMeshComponent/Binaries/Win64/UE4Editor-CustomMeshComponent.dll (API version 3709383).
LogModuleManager: Display: Found up-to-date module file ../../../Engine/Plugins/Runtime/ExampleDeviceProfileSelector/Binaries/Win64/UE4Editor-ExampleDeviceProfileSelector.dll (API version 3709383).
LogModuleManager: Display: Found up-to-date module file ../../../Engine/Plugins/Runtime/ImmediatePhysics/Binaries/Win64/UE4Editor-ImmediatePhysics.dll (API version 3709383).
LogModuleManager: Display: Found up-to-date module file ../../../Engine/Plugins/Runtime/ImmediatePhysics/Binaries/Win64/UE4Editor-ImmediatePhysicsEditor.dll (API version 3709383).
LogModuleManager: Display: Found up-to-date module file ../../../Engine/Plugins/Runtime/LocationServicesBPLibrary/Binaries/Win64/UE4Editor-LocationServicesBPLibrary.dll (API version 3709383).
LogModuleManager: Display: Found up-to-date module file ../../../Engine/Plugins/Runtime/MobilePatchingUtils/Binaries/Win64/UE4Editor-MobilePatchingUtils.dll (API version 3709383).
LogModuleManager: Display: Found up-to-date module file ../../../Engine/Plugins/Runtime/Oculus/OculusVR/Binaries/Win64/UE4Editor-OculusHMD.dll (API version 3709383).
LogModuleManager: Display: Found up-to-date module file ../../../Engine/Plugins/Runtime/Oculus/OculusVR/Binaries/Win64/UE4Editor-OculusInput.dll (API version 3709383).
LogModuleManager: Display: Found up-to-date module file ../../../Engine/Plugins/Runtime/Oculus/OculusVR/Binaries/Win64/UE4Editor-OculusEditor.dll (API version 3709383).
LogModuleManager: Display: Found up-to-date module file ../../../Engine/Plugins/Runtime/PhysXVehicles/Binaries/Win64/UE4Editor-PhysXVehicles.dll (API version 3709383).
LogModuleManager: Display: Found up-to-date module file ../../../Engine/Plugins/Runtime/PhysXVehicles/Binaries/Win64/UE4Editor-PhysXVehiclesEditor.dll (API version 3709383).
LogModuleManager: Display: Found up-to-date module file ../../../Engine/Plugins/Runtime/ProceduralMeshComponent/Binaries/Win64/UE4Editor-ProceduralMeshComponent.dll (API version 3709383).
LogModuleManager: Display: Found up-to-date module file ../../../Engine/Plugins/Runtime/ProceduralMeshComponent/Binaries/Win64/UE4Editor-ProceduralMeshComponentEditor.dll (API version 3709383).
LogModuleManager: Display: Found up-to-date module file ../../../Engine/Plugins/Runtime/RuntimePhysXCooking/Binaries/Win64/UE4Editor-RuntimePhysXCooking.dll (API version 3709383).
LogModuleManager: Display: Found up-to-date module file ../../../Engine/Plugins/Runtime/Steam/SteamVR/Binaries/Win64/UE4Editor-SteamVR.dll (API version 3709383).
LogModuleManager: Display: Found up-to-date module file ../../../Engine/Plugins/Runtime/Steam/SteamVR/Binaries/Win64/UE4Editor-SteamVRController.dll (API version 3709383).
LogModuleManager: Display: Found up-to-date module file ../../../Engine/Plugins/Runtime/WindowsMoviePlayer/Binaries/Win64/UE4Editor-WindowsMoviePlayer.dll (API version 3709383).
LogPluginManager: Mounting plugin Paper2D
LogPluginManager: Mounting plugin LightPropagationVolume
LogPluginManager: Mounting plugin CodeLiteSourceCodeAccess
LogPluginManager: Mounting plugin GitSourceControl
LogPluginManager: Mounting plugin KDevelopSourceCodeAccess
LogPluginManager: Mounting plugin NullSourceCodeAccess
LogPluginManager: Mounting plugin PerforceSourceControl
LogPluginManager: Mounting plugin SubversionSourceControl
LogPluginManager: Mounting plugin UObjectPlugin
LogPluginManager: Mounting plugin VisualStudioCodeSourceCodeAccess
LogPluginManager: Mounting plugin VisualStudioSourceCodeAccess
LogPluginManager: Mounting plugin XCodeSourceCodeAccess
LogPluginManager: Mounting plugin AssetManagerEditor
LogPluginManager: Mounting plugin AudioCapture
LogPluginManager: Mounting plugin FacialAnimation
LogPluginManager: Mounting plugin GameplayTagsEditor
LogPluginManager: Mounting plugin MobileLauncherProfileWizard
LogPluginManager: Mounting plugin PluginBrowser
LogPluginManager: Mounting plugin SpeedTreeImporter
LogPluginManager: Mounting plugin AlembicImporter
LogPluginManager: Mounting plugin CharacterAI
LogPluginManager: Mounting plugin HTML5Networking
LogPluginManager: Mounting plugin AndroidMedia
LogPluginManager: Mounting plugin AvfMedia
LogPluginManager: Mounting plugin ImgMedia
LogPluginManager: Mounting plugin MediaCompositing
LogPluginManager: Mounting plugin MediaPlayerEditor
LogPluginManager: Mounting plugin WmfMedia
LogPluginManager: Mounting plugin TcpMessaging
LogPluginManager: Mounting plugin UdpMessaging
LogPluginManager: Mounting plugin ActorSequence
LogPluginManager: Mounting plugin LevelSequenceEditor
LogPluginManager: Mounting plugin MatineeToLevelSequence
LogPluginManager: Mounting plugin OnlineSubsystemGooglePlay
LogPluginManager: Mounting plugin OnlineSubsystemIOS
LogPluginManager: Mounting plugin OnlineSubsystem
LogPluginManager: Mounting plugin OnlineSubsystemNull
LogPluginManager: Mounting plugin OnlineSubsystemUtils
LogPluginManager: Mounting plugin AndroidDeviceProfileSelector
LogPluginManager: Mounting plugin AndroidMoviePlayer
LogPluginManager: Mounting plugin AndroidPermission
LogPluginManager: Mounting plugin AppleARKit
LogPluginManager: Mounting plugin AppleMoviePlayer
LogPluginManager: Mounting plugin ArchVisCharacter
LogPluginManager: Mounting plugin CableComponent
LogPluginManager: Mounting plugin CustomMeshComponent
LogPluginManager: Mounting plugin ExampleDeviceProfileSelector
LogPluginManager: Mounting plugin GoogleCloudMessaging
LogPluginManager: Mounting plugin ImmediatePhysics
LogPluginManager: Mounting plugin IOSDeviceProfileSelector
LogPluginManager: Mounting plugin LinuxDeviceProfileSelector
LogPluginManager: Mounting plugin LocationServicesBPLibrary
LogPluginManager: Mounting plugin MobilePatchingUtils
LogPluginManager: Mounting plugin OculusVR
LogPluginManager: Plugin shader directory ../../../Engine/Plugins/Runtime/Oculus/OculusVR/Shaders found
LogPluginManager: Mapping shader source directory ../../../Engine/Plugins/Runtime/Oculus/OculusVR/Shaders to virtual directory /Plugin/OculusVR
LogPluginManager: Mounting plugin PhysXVehicles
LogPluginManager: Mounting plugin ProceduralMeshComponent
LogPluginManager: Mounting plugin RuntimePhysXCooking
LogPluginManager: Mounting plugin SteamVR
LogPluginManager: Mounting plugin WindowsMoviePlayer
LogInit: Using libcurl 7.47.1
LogInit:  - built for x86_64-pc-win32
LogInit:  - supports SSL with OpenSSL/1.0.2g
LogInit:  - supports HTTP deflate (compression) using libz 1.2.8
LogInit:  - other features:
LogInit:      CURL_VERSION_SSL
LogInit:      CURL_VERSION_LIBZ
LogInit:      CURL_VERSION_IPV6
LogInit:      CURL_VERSION_ASYNCHDNS
LogInit:      CURL_VERSION_LARGEFILE
LogInit:      CURL_VERSION_IDN
LogInit:  CurlRequestOptions (configurable via config and command line):
LogInit:  - bVerifyPeer = false  - Libcurl will NOT verify peer certificate
LogInit:  - bUseHttpProxy = false  - Libcurl will NOT use HTTP proxy
LogInit:  - bDontReuseConnections = false  - Libcurl will reuse connections
LogInit:  - CertBundlePath = nullptr  - Libcurl will use whatever was configured at build time.
LogInit: Build: ++UE4+Release-4.18-CL-3832480
LogInit: Engine Version: 4.18.3-3832480+++UE4+Release-4.18
LogInit: Compatible Engine Version: 4.18.0-3709383+++UE4+Release-4.18
LogInit: Net CL: 3709383
LogDevObjectVersion: Number of dev versions registered: 16
LogDevObjectVersion:   Dev-Blueprints (B0D832E4-1F89-4F0D-ACCF-7EB736FD4AA2): 10
LogDevObjectVersion:   Dev-Build (E1C64328-A22C-4D53-A36C-8E866417BD8C): 0
LogDevObjectVersion:   Dev-Core (375EC13C-06E4-48FB-B500-84F0262A717E): 2
LogDevObjectVersion:   Dev-Editor (E4B068ED-F494-42E9-A231-DA0B2E46BB41): 20
LogDevObjectVersion:   Dev-Framework (CFFC743F-43B0-4480-9391-14DF171D2073): 30
LogDevObjectVersion:   Dev-Mobile (B02B49B5-BB20-44E9-A304-32B752E40360): 0
LogDevObjectVersion:   Dev-Networking (A4E4105C-59A1-49B5-A7C5-40C4547EDFEE): 0
LogDevObjectVersion:   Dev-Online (39C831C9-5AE6-47DC-9A44-9C173E1C8E7C): 0
LogDevObjectVersion:   Dev-Physics (78F01B33-EBEA-4F98-B9B4-84EACCB95AA2): 0
LogDevObjectVersion:   Dev-Platform (6631380F-2D4D-43E0-8009-CF276956A95A): 0
LogDevObjectVersion:   Dev-Rendering (12F88B9F-8875-4AFC-A67C-D90C383ABD29): 20
LogDevObjectVersion:   Dev-Sequencer (7B5AE74C-D270-4C10-A958-57980B212A5A): 4
LogDevObjectVersion:   Dev-VR (D7296918-1DD6-4BDD-9DE2-64A83CC13884): 0
LogDevObjectVersion:   Dev-LoadTimes (C2A15278-BFE7-4AFE-6C17-90FF531DF755): 1
LogDevObjectVersion:   Private-Geometry (6EACA3D4-40EC-4CC1-B786-8BED09428FC5): 1
LogDevObjectVersion:   Dev-AnimPhys (29E575DD-E0A3-4627-9D10-D276232CDCEA): 12
LogInit: Compiled (64-bit): Jan 12 2018 02:04:55
LogInit: Compiled with Visual C++: 19.00.24215.01
LogInit: Build Configuration: Development
LogInit: Branch Name: ++UE4+Release-4.18
LogInit: Command line:  
LogInit: Base directory: C:/Program Files/Epic Games/UE_4.18/Engine/Binaries/Win64/
LogInit: Installed Engine Build: 1
LogInit: Presizing for max 8388607 objects, including 0 objects not considered by GC, pre-allocating 0 bytes for permanent pool.
LogInit: Object subsystem initialized
[2018.04.19-16.27.48:636][  0]LogInit: Selected Device Profile: [Windows]
[2018.04.19-16.27.48:636][  0]LogInit: Applying CVar settings loaded from the selected device profile: [Windows]
[2018.04.19-16.27.48:646][  0]LogInit: Computer: DESKTOP-UNGKE0H
[2018.04.19-16.27.48:646][  0]LogInit: User: lydia
[2018.04.19-16.27.48:646][  0]LogInit: CPU Page size=4096, Cores=2
[2018.04.19-16.27.48:646][  0]LogInit: High frequency timer resolution =2.531247 MHz
[2018.04.19-16.27.48:646][  0]LogMemory: Memory total: Physical=11.9GB (12GB approx)
[2018.04.19-16.27.48:646][  0]LogMemory: Platform Memory Stats for Windows
[2018.04.19-16.27.48:646][  0]LogMemory: Process Physical Memory: 273.18 MB used, 273.18 MB peak
[2018.04.19-16.27.48:646][  0]LogMemory: Process Virtual Memory: 269.39 MB used, 269.39 MB peak
[2018.04.19-16.27.48:646][  0]LogMemory: Physical Memory: 4280.49 MB used,  7871.46 MB free, 12151.95 MB total
[2018.04.19-16.27.48:646][  0]LogMemory: Virtual Memory: 678.61 MB used,  7871.46 MB free, 134217728.00 MB total
[2018.04.19-16.27.48:867][  0]LogInit: Using OS detected language (en-US).
[2018.04.19-16.27.48:867][  0]LogInit: Using OS detected locale (en-US).
[2018.04.19-16.27.48:871][  0]LogTextLocalizationManager: No specific localization for 'en-US' exists, so the 'en' localization will be used.
[2018.04.19-16.27.49:363][  0]LogInit: Setting process to per monitor DPI aware
[2018.04.19-16.27.49:693][  0]LogD3D11RHI: D3D11 adapters:
[2018.04.19-16.27.49:768][  0]LogD3D11RHI:    0. 'NVIDIA GeForce 940MX' (Feature Level 11_0)
[2018.04.19-16.27.49:768][  0]LogD3D11RHI:       2010/0/6075 MB DedicatedVideo/DedicatedSystem/SharedSystem, Outputs:1, VendorId:0x10de
[2018.04.19-16.27.49:780][  0]LogD3D11RHI:    1. 'Intel(R) HD Graphics 520' (Feature Level 11_0)
[2018.04.19-16.27.49:780][  0]LogD3D11RHI:       128/0/6075 MB DedicatedVideo/DedicatedSystem/SharedSystem, Outputs:0, VendorId:0x8086
[2018.04.19-16.27.49:783][  0]LogD3D11RHI:    2. 'Microsoft Basic Render Driver' (Feature Level 11_0)
[2018.04.19-16.27.49:783][  0]LogD3D11RHI:       0/0/6075 MB DedicatedVideo/DedicatedSystem/SharedSystem, Outputs:0, VendorId:0x1414
[2018.04.19-16.27.49:783][  0]LogD3D11RHI: Chosen D3D11 Adapter: 0
[2018.04.19-16.27.49:792][  0]LogD3D11RHI: Creating new Direct3DDevice
[2018.04.19-16.27.49:792][  0]LogD3D11RHI:     GPU DeviceId: 0x179c (for the marketing name, search the web for "GPU Device Id")
[2018.04.19-16.27.49:792][  0]LogWindows: EnumDisplayDevices:
[2018.04.19-16.27.49:792][  0]LogWindows:    0. 'Intel(R) HD Graphics 520' (P:1 D:1)
[2018.04.19-16.27.49:793][  0]LogWindows:    1. 'Intel(R) HD Graphics 520' (P:0 D:0)
[2018.04.19-16.27.49:793][  0]LogWindows:    2. 'Intel(R) HD Graphics 520' (P:0 D:0)
[2018.04.19-16.27.49:793][  0]LogWindows: DebugString: GetVideoDriverDetailsInvalid PrimaryIsNotTheChoosenAdapter GetVideoDriverDetailsInvalid PrimaryIsNotTheChoosenAdapter GetVideoDriverDetailsInvalid PrimaryIsNotTheChoosenAdapter FoundDriverCount:0 
[2018.04.19-16.27.49:793][  0]LogD3D11RHI:     Adapter Name: NVIDIA GeForce 940MX
[2018.04.19-16.27.49:793][  0]LogD3D11RHI:   Driver Version: Unknown (internal:Unknown, unified:Unknown)
[2018.04.19-16.27.49:793][  0]LogD3D11RHI:      Driver Date: Unknown
[2018.04.19-16.27.49:793][  0]LogRHI: Texture pool is 1407 MB (70% of 2010 MB)
[2018.04.19-16.27.49:834][  0]LogD3D11RHI: Async texture creation enabled
[2018.04.19-16.27.49:856][  0]LogD3D11RHI: GPU Timing Frequency: 1000.000000 (Debug: 2 2)
[2018.04.19-16.27.49:856][  0]LogShaderCompilers: Guid format shader working directory is -35 characters bigger than the processId version (../../../../../../Users/lydia/Desktop/Lydia/Chris/GitHub/Art-Thief/ArtThiefMuseum/Intermediate/Shaders/WorkingDirectory/3416/).
[2018.04.19-16.27.49:857][  0]LogShaderCompilers: Cleaned the shader compiler working directory 'C:/Users/lydia/AppData/Local/Temp/UnrealShaderWorkingDir/5A6699554E93BBED7E28ECB3685009A7/'.
[2018.04.19-16.27.49:857][  0]LogShaderCompilers: Display: Using Local Shader Compiler.
[2018.04.19-16.27.51:046][  0]LogTemp: Display: Loaded TP AllDesktopTargetPlatform
[2018.04.19-16.27.51:122][  0]LogTemp: Display: Loaded TP MacClientTargetPlatform
[2018.04.19-16.27.51:190][  0]LogTemp: Display: Loaded TP MacNoEditorTargetPlatform
[2018.04.19-16.27.51:259][  0]LogTemp: Display: Loaded TP MacServerTargetPlatform
[2018.04.19-16.27.51:328][  0]LogTemp: Display: Loaded TP MacTargetPlatform
[2018.04.19-16.27.51:400][  0]LogTemp: Display: Loaded TP WindowsClientTargetPlatform
[2018.04.19-16.27.51:473][  0]LogTemp: Display: Loaded TP WindowsNoEditorTargetPlatform
[2018.04.19-16.27.51:541][  0]LogTemp: Display: Loaded TP WindowsServerTargetPlatform
[2018.04.19-16.27.51:602][  0]LogTemp: Display: Loaded TP WindowsTargetPlatform
[2018.04.19-16.27.51:670][  0]LogTemp: Display: Loaded TP Android_ASTCTargetPlatform
[2018.04.19-16.27.51:738][  0]LogTemp: Display: Loaded TP Android_ATCTargetPlatform
[2018.04.19-16.27.51:805][  0]LogTemp: Display: Loaded TP Android_DXTTargetPlatform
[2018.04.19-16.27.51:874][  0]LogTemp: Display: Loaded TP Android_ETC1TargetPlatform
[2018.04.19-16.27.51:941][  0]LogTemp: Display: Loaded TP Android_ETC2TargetPlatform
[2018.04.19-16.27.52:086][  0]LogTemp: Display: Loaded TP Android_MultiTargetPlatform
[2018.04.19-16.27.52:086][  0]LogTemp: Display: Loaded TP Android_PVRTCTargetPlatform
[2018.04.19-16.27.52:159][  0]LogTemp: Display: Loaded TP AndroidTargetPlatform
[2018.04.19-16.27.52:215][  0]LogTemp: Display: Loaded TP HTML5TargetPlatform
[2018.04.19-16.27.52:334][  0]LogTemp: Display: Loaded TP IOSTargetPlatform
[2018.04.19-16.27.52:374][  0]LogTemp: Display: Loaded TP TVOSTargetPlatform
[2018.04.19-16.27.52:442][  0]LogTemp: Display: Loaded TP LinuxClientTargetPlatform
[2018.04.19-16.27.52:509][  0]LogTemp: Display: Loaded TP LinuxNoEditorTargetPlatform
[2018.04.19-16.27.52:578][  0]LogTemp: Display: Loaded TP LinuxServerTargetPlatform
[2018.04.19-16.27.52:652][  0]LogTemp: Display: Loaded TP LinuxTargetPlatform
[2018.04.19-16.27.52:652][  0]LogTargetPlatformManager: Display: Building Assets For Windows
[2018.04.19-16.27.53:347][  0]LogDerivedDataCache: Display: Max Cache Size: 512 MB
[2018.04.19-16.27.53:439][  0]LogDerivedDataCache: Loaded boot cache 0.09s 78MB C:/Users/lydia/AppData/Local/UnrealEngine/4.18/DerivedDataCache/Boot.ddc.
[2018.04.19-16.27.53:439][  0]LogDerivedDataCache: Display: Loaded Boot cache: C:/Users/lydia/AppData/Local/UnrealEngine/4.18/DerivedDataCache/Boot.ddc
[2018.04.19-16.27.53:439][  0]LogDerivedDataCache: FDerivedDataBackendGraph:  Pak pak cache file ../../../../../../Users/lydia/Desktop/Lydia/Chris/GitHub/Art-Thief/ArtThiefMuseum/DerivedDataCache/DDC.ddp not found, will not use a pak cache.
[2018.04.19-16.27.53:439][  0]LogDerivedDataCache: Unable to find inner node Pak for hierarchical cache Hierarchy.
[2018.04.19-16.27.53:439][  0]LogDerivedDataCache: FDerivedDataBackendGraph:  CompressedPak pak cache file ../../../../../../Users/lydia/Desktop/Lydia/Chris/GitHub/Art-Thief/ArtThiefMuseum/DerivedDataCache/Compressed.ddp not found, will not use a pak cache.
[2018.04.19-16.27.53:440][  0]LogDerivedDataCache: Unable to find inner node CompressedPak for hierarchical cache Hierarchy.
[2018.04.19-16.27.53:459][  0]LogDerivedDataCache: Display: Pak cache opened for reading ../../../Engine/DerivedDataCache/Compressed.ddp.
[2018.04.19-16.27.53:471][  0]LogDerivedDataCache: Using Local data cache path C:/Users/lydia/AppData/Local/UnrealEngine/Common/DerivedDataCache: Writable
[2018.04.19-16.27.53:483][  0]LogMaterial: Verifying Global Shaders for PCD3D_SM5
[2018.04.19-16.27.53:483][  0]LogSlate: Using Freetype 2.6.0
[2018.04.19-16.27.53:484][  0]LogSlate: SlateFontCache - WITH_FREETYPE: 1, WITH_HARFBUZZ: 1
[2018.04.19-16.27.53:484][  0]LogSlate: SlateFontCache - WITH_FREETYPE: 1, WITH_HARFBUZZ: 1
[2018.04.19-16.27.53:933][  0]LogInit: Selected Device Profile: [Windows]
[2018.04.19-16.27.54:467][  0]LogSimplygon: Simplygon DLL not present - disabling.
[2018.04.19-16.27.54:526][  0]LogMeshReduction: Using SimplygonSwarm for distributed automatic mesh merging
[2018.04.19-16.27.54:526][  0]LogMeshReduction: Using QuadricMeshReduction for automatic static mesh reduction
[2018.04.19-16.27.54:526][  0]LogMeshReduction: No automatic skeletal mesh reduction module available
[2018.04.19-16.27.54:527][  0]LogMeshReduction: No automatic mesh merging module available
[2018.04.19-16.27.54:527][  0]LogMeshMerging: No automatic mesh merging module available
[2018.04.19-16.27.54:562][  0]LogNetVersion: ArtThiefMuseum , NetCL: 3709383, EngineNetVer: 2, GameNetVer: 0 (Checksum: 2922769132)
[2018.04.19-16.27.54:783][  0]LogAssetRegistry: FAssetRegistry took 0.0270 seconds to start up
[2018.04.19-16.27.55:455][  0]LogPackageLocalizationCache: Processed 7 localized package path(s) for 2 prioritized culture(s) in 0.081506 seconds
[2018.04.19-16.27.55:461][  0]LogUObjectArray: 35870 objects as part of root set at end of initial load.
[2018.04.19-16.27.55:461][  0]LogUObjectAllocator: 7363696 out of 0 bytes used by permanent object pool.
[2018.04.19-16.27.55:461][  0]LogUObjectArray: CloseDisregardForGC: 0/0 objects in disregard for GC pool
[2018.04.19-16.27.55:536][  0]LogInit: WinSock: version 1.1 (2.2), MaxSocks=32767, MaxUdp=65467
[2018.04.19-16.27.59:290][  0]LogTcpMessaging: Initializing TcpMessaging bridge
[2018.04.19-16.27.59:344][  0]LogUdpMessaging: Initializing bridge on interface 0.0.0.0:0 to multicast group 230.0.0.1:6666.
[2018.04.19-16.28.00:291][  0]LogMaterial: Uniform references updated for custom material expression Custom.
[2018.04.19-16.28.00:910][  0]SourceControl: Source control is disabled
[2018.04.19-16.28.02:228][  0]LogAndroidPermission: UAndroidPermissionCallbackProxy::GetInstance
[2018.04.19-16.28.02:610][  0]LogOcInput: OculusInput pre-init called
[2018.04.19-16.28.03:029][  0]LogEngine: Initializing Engine...
[2018.04.19-16.28.03:034][  0]LogHMD: Failed to initialize OpenVR with code 110
[2018.04.19-16.28.03:300][  0]LogStats: UGameplayTagsManager::ConstructGameplayTagTree: Construct from data asset -  0.000 s
[2018.04.19-16.28.03:300][  0]LogStats: UGameplayTagsManager::ConstructGameplayTagTree: GameplayTagTreeChangedEvent.Broadcast -  0.000 s
[2018.04.19-16.28.03:487][  0]LogAIModule: Creating AISystem for world Untitled
[2018.04.19-16.28.03:500][  0]LogInit: XAudio2 using 'Speakers (Realtek High Definition Audio)' : 2 channels at 48 kHz using 32 bits per sample (channel mask 0x3)
[2018.04.19-16.28.03:638][  0]LogInit: FAudioDevice initialized.
[2018.04.19-16.28.03:759][  0]LogDerivedDataCache: Saved boot cache 0.12s 78MB C:/Users/lydia/AppData/Local/UnrealEngine/4.18/DerivedDataCache/Boot.ddc.
[2018.04.19-16.28.03:768][  0]LogInit: Texture streaming: Enabled
[2018.04.19-16.28.03:912][  0]LogEngineSessionManager: EngineSessionManager initialized
[2018.04.19-16.28.04:107][  0]LogInit: Transaction tracking system initialized
[2018.04.19-16.28.04:568][  0]BlueprintLog: New page: Editor Load
[2018.04.19-16.28.05:902][  0]LocalizationService: Localization service is disabled
[2018.04.19-16.28.06:986][  0]LogConsoleResponse: Display: 
[2018.04.19-16.28.07:251][  0]LogCook: Display: Max memory allowance for cook 16384mb min free memory 0mb
[2018.04.19-16.28.07:252][  0]LogCook: Display: Mobile HDR setting 1
[2018.04.19-16.28.07:252][  0]LogGameplayTags: Display: UGameplayTagsManager::DoneAddingNativeTags. DelegateIsBound: 0
[2018.04.19-16.28.07:740][  0]LogFileCache: Scanning file cache for directory 'C:/Users/lydia/Desktop/Lydia/Chris/GitHub/Art-Thief/ArtThiefMuseum/Content/' took 0.03s
[2018.04.19-16.28.09:019][  0]Cmd: MAP LOAD FILE="../../../../../../Users/lydia/Desktop/Lydia/Chris/GitHub/Art-Thief/ArtThiefMuseum/Content/StarterContent/Maps/Minimal_Default.umap" TEMPLATE=0 SHOWPROGRESS=1 FEATURELEVEL=3
[2018.04.19-16.28.09:019][  0]LightingResults: New page: Lighting Build
[2018.04.19-16.28.09:078][  0]MapCheck: New page: Map Check
[2018.04.19-16.28.09:078][  0]LightingResults: New page: Lighting Build
[2018.04.19-16.28.09:257][  0]LogLinker: Warning: Can't find file '/Game/StarterContent/Textures/T_Wood_Oak_D'
[2018.04.19-16.28.09:258][  0]LogLinker: Warning: Can't find file for asset '/Game/StarterContent/Textures/T_Wood_Oak_D' while loading ../../../../../../Users/lydia/Desktop/Lydia/Chris/GitHub/Art-Thief/ArtThiefMuseum/Content/StarterContent/Materials/M_Wood_Oak.uasset.
[2018.04.19-16.28.09:258][  0]LoadErrors: Error: /Game/StarterContent/Materials/M_Wood_Oak : Can't find file for asset. /Game/StarterContent/Textures/T_Wood_Oak_D
[2018.04.19-16.28.09:258][  0]LogLinker: Warning: Can't find file '/Game/StarterContent/Textures/T_Wood_Oak_N'
[2018.04.19-16.28.09:258][  0]LogLinker: Warning: Can't find file for asset '/Game/StarterContent/Textures/T_Wood_Oak_N' while loading ../../../../../../Users/lydia/Desktop/Lydia/Chris/GitHub/Art-Thief/ArtThiefMuseum/Content/StarterContent/Materials/M_Wood_Oak.uasset.
[2018.04.19-16.28.09:258][  0]LoadErrors: Error: /Game/StarterContent/Materials/M_Wood_Oak : Can't find file for asset. /Game/StarterContent/Textures/T_Wood_Oak_N
[2018.04.19-16.28.09:258][  0]LogLinker: Warning: Can't find file '/Game/StarterContent/Textures/T_Wood_Oak_D'
[2018.04.19-16.28.09:259][  0]LogLinker: Warning: Can't find file for asset '/Game/StarterContent/Textures/T_Wood_Oak_D' while loading ../../../../../../Users/lydia/Desktop/Lydia/Chris/GitHub/Art-Thief/ArtThiefMuseum/Content/StarterContent/Materials/M_Wood_Oak.uasset.
[2018.04.19-16.28.09:259][  0]LoadErrors: Error: /Game/StarterContent/Materials/M_Wood_Oak : Can't find file for asset. /Game/StarterContent/Textures/T_Wood_Oak_D
[2018.04.19-16.28.09:259][  0]LogLinker: Warning: Can't find file '/Game/StarterContent/Textures/T_Wood_Oak_N'
[2018.04.19-16.28.09:259][  0]LogLinker: Warning: Can't find file for asset '/Game/StarterContent/Textures/T_Wood_Oak_N' while loading ../../../../../../Users/lydia/Desktop/Lydia/Chris/GitHub/Art-Thief/ArtThiefMuseum/Content/StarterContent/Materials/M_Wood_Oak.uasset.
[2018.04.19-16.28.09:259][  0]LoadErrors: Error: /Game/StarterContent/Materials/M_Wood_Oak : Can't find file for asset. /Game/StarterContent/Textures/T_Wood_Oak_N
[2018.04.19-16.28.09:670][  0]LogLinker: Warning: Can't find file '/Game/StarterContent/Textures/T_Wood_Oak_D'
[2018.04.19-16.28.09:670][  0]LoadErrors: Failed to load /Game/StarterContent/Textures/T_Wood_Oak_D.T_Wood_Oak_D Referenced by MaterialExpressionTextureSample_82
[2018.04.19-16.28.09:671][  0]LogLinker: Warning: Can't find file for asset '/Game/StarterContent/Textures/T_Wood_Oak_D' while loading NULL.
[2018.04.19-16.28.09:671][  0]LoadErrors: Failed to load /Game/StarterContent/Textures/T_Wood_Oak_D.T_Wood_Oak_D Referenced by MaterialExpressionTextureSample_82
[2018.04.19-16.28.09:671][  0]LogLinker: Warning: Can't find file '/Game/StarterContent/Textures/T_Wood_Oak_N'
[2018.04.19-16.28.09:671][  0]LoadErrors: Failed to load /Game/StarterContent/Textures/T_Wood_Oak_N.T_Wood_Oak_N Referenced by MaterialExpressionTextureSample_83
[2018.04.19-16.28.09:671][  0]LogLinker: Warning: Can't find file for asset '/Game/StarterContent/Textures/T_Wood_Oak_N' while loading NULL.
[2018.04.19-16.28.09:671][  0]LoadErrors: Failed to load /Game/StarterContent/Textures/T_Wood_Oak_N.T_Wood_Oak_N Referenced by MaterialExpressionTextureSample_83
[2018.04.19-16.28.10:026][  0]LogMaterial: Missing cached shader map for material M_Wood_Oak, compiling. 
[2018.04.19-16.28.10:027][  0]LogMaterial: Warning: C:\Users\lydia\Desktop\Lydia\Chris\GitHub\Art-Thief\ArtThiefMuseum\Content\StarterContent\Materials\M_Wood_Oak.uasset: Failed to compile Material for platform PCD3D_SM5, Default Material will be used in game.
[2018.04.19-16.28.10:027][  0]LogMaterial: 	(Node TextureSample) Texture Sample> Missing input texture
[2018.04.19-16.28.10:317][  0]LogAIModule: Creating AISystem for world Minimal_Default
[2018.04.19-16.28.10:336][  0]LogEditorServer: Finished looking for orphan Actors (0.000 secs)
[2018.04.19-16.28.10:351][  0]Cmd: MAP CHECKDEP NOCLEARLOG
[2018.04.19-16.28.10:438][  0]MapCheck: Map check complete: 0 Error(s), 0 Warning(s), took 86.39ms to complete.
[2018.04.19-16.28.10:438][  0]LogFileHelpers: Loading map 'Minimal_Default' took 1.419
[2018.04.19-16.28.10:523][  0]LogWindowsTextInputMethodSystem: Display: IME system now deactivated.
[2018.04.19-16.28.10:523][  0]LogWindowsTextInputMethodSystem: Display: IME system now deactivated.
[2018.04.19-16.28.10:695][  0]LogCollectionManager: Loaded 0 collections in 0.002516 seconds
[2018.04.19-16.28.10:818][  0]LogFileCache: Scanning file cache for directory 'C:/Users/lydia/Desktop/Lydia/Chris/GitHub/Art-Thief/ArtThiefMuseum/Saved/Collections/' took 0.01s
[2018.04.19-16.28.10:818][  0]LogFileCache: Scanning file cache for directory 'C:/Users/lydia/Desktop/Lydia/Chris/GitHub/Art-Thief/ArtThiefMuseum/Content/Developers/lydia/Collections/' took 0.01s
[2018.04.19-16.28.10:818][  0]LogFileCache: Scanning file cache for directory 'C:/Users/lydia/Desktop/Lydia/Chris/GitHub/Art-Thief/ArtThiefMuseum/Content/Collections/' took 0.01s
[2018.04.19-16.28.10:818][  0]LogCollectionManager: Rebuilt the GUID cache for 0 collections in 0.000000 seconds
[2018.04.19-16.28.10:827][  0]LogContentBrowser: Native class hierarchy populated in 0.0089 seconds. Added 2364 classes and 521 folders.
[2018.04.19-16.28.10:961][  0]LogContentBrowser: Native class hierarchy updated for 'WidgetCarousel' in 0.0002 seconds. Added 0 classes and 0 folders.
[2018.04.19-16.28.11:019][  0]LogContentBrowser: Native class hierarchy updated for 'AddContentDialog' in 0.0002 seconds. Added 0 classes and 0 folders.
[2018.04.19-16.28.11:040][  0]LogSlate: Took 0.000229 seconds to synchronously load lazily loaded font '../../../Engine/Content/Slate/Fonts/Roboto-Regular.ttf' (155K)
[2018.04.19-16.28.11:043][  0]LogSlate: Took 0.000207 seconds to synchronously load lazily loaded font '../../../Engine/Content/Slate/Fonts/Roboto-Bold.ttf' (160K)
[2018.04.19-16.28.11:178][  0]LogRenderer: Reallocating scene render targets to support 852x392 Format 10 NumSamples 1 (Frame:1).
[2018.04.19-16.28.11:407][  0]LogContentBrowser: Native class hierarchy updated for 'HierarchicalLODOutliner' in 0.0003 seconds. Added 1 classes and 2 folders.
[2018.04.19-16.28.11:407][  0]LogLoad: (Engine Initialization) Total time: 25.86 seconds
[2018.04.19-16.28.11:407][  0]LogLoad: (Engine Initialization) Total Blueprint compile time: 0.00 seconds
[2018.04.19-16.28.11:407][  0]LogExternalProfiler: No external profilers were discovered.  External profiling features will not be available.
[2018.04.19-16.28.11:448][  0]LogContentStreaming: Texture pool size now 1000 MB
[2018.04.19-16.28.11:659][  2]LogAssetRegistry: Asset discovery search completed in 16.8980 seconds
[2018.04.19-16.28.11:663][  2]LogCollectionManager: Rebuilt the object cache for 0 collections in 0.000001 seconds (found 0 objects)
[2018.04.19-16.28.11:663][  2]LogCollectionManager: Fixed up redirectors for 0 collections in 0.000212 seconds (updated 0 objects)
[2018.04.19-16.28.17:794][319]LogSlate: Took 0.000224 seconds to synchronously load lazily loaded font '../../../Engine/Content/Editor/Slate/Fonts/FontAwesome.ttf' (139K)
[2018.04.19-16.28.19:448][416]LogSlate: Took 0.000171 seconds to synchronously load lazily loaded font '../../../Engine/Content/Slate/Fonts/Roboto-Light.ttf' (159K)
[2018.04.19-16.28.22:156][542]LogRenderer: Reallocating scene render targets to support 856x392 Format 10 NumSamples 1 (Frame:537).
[2018.04.19-16.29.01:154][406]Cmd: OBJ SAVEPACKAGE PACKAGE="/Game/Sequences/Alarm_seq" FILE="../../../../../../Users/lydia/Desktop/Lydia/Chris/GitHub/Art-Thief/ArtThiefMuseum/Content/Sequences/Alarm_seq.uasset" SILENT=true
[2018.04.19-16.29.01:229][406]LogSavePackage: Save=63.70ms
[2018.04.19-16.29.01:229][406]LogSavePackage: Moving '../../../../../../Users/lydia/Desktop/Lydia/Chris/GitHub/Art-Thief/ArtThiefMuseum/Saved/Alarm_seq3D79361F45AB4C96243D6F8BDF7A4AAD.tmp' to '../../../../../../Users/lydia/Desktop/Lydia/Chris/GitHub/Art-Thief/ArtThiefMuseum/Content/Sequences/Alarm_seq.uasset'
[2018.04.19-16.29.01:234][406]LogSavePackage: Display: Finished SavePackage ../../../../../../Users/lydia/Desktop/Lydia/Chris/GitHub/Art-Thief/ArtThiefMuseum/Content/Sequences/Alarm_seq.uasset
[2018.04.19-16.29.08:204][721]LogSlate: Took 0.000140 seconds to synchronously load lazily loaded font '../../../Engine/Content/Slate/Fonts/Roboto-Light.ttf' (159K)
[2018.04.19-16.29.13:199][965]LogLinker: Warning: Can't find file '/Game/StarterContent/Maps/Exterior_BuiltData'
[2018.04.19-16.29.13:199][965]LogLinker: Warning: Can't find file for asset '/Game/StarterContent/Maps/Exterior_BuiltData' while loading ../../../../../../Users/lydia/Desktop/Lydia/Chris/GitHub/Art-Thief/ArtThiefMuseum/Content/StarterContent/Maps/Exterior.umap.
[2018.04.19-16.29.13:199][965]LoadErrors: Error: /Game/StarterContent/Maps/Exterior : Can't find file for asset. /Game/StarterContent/Maps/Exterior_BuiltData
[2018.04.19-16.29.13:939][965]LogSlate: Took 0.000141 seconds to synchronously load lazily loaded font '../../../Engine/Content/Slate/Fonts/Roboto-Regular.ttf' (155K)
[2018.04.19-16.29.17:205][965]LogLinker: Warning: Can't find file '/Game/StarterContent/Maps/Exterior_BuiltData'
[2018.04.19-16.29.17:206][965]LogLinker: Warning: Can't find file for asset '/Game/StarterContent/Maps/Exterior_BuiltData' while loading ../../../../../../Users/lydia/Desktop/Lydia/Chris/GitHub/Art-Thief/ArtThiefMuseum/Content/StarterContent/Maps/Exterior.umap.
[2018.04.19-16.29.17:386][965]LogLinker: Warning: Can't find file '/Game/StarterContent/Maps/Exterior_BuiltData'
[2018.04.19-16.29.17:387][965]LogLinker: Warning: Can't find file for asset '/Game/StarterContent/Maps/Exterior_BuiltData' while loading NULL.
[2018.04.19-16.29.17:387][965]LogLinker: Warning: Can't find file '/Game/StarterContent/Maps/Exterior_BuiltData'
[2018.04.19-16.29.17:387][965]LogLinker: Warning: Can't find file for asset '/Game/StarterContent/Maps/Exterior_BuiltData' while loading NULL.
[2018.04.19-16.29.17:538][965]LogLinker: Warning: Can't find file '/Game/StarterContent/Maps/Exterior_BuiltData'
[2018.04.19-16.29.17:538][965]LoadErrors: Failed to load /Game/StarterContent/Maps/Exterior_BuiltData.Exterior_BuiltData Referenced by PersistentLevel
[2018.04.19-16.29.17:538][965]LogLinker: Warning: Can't find file for asset '/Game/StarterContent/Maps/Exterior_BuiltData' while loading NULL.
[2018.04.19-16.29.22:060][965]LogAIModule: Creating AISystem for world Exterior
[2018.04.19-16.29.22:128][965]Cmd: MAP LOAD FILE="../../../../../../Users/lydia/Desktop/Lydia/Chris/GitHub/Art-Thief/ArtThiefMuseum/Content/StarterContent/Maps/Exterior.umap" TEMPLATE=0 SHOWPROGRESS=1 FEATURELEVEL=3
[2018.04.19-16.29.22:129][965]LightingResults: New page: Lighting Build
[2018.04.19-16.29.22:130][965]LoadErrors: New page: Loading map: Exterior.umap
[2018.04.19-16.29.22:133][965]MapCheck: New page: Map Check
[2018.04.19-16.29.22:133][965]LightingResults: New page: Lighting Build
[2018.04.19-16.29.23:256][965]LogEditorServer: Finished looking for orphan Actors (0.000 secs)
[2018.04.19-16.29.23:318][965]Cmd: MAP CHECKDEP NOCLEARLOG
[2018.04.19-16.29.23:444][965]MapCheck: Map check complete: 0 Error(s), 0 Warning(s), took 125.635ms to complete.
[2018.04.19-16.29.23:444][965]LogFileHelpers: Loading map 'Exterior' took 1.316
[2018.04.19-16.29.43:635][788]LogSlate: Took 0.063806 seconds to synchronously load lazily loaded font '../../../Engine/Content/Editor/Slate/Fonts/Roboto-BoldCondensed.ttf' (158K)
[2018.04.19-16.30.26:469][488]Cmd: DELETE
[2018.04.19-16.30.26:469][488]Cmd: ACTOR DELETE
[2018.04.19-16.30.27:156][488]LogEditorActor: Deleted Actor: CineCameraActor
[2018.04.19-16.30.27:194][488]LogEditorActor: Deleted 1 Actors (0.532 secs)
[2018.04.19-16.30.40:561][ 47]LogEditorViewport: Clicking on Actor (LMB): CineCameraActor (CineCameraActor)
[2018.04.19-16.30.53:255][526]Cmd: DELETE
[2018.04.19-16.30.53:255][526]Cmd: ACTOR DELETE
[2018.04.19-16.30.53:306][526]LogEditorActor: Deleted Actor: CineCameraActor
[2018.04.19-16.30.53:323][526]LogEditorActor: Deleted 1 Actors (0.068 secs)
[2018.04.19-16.33.05:909][384]LogEditorViewport: Clicking on Actor (LMB): CineCameraActor (CineCameraActor2)
[2018.04.19-16.33.09:103][480]Cmd: CAMERA ALIGN ACTIVEVIEWPORTONLY
[2018.04.19-16.33.47:774][614]LogEditorViewport: Clicking on Actor (LMB): CineCameraActor (CineCameraActor2)
[2018.04.19-16.34.39:496][188]LogEditorViewport: Clicking on Actor (LMB): CineCameraActor (CineCameraActor2)
[2018.04.19-16.34.39:634][188]LogEditorViewport: Clicking on Component (LMB): CineCameraComponent (CameraComponent)
[2018.04.19-16.34.51:986][559]LogEditorViewport: Clicking on Component (LMB): CineCameraComponent (CameraComponent)
[2018.04.19-16.35.01:429][833]LogEditorViewport: Clicking on Component (LMB): CineCameraComponent (CameraComponent)
[2018.04.19-16.35.53:937][411]Cmd: TRANSACTION UNDO
[2018.04.19-16.35.53:937][411]LogEditorTransaction: Undo Delete Keys
[2018.04.19-16.35.54:039][411]LogSlate: Took 0.000190 seconds to synchronously load lazily loaded font '../../../Engine/Content/Slate/Fonts/Roboto-Light.ttf' (159K)
[2018.04.19-16.35.54:198][416]Cmd: TRANSACTION UNDO
[2018.04.19-16.35.54:199][416]LogEditorTransaction: Undo Select Actors/Components
[2018.04.19-16.35.54:460][427]Cmd: TRANSACTION UNDO
[2018.04.19-16.35.54:460][427]LogEditorTransaction: Undo Select Actors/Components
[2018.04.19-16.35.54:733][439]Cmd: TRANSACTION UNDO
[2018.04.19-16.35.54:733][439]LogEditorTransaction: Undo Select Actors/Components
[2018.04.19-16.35.55:046][451]Cmd: TRANSACTION UNDO
[2018.04.19-16.35.55:046][451]LogEditorTransaction: Undo Add Keys at Current Time
[2018.04.19-16.35.55:343][454]Cmd: TRANSACTION UNDO
[2018.04.19-16.35.55:343][454]LogEditorTransaction: Undo Move Components
[2018.04.19-16.35.55:525][455]Cmd: TRANSACTION UNDO
[2018.04.19-16.35.55:526][455]LogEditorTransaction: Undo Rotate Components
[2018.04.19-16.35.55:816][457]Cmd: TRANSACTION UNDO
[2018.04.19-16.35.55:816][457]LogEditorTransaction: Undo Rotate Components
[2018.04.19-16.35.55:973][458]Cmd: TRANSACTION UNDO
[2018.04.19-16.35.55:973][458]LogEditorTransaction: Undo Rotate Components
[2018.04.19-16.35.56:126][460]Cmd: TRANSACTION UNDO
[2018.04.19-16.35.56:126][460]LogEditorTransaction: Undo Rotate Components
[2018.04.19-16.35.56:314][463]Cmd: TRANSACTION UNDO
[2018.04.19-16.35.56:314][463]LogEditorTransaction: Undo Move Components
[2018.04.19-16.35.56:495][464]Cmd: TRANSACTION UNDO
[2018.04.19-16.35.56:495][464]LogEditorTransaction: Undo Move Components
[2018.04.19-16.35.56:672][465]Cmd: TRANSACTION UNDO
[2018.04.19-16.35.56:672][465]LogEditorTransaction: Undo Move Components
[2018.04.19-16.35.56:847][466]Cmd: TRANSACTION UNDO
[2018.04.19-16.35.56:847][466]LogEditorTransaction: Undo Move Components
[2018.04.19-16.35.57:041][468]Cmd: TRANSACTION UNDO
[2018.04.19-16.35.57:041][468]LogEditorTransaction: Undo Clicking on Components
[2018.04.19-16.35.57:228][471]Cmd: TRANSACTION UNDO
[2018.04.19-16.35.57:228][471]LogEditorTransaction: Undo Animatable Property Changed
[2018.04.19-16.35.57:466][475]Cmd: TRANSACTION UNDO
[2018.04.19-16.35.57:466][475]LogEditorTransaction: Undo Move Components
[2018.04.19-16.35.58:298][493]Cmd: TRANSACTION UNDO
[2018.04.19-16.35.58:298][493]LogEditorTransaction: Undo Clicking on Components
[2018.04.19-16.35.58:710][500]Cmd: TRANSACTION UNDO
[2018.04.19-16.35.58:710][500]LogEditorTransaction: Undo Move Components
[2018.04.19-16.35.58:980][503]Cmd: TRANSACTION UNDO
[2018.04.19-16.35.58:980][503]LogEditorTransaction: Undo Clicking on Components
[2018.04.19-16.35.59:221][505]Cmd: TRANSACTION UNDO
[2018.04.19-16.35.59:222][505]LogEditorTransaction: Undo Clicking on Actors
[2018.04.19-16.35.59:405][506]Cmd: TRANSACTION UNDO
[2018.04.19-16.35.59:405][506]LogEditorTransaction: Undo Move Actors
[2018.04.19-16.35.59:631][507]Cmd: TRANSACTION UNDO
[2018.04.19-16.35.59:631][507]LogEditorTransaction: Undo Add Keys at Current Time
[2018.04.19-16.35.59:807][508]Cmd: TRANSACTION UNDO
[2018.04.19-16.35.59:807][508]LogEditorTransaction: Undo Rotate Actors
[2018.04.19-16.35.59:990][509]Cmd: TRANSACTION UNDO
[2018.04.19-16.35.59:990][509]LogEditorTransaction: Undo Rotate Actors
[2018.04.19-16.36.00:274][511]Cmd: TRANSACTION UNDO
[2018.04.19-16.36.00:274][511]LogEditorTransaction: Undo Rotate Actors
[2018.04.19-16.36.00:408][514]Cmd: TRANSACTION UNDO
[2018.04.19-16.36.00:408][514]LogEditorTransaction: Undo Move Actors
[2018.04.19-16.36.00:706][520]Cmd: TRANSACTION UNDO
[2018.04.19-16.36.00:706][520]LogEditorTransaction: Undo Add Keys at Current Time
[2018.04.19-16.36.01:053][526]Cmd: TRANSACTION UNDO
[2018.04.19-16.36.01:053][526]LogEditorTransaction: Undo Rotate Actors
[2018.04.19-16.36.01:296][528]Cmd: TRANSACTION UNDO
[2018.04.19-16.36.01:296][528]LogEditorTransaction: Undo Rotate Actors
[2018.04.19-16.36.01:517][532]Cmd: TRANSACTION UNDO
[2018.04.19-16.36.01:517][532]LogEditorTransaction: Undo Rotate Actors
[2018.04.19-16.36.01:724][535]Cmd: TRANSACTION UNDO
[2018.04.19-16.36.01:724][535]LogEditorTransaction: Undo Clicking on Actors
[2018.04.19-16.36.01:922][537]Cmd: TRANSACTION UNDO
[2018.04.19-16.36.01:922][537]LogEditorTransaction: Undo Rotate Actors
[2018.04.19-16.36.02:177][539]Cmd: TRANSACTION UNDO
[2018.04.19-16.36.02:177][539]LogEditorTransaction: Undo Move Actors
[2018.04.19-16.36.02:364][542]Cmd: TRANSACTION UNDO
[2018.04.19-16.36.02:364][542]LogEditorTransaction: Undo Move Actors
[2018.04.19-16.36.02:591][546]Cmd: TRANSACTION UNDO
[2018.04.19-16.36.02:591][546]LogEditorTransaction: Undo Add Keys at Current Time
[2018.04.19-16.36.02:840][549]Cmd: TRANSACTION UNDO
[2018.04.19-16.36.02:840][549]LogEditorTransaction: Undo Rotate Actors
[2018.04.19-16.36.03:057][552]Cmd: TRANSACTION UNDO
[2018.04.19-16.36.03:057][552]LogEditorTransaction: Undo Rotate Actors
[2018.04.19-16.36.03:268][557]Cmd: TRANSACTION UNDO
[2018.04.19-16.36.03:268][557]LogEditorTransaction: Undo Move Actors
[2018.04.19-16.36.03:510][560]Cmd: TRANSACTION UNDO
[2018.04.19-16.36.03:510][560]LogEditorTransaction: Undo Clicking on Actors
[2018.04.19-16.36.03:734][564]Cmd: TRANSACTION UNDO
[2018.04.19-16.36.03:734][564]LogEditorTransaction: Undo Rotate Actors
[2018.04.19-16.36.04:014][569]Cmd: TRANSACTION UNDO
[2018.04.19-16.36.04:014][569]LogEditorTransaction: Undo Add Keys at Current Time
[2018.04.19-16.36.04:272][572]Cmd: TRANSACTION UNDO
[2018.04.19-16.36.04:272][572]LogEditorTransaction: Undo Rotate Actors
[2018.04.19-16.36.04:569][578]Cmd: TRANSACTION UNDO
[2018.04.19-16.36.04:569][578]LogEditorTransaction: Undo Rotate Actors
[2018.04.19-16.36.05:225][592]Cmd: TRANSACTION UNDO
[2018.04.19-16.36.05:225][592]LogEditorTransaction: Undo Add Keys at Current Time
[2018.04.19-16.36.06:285][615]Cmd: TRANSACTION UNDO
[2018.04.19-16.36.06:285][615]LogEditorTransaction: Undo Animatable Property Changed
[2018.04.19-16.36.06:709][623]Cmd: TRANSACTION UNDO
[2018.04.19-16.36.06:709][623]LogEditorTransaction: Undo Add Keys at Current Time
[2018.04.19-16.36.07:146][631]Cmd: TRANSACTION UNDO
[2018.04.19-16.36.07:146][631]LogEditorTransaction: Undo Animatable Property Changed
[2018.04.19-16.36.07:581][638]Cmd: TRANSACTION UNDO
[2018.04.19-16.36.07:581][638]LogEditorTransaction: Undo Animatable Property Changed
[2018.04.19-16.36.08:005][648]Cmd: TRANSACTION UNDO
[2018.04.19-16.36.08:005][648]LogEditorTransaction: Undo Add Keys at Current Time
[2018.04.19-16.36.08:449][655]Cmd: TRANSACTION UNDO
[2018.04.19-16.36.08:449][655]LogEditorTransaction: Undo Animatable Property Changed
[2018.04.19-16.36.08:872][663]Cmd: TRANSACTION UNDO
[2018.04.19-16.36.08:872][663]LogEditorTransaction: Undo Add Keys at Current Time
[2018.04.19-16.36.09:442][675]Cmd: TRANSACTION UNDO
[2018.04.19-16.36.09:442][675]LogEditorTransaction: Undo Animatable Property Changed
[2018.04.19-16.36.09:962][685]Cmd: TRANSACTION UNDO
[2018.04.19-16.36.09:962][685]LogEditorTransaction: Undo Edit Current Aperture
[2018.04.19-16.36.10:537][696]Cmd: TRANSACTION UNDO
[2018.04.19-16.36.10:537][696]LogEditorTransaction: Undo Create Camera Here
[2018.04.19-16.36.11:726][728]Cmd: TRANSACTION UNDO
[2018.04.19-16.36.11:726][728]LogEditorTransaction: Undo Delete Node
[2018.04.19-16.36.50:422][340]Cmd: CAMERA ALIGN ACTIVEVIEWPORTONLY
[2018.04.19-16.36.53:200][461]Cmd: CAMERA ALIGN ACTIVEVIEWPORTONLY
[2018.04.19-16.37.40:420][426]Cmd: CAMERA ALIGN ACTIVEVIEWPORTONLY
[2018.04.19-16.37.51:188][902]LogEditorViewport: Clicking on Component (LMB): CineCameraComponent (CameraComponent)
[2018.04.19-16.38.01:322][342]Cmd: CAMERA ALIGN ACTIVEVIEWPORTONLY
[2018.04.19-16.38.03:677][439]Cmd: CAMERA ALIGN ACTIVEVIEWPORTONLY
[2018.04.19-16.39.36:901][472]LogEditorViewport: Clicking on Actor (LMB): CineCameraActor (CineCameraActor5)
[2018.04.19-16.43.32:026][513]LogBlueprintUserMessages: Early PlayInEditor Detection: Level '/Game/StarterContent/Maps/Exterior.Exterior:PersistentLevel' has LevelScriptBlueprint '/Game/StarterContent/Maps/Exterior.Exterior:PersistentLevel.Exterior' with GeneratedClass '/Game/StarterContent/Maps/Exterior.Exterior_C' with ClassGeneratedBy '/Game/StarterContent/Maps/Exterior.Exterior:PersistentLevel.Exterior'
[2018.04.19-16.43.32:075][513]LogPlayLevel: PlayLevel: No blueprints needed recompiling
[2018.04.19-16.43.32:151][513]PIE: New page: SIE session: Exterior (Apr 19, 2018, 4:43:32 AM)
[2018.04.19-16.43.32:163][513]LogPlayLevel: Creating play world package: /Game/StarterContent/Maps/UEDPIE_0_Exterior
[2018.04.19-16.43.32:284][513]LogPlayLevel: PIE: StaticDuplicateObject took: (0.120559s)
[2018.04.19-16.43.32:284][513]LogAIModule: Creating AISystem for world Exterior
[2018.04.19-16.43.32:294][513]LogPlayLevel: PIE: World Init took: (0.009928s)
[2018.04.19-16.43.32:294][513]LogPlayLevel: PIE: Created PIE world by copying editor world from /Game/StarterContent/Maps/Exterior.Exterior to /Game/StarterContent/Maps/UEDPIE_0_Exterior.Exterior (0.131542s)
[2018.04.19-16.43.32:330][513]LogInit: XAudio2 using 'Speakers (Realtek High Definition Audio)' : 2 channels at 48 kHz using 32 bits per sample (channel mask 0x3)
[2018.04.19-16.43.32:367][513]LogInit: FAudioDevice initialized.
[2018.04.19-16.43.32:459][513]LogLoad: Game class is 'GameModeBase'
[2018.04.19-16.43.32:522][513]LogWorld: Bringing World /Game/StarterContent/Maps/UEDPIE_0_Exterior.Exterior up for play (max tick rate 60) at 2018.04.19-10.43.32
[2018.04.19-16.43.32:547][513]LogLinker: Warning: Can't find file '/Game/Sequences/LookingAtMap_seq'
[2018.04.19-16.43.32:547][513]LogLinker: Warning: Can't find file '/Game/Sequences/LookingAtMap_seq'
[2018.04.19-16.43.32:547][513]LogUObjectGlobals: Warning: Failed to find object 'Object /Game/Sequences/LookingAtMap_seq.LookingAtMap_seq'
[2018.04.19-16.43.32:548][513]LogLinker: Warning: Can't find file '/Game/Throw_chair_seq'
[2018.04.19-16.43.32:548][513]LogLinker: Warning: Can't find file '/Game/Throw_chair_seq'
[2018.04.19-16.43.32:548][513]LogUObjectGlobals: Warning: Failed to find object 'Object /Game/Throw_chair_seq.Throw_chair_seq'
[2018.04.19-16.43.32:548][513]LogLinker: Warning: Can't find file '/Game/Sequences/Exit_seq'
[2018.04.19-16.43.32:548][513]LogLinker: Warning: Can't find file '/Game/Sequences/Exit_seq'
[2018.04.19-16.43.32:548][513]LogUObjectGlobals: Warning: Failed to find object 'Object /Game/Sequences/Exit_seq.Exit_seq'
[2018.04.19-16.43.32:557][513]LogWorld: Bringing up level for play took: 0.071796
[2018.04.19-16.43.32:767][513]LogContentBrowser: Native class hierarchy updated for 'MovieSceneCapture' in 0.0005 seconds. Added 11 classes and 0 folders.
[2018.04.19-16.43.32:782][513]PIE: Play in editor start time for /Game/StarterContent/Maps/UEDPIE_0_Exterior 0.86
[2018.04.19-16.43.32:855][513]LogBlueprintUserMessages: Late PlayInEditor Detection: Level '/Game/StarterContent/Maps/Exterior.Exterior:PersistentLevel' has LevelScriptBlueprint '/Game/StarterContent/Maps/Exterior.Exterior:PersistentLevel.Exterior' with GeneratedClass '/Game/StarterContent/Maps/Exterior.Exterior_C' with ClassGeneratedBy '/Game/StarterContent/Maps/Exterior.Exterior:PersistentLevel.Exterior'
[2018.04.19-16.45.37:217][161]LogEditorViewport: Clicking on Actor (LMB): Landscape (Landscape4)
[2018.04.19-16.53.28:665][580]LogSavePackage: Save=28.50ms
[2018.04.19-16.53.28:665][580]LogSavePackage: Moving '../../../../../../Users/lydia/Desktop/Lydia/Chris/GitHub/Art-Thief/ArtThiefMuseum/Saved/ExitBuilding_seqDBE018274EA4DC6F1E1AAC8DC9119C42.tmp' to '../../../../../../Users/lydia/Desktop/Lydia/Chris/GitHub/Art-Thief/ArtThiefMuseum/Content/Sequences/ExitBuilding_seq.uasset'
[2018.04.19-16.53.28:671][580]LogSavePackage: Display: Finished SavePackage ../../../../../../Users/lydia/Desktop/Lydia/Chris/GitHub/Art-Thief/ArtThiefMuseum/Content/Sequences/ExitBuilding_seq.uasset
[2018.04.19-16.53.28:672][580]Cmd: OBJ SAVEPACKAGE PACKAGE="/Game/Sequences/Intro_Seq" FILE="../../../../../../Users/lydia/Desktop/Lydia/Chris/GitHub/Art-Thief/ArtThiefMuseum/Content/Sequences/Intro_Seq.uasset" SILENT=true
[2018.04.19-16.53.28:735][580]LogSavePackage: Save=53.47ms
[2018.04.19-16.53.28:735][580]LogSavePackage: Moving '../../../../../../Users/lydia/Desktop/Lydia/Chris/GitHub/Art-Thief/ArtThiefMuseum/Saved/Intro_Seq3E63CE0D40BA0671E8883BBF81F46F4D.tmp' to '../../../../../../Users/lydia/Desktop/Lydia/Chris/GitHub/Art-Thief/ArtThiefMuseum/Content/Sequences/Intro_Seq.uasset'
[2018.04.19-16.53.28:740][580]LogSavePackage: Display: Finished SavePackage ../../../../../../Users/lydia/Desktop/Lydia/Chris/GitHub/Art-Thief/ArtThiefMuseum/Content/Sequences/Intro_Seq.uasset
[2018.04.19-16.53.28:740][580]Cmd: OBJ SAVEPACKAGE PACKAGE="/Game/Sequences/Throw_rock_seq" FILE="../../../../../../Users/lydia/Desktop/Lydia/Chris/GitHub/Art-Thief/ArtThiefMuseum/Content/Sequences/Throw_rock_seq.uasset" SILENT=true
[2018.04.19-16.53.28:779][580]LogSavePackage: Save=29.00ms
[2018.04.19-16.53.28:779][580]LogSavePackage: Moving '../../../../../../Users/lydia/Desktop/Lydia/Chris/GitHub/Art-Thief/ArtThiefMuseum/Saved/Throw_rock_seq30713D164601A07251EC6F86FC977ED1.tmp' to '../../../../../../Users/lydia/Desktop/Lydia/Chris/GitHub/Art-Thief/ArtThiefMuseum/Content/Sequences/Throw_rock_seq.uasset'
[2018.04.19-16.53.28:783][580]LogSavePackage: Display: Finished SavePackage ../../../../../../Users/lydia/Desktop/Lydia/Chris/GitHub/Art-Thief/ArtThiefMuseum/Content/Sequences/Throw_rock_seq.uasset
[2018.04.19-16.53.30:231][580]LogSavePackage: Save=1272.62ms
[2018.04.19-16.53.30:231][580]LogSavePackage: Moving '../../../../../../Users/lydia/Desktop/Lydia/Chris/GitHub/Art-Thief/ArtThiefMuseum/Saved/ExteriorA10D2D934294DEA6F40B71A58B0D9713.tmp' to '../../../../../../Users/lydia/Desktop/Lydia/Chris/GitHub/Art-Thief/ArtThiefMuseum/Content/StarterContent/Maps/Exterior.umap'
[2018.04.19-16.53.30:236][580]LogSavePackage: Display: Finished SavePackage ../../../../../../Users/lydia/Desktop/Lydia/Chris/GitHub/Art-Thief/ArtThiefMuseum/Content/StarterContent/Maps/Exterior.umap
[2018.04.19-16.53.30:258][580]LogFileHelpers: Saving map 'Exterior' took 1.475
[2018.04.19-16.53.36:122][687]LogBlueprintUserMessages: Early EndPlayMap Detection: Level '/Game/StarterContent/Maps/Exterior.Exterior:PersistentLevel' has LevelScriptBlueprint '/Game/StarterContent/Maps/Exterior.Exterior:PersistentLevel.Exterior' with GeneratedClass '/Game/StarterContent/Maps/Exterior.Exterior_C' with ClassGeneratedBy '/Game/StarterContent/Maps/Exterior.Exterior:PersistentLevel.Exterior'
[2018.04.19-16.53.36:240][687]LogBlueprintUserMessages: Late EndPlayMap Detection: Level '/Game/StarterContent/Maps/Exterior.Exterior:PersistentLevel' has LevelScriptBlueprint '/Game/StarterContent/Maps/Exterior.Exterior:PersistentLevel.Exterior' with GeneratedClass '/Game/StarterContent/Maps/Exterior.Exterior_C' with ClassGeneratedBy '/Game/StarterContent/Maps/Exterior.Exterior:PersistentLevel.Exterior'
[2018.04.19-16.53.36:503][688]Cmd: QUIT_EDITOR
[2018.04.19-16.53.37:084][688]LogWindowsTextInputMethodSystem: Display: IME system now deactivated.
[2018.04.19-16.53.37:084][688]LogWindowsTextInputMethodSystem: Display: IME system now deactivated.
[2018.04.19-16.53.37:130][688]LogExit: Preparing to exit.
[2018.04.19-16.53.37:970][688]LogDirectoryWatcher: A directory notification for 'C:/Users/lydia/Desktop/Lydia/Chris/GitHub/Art-Thief/ArtThiefMuseum/Content/' was aborted.
[2018.04.19-16.53.38:066][688]LogExit: Editor shut down
[2018.04.19-16.53.38:082][688]LogExit: Transaction tracking system shut down
[2018.04.19-16.53.38:411][688]LogDirectoryWatcher: A directory notification for '../../../Engine/Content/' was aborted.
[2018.04.19-16.53.38:412][688]LogDirectoryWatcher: A directory notification for '../../../../../../Users/lydia/Desktop/Lydia/Chris/GitHub/Art-Thief/ArtThiefMuseum/Content/' was aborted.
[2018.04.19-16.53.38:412][688]LogDirectoryWatcher: A directory notification for '../../../Engine/Plugins/2D/Paper2D/Content/' was aborted.
[2018.04.19-16.53.38:412][688]LogDirectoryWatcher: A directory notification for '../../../Engine/Plugins/Media/MediaCompositing/Content/' was aborted.
[2018.04.19-16.53.38:412][688]LogDirectoryWatcher: A directory notification for '../../../Engine/Plugins/Runtime/AppleARKit/Content/' was aborted.
[2018.04.19-16.53.38:412][688]LogDirectoryWatcher: A directory notification for '../../../Engine/Plugins/Runtime/Oculus/OculusVR/Content/' was aborted.
[2018.04.19-16.53.38:412][688]LogDirectoryWatcher: A directory notification for '../../../Engine/Plugins/Runtime/Steam/SteamVR/Content/' was aborted.
[2018.04.19-16.53.38:519][688]LogExit: Object subsystem successfully closed.
[2018.04.19-16.53.38:541][688]LogD3D11RHI: Shutdown
[2018.04.19-16.53.38:541][688]LogD3D11RHI: CleanupD3DDevice
[2018.04.19-16.53.38:544][688]LogD3D11RHI: ~FD3D11DynamicRHI
[2018.04.19-16.53.38:569][688]LogModuleManager: Shutting down and abandoning module MovieSceneCapture (552)
[2018.04.19-16.53.38:569][688]LogModuleManager: Shutting down and abandoning module SequencerWidgets (550)
[2018.04.19-16.53.38:569][688]LogModuleManager: Shutting down and abandoning module HierarchicalLODOutliner (548)
[2018.04.19-16.53.38:569][688]LogModuleManager: Shutting down and abandoning module AddContentDialog (546)
[2018.04.19-16.53.38:569][688]LogDirectoryWatcher: A directory notification for 'C:/Program Files/Epic Games/UE_4.18/FeaturePacks/' was aborted.
[2018.04.19-16.53.38:573][688]LogModuleManager: Shutting down and abandoning module WidgetCarousel (545)
[2018.04.19-16.53.38:573][688]LogModuleManager: Shutting down and abandoning module EditorWidgets (542)
[2018.04.19-16.53.38:573][688]LogModuleManager: Shutting down and abandoning module CollectionManager (540)
[2018.04.19-16.53.38:573][688]LogDirectoryWatcher: A directory notification for 'C:/Users/lydia/Desktop/Lydia/Chris/GitHub/Art-Thief/ArtThiefMuseum/Content/Collections/' was aborted.
[2018.04.19-16.53.38:574][688]LogDirectoryWatcher: A directory notification for 'C:/Users/lydia/Desktop/Lydia/Chris/GitHub/Art-Thief/ArtThiefMuseum/Content/Developers/lydia/Collections/' was aborted.
[2018.04.19-16.53.38:574][688]LogDirectoryWatcher: A directory notification for 'C:/Users/lydia/Desktop/Lydia/Chris/GitHub/Art-Thief/ArtThiefMuseum/Saved/Collections/' was aborted.
[2018.04.19-16.53.38:574][688]LogModuleManager: Shutting down and abandoning module SceneOutliner (538)
[2018.04.19-16.53.38:574][688]LogModuleManager: Shutting down and abandoning module StatsViewer (536)
[2018.04.19-16.53.38:574][688]LogModuleManager: Shutting down and abandoning module FoliageEdit (534)
[2018.04.19-16.53.38:574][688]LogModuleManager: Shutting down and abandoning module LandscapeEditor (532)
[2018.04.19-16.53.38:574][688]LogModuleManager: Shutting down and abandoning module MeshPaintMode (530)
[2018.04.19-16.53.38:574][688]LogModuleManager: Shutting down and abandoning module SceneDepthPickerMode (528)
[2018.04.19-16.53.38:574][688]LogModuleManager: Shutting down and abandoning module ActorPickerMode (526)
[2018.04.19-16.53.38:574][688]LogModuleManager: Shutting down and abandoning module GeometryMode (524)
[2018.04.19-16.53.38:574][688]LogModuleManager: Shutting down and abandoning module TextureAlignMode (522)
[2018.04.19-16.53.38:574][688]LogModuleManager: Shutting down and abandoning module BspMode (520)
[2018.04.19-16.53.38:574][688]LogModuleManager: Shutting down and abandoning module PIEPreviewDeviceProfileSelector (518)
[2018.04.19-16.53.38:574][688]LogModuleManager: Shutting down and abandoning module HardwareSurvey (516)
[2018.04.19-16.53.38:574][688]LogModuleManager: Shutting down and abandoning module SequenceRecorderSections (514)
[2018.04.19-16.53.38:574][688]LogModuleManager: Shutting down and abandoning module AutomationWorker (512)
[2018.04.19-16.53.38:574][688]LogModuleManager: Shutting down and abandoning module MatineeToLevelSequence (510)
[2018.04.19-16.53.38:574][688]LogModuleManager: Shutting down and abandoning module LevelSequenceEditor (508)
[2018.04.19-16.53.38:574][688]LogModuleManager: Shutting down and abandoning module PlacementMode (507)
[2018.04.19-16.53.38:574][688]LogModuleManager: Shutting down and abandoning module WmfMediaFactory (504)
[2018.04.19-16.53.38:574][688]LogModuleManager: Shutting down and abandoning module WmfMediaEditor (502)
[2018.04.19-16.53.38:574][688]LogModuleManager: Shutting down and abandoning module OpenExrWrapper (500)
[2018.04.19-16.53.38:574][688]LogModuleManager: Shutting down and abandoning module ImgMediaFactory (498)
[2018.04.19-16.53.38:574][688]LogModuleManager: Shutting down and abandoning module ImgMediaEditor (496)
[2018.04.19-16.53.38:574][688]LogModuleManager: Shutting down and abandoning module AvfMediaFactory (494)
[2018.04.19-16.53.38:574][688]LogModuleManager: Shutting down and abandoning module AvfMediaEditor (492)
[2018.04.19-16.53.38:574][688]LogModuleManager: Shutting down and abandoning module AndroidMediaFactory (490)
[2018.04.19-16.53.38:574][688]LogModuleManager: Shutting down and abandoning module AndroidMediaEditor (488)
[2018.04.19-16.53.38:574][688]LogModuleManager: Shutting down and abandoning module CharacterAI (486)
[2018.04.19-16.53.38:574][688]LogModuleManager: Shutting down and abandoning module AudioCapture (484)
[2018.04.19-16.53.38:574][688]LogModuleManager: Shutting down and abandoning module SequenceRecorder (483)
[2018.04.19-16.53.38:574][688]LogModuleManager: Shutting down and abandoning module SmartSnapping (480)
[2018.04.19-16.53.38:574][688]LogModuleManager: Shutting down and abandoning module SessionServices (478)
[2018.04.19-16.53.38:574][688]LogModuleManager: Shutting down and abandoning module ViewportSnapping (476)
[2018.04.19-16.53.38:574][688]LogModuleManager: Shutting down and abandoning module ViewportInteraction (474)
[2018.04.19-16.53.38:575][688]LogModuleManager: Shutting down and abandoning module ClothPainter (472)
[2018.04.19-16.53.38:575][688]LogModuleManager: Shutting down and abandoning module SkeletalMeshEditor (471)
[2018.04.19-16.53.38:575][688]LogModuleManager: Shutting down and abandoning module LogVisualizer (468)
[2018.04.19-16.53.38:575][688]LogModuleManager: Shutting down and abandoning module IntroTutorials (466)
[2018.04.19-16.53.38:575][688]LogModuleManager: Shutting down and abandoning module GameProjectGeneration (465)
[2018.04.19-16.53.38:575][688]LogModuleManager: Shutting down and abandoning module IOSPlatformEditor (462)
[2018.04.19-16.53.38:575][688]LogModuleManager: Shutting down and abandoning module HTML5PlatformEditor (460)
[2018.04.19-16.53.38:575][688]LogModuleManager: Shutting down and abandoning module AndroidPlatformEditor (458)
[2018.04.19-16.53.38:575][688]LogModuleManager: Shutting down and abandoning module AndroidDeviceDetection (457)
[2018.04.19-16.53.39:047][688]LogModuleManager: Shutting down and abandoning module WindowsPlatformEditor (454)
[2018.04.19-16.53.39:047][688]LogModuleManager: Shutting down and abandoning module IOSRuntimeSettings (452)
[2018.04.19-16.53.39:047][688]LogModuleManager: Shutting down and abandoning module AndroidRuntimeSettings (450)
[2018.04.19-16.53.39:047][688]LogModuleManager: Shutting down and abandoning module InputBindingEditor (448)
[2018.04.19-16.53.39:047][688]LogModuleManager: Shutting down and abandoning module MergeActors (446)
[2018.04.19-16.53.39:047][688]LogModuleManager: Shutting down and abandoning module SizeMap (444)
[2018.04.19-16.53.39:047][688]LogModuleManager: Shutting down and abandoning module TreeMap (442)
[2018.04.19-16.53.39:047][688]LogModuleManager: Shutting down and abandoning module ReferenceViewer (440)
[2018.04.19-16.53.39:047][688]LogModuleManager: Shutting down and abandoning module LocalizationDashboard (438)
[2018.04.19-16.53.39:048][688]LogModuleManager: Shutting down and abandoning module LocalizationService (437)
[2018.04.19-16.53.39:048][688]LogModuleManager: Shutting down and abandoning module HardwareTargeting (434)
[2018.04.19-16.53.39:048][688]LogModuleManager: Shutting down and abandoning module DeviceProfileEditor (432)
[2018.04.19-16.53.39:048][688]LogModuleManager: Shutting down and abandoning module UndoHistory (430)
[2018.04.19-16.53.39:048][688]LogModuleManager: Shutting down and abandoning module XmlParser (428)
[2018.04.19-16.53.39:048][688]LogModuleManager: Shutting down and abandoning module Blutility (426)
[2018.04.19-16.53.39:048][688]LogModuleManager: Shutting down and abandoning module ProjectSettingsViewer (424)
[2018.04.19-16.53.39:048][688]LogModuleManager: Shutting down and abandoning module ProjectTargetPlatformEditor (423)
[2018.04.19-16.53.39:048][688]LogModuleManager: Shutting down and abandoning module EditorSettingsViewer (420)
[2018.04.19-16.53.39:048][688]LogModuleManager: Shutting down and abandoning module SettingsEditor (418)
[2018.04.19-16.53.39:048][688]LogModuleManager: Shutting down and abandoning module ProjectLauncher (416)
[2018.04.19-16.53.39:048][688]LogModuleManager: Shutting down and abandoning module SessionFrontend (414)
[2018.04.19-16.53.39:048][688]LogModuleManager: Shutting down and abandoning module ProfilerClient (412)
[2018.04.19-16.53.39:048][688]LogModuleManager: Shutting down and abandoning module DeviceManager (410)
[2018.04.19-16.53.39:048][688]LogModuleManager: Shutting down and abandoning module TargetDeviceServices (409)
[2018.04.19-16.53.39:114][688]LogModuleManager: Shutting down and abandoning module AutomationController (406)
[2018.04.19-16.53.39:114][688]LogModuleManager: Shutting down and abandoning module AutomationWindow (404)
[2018.04.19-16.53.39:114][688]LogModuleManager: Shutting down and abandoning module Layers (402)
[2018.04.19-16.53.39:114][688]LogModuleManager: Shutting down and abandoning module ComponentVisualizers (400)
[2018.04.19-16.53.39:114][688]LogModuleManager: Shutting down and abandoning module DetailCustomizations (398)
[2018.04.19-16.53.39:114][688]LogModuleManager: Shutting down and abandoning module PackagesDialog (396)
[2018.04.19-16.53.39:114][688]LogModuleManager: Shutting down and abandoning module Persona (394)
[2018.04.19-16.53.39:114][688]LogModuleManager: Shutting down and abandoning module AdvancedPreviewScene (393)
[2018.04.19-16.53.39:114][688]LogModuleManager: Shutting down and abandoning module AnimGraph (391)
[2018.04.19-16.53.39:114][688]LogModuleManager: Shutting down and abandoning module Kismet (388)
[2018.04.19-16.53.39:114][688]LogModuleManager: Shutting down and abandoning module ClassViewer (386)
[2018.04.19-16.53.39:114][688]LogModuleManager: Shutting down and abandoning module Toolbox (384)
[2018.04.19-16.53.39:114][688]LogModuleManager: Shutting down and abandoning module ModuleUI (382)
[2018.04.19-16.53.39:114][688]LogModuleManager: Shutting down and abandoning module MovieSceneTools (380)
[2018.04.19-16.53.39:115][688]LogModuleManager: Shutting down and abandoning module OutputLog (378)
[2018.04.19-16.53.39:115][688]LogModuleManager: Shutting down and abandoning module GammaUI (376)
[2018.04.19-16.53.39:115][688]LogModuleManager: Shutting down and abandoning module Documentation (374)
[2018.04.19-16.53.39:115][688]LogModuleManager: Shutting down and abandoning module MovieSceneTracks (372)
[2018.04.19-16.53.39:115][688]LogModuleManager: Shutting down and abandoning module MovieScene (370)
[2018.04.19-16.53.39:115][688]LogModuleManager: Shutting down and abandoning module StreamingPauseRendering (368)
[2018.04.19-16.53.39:115][688]LogModuleManager: Shutting down and abandoning module LauncherPlatform (366)
[2018.04.19-16.53.39:115][688]LogModuleManager: Shutting down and abandoning module AnalyticsET (364)
[2018.04.19-16.53.39:115][688]LogModuleManager: Shutting down and abandoning module PortalServices (362)
[2018.04.19-16.53.39:115][688]LogModuleManager: Shutting down and abandoning module PortalRpc (360)
[2018.04.19-16.53.39:115][688]LogModuleManager: Shutting down and abandoning module MessagingRpc (358)
[2018.04.19-16.53.39:115][688]LogModuleManager: Shutting down and abandoning module AIModule (356)
[2018.04.19-16.53.39:115][688]LogModuleManager: Shutting down and abandoning module GameplayDebugger (355)
[2018.04.19-16.53.39:115][688]LogModuleManager: Shutting down and abandoning module AITestSuite (353)
[2018.04.19-16.53.39:115][688]LogModuleManager: Shutting down and abandoning module DesktopPlatform (350)
[2018.04.19-16.53.39:115][688]LogModuleManager: Shutting down and abandoning module ProfilerService (348)
[2018.04.19-16.53.39:212][688]LogModuleManager: Shutting down and abandoning module TaskGraph (346)
[2018.04.19-16.53.39:212][688]LogModuleManager: Shutting down and abandoning module SteamVRController (344)
[2018.04.19-16.53.39:212][688]LogModuleManager: Shutting down and abandoning module ProceduralMeshComponentEditor (342)
[2018.04.19-16.53.39:212][688]LogModuleManager: Shutting down and abandoning module ProceduralMeshComponent (340)
[2018.04.19-16.53.39:212][688]LogModuleManager: Shutting down and abandoning module OculusInput (338)
[2018.04.19-16.53.39:213][688]LogModuleManager: Shutting down and abandoning module MobilePatchingUtils (336)
[2018.04.19-16.53.39:213][688]LogModuleManager: Shutting down and abandoning module CustomMeshComponent (334)
[2018.04.19-16.53.39:213][688]LogModuleManager: Shutting down and abandoning module CableComponent (332)
[2018.04.19-16.53.39:213][688]LogModuleManager: Shutting down and abandoning module ArchVisCharacter (330)
[2018.04.19-16.53.39:213][688]LogModuleManager: Shutting down and abandoning module AndroidPermission (328)
[2018.04.19-16.53.39:213][688]LogModuleManager: Shutting down and abandoning module ActorSequence (324)
[2018.04.19-16.53.39:213][688]LogModuleManager: Shutting down and abandoning module MediaPlayerEditor (322)
[2018.04.19-16.53.39:213][688]LogModuleManager: Shutting down and abandoning module MediaCompositingEditor (320)
[2018.04.19-16.53.39:213][688]LogModuleManager: Shutting down and abandoning module MediaCompositing (318)
[2018.04.19-16.53.39:213][688]LogModuleManager: Shutting down and abandoning module HTML5Networking (316)
[2018.04.19-16.53.39:213][688]LogModuleManager: Shutting down and abandoning module AlembicImporter (314)
[2018.04.19-16.53.39:213][688]LogModuleManager: Shutting down and abandoning module AlembicLibrary (313)
[2018.04.19-16.53.39:213][688]LogModuleManager: Shutting down and abandoning module GeometryCache (312)
[2018.04.19-16.53.39:213][688]LogModuleManager: Shutting down and abandoning module GeometryCacheEd (311)
[2018.04.19-16.53.39:213][688]LogModuleManager: Shutting down and abandoning module SpeedTreeImporter (306)
[2018.04.19-16.53.39:213][688]LogModuleManager: Shutting down and abandoning module PluginBrowser (304)
[2018.04.19-16.53.39:213][688]LogModuleManager: Shutting down and abandoning module MobileLauncherProfileWizard (302)
[2018.04.19-16.53.39:213][688]LogModuleManager: Shutting down and abandoning module VisualStudioSourceCodeAccess (300)
[2018.04.19-16.53.39:213][688]LogModuleManager: Shutting down and abandoning module VisualStudioCodeSourceCodeAccess (298)
[2018.04.19-16.53.39:213][688]LogModuleManager: Shutting down and abandoning module UObjectPlugin (296)
[2018.04.19-16.53.39:213][688]LogModuleManager: Shutting down and abandoning module SubversionSourceControl (294)
[2018.04.19-16.53.39:213][688]LogModuleManager: Shutting down and abandoning module PerforceSourceControl (292)
[2018.04.19-16.53.39:213][688]LogModuleManager: Shutting down and abandoning module GitSourceControl (290)
[2018.04.19-16.53.39:213][688]LogModuleManager: Shutting down and abandoning module SourceControl (289)
[2018.04.19-16.53.39:213][688]LogModuleManager: Shutting down and abandoning module LightPropagationVolumeEditor (286)
[2018.04.19-16.53.39:213][688]LogModuleManager: Shutting down and abandoning module PaperTiledImporter (284)
[2018.04.19-16.53.39:213][688]LogModuleManager: Shutting down and abandoning module PaperSpriteSheetImporter (282)
[2018.04.19-16.53.39:213][688]LogModuleManager: Shutting down and abandoning module Paper2DEditor (280)
[2018.04.19-16.53.39:214][688]LogModuleManager: Shutting down and abandoning module MeshPaint (279)
[2018.04.19-16.53.39:214][688]LogModuleManager: Shutting down and abandoning module LevelEditor (277)
[2018.04.19-16.53.39:215][688]LogModuleManager: Shutting down and abandoning module PixelInspectorModule (276)
[2018.04.19-16.53.39:215][688]LogModuleManager: Shutting down and abandoning module MainFrame (274)
[2018.04.19-16.53.39:215][688]LogModuleManager: Shutting down and abandoning module HotReload (273)
[2018.04.19-16.53.39:216][688]LogModuleManager: Shutting down and abandoning module RuntimePhysXCooking (268)
[2018.04.19-16.53.39:216][688]LogModuleManager: Shutting down and abandoning module PhysXVehiclesEditor (266)
[2018.04.19-16.53.39:216][688]LogModuleManager: Shutting down and abandoning module PhysXVehicles (264)
[2018.04.19-16.53.39:216][688]LogModuleManager: Shutting down and abandoning module OculusEditor (262)
[2018.04.19-16.53.39:216][688]LogModuleManager: Shutting down and abandoning module LocationServicesBPLibrary (260)
[2018.04.19-16.53.39:216][688]LogModuleManager: Shutting down and abandoning module ImmediatePhysicsEditor (258)
[2018.04.19-16.53.39:216][688]LogModuleManager: Shutting down and abandoning module ImmediatePhysics (256)
[2018.04.19-16.53.39:216][688]LogModuleManager: Shutting down and abandoning module UdpMessaging (254)
[2018.04.19-16.53.39:318][688]LogModuleManager: Shutting down and abandoning module TcpMessaging (252)
[2018.04.19-16.53.39:419][688]LogModuleManager: Shutting down and abandoning module GameplayTagsEditor (250)
[2018.04.19-16.53.39:419][688]LogModuleManager: Shutting down and abandoning module FacialAnimationEditor (248)
[2018.04.19-16.53.39:419][688]LogModuleManager: Shutting down and abandoning module FacialAnimation (246)
[2018.04.19-16.53.39:419][688]LogModuleManager: Shutting down and abandoning module AssetManagerEditor (244)
[2018.04.19-16.53.39:419][688]LogModuleManager: Shutting down and abandoning module GraphEditor (243)
[2018.04.19-16.53.39:419][688]LogModuleManager: Shutting down and abandoning module ContentBrowser (241)
[2018.04.19-16.53.39:422][688]LogModuleManager: Shutting down and abandoning module LightPropagationVolumeRuntime (238)
[2018.04.19-16.53.39:422][688]LogModuleManager: Shutting down and abandoning module Paper2D (236)
[2018.04.19-16.53.39:422][688]LogModuleManager: Shutting down and abandoning module WindowsMoviePlayer (234)
[2018.04.19-16.53.39:422][688]LogModuleManager: Shutting down and abandoning module WmfMedia (232)
[2018.04.19-16.53.39:424][688]LogModuleManager: Shutting down and abandoning module ImgMedia (230)
[2018.04.19-16.53.39:424][688]LogModuleManager: Shutting down and abandoning module PacketHandler (228)
[2018.04.19-16.53.39:424][688]LogModuleManager: Shutting down and abandoning module ClothingSystemEditor (226)
[2018.04.19-16.53.39:424][688]LogModuleManager: Shutting down and abandoning module ClothingSystemRuntime (224)
[2018.04.19-16.53.39:424][688]LogModuleManager: Shutting down and abandoning module MediaAssets (222)
[2018.04.19-16.53.39:424][688]LogModuleManager: Shutting down and abandoning module Media (221)
[2018.04.19-16.53.39:430][688]LogModuleManager: Shutting down and abandoning module Overlay (218)
[2018.04.19-16.53.39:431][688]LogModuleManager: Shutting down and abandoning module OverlayEditor (217)
[2018.04.19-16.53.39:431][688]LogModuleManager: Shutting down and abandoning module VREditor (214)
[2018.04.19-16.53.39:431][688]LogModuleManager: Shutting down and abandoning module StringTableEditor (212)
[2018.04.19-16.53.39:431][688]LogModuleManager: Shutting down and abandoning module GameplayTasksEditor (210)
[2018.04.19-16.53.39:431][688]LogModuleManager: Shutting down and abandoning module BehaviorTreeEditor (208)
[2018.04.19-16.53.39:431][688]LogModuleManager: Shutting down and abandoning module FunctionalTesting (206)
[2018.04.19-16.53.39:431][688]LogModuleManager: Shutting down and abandoning module CollisionAnalyzer (204)
[2018.04.19-16.53.39:431][688]LogModuleManager: Shutting down and abandoning module WorkspaceMenuStructure (203)
[2018.04.19-16.53.39:431][688]LogModuleManager: Shutting down and abandoning module UMG (200)
[2018.04.19-16.53.39:431][688]LogModuleManager: Shutting down and abandoning module UMGEditor (199)
[2018.04.19-16.53.39:432][688]LogModuleManager: Shutting down and abandoning module Sequencer (198)
[2018.04.19-16.53.39:432][688]LogModuleManager: Shutting down and abandoning module MessageLog (195)
[2018.04.19-16.53.39:432][688]LogModuleManager: Shutting down and abandoning module SlateReflector (190)
[2018.04.19-16.53.39:432][688]LogModuleManager: Shutting down and abandoning module Slate (188)
[2018.04.19-16.53.39:432][688]LogModuleManager: Shutting down and abandoning module EditorStyle (186)
[2018.04.19-16.53.39:435][688]LogModuleManager: Shutting down and abandoning module MRMesh (184)
[2018.04.19-16.53.39:436][688]LogModuleManager: Shutting down and abandoning module SourceCodeAccess (182)
[2018.04.19-16.53.39:436][688]LogModuleManager: Shutting down and abandoning module HeadMountedDisplay (180)
[2018.04.19-16.53.39:436][688]LogModuleManager: Shutting down and abandoning module XAudio2 (178)
[2018.04.19-16.53.39:436][688]LogModuleManager: Shutting down and abandoning module Networking (176)
[2018.04.19-16.53.39:436][688]LogModuleManager: Shutting down and abandoning module Core (172)
[2018.04.19-16.53.39:436][688]LogModuleManager: Shutting down and abandoning module LevelSequence (168)
[2018.04.19-16.53.39:436][688]LogModuleManager: Shutting down and abandoning module DirectoryWatcher (166)
[2018.04.19-16.53.39:441][688]LogModuleManager: Shutting down and abandoning module KismetCompiler (164)
[2018.04.19-16.53.39:441][688]LogModuleManager: Shutting down and abandoning module MeshUtilities (162)
[2018.04.19-16.53.39:441][688]LogModuleManager: Shutting down and abandoning module MeshMergeUtilities (161)
[2018.04.19-16.53.39:441][688]LogModuleManager: Shutting down and abandoning module MeshReductionInterface (160)
[2018.04.19-16.53.39:441][688]LogModuleManager: Shutting down and abandoning module SimplygonSwarm (159)
[2018.04.19-16.53.39:441][688]LogModuleManager: Shutting down and abandoning module SimplygonMeshReduction (157)
[2018.04.19-16.53.39:441][688]LogModuleManager: Shutting down and abandoning module QuadricMeshReduction (155)
[2018.04.19-16.53.39:441][688]LogModuleManager: Shutting down and abandoning module MaterialBaking (151)
[2018.04.19-16.53.39:441][688]LogModuleManager: Shutting down and abandoning module DerivedDataCache (148)
[2018.04.19-16.53.39:532][688]LogDerivedDataCache: Shutdown
[2018.04.19-16.53.39:533][688]LogModuleManager: Shutting down and abandoning module TargetPlatform (146)
[2018.04.19-16.53.39:533][688]LogModuleManager: Shutting down and abandoning module VulkanShaderFormat (145)
[2018.04.19-16.53.39:533][688]LogModuleManager: Shutting down and abandoning module ShaderFormatVectorVM (143)
[2018.04.19-16.53.39:533][688]LogModuleManager: Shutting down and abandoning module ShaderFormatOpenGL (141)
[2018.04.19-16.53.39:533][688]LogModuleManager: Shutting down and abandoning module ShaderFormatD3D (139)
[2018.04.19-16.53.39:533][688]LogModuleManager: Shutting down and abandoning module MetalShaderFormat (137)
[2018.04.19-16.53.39:533][688]LogModuleManager: Shutting down and abandoning module TextureFormatUncompressed (135)
[2018.04.19-16.53.39:533][688]LogModuleManager: Shutting down and abandoning module TextureFormatPVR (133)
[2018.04.19-16.53.39:533][688]LogModuleManager: Shutting down and abandoning module TextureFormatDXT (131)
[2018.04.19-16.53.39:533][688]LogModuleManager: Shutting down and abandoning module TextureFormatIntelISPCTexComp (129)
[2018.04.19-16.53.39:533][688]LogModuleManager: Shutting down and abandoning module TextureFormatASTC (127)
[2018.04.19-16.53.39:533][688]LogModuleManager: Shutting down and abandoning module ImageWrapper (126)
[2018.04.19-16.53.39:533][688]LogModuleManager: Shutting down and abandoning module TextureFormatAndroid (123)
[2018.04.19-16.53.39:533][688]LogModuleManager: Shutting down and abandoning module AudioFormatOpus (121)
[2018.04.19-16.53.39:533][688]LogModuleManager: Shutting down and abandoning module AudioFormatOgg (119)
[2018.04.19-16.53.39:533][688]LogModuleManager: Shutting down and abandoning module AudioFormatADPCM (117)
[2018.04.19-16.53.39:533][688]LogModuleManager: Shutting down and abandoning module LinuxTargetPlatform (115)
[2018.04.19-16.53.39:533][688]LogModuleManager: Shutting down and abandoning module LinuxServerTargetPlatform (113)
[2018.04.19-16.53.39:533][688]LogModuleManager: Shutting down and abandoning module LinuxNoEditorTargetPlatform (111)
[2018.04.19-16.53.39:533][688]LogModuleManager: Shutting down and abandoning module LinuxClientTargetPlatform (109)
[2018.04.19-16.53.39:533][688]LogModuleManager: Shutting down and abandoning module TVOSTargetPlatform (107)
[2018.04.19-16.53.39:533][688]LogModuleManager: Shutting down and abandoning module Messaging (105)
[2018.04.19-16.53.39:533][688]LogModuleManager: Shutting down and abandoning module IOSTargetPlatform (103)
[2018.04.19-16.53.39:533][688]LogModuleManager: Shutting down and abandoning module HTML5TargetPlatform (101)
[2018.04.19-16.53.39:533][688]LogModuleManager: Shutting down and abandoning module AndroidTargetPlatform (99)
[2018.04.19-16.53.39:533][688]LogModuleManager: Shutting down and abandoning module Android_PVRTCTargetPlatform (97)
[2018.04.19-16.53.39:533][688]LogModuleManager: Shutting down and abandoning module Android_MultiTargetPlatform (95)
[2018.04.19-16.53.39:533][688]LogModuleManager: Shutting down and abandoning module Android_ETC2TargetPlatform (93)
[2018.04.19-16.53.39:533][688]LogModuleManager: Shutting down and abandoning module Android_ETC1TargetPlatform (91)
[2018.04.19-16.53.39:533][688]LogModuleManager: Shutting down and abandoning module Android_DXTTargetPlatform (89)
[2018.04.19-16.53.39:534][688]LogModuleManager: Shutting down and abandoning module Android_ATCTargetPlatform (87)
[2018.04.19-16.53.39:534][688]LogModuleManager: Shutting down and abandoning module Android_ASTCTargetPlatform (85)
[2018.04.19-16.53.39:534][688]LogModuleManager: Shutting down and abandoning module WindowsTargetPlatform (83)
[2018.04.19-16.53.39:534][688]LogModuleManager: Shutting down and abandoning module WindowsServerTargetPlatform (81)
[2018.04.19-16.53.39:534][688]LogModuleManager: Shutting down and abandoning module WindowsNoEditorTargetPlatform (79)
[2018.04.19-16.53.39:534][688]LogModuleManager: Shutting down and abandoning module WindowsClientTargetPlatform (77)
[2018.04.19-16.53.39:534][688]LogModuleManager: Shutting down and abandoning module MacTargetPlatform (75)
[2018.04.19-16.53.39:534][688]LogModuleManager: Shutting down and abandoning module MacServerTargetPlatform (73)
[2018.04.19-16.53.39:534][688]LogModuleManager: Shutting down and abandoning module MacNoEditorTargetPlatform (71)
[2018.04.19-16.53.39:534][688]LogModuleManager: Shutting down and abandoning module MacClientTargetPlatform (69)
[2018.04.19-16.53.39:534][688]LogModuleManager: Shutting down and abandoning module AllDesktopTargetPlatform (67)
[2018.04.19-16.53.39:534][688]LogModuleManager: Shutting down and abandoning module InputCore (64)
[2018.04.19-16.53.39:534][688]LogModuleManager: Shutting down and abandoning module Settings (62)
[2018.04.19-16.53.39:534][688]LogModuleManager: Shutting down and abandoning module PhysXCooking (60)
[2018.04.19-16.53.39:534][688]LogModuleManager: Shutting down and abandoning module SteamVR (58)
[2018.04.19-16.53.39:534][688]LogModuleManager: Shutting down and abandoning module OculusHMD (56)
[2018.04.19-16.53.39:534][688]LogModuleManager: Shutting down and abandoning module ExampleDeviceProfileSelector (54)
[2018.04.19-16.53.39:534][688]LogModuleManager: Shutting down and abandoning module AppleARKit (52)
[2018.04.19-16.53.39:534][688]LogModuleManager: Shutting down and abandoning module AugmentedReality (51)
[2018.04.19-16.53.39:534][688]LogModuleManager: Shutting down and abandoning module OnlineBlueprintSupport (48)
[2018.04.19-16.53.39:534][688]LogModuleManager: Shutting down and abandoning module OnlineSubsystem (44)
[2018.04.19-16.53.39:534][688]LogModuleManager: Shutting down and abandoning module XMPP (43)
[2018.04.19-16.53.39:534][688]LogModuleManager: Shutting down and abandoning module HTTP (41)
[2018.04.19-16.53.39:535][688]LogHttp: Display: Http module shutting down, but needs to wait on 1 outstanding Http requests:
[2018.04.19-16.53.39:535][688]LogHttp: Display: 	verb=[POST] url=[https://datarouter.ol.epicgames.com/datarouter/api/v1/public/data?SessionID=%7BCEEA32A3-4CFA-31D0-40C6-F0B3E64FA9A6%7D&AppID=UEEditor.Rocket.Release&AppVersion=4.18.3-3832480%2B%2B%2BUE4%2BRelease-4.18&UserID=ff1da099447aa3f4e8a382858b6ecb78%7C3197012184b6453991554fce33e1b995%7C332dee2b-fd3a-4476-9382-40c767f80bd8&AppEnvironment=datacollector-binary&UploadType=eteventstream] status=Processing
[2018.04.19-16.53.39:566][688]LogModuleManager: Shutting down and abandoning module SSL (40)
[2018.04.19-16.53.39:568][688]LogModuleManager: Shutting down and abandoning module AnimationModifiers (36)
[2018.04.19-16.53.39:568][688]LogModuleManager: Shutting down and abandoning module PropertyEditor (35)
[2018.04.19-16.53.39:568][688]LogModuleManager: Shutting down and abandoning module AudioEditor (32)
[2018.04.19-16.53.39:568][688]LogModuleManager: Shutting down and abandoning module TextureCompressor (30)
[2018.04.19-16.53.39:568][688]LogModuleManager: Shutting down and abandoning module ShaderCore (28)
[2018.04.19-16.53.39:568][688]LogModuleManager: Shutting down and abandoning module Landscape (26)
[2018.04.19-16.53.39:568][688]LogModuleManager: Shutting down and abandoning module SlateRHIRenderer (24)
[2018.04.19-16.53.39:570][688]LogModuleManager: Shutting down and abandoning module OpenGLDrv (22)
[2018.04.19-16.53.39:570][688]LogModuleManager: Shutting down and abandoning module D3D11RHI (20)
[2018.04.19-16.53.39:570][688]LogModuleManager: Shutting down and abandoning module AnimGraphRuntime (18)
[2018.04.19-16.53.39:570][688]LogModuleManager: Shutting down and abandoning module Renderer (16)
[2018.04.19-16.53.39:570][688]LogModuleManager: Shutting down and abandoning module Engine (14)
[2018.04.19-16.53.39:570][688]LogModuleManager: Shutting down and abandoning module CoreUObject (12)
[2018.04.19-16.53.39:570][688]LogModuleManager: Shutting down and abandoning module NetworkFile (10)
[2018.04.19-16.53.39:570][688]LogModuleManager: Shutting down and abandoning module CookedIterativeFile (8)
[2018.04.19-16.53.39:570][688]LogModuleManager: Shutting down and abandoning module StreamingFile (6)
[2018.04.19-16.53.39:570][688]LogModuleManager: Shutting down and abandoning module SandboxFile (4)
[2018.04.19-16.53.39:570][688]LogModuleManager: Shutting down and abandoning module PakFile (2)
[2018.04.19-16.53.39:572][688]LogExit: Exiting.
[2018.04.19-16.53.39:587][688]Log file closed, 04/19/18 10:53:39
