Log file open, 04/09/18 01:56:17
LogWindows: Failed to load 'aqProf.dll' (GetLastError=126)
LogWindows: File 'aqProf.dll' does not exist
LogWindows: Failed to load 'VtuneApi.dll' (GetLastError=126)
LogWindows: File 'VtuneApi.dll' does not exist
LogWindows: Failed to load 'VtuneApi32e.dll' (GetLastError=126)
LogWindows: File 'VtuneApi32e.dll' does not exist
LogInit: Display: Running engine for game: ArtThiefMuseum
LogPlatformFile: Not using cached read wrapper
LogInit: Display: RandInit(-1734083692) SRandInit(-1734083692).
LogInit: Read version file with build ID '3709383'
LogInit: Overriding engine version to CL 3794801, compatible CL 3709383
LogInit: Registered custom module enumerator with build ID '3709383'
LogTaskGraph: Started task graph with 5 named threads and 14 total threads with 3 sets of task threads.
LogStats: Stats thread started at 0.191820
LogD3D11RHI: Aftermath initialized
LogModuleManager: Display: Found up-to-date module file ../../../Engine/Plugins/2D/Paper2D/Binaries/Win64/UE4Editor-Paper2D.dll (API version 3709383).
LogModuleManager: Display: Found up-to-date module file ../../../Engine/Plugins/2D/Paper2D/Binaries/Win64/UE4Editor-Paper2DEditor.dll (API version 3709383).
LogModuleManager: Display: Found up-to-date module file ../../../Engine/Plugins/2D/Paper2D/Binaries/Win64/UE4Editor-PaperSpriteSheetImporter.dll (API version 3709383).
LogModuleManager: Display: Found up-to-date module file ../../../Engine/Plugins/2D/Paper2D/Binaries/Win64/UE4Editor-PaperTiledImporter.dll (API version 3709383).
LogModuleManager: Display: Found up-to-date module file ../../../Engine/Plugins/2D/Paper2D/Binaries/Win64/UE4Editor-SmartSnapping.dll (API version 3709383).
LogModuleManager: Display: Found up-to-date module file ../../../Engine/Plugins/Blendables/LightPropagationVolume/Binaries/Win64/UE4Editor-LightPropagationVolumeRuntime.dll (API version 3709383).
LogModuleManager: Display: Found up-to-date module file ../../../Engine/Plugins/Blendables/LightPropagationVolume/Binaries/Win64/UE4Editor-LightPropagationVolumeEditor.dll (API version 3709383).
LogModuleManager: Display: Found up-to-date module file ../../../Engine/Plugins/Developer/GitSourceControl/Binaries/Win64/UE4Editor-GitSourceControl.dll (API version 3709383).
LogModuleManager: Display: Found up-to-date module file ../../../Engine/Plugins/Developer/PerforceSourceControl/Binaries/Win64/UE4Editor-PerforceSourceControl.dll (API version 3709383).
LogModuleManager: Display: Found up-to-date module file ../../../Engine/Plugins/Developer/SubversionSourceControl/Binaries/Win64/UE4Editor-SubversionSourceControl.dll (API version 3709383).
LogModuleManager: Display: Found up-to-date module file ../../../Engine/Plugins/Developer/UObjectPlugin/Binaries/Win64/UE4Editor-UObjectPlugin.dll (API version 3709383).
LogModuleManager: Display: Found up-to-date module file ../../../Engine/Plugins/Developer/VisualStudioCodeSourceCodeAccess/Binaries/Win64/UE4Editor-VisualStudioCodeSourceCodeAccess.dll (API version 3709383).
LogModuleManager: Display: Found up-to-date module file ../../../Engine/Plugins/Developer/VisualStudioSourceCodeAccess/Binaries/Win64/UE4Editor-VisualStudioSourceCodeAccess.dll (API version 3709383).
LogModuleManager: Display: Found up-to-date module file ../../../Engine/Plugins/Editor/AssetManagerEditor/Binaries/Win64/UE4Editor-AssetManagerEditor.dll (API version 3709383).
LogModuleManager: Display: Found up-to-date module file ../../../Engine/Plugins/Editor/AudioCapture/Binaries/Win64/UE4Editor-AudioCapture.dll (API version 3709383).
LogModuleManager: Display: Found up-to-date module file ../../../Engine/Plugins/Editor/FacialAnimation/Binaries/Win64/UE4Editor-FacialAnimation.dll (API version 3709383).
LogModuleManager: Display: Found up-to-date module file ../../../Engine/Plugins/Editor/FacialAnimation/Binaries/Win64/UE4Editor-FacialAnimationEditor.dll (API version 3709383).
LogModuleManager: Display: Found up-to-date module file ../../../Engine/Plugins/Editor/GameplayTagsEditor/Binaries/Win64/UE4Editor-GameplayTagsEditor.dll (API version 3709383).
LogModuleManager: Display: Found up-to-date module file ../../../Engine/Plugins/Editor/MobileLauncherProfileWizard/Binaries/Win64/UE4Editor-MobileLauncherProfileWizard.dll (API version 3709383).
LogModuleManager: Display: Found up-to-date module file ../../../Engine/Plugins/Editor/PluginBrowser/Binaries/Win64/UE4Editor-PluginBrowser.dll (API version 3709383).
LogModuleManager: Display: Found up-to-date module file ../../../Engine/Plugins/Editor/SpeedTreeImporter/Binaries/Win64/UE4Editor-SpeedTreeImporter.dll (API version 3709383).
LogModuleManager: Display: Found up-to-date module file ../../../Engine/Plugins/Experimental/AlembicImporter/Binaries/Win64/UE4Editor-AlembicImporter.dll (API version 3709383).
LogModuleManager: Display: Found up-to-date module file ../../../Engine/Plugins/Experimental/AlembicImporter/Binaries/Win64/UE4Editor-AlembicLibrary.dll (API version 3709383).
LogModuleManager: Display: Found up-to-date module file ../../../Engine/Plugins/Experimental/CharacterAI/Binaries/Win64/UE4Editor-CharacterAI.dll (API version 3709383).
LogModuleManager: Display: Found up-to-date module file ../../../Engine/Plugins/Experimental/HTML5Networking/Binaries/Win64/UE4Editor-HTML5Networking.dll (API version 3709383).
LogModuleManager: Display: Found up-to-date module file ../../../Engine/Plugins/Media/AndroidMedia/Binaries/Win64/UE4Editor-AndroidMediaEditor.dll (API version 3709383).
LogModuleManager: Display: Found up-to-date module file ../../../Engine/Plugins/Media/AndroidMedia/Binaries/Win64/UE4Editor-AndroidMediaFactory.dll (API version 3709383).
LogModuleManager: Display: Found up-to-date module file ../../../Engine/Plugins/Media/AvfMedia/Binaries/Win64/UE4Editor-AvfMediaEditor.dll (API version 3709383).
LogModuleManager: Display: Found up-to-date module file ../../../Engine/Plugins/Media/AvfMedia/Binaries/Win64/UE4Editor-AvfMediaFactory.dll (API version 3709383).
LogModuleManager: Display: Found up-to-date module file ../../../Engine/Plugins/Media/AvfMedia/Binaries/Win64/UE4Editor-AvfMediaFactory.dll (API version 3709383).
LogModuleManager: Display: Found up-to-date module file ../../../Engine/Plugins/Media/ImgMedia/Binaries/Win64/UE4Editor-ImgMedia.dll (API version 3709383).
LogModuleManager: Display: Found up-to-date module file ../../../Engine/Plugins/Media/ImgMedia/Binaries/Win64/UE4Editor-ImgMediaEditor.dll (API version 3709383).
LogModuleManager: Display: Found up-to-date module file ../../../Engine/Plugins/Media/ImgMedia/Binaries/Win64/UE4Editor-ImgMediaFactory.dll (API version 3709383).
LogModuleManager: Display: Found up-to-date module file ../../../Engine/Plugins/Media/ImgMedia/Binaries/Win64/UE4Editor-ImgMediaFactory.dll (API version 3709383).
LogModuleManager: Display: Found up-to-date module file ../../../Engine/Plugins/Media/ImgMedia/Binaries/Win64/UE4Editor-OpenExrWrapper.dll (API version 3709383).
LogModuleManager: Display: Found up-to-date module file ../../../Engine/Plugins/Media/MediaCompositing/Binaries/Win64/UE4Editor-MediaCompositing.dll (API version 3709383).
LogModuleManager: Display: Found up-to-date module file ../../../Engine/Plugins/Media/MediaCompositing/Binaries/Win64/UE4Editor-MediaCompositingEditor.dll (API version 3709383).
LogModuleManager: Display: Found up-to-date module file ../../../Engine/Plugins/Media/MediaPlayerEditor/Binaries/Win64/UE4Editor-MediaPlayerEditor.dll (API version 3709383).
LogModuleManager: Display: Found up-to-date module file ../../../Engine/Plugins/Media/WmfMedia/Binaries/Win64/UE4Editor-WmfMedia.dll (API version 3709383).
LogModuleManager: Display: Found up-to-date module file ../../../Engine/Plugins/Media/WmfMedia/Binaries/Win64/UE4Editor-WmfMediaEditor.dll (API version 3709383).
LogModuleManager: Display: Found up-to-date module file ../../../Engine/Plugins/Media/WmfMedia/Binaries/Win64/UE4Editor-WmfMediaFactory.dll (API version 3709383).
LogModuleManager: Display: Found up-to-date module file ../../../Engine/Plugins/Media/WmfMedia/Binaries/Win64/UE4Editor-WmfMediaFactory.dll (API version 3709383).
LogModuleManager: Display: Found up-to-date module file ../../../Engine/Plugins/Messaging/TcpMessaging/Binaries/Win64/UE4Editor-TcpMessaging.dll (API version 3709383).
LogModuleManager: Display: Found up-to-date module file ../../../Engine/Plugins/Messaging/UdpMessaging/Binaries/Win64/UE4Editor-UdpMessaging.dll (API version 3709383).
LogModuleManager: Display: Found up-to-date module file ../../../Engine/Plugins/MovieScene/ActorSequence/Binaries/Win64/UE4Editor-ActorSequence.dll (API version 3709383).
LogModuleManager: Display: Found up-to-date module file ../../../Engine/Plugins/MovieScene/LevelSequenceEditor/Binaries/Win64/UE4Editor-LevelSequenceEditor.dll (API version 3709383).
LogModuleManager: Display: Found up-to-date module file ../../../Engine/Plugins/MovieScene/MatineeToLevelSequence/Binaries/Win64/UE4Editor-MatineeToLevelSequence.dll (API version 3709383).
LogModuleManager: Display: Found up-to-date module file ../../../Engine/Plugins/Online/OnlineSubsystem/Binaries/Win64/UE4Editor-OnlineSubsystem.dll (API version 3709383).
LogModuleManager: Display: Found up-to-date module file ../../../Engine/Plugins/Runtime/AndroidPermission/Binaries/Win64/UE4Editor-AndroidPermission.dll (API version 3709383).
LogModuleManager: Display: Found up-to-date module file ../../../Engine/Plugins/Online/OnlineSubsystemNull/Binaries/Win64/UE4Editor-OnlineSubsystemNull.dll (API version 3709383).
LogModuleManager: Display: Found up-to-date module file ../../../Engine/Plugins/Online/OnlineSubsystemUtils/Binaries/Win64/UE4Editor-OnlineSubsystemUtils.dll (API version 3709383).
LogModuleManager: Display: Found up-to-date module file ../../../Engine/Plugins/Online/OnlineSubsystemUtils/Binaries/Win64/UE4Editor-OnlineBlueprintSupport.dll (API version 3709383).
LogModuleManager: Display: Found up-to-date module file ../../../Engine/Plugins/Runtime/AndroidDeviceProfileSelector/Binaries/Win64/UE4Editor-AndroidDeviceProfileSelector.dll (API version 3709383).
LogModuleManager: Display: Found up-to-date module file ../../../Engine/Plugins/Runtime/AppleARKit/Binaries/Win64/UE4Editor-AppleARKit.dll (API version 3709383).
LogModuleManager: Display: Found up-to-date module file ../../../Engine/Plugins/Runtime/ArchVisCharacter/Binaries/Win64/UE4Editor-ArchVisCharacter.dll (API version 3709383).
LogModuleManager: Display: Found up-to-date module file ../../../Engine/Plugins/Runtime/CableComponent/Binaries/Win64/UE4Editor-CableComponent.dll (API version 3709383).
LogModuleManager: Display: Found up-to-date module file ../../../Engine/Plugins/Runtime/CustomMeshComponent/Binaries/Win64/UE4Editor-CustomMeshComponent.dll (API version 3709383).
LogModuleManager: Display: Found up-to-date module file ../../../Engine/Plugins/Runtime/ExampleDeviceProfileSelector/Binaries/Win64/UE4Editor-ExampleDeviceProfileSelector.dll (API version 3709383).
LogModuleManager: Display: Found up-to-date module file ../../../Engine/Plugins/Runtime/ImmediatePhysics/Binaries/Win64/UE4Editor-ImmediatePhysics.dll (API version 3709383).
LogModuleManager: Display: Found up-to-date module file ../../../Engine/Plugins/Runtime/ImmediatePhysics/Binaries/Win64/UE4Editor-ImmediatePhysicsEditor.dll (API version 3709383).
LogModuleManager: Display: Found up-to-date module file ../../../Engine/Plugins/Runtime/LocationServicesBPLibrary/Binaries/Win64/UE4Editor-LocationServicesBPLibrary.dll (API version 3709383).
LogModuleManager: Display: Found up-to-date module file ../../../Engine/Plugins/Runtime/MobilePatchingUtils/Binaries/Win64/UE4Editor-MobilePatchingUtils.dll (API version 3709383).
LogModuleManager: Display: Found up-to-date module file ../../../Engine/Plugins/Runtime/Oculus/OculusVR/Binaries/Win64/UE4Editor-OculusHMD.dll (API version 3709383).
LogModuleManager: Display: Found up-to-date module file ../../../Engine/Plugins/Runtime/Oculus/OculusVR/Binaries/Win64/UE4Editor-OculusInput.dll (API version 3709383).
LogModuleManager: Display: Found up-to-date module file ../../../Engine/Plugins/Runtime/Oculus/OculusVR/Binaries/Win64/UE4Editor-OculusEditor.dll (API version 3709383).
LogModuleManager: Display: Found up-to-date module file ../../../Engine/Plugins/Runtime/PhysXVehicles/Binaries/Win64/UE4Editor-PhysXVehicles.dll (API version 3709383).
LogModuleManager: Display: Found up-to-date module file ../../../Engine/Plugins/Runtime/PhysXVehicles/Binaries/Win64/UE4Editor-PhysXVehiclesEditor.dll (API version 3709383).
LogModuleManager: Display: Found up-to-date module file ../../../Engine/Plugins/Runtime/ProceduralMeshComponent/Binaries/Win64/UE4Editor-ProceduralMeshComponent.dll (API version 3709383).
LogModuleManager: Display: Found up-to-date module file ../../../Engine/Plugins/Runtime/ProceduralMeshComponent/Binaries/Win64/UE4Editor-ProceduralMeshComponentEditor.dll (API version 3709383).
LogModuleManager: Display: Found up-to-date module file ../../../Engine/Plugins/Runtime/RuntimePhysXCooking/Binaries/Win64/UE4Editor-RuntimePhysXCooking.dll (API version 3709383).
LogModuleManager: Display: Found up-to-date module file ../../../Engine/Plugins/Runtime/Steam/SteamVR/Binaries/Win64/UE4Editor-SteamVR.dll (API version 3709383).
LogModuleManager: Display: Found up-to-date module file ../../../Engine/Plugins/Runtime/Steam/SteamVR/Binaries/Win64/UE4Editor-SteamVRController.dll (API version 3709383).
LogModuleManager: Display: Found up-to-date module file ../../../Engine/Plugins/Runtime/WindowsMoviePlayer/Binaries/Win64/UE4Editor-WindowsMoviePlayer.dll (API version 3709383).
LogPluginManager: Mounting plugin Paper2D
LogPluginManager: Mounting plugin LightPropagationVolume
LogPluginManager: Mounting plugin CodeLiteSourceCodeAccess
LogPluginManager: Mounting plugin GitSourceControl
LogPluginManager: Mounting plugin KDevelopSourceCodeAccess
LogPluginManager: Mounting plugin NullSourceCodeAccess
LogPluginManager: Mounting plugin PerforceSourceControl
LogPluginManager: Mounting plugin SubversionSourceControl
LogPluginManager: Mounting plugin UObjectPlugin
LogPluginManager: Mounting plugin VisualStudioCodeSourceCodeAccess
LogPluginManager: Mounting plugin VisualStudioSourceCodeAccess
LogPluginManager: Mounting plugin XCodeSourceCodeAccess
LogPluginManager: Mounting plugin AssetManagerEditor
LogPluginManager: Mounting plugin AudioCapture
LogPluginManager: Mounting plugin FacialAnimation
LogPluginManager: Mounting plugin GameplayTagsEditor
LogPluginManager: Mounting plugin MobileLauncherProfileWizard
LogPluginManager: Mounting plugin PluginBrowser
LogPluginManager: Mounting plugin SpeedTreeImporter
LogPluginManager: Mounting plugin AlembicImporter
LogPluginManager: Mounting plugin CharacterAI
LogPluginManager: Mounting plugin HTML5Networking
LogPluginManager: Mounting plugin AndroidMedia
LogPluginManager: Mounting plugin AvfMedia
LogPluginManager: Mounting plugin ImgMedia
LogPluginManager: Mounting plugin MediaCompositing
LogPluginManager: Mounting plugin MediaPlayerEditor
LogPluginManager: Mounting plugin WmfMedia
LogPluginManager: Mounting plugin TcpMessaging
LogPluginManager: Mounting plugin UdpMessaging
LogPluginManager: Mounting plugin ActorSequence
LogPluginManager: Mounting plugin LevelSequenceEditor
LogPluginManager: Mounting plugin MatineeToLevelSequence
LogPluginManager: Mounting plugin OnlineSubsystemGooglePlay
LogPluginManager: Mounting plugin OnlineSubsystemIOS
LogPluginManager: Mounting plugin OnlineSubsystem
LogPluginManager: Mounting plugin OnlineSubsystemNull
LogPluginManager: Mounting plugin OnlineSubsystemUtils
LogPluginManager: Mounting plugin AndroidDeviceProfileSelector
LogPluginManager: Mounting plugin AndroidMoviePlayer
LogPluginManager: Mounting plugin AndroidPermission
LogPluginManager: Mounting plugin AppleARKit
LogPluginManager: Mounting plugin AppleMoviePlayer
LogPluginManager: Mounting plugin ArchVisCharacter
LogPluginManager: Mounting plugin CableComponent
LogPluginManager: Mounting plugin CustomMeshComponent
LogPluginManager: Mounting plugin ExampleDeviceProfileSelector
LogPluginManager: Mounting plugin GoogleCloudMessaging
LogPluginManager: Mounting plugin ImmediatePhysics
LogPluginManager: Mounting plugin IOSDeviceProfileSelector
LogPluginManager: Mounting plugin LinuxDeviceProfileSelector
LogPluginManager: Mounting plugin LocationServicesBPLibrary
LogPluginManager: Mounting plugin MobilePatchingUtils
LogPluginManager: Mounting plugin OculusVR
LogPluginManager: Plugin shader directory ../../../Engine/Plugins/Runtime/Oculus/OculusVR/Shaders found
LogPluginManager: Mapping shader source directory ../../../Engine/Plugins/Runtime/Oculus/OculusVR/Shaders to virtual directory /Plugin/OculusVR
LogPluginManager: Mounting plugin PhysXVehicles
LogPluginManager: Mounting plugin ProceduralMeshComponent
LogPluginManager: Mounting plugin RuntimePhysXCooking
LogPluginManager: Mounting plugin SteamVR
LogPluginManager: Mounting plugin WindowsMoviePlayer
LogInit: Using libcurl 7.47.1
LogInit:  - built for x86_64-pc-win32
LogInit:  - supports SSL with OpenSSL/1.0.2g
LogInit:  - supports HTTP deflate (compression) using libz 1.2.8
LogInit:  - other features:
LogInit:      CURL_VERSION_SSL
LogInit:      CURL_VERSION_LIBZ
LogInit:      CURL_VERSION_IPV6
LogInit:      CURL_VERSION_ASYNCHDNS
LogInit:      CURL_VERSION_LARGEFILE
LogInit:      CURL_VERSION_IDN
LogInit:  CurlRequestOptions (configurable via config and command line):
LogInit:  - bVerifyPeer = false  - Libcurl will NOT verify peer certificate
LogInit:  - bUseHttpProxy = false  - Libcurl will NOT use HTTP proxy
LogInit:  - bDontReuseConnections = false  - Libcurl will reuse connections
LogInit:  - CertBundlePath = nullptr  - Libcurl will use whatever was configured at build time.
LogInit: Build: ++UE4+Release-4.18-CL-3794801
LogInit: Engine Version: 4.18.2-3794801+++UE4+Release-4.18
LogInit: Compatible Engine Version: 4.18.0-3709383+++UE4+Release-4.18
LogInit: Net CL: 3709383
LogDevObjectVersion: Number of dev versions registered: 16
LogDevObjectVersion:   Dev-Blueprints (B0D832E4-1F89-4F0D-ACCF-7EB736FD4AA2): 10
LogDevObjectVersion:   Dev-Build (E1C64328-A22C-4D53-A36C-8E866417BD8C): 0
LogDevObjectVersion:   Dev-Core (375EC13C-06E4-48FB-B500-84F0262A717E): 2
LogDevObjectVersion:   Dev-Editor (E4B068ED-F494-42E9-A231-DA0B2E46BB41): 20
LogDevObjectVersion:   Dev-Framework (CFFC743F-43B0-4480-9391-14DF171D2073): 30
LogDevObjectVersion:   Dev-Mobile (B02B49B5-BB20-44E9-A304-32B752E40360): 0
LogDevObjectVersion:   Dev-Networking (A4E4105C-59A1-49B5-A7C5-40C4547EDFEE): 0
LogDevObjectVersion:   Dev-Online (39C831C9-5AE6-47DC-9A44-9C173E1C8E7C): 0
LogDevObjectVersion:   Dev-Physics (78F01B33-EBEA-4F98-B9B4-84EACCB95AA2): 0
LogDevObjectVersion:   Dev-Platform (6631380F-2D4D-43E0-8009-CF276956A95A): 0
LogDevObjectVersion:   Dev-Rendering (12F88B9F-8875-4AFC-A67C-D90C383ABD29): 20
LogDevObjectVersion:   Dev-Sequencer (7B5AE74C-D270-4C10-A958-57980B212A5A): 4
LogDevObjectVersion:   Dev-VR (D7296918-1DD6-4BDD-9DE2-64A83CC13884): 0
LogDevObjectVersion:   Dev-LoadTimes (C2A15278-BFE7-4AFE-6C17-90FF531DF755): 1
LogDevObjectVersion:   Private-Geometry (6EACA3D4-40EC-4CC1-B786-8BED09428FC5): 1
LogDevObjectVersion:   Dev-AnimPhys (29E575DD-E0A3-4627-9D10-D276232CDCEA): 12
LogInit: Compiled (64-bit): Dec  8 2017 02:04:53
LogInit: Compiled with Visual C++: 19.00.24215.01
LogInit: Build Configuration: Development
LogInit: Branch Name: ++UE4+Release-4.18
LogInit: Command line:  
LogInit: Base directory: D:/UE_4.18/Engine/Binaries/Win64/
LogInit: Installed Engine Build: 1
LogInit: Presizing for max 8388607 objects, including 0 objects not considered by GC, pre-allocating 0 bytes for permanent pool.
LogInit: Object subsystem initialized
[2018.04.09-07.56.19:624][  0]LogInit: Selected Device Profile: [Windows]
[2018.04.09-07.56.19:624][  0]LogInit: Applying CVar settings loaded from the selected device profile: [Windows]
[2018.04.09-07.56.19:693][  0]LogInit: Computer: DESKTOP-1E3V943
[2018.04.09-07.56.19:693][  0]LogInit: User: JaredRothwell
[2018.04.09-07.56.19:693][  0]LogInit: CPU Page size=4096, Cores=4
[2018.04.09-07.56.19:693][  0]LogInit: High frequency timer resolution =2.531247 MHz
[2018.04.09-07.56.19:693][  0]LogMemory: Memory total: Physical=15.9GB (16GB approx)
[2018.04.09-07.56.19:693][  0]LogMemory: Platform Memory Stats for Windows
[2018.04.09-07.56.19:693][  0]LogMemory: Process Physical Memory: 273.70 MB used, 273.70 MB peak
[2018.04.09-07.56.19:693][  0]LogMemory: Process Virtual Memory: 269.96 MB used, 269.96 MB peak
[2018.04.09-07.56.19:693][  0]LogMemory: Physical Memory: 8939.09 MB used,  7312.94 MB free, 16252.04 MB total
[2018.04.09-07.56.19:693][  0]LogMemory: Virtual Memory: 682.52 MB used,  7312.94 MB free, 134217728.00 MB total
[2018.04.09-07.56.20:207][  0]LogInit: Using OS detected language (en-US).
[2018.04.09-07.56.20:207][  0]LogInit: Using OS detected locale (en-US).
[2018.04.09-07.56.20:308][  0]LogTextLocalizationManager: No specific localization for 'en-US' exists, so the 'en' localization will be used.
[2018.04.09-07.56.20:977][  0]LogInit: Setting process to per monitor DPI aware
[2018.04.09-07.56.23:992][  0]LogD3D11RHI: D3D11 adapters:
[2018.04.09-07.56.24:074][  0]LogD3D11RHI:    0. 'NVIDIA GeForce GTX 960M' (Feature Level 11_0)
[2018.04.09-07.56.24:074][  0]LogD3D11RHI:       2019/0/8126 MB DedicatedVideo/DedicatedSystem/SharedSystem, Outputs:2, VendorId:0x10de
[2018.04.09-07.56.24:081][  0]LogD3D11RHI:    1. 'Intel(R) HD Graphics 530' (Feature Level 11_0)
[2018.04.09-07.56.24:081][  0]LogD3D11RHI:       128/0/8126 MB DedicatedVideo/DedicatedSystem/SharedSystem, Outputs:0, VendorId:0x8086
[2018.04.09-07.56.24:085][  0]LogD3D11RHI:    2. 'Microsoft Basic Render Driver' (Feature Level 11_0)
[2018.04.09-07.56.24:085][  0]LogD3D11RHI:       0/0/8126 MB DedicatedVideo/DedicatedSystem/SharedSystem, Outputs:0, VendorId:0x1414
[2018.04.09-07.56.24:085][  0]LogD3D11RHI: Chosen D3D11 Adapter: 0
[2018.04.09-07.56.24:116][  0]LogD3D11RHI: Creating new Direct3DDevice
[2018.04.09-07.56.24:116][  0]LogD3D11RHI:     GPU DeviceId: 0x139b (for the marketing name, search the web for "GPU Device Id")
[2018.04.09-07.56.24:116][  0]LogWindows: EnumDisplayDevices:
[2018.04.09-07.56.24:116][  0]LogWindows:    0. 'Intel(R) HD Graphics 530' (P:0 D:1)
[2018.04.09-07.56.24:116][  0]LogWindows:    1. 'Intel(R) HD Graphics 530' (P:1 D:1)
[2018.04.09-07.56.24:116][  0]LogWindows:    2. 'Intel(R) HD Graphics 530' (P:0 D:0)
[2018.04.09-07.56.24:116][  0]LogWindows: DebugString: GetVideoDriverDetailsInvalid PrimaryIsNotTheChoosenAdapter GetVideoDriverDetailsInvalid PrimaryIsNotTheChoosenAdapter GetVideoDriverDetailsInvalid PrimaryIsNotTheChoosenAdapter FoundDriverCount:0 
[2018.04.09-07.56.24:117][  0]LogD3D11RHI:     Adapter Name: NVIDIA GeForce GTX 960M
[2018.04.09-07.56.24:117][  0]LogD3D11RHI:   Driver Version: Unknown (internal:Unknown, unified:Unknown)
[2018.04.09-07.56.24:117][  0]LogD3D11RHI:      Driver Date: Unknown
[2018.04.09-07.56.24:117][  0]LogRHI: Texture pool is 1413 MB (70% of 2019 MB)
[2018.04.09-07.56.24:144][  0]LogD3D11RHI: Async texture creation enabled
[2018.04.09-07.56.24:160][  0]LogD3D11RHI: GPU Timing Frequency: 1000.000000 (Debug: 2 1)
[2018.04.09-07.56.24:162][  0]LogShaderCompilers: Guid format shader working directory is 8 characters bigger than the processId version (../../../../projects/Art-Thief/ArtThiefMuseum/Intermediate/Shaders/WorkingDirectory/102072/).
[2018.04.09-07.56.24:162][  0]LogShaderCompilers: Cleaned the shader compiler working directory 'C:/Users/Jared Rothwell/AppData/Local/Temp/UnrealShaderWorkingDir/FFDB661C4AF9386BA94B55B7F2BBC65D/'.
[2018.04.09-07.56.24:162][  0]LogShaderCompilers: Display: Using Local Shader Compiler.
[2018.04.09-07.56.28:023][  0]LogTemp: Display: Loaded TP AllDesktopTargetPlatform
[2018.04.09-07.56.28:081][  0]LogTemp: Display: Loaded TP MacClientTargetPlatform
[2018.04.09-07.56.28:157][  0]LogTemp: Display: Loaded TP MacNoEditorTargetPlatform
[2018.04.09-07.56.28:216][  0]LogTemp: Display: Loaded TP MacServerTargetPlatform
[2018.04.09-07.56.28:309][  0]LogTemp: Display: Loaded TP MacTargetPlatform
[2018.04.09-07.56.28:366][  0]LogTemp: Display: Loaded TP WindowsClientTargetPlatform
[2018.04.09-07.56.28:422][  0]LogTemp: Display: Loaded TP WindowsNoEditorTargetPlatform
[2018.04.09-07.56.28:474][  0]LogTemp: Display: Loaded TP WindowsServerTargetPlatform
[2018.04.09-07.56.28:513][  0]LogTemp: Display: Loaded TP WindowsTargetPlatform
[2018.04.09-07.56.28:565][  0]LogTemp: Display: Loaded TP Android_ASTCTargetPlatform
[2018.04.09-07.56.28:618][  0]LogTemp: Display: Loaded TP Android_ATCTargetPlatform
[2018.04.09-07.56.28:669][  0]LogTemp: Display: Loaded TP Android_DXTTargetPlatform
[2018.04.09-07.56.28:728][  0]LogTemp: Display: Loaded TP Android_ETC1TargetPlatform
[2018.04.09-07.56.28:779][  0]LogTemp: Display: Loaded TP Android_ETC2TargetPlatform
[2018.04.09-07.56.28:881][  0]LogTemp: Display: Loaded TP Android_MultiTargetPlatform
[2018.04.09-07.56.28:881][  0]LogTemp: Display: Loaded TP Android_PVRTCTargetPlatform
[2018.04.09-07.56.28:959][  0]LogTemp: Display: Loaded TP AndroidTargetPlatform
[2018.04.09-07.56.29:004][  0]LogTemp: Display: Loaded TP HTML5TargetPlatform
[2018.04.09-07.56.29:116][  0]LogTemp: Display: Loaded TP IOSTargetPlatform
[2018.04.09-07.56.29:144][  0]LogTemp: Display: Loaded TP TVOSTargetPlatform
[2018.04.09-07.56.29:196][  0]LogTemp: Display: Loaded TP LinuxClientTargetPlatform
[2018.04.09-07.56.29:251][  0]LogTemp: Display: Loaded TP LinuxNoEditorTargetPlatform
[2018.04.09-07.56.29:310][  0]LogTemp: Display: Loaded TP LinuxServerTargetPlatform
[2018.04.09-07.56.29:373][  0]LogTemp: Display: Loaded TP LinuxTargetPlatform
[2018.04.09-07.56.29:373][  0]LogTargetPlatformManager: Display: Building Assets For Windows
[2018.04.09-07.56.29:870][  0]LogDerivedDataCache: Display: Max Cache Size: 512 MB
[2018.04.09-07.56.30:268][  0]LogDerivedDataCache: Loaded boot cache 0.40s 78MB C:/Users/Jared Rothwell/AppData/Local/UnrealEngine/4.18/DerivedDataCache/Boot.ddc.
[2018.04.09-07.56.30:268][  0]LogDerivedDataCache: Display: Loaded Boot cache: C:/Users/Jared Rothwell/AppData/Local/UnrealEngine/4.18/DerivedDataCache/Boot.ddc
[2018.04.09-07.56.30:268][  0]LogDerivedDataCache: FDerivedDataBackendGraph:  Pak pak cache file ../../../../projects/Art-Thief/ArtThiefMuseum/DerivedDataCache/DDC.ddp not found, will not use a pak cache.
[2018.04.09-07.56.30:268][  0]LogDerivedDataCache: Unable to find inner node Pak for hierarchical cache Hierarchy.
[2018.04.09-07.56.30:268][  0]LogDerivedDataCache: FDerivedDataBackendGraph:  CompressedPak pak cache file ../../../../projects/Art-Thief/ArtThiefMuseum/DerivedDataCache/Compressed.ddp not found, will not use a pak cache.
[2018.04.09-07.56.30:268][  0]LogDerivedDataCache: Unable to find inner node CompressedPak for hierarchical cache Hierarchy.
[2018.04.09-07.56.30:287][  0]LogDerivedDataCache: Display: Pak cache opened for reading ../../../Engine/DerivedDataCache/Compressed.ddp.
[2018.04.09-07.56.30:299][  0]LogDerivedDataCache: Using Local data cache path C:/Users/Jared Rothwell/AppData/Local/UnrealEngine/Common/DerivedDataCache: Writable
[2018.04.09-07.56.30:317][  0]LogMaterial: Verifying Global Shaders for PCD3D_SM5
[2018.04.09-07.56.30:317][  0]LogSlate: Using Freetype 2.6.0
[2018.04.09-07.56.30:362][  0]LogSlate: SlateFontCache - WITH_FREETYPE: 1, WITH_HARFBUZZ: 1
[2018.04.09-07.56.30:362][  0]LogSlate: SlateFontCache - WITH_FREETYPE: 1, WITH_HARFBUZZ: 1
[2018.04.09-07.56.31:452][  0]LogInit: Selected Device Profile: [Windows]
[2018.04.09-07.56.31:993][  0]LogSimplygon: Simplygon DLL not present - disabling.
[2018.04.09-07.56.32:033][  0]LogMeshReduction: Using SimplygonSwarm for distributed automatic mesh merging
[2018.04.09-07.56.32:033][  0]LogMeshReduction: Using QuadricMeshReduction for automatic static mesh reduction
[2018.04.09-07.56.32:033][  0]LogMeshReduction: No automatic skeletal mesh reduction module available
[2018.04.09-07.56.32:033][  0]LogMeshReduction: No automatic mesh merging module available
[2018.04.09-07.56.32:033][  0]LogMeshMerging: No automatic mesh merging module available
[2018.04.09-07.56.32:268][  0]LogNetVersion: ArtThiefMuseum , NetCL: 3709383, EngineNetVer: 2, GameNetVer: 0 (Checksum: 2922769132)
[2018.04.09-07.56.33:463][  0]LogAssetRegistry: FAssetRegistry took 0.0275 seconds to start up
[2018.04.09-07.56.34:841][  0]LogPackageLocalizationCache: Processed 7 localized package path(s) for 2 prioritized culture(s) in 0.112676 seconds
[2018.04.09-07.56.34:850][  0]LogUObjectArray: 35900 objects as part of root set at end of initial load.
[2018.04.09-07.56.34:850][  0]LogUObjectAllocator: 7372024 out of 0 bytes used by permanent object pool.
[2018.04.09-07.56.34:850][  0]LogUObjectArray: CloseDisregardForGC: 0/0 objects in disregard for GC pool
[2018.04.09-07.56.34:897][  0]LogInit: WinSock: version 1.1 (2.2), MaxSocks=32767, MaxUdp=65467
[2018.04.09-07.56.46:896][  0]LogTcpMessaging: Initializing TcpMessaging bridge
[2018.04.09-07.56.46:933][  0]LogUdpMessaging: Initializing bridge on interface 0.0.0.0:0 to multicast group 230.0.0.1:6666.
[2018.04.09-07.56.47:813][  0]LogMaterial: Uniform references updated for custom material expression Custom.
[2018.04.09-07.56.48:370][  0]SourceControl: Source control is disabled
[2018.04.09-07.56.49:413][  0]LogAndroidPermission: UAndroidPermissionCallbackProxy::GetInstance
[2018.04.09-07.56.49:687][  0]LogOcInput: OculusInput pre-init called
[2018.04.09-07.56.50:051][  0]LogEngine: Initializing Engine...
[2018.04.09-07.56.50:053][  0]LogHMD: Failed to initialize OpenVR with code 110
[2018.04.09-07.56.50:582][  0]LogStats: UGameplayTagsManager::ConstructGameplayTagTree: Construct from data asset -  0.000 s
[2018.04.09-07.56.50:582][  0]LogStats: UGameplayTagsManager::ConstructGameplayTagTree: GameplayTagTreeChangedEvent.Broadcast -  0.000 s
[2018.04.09-07.56.50:712][  0]LogAIModule: Creating AISystem for world Untitled
[2018.04.09-07.56.50:733][  0]LogInit: XAudio2 using 'Speakers (Conexant SmartAudio HD)' : 2 channels at 48 kHz using 32 bits per sample (channel mask 0x3)
[2018.04.09-07.56.50:781][  0]LogInit: FAudioDevice initialized.
[2018.04.09-07.56.50:926][  0]LogDerivedDataCache: Saved boot cache 0.14s 78MB C:/Users/Jared Rothwell/AppData/Local/UnrealEngine/4.18/DerivedDataCache/Boot.ddc.
[2018.04.09-07.56.50:951][  0]LogInit: Texture streaming: Enabled
[2018.04.09-07.56.51:040][  0]LogEngineSessionManager: EngineSessionManager initialized
[2018.04.09-07.56.51:211][  0]LogInit: Transaction tracking system initialized
[2018.04.09-07.56.51:542][  0]BlueprintLog: New page: Editor Load
[2018.04.09-07.56.52:670][  0]LocalizationService: Localization service is disabled
[2018.04.09-07.56.54:084][  0]LogConsoleResponse: Display: 
[2018.04.09-07.56.55:403][  0]LogCook: Display: Max memory allowance for cook 16384mb min free memory 0mb
[2018.04.09-07.56.55:403][  0]LogCook: Display: Mobile HDR setting 1
[2018.04.09-07.56.55:403][  0]LogGameplayTags: Display: UGameplayTagsManager::DoneAddingNativeTags. DelegateIsBound: 0
[2018.04.09-07.56.55:596][  0]LogFileCache: Scanning file cache for directory 'D:/projects/Art-Thief/ArtThiefMuseum/Content/' took 0.02s
[2018.04.09-07.56.56:791][  0]Cmd: MAP LOAD FILE="../../../../projects/Art-Thief/ArtThiefMuseum/Content/StarterContent/Maps/Minimal_Default.umap" TEMPLATE=0 SHOWPROGRESS=1 FEATURELEVEL=3
[2018.04.09-07.56.56:843][  0]LightingResults: New page: Lighting Build
[2018.04.09-07.56.56:886][  0]MapCheck: New page: Map Check
[2018.04.09-07.56.56:886][  0]LightingResults: New page: Lighting Build
[2018.04.09-07.56.57:093][  0]LogLinker: Warning: Can't find file '/Game/StarterContent/Textures/T_Wood_Oak_D'
[2018.04.09-07.56.57:094][  0]LogLinker: Warning: Can't find file for asset '/Game/StarterContent/Textures/T_Wood_Oak_D' while loading ../../../../projects/Art-Thief/ArtThiefMuseum/Content/StarterContent/Materials/M_Wood_Oak.uasset.
[2018.04.09-07.56.57:094][  0]LoadErrors: Error: /Game/StarterContent/Materials/M_Wood_Oak : Can't find file for asset. /Game/StarterContent/Textures/T_Wood_Oak_D
[2018.04.09-07.56.57:094][  0]LogLinker: Warning: Can't find file '/Game/StarterContent/Textures/T_Wood_Oak_N'
[2018.04.09-07.56.57:094][  0]LogLinker: Warning: Can't find file for asset '/Game/StarterContent/Textures/T_Wood_Oak_N' while loading ../../../../projects/Art-Thief/ArtThiefMuseum/Content/StarterContent/Materials/M_Wood_Oak.uasset.
[2018.04.09-07.56.57:094][  0]LoadErrors: Error: /Game/StarterContent/Materials/M_Wood_Oak : Can't find file for asset. /Game/StarterContent/Textures/T_Wood_Oak_N
[2018.04.09-07.56.57:095][  0]LogLinker: Warning: Can't find file '/Game/StarterContent/Textures/T_Wood_Oak_D'
[2018.04.09-07.56.57:095][  0]LogLinker: Warning: Can't find file for asset '/Game/StarterContent/Textures/T_Wood_Oak_D' while loading ../../../../projects/Art-Thief/ArtThiefMuseum/Content/StarterContent/Materials/M_Wood_Oak.uasset.
[2018.04.09-07.56.57:095][  0]LoadErrors: Error: /Game/StarterContent/Materials/M_Wood_Oak : Can't find file for asset. /Game/StarterContent/Textures/T_Wood_Oak_D
[2018.04.09-07.56.57:095][  0]LogLinker: Warning: Can't find file '/Game/StarterContent/Textures/T_Wood_Oak_N'
[2018.04.09-07.56.57:095][  0]LogLinker: Warning: Can't find file for asset '/Game/StarterContent/Textures/T_Wood_Oak_N' while loading ../../../../projects/Art-Thief/ArtThiefMuseum/Content/StarterContent/Materials/M_Wood_Oak.uasset.
[2018.04.09-07.56.57:095][  0]LoadErrors: Error: /Game/StarterContent/Materials/M_Wood_Oak : Can't find file for asset. /Game/StarterContent/Textures/T_Wood_Oak_N
[2018.04.09-07.56.57:792][  0]LogLinker: Warning: Can't find file '/Game/StarterContent/Textures/T_Wood_Oak_D'
[2018.04.09-07.56.57:792][  0]LoadErrors: Failed to load /Game/StarterContent/Textures/T_Wood_Oak_D.T_Wood_Oak_D Referenced by MaterialExpressionTextureSample_82
[2018.04.09-07.56.57:792][  0]LogLinker: Warning: Can't find file for asset '/Game/StarterContent/Textures/T_Wood_Oak_D' while loading NULL.
[2018.04.09-07.56.57:792][  0]LoadErrors: Failed to load /Game/StarterContent/Textures/T_Wood_Oak_D.T_Wood_Oak_D Referenced by MaterialExpressionTextureSample_82
[2018.04.09-07.56.57:792][  0]LogLinker: Warning: Can't find file '/Game/StarterContent/Textures/T_Wood_Oak_N'
[2018.04.09-07.56.57:792][  0]LoadErrors: Failed to load /Game/StarterContent/Textures/T_Wood_Oak_N.T_Wood_Oak_N Referenced by MaterialExpressionTextureSample_83
[2018.04.09-07.56.57:793][  0]LogLinker: Warning: Can't find file for asset '/Game/StarterContent/Textures/T_Wood_Oak_N' while loading NULL.
[2018.04.09-07.56.57:793][  0]LoadErrors: Failed to load /Game/StarterContent/Textures/T_Wood_Oak_N.T_Wood_Oak_N Referenced by MaterialExpressionTextureSample_83
[2018.04.09-07.56.59:405][  0]LogMaterial: Missing cached shader map for material M_Wood_Oak, compiling. 
[2018.04.09-07.56.59:407][  0]LogMaterial: Warning: D:\projects\Art-Thief\ArtThiefMuseum\Content\StarterContent\Materials\M_Wood_Oak.uasset: Failed to compile Material for platform PCD3D_SM5, Default Material will be used in game.
[2018.04.09-07.56.59:407][  0]LogMaterial: 	(Node TextureSample) Texture Sample> Missing input texture
[2018.04.09-07.57.06:708][  0]LogAIModule: Creating AISystem for world Minimal_Default
[2018.04.09-07.57.06:812][  0]LogEditorServer: Finished looking for orphan Actors (0.000 secs)
[2018.04.09-07.57.06:825][  0]Cmd: MAP CHECKDEP NOCLEARLOG
[2018.04.09-07.57.06:888][  0]MapCheck: Map check complete: 0 Error(s), 0 Warning(s), took 63.121ms to complete.
[2018.04.09-07.57.06:888][  0]LogFileHelpers: Loading map 'Minimal_Default' took 10.098
[2018.04.09-07.57.07:204][  0]LogCollectionManager: Loaded 0 collections in 0.000892 seconds
[2018.04.09-07.57.07:291][  0]LogFileCache: Scanning file cache for directory 'D:/projects/Art-Thief/ArtThiefMuseum/Saved/Collections/' took 0.01s
[2018.04.09-07.57.07:291][  0]LogFileCache: Scanning file cache for directory 'D:/projects/Art-Thief/ArtThiefMuseum/Content/Developers/JaredRothwell/Collections/' took 0.01s
[2018.04.09-07.57.07:291][  0]LogFileCache: Scanning file cache for directory 'D:/projects/Art-Thief/ArtThiefMuseum/Content/Collections/' took 0.01s
[2018.04.09-07.57.07:291][  0]LogCollectionManager: Rebuilt the GUID cache for 0 collections in 0.000000 seconds
[2018.04.09-07.57.07:302][  0]LogContentBrowser: Native class hierarchy populated in 0.0111 seconds. Added 2363 classes and 519 folders.
[2018.04.09-07.57.07:370][  0]LogContentBrowser: Native class hierarchy updated for 'WidgetCarousel' in 0.0003 seconds. Added 0 classes and 0 folders.
[2018.04.09-07.57.08:088][  0]LogContentBrowser: Native class hierarchy updated for 'AddContentDialog' in 0.0003 seconds. Added 0 classes and 0 folders.
[2018.04.09-07.57.08:142][  0]LogContentBrowser: Native class hierarchy updated for 'SceneOutliner' in 0.0004 seconds. Added 1 classes and 2 folders.
[2018.04.09-07.57.08:350][  0]LogContentBrowser: Native class hierarchy updated for 'HierarchicalLODOutliner' in 0.0003 seconds. Added 1 classes and 2 folders.
[2018.04.09-07.57.08:350][  0]LogLoad: (Engine Initialization) Total time: 51.74 seconds
[2018.04.09-07.57.08:350][  0]LogLoad: (Engine Initialization) Total Blueprint compile time: 0.00 seconds
[2018.04.09-07.57.08:350][  0]LogExternalProfiler: Found external profiler: VSPerf
[2018.04.09-07.57.08:350][  0]LogExternalProfiler: Using external profiler: VSPerf
[2018.04.09-07.57.08:403][  0]LogContentStreaming: Texture pool size now 1000 MB
[2018.04.09-07.57.08:470][  0]LogSlate: Took 0.045946 seconds to synchronously load lazily loaded font '../../../Engine/Content/Slate/Fonts/Roboto-Regular.ttf' (155K)
[2018.04.09-07.57.08:484][  0]LogSlate: Took 0.012351 seconds to synchronously load lazily loaded font '../../../Engine/Content/Slate/Fonts/Roboto-Bold.ttf' (160K)
[2018.04.09-07.57.08:503][  0]LogSlate: Took 0.014204 seconds to synchronously load lazily loaded font '../../../Engine/Content/Editor/Slate/Fonts/FontAwesome.ttf' (139K)
[2018.04.09-07.57.08:687][  0]LogSlate: Took 0.000211 seconds to synchronously load lazily loaded font '../../../Engine/Content/Slate/Fonts/Roboto-Light.ttf' (159K)
[2018.04.09-07.57.08:727][  1]LogFileCache: Retrieving MD5 hashes for directory 'D:/projects/Art-Thief/ArtThiefMuseum/Content/' took 0.35s
[2018.04.09-07.57.08:749][  1]LogRenderer: Reallocating scene render targets to support 960x284 Format 10 NumSamples 1 (Frame:1).
[2018.04.09-07.57.08:991][  2]LogAssetRegistry: Asset discovery search completed in 35.5491 seconds
[2018.04.09-07.57.08:993][  2]LogCollectionManager: Rebuilt the object cache for 0 collections in 0.000000 seconds (found 0 objects)
[2018.04.09-07.57.08:993][  2]LogCollectionManager: Fixed up redirectors for 0 collections in 0.000056 seconds (updated 0 objects)
[2018.04.09-07.57.09:407][ 24]LogSlate: Took 0.000169 seconds to synchronously load lazily loaded font '../../../Engine/Content/Slate/Fonts/Roboto-Light.ttf' (159K)
[2018.04.09-07.57.49:855][599]LogSlate: Took 0.000291 seconds to synchronously load lazily loaded font '../../../Engine/Content/Slate/Fonts/Roboto-Light.ttf' (159K)
[2018.04.09-07.57.49:874][599]LogFactory: FactoryCreateFile: StaticMesh with FbxFactory (0 0 C:\Users\Jared Rothwell\Desktop\The Art Thief\Thief_Animaitons\Walking (2).fbx)
[2018.04.09-07.57.49:893][599]LogFbx: ItemName: GlobalSettings, ItemCount : 1
[2018.04.09-07.57.49:893][599]LogFbx: ItemName: Model, ItemCount : 67
[2018.04.09-07.57.49:893][599]LogFbx: ItemName: NodeAttribute, ItemCount : 67
[2018.04.09-07.57.49:893][599]LogFbx: ItemName: AnimationStack, ItemCount : 1
[2018.04.09-07.57.49:893][599]LogFbx: ItemName: AnimationLayer, ItemCount : 1
[2018.04.09-07.57.49:893][599]LogFbx: ItemName: AnimationCurveNode, ItemCount : 54
[2018.04.09-07.57.49:893][599]LogFbx: ItemName: AnimationCurve, ItemCount : 315
[2018.04.09-07.57.49:899][599]LogFbx: Loading FBX Scene from C:\Users\Jared Rothwell\Desktop\The Art Thief\Thief_Animaitons\Walking (2).fbx
[2018.04.09-07.57.49:947][599]LogFbx: FBX Scene Loaded Succesfully
[2018.04.09-07.57.55:506][599]LogFbx: Loading FBX Scene from C:\Users\Jared Rothwell\Desktop\The Art Thief\Thief_Animaitons\Walking (2).fbx
[2018.04.09-07.57.55:548][599]LogFbx: FBX Scene Loaded Succesfully
[2018.04.09-07.57.55:551][599]LogFbx: SortedLinks :(0) Hips
[2018.04.09-07.57.55:551][599]LogFbx: SortedLinks :(1) Spine
[2018.04.09-07.57.55:551][599]LogFbx: SortedLinks :(2) Spine1
[2018.04.09-07.57.55:551][599]LogFbx: SortedLinks :(3) Spine2
[2018.04.09-07.57.55:551][599]LogFbx: SortedLinks :(4) Neck
[2018.04.09-07.57.55:551][599]LogFbx: SortedLinks :(5) Head
[2018.04.09-07.57.55:551][599]LogFbx: SortedLinks :(6) HeadTop_End
[2018.04.09-07.57.55:551][599]LogFbx: SortedLinks :(7) RightEye
[2018.04.09-07.57.55:551][599]LogFbx: SortedLinks :(8) LeftEye
[2018.04.09-07.57.55:551][599]LogFbx: SortedLinks :(9) LeftShoulder
[2018.04.09-07.57.55:551][599]LogFbx: SortedLinks :(10) LeftArm
[2018.04.09-07.57.55:551][599]LogFbx: SortedLinks :(11) LeftForeArm
[2018.04.09-07.57.55:551][599]LogFbx: SortedLinks :(12) LeftHand
[2018.04.09-07.57.55:551][599]LogFbx: SortedLinks :(13) LeftHandMiddle1
[2018.04.09-07.57.55:551][599]LogFbx: SortedLinks :(14) LeftHandMiddle2
[2018.04.09-07.57.55:551][599]LogFbx: SortedLinks :(15) LeftHandMiddle3
[2018.04.09-07.57.55:551][599]LogFbx: SortedLinks :(16) LeftHandMiddle4
[2018.04.09-07.57.55:551][599]LogFbx: SortedLinks :(17) LeftHandThumb1
[2018.04.09-07.57.55:551][599]LogFbx: SortedLinks :(18) LeftHandThumb2
[2018.04.09-07.57.55:551][599]LogFbx: SortedLinks :(19) LeftHandThumb3
[2018.04.09-07.57.55:551][599]LogFbx: SortedLinks :(20) LeftHandThumb4
[2018.04.09-07.57.55:551][599]LogFbx: SortedLinks :(21) LeftHandIndex1
[2018.04.09-07.57.55:551][599]LogFbx: SortedLinks :(22) LeftHandIndex2
[2018.04.09-07.57.55:551][599]LogFbx: SortedLinks :(23) LeftHandIndex3
[2018.04.09-07.57.55:551][599]LogFbx: SortedLinks :(24) LeftHandIndex4
[2018.04.09-07.57.55:551][599]LogFbx: SortedLinks :(25) LeftHandRing1
[2018.04.09-07.57.55:551][599]LogFbx: SortedLinks :(26) LeftHandRing2
[2018.04.09-07.57.55:551][599]LogFbx: SortedLinks :(27) LeftHandRing3
[2018.04.09-07.57.55:551][599]LogFbx: SortedLinks :(28) LeftHandRing4
[2018.04.09-07.57.55:551][599]LogFbx: SortedLinks :(29) LeftHandPinky1
[2018.04.09-07.57.55:551][599]LogFbx: SortedLinks :(30) LeftHandPinky2
[2018.04.09-07.57.55:551][599]LogFbx: SortedLinks :(31) LeftHandPinky3
[2018.04.09-07.57.55:551][599]LogFbx: SortedLinks :(32) LeftHandPinky4
[2018.04.09-07.57.55:551][599]LogFbx: SortedLinks :(33) RightShoulder
[2018.04.09-07.57.55:552][599]LogFbx: SortedLinks :(34) RightArm
[2018.04.09-07.57.55:552][599]LogFbx: SortedLinks :(35) RightForeArm
[2018.04.09-07.57.55:552][599]LogFbx: SortedLinks :(36) RightHand
[2018.04.09-07.57.55:552][599]LogFbx: SortedLinks :(37) RightHandMiddle1
[2018.04.09-07.57.55:552][599]LogFbx: SortedLinks :(38) RightHandMiddle2
[2018.04.09-07.57.55:552][599]LogFbx: SortedLinks :(39) RightHandMiddle3
[2018.04.09-07.57.55:552][599]LogFbx: SortedLinks :(40) RightHandMiddle4
[2018.04.09-07.57.55:552][599]LogFbx: SortedLinks :(41) RightHandThumb1
[2018.04.09-07.57.55:552][599]LogFbx: SortedLinks :(42) RightHandThumb2
[2018.04.09-07.57.55:552][599]LogFbx: SortedLinks :(43) RightHandThumb3
[2018.04.09-07.57.55:552][599]LogFbx: SortedLinks :(44) RightHandThumb4
[2018.04.09-07.57.55:552][599]LogFbx: SortedLinks :(45) RightHandIndex1
[2018.04.09-07.57.55:552][599]LogFbx: SortedLinks :(46) RightHandIndex2
[2018.04.09-07.57.55:552][599]LogFbx: SortedLinks :(47) RightHandIndex3
[2018.04.09-07.57.55:552][599]LogFbx: SortedLinks :(48) RightHandIndex4
[2018.04.09-07.57.55:552][599]LogFbx: SortedLinks :(49) RightHandRing1
[2018.04.09-07.57.55:552][599]LogFbx: SortedLinks :(50) RightHandRing2
[2018.04.09-07.57.55:552][599]LogFbx: SortedLinks :(51) RightHandRing3
[2018.04.09-07.57.55:552][599]LogFbx: SortedLinks :(52) RightHandRing4
[2018.04.09-07.57.55:552][599]LogFbx: SortedLinks :(53) RightHandPinky1
[2018.04.09-07.57.55:552][599]LogFbx: SortedLinks :(54) RightHandPinky2
[2018.04.09-07.57.55:552][599]LogFbx: SortedLinks :(55) RightHandPinky3
[2018.04.09-07.57.55:552][599]LogFbx: SortedLinks :(56) RightHandPinky4
[2018.04.09-07.57.55:552][599]LogFbx: SortedLinks :(57) RightUpLeg
[2018.04.09-07.57.55:552][599]LogFbx: SortedLinks :(58) RightLeg
[2018.04.09-07.57.55:552][599]LogFbx: SortedLinks :(59) RightFoot
[2018.04.09-07.57.55:552][599]LogFbx: SortedLinks :(60) RightToeBase
[2018.04.09-07.57.55:552][599]LogFbx: SortedLinks :(61) RightToe_End
[2018.04.09-07.57.55:552][599]LogFbx: SortedLinks :(62) LeftUpLeg
[2018.04.09-07.57.55:552][599]LogFbx: SortedLinks :(63) LeftLeg
[2018.04.09-07.57.55:552][599]LogFbx: SortedLinks :(64) LeftFoot
[2018.04.09-07.57.55:552][599]LogFbx: SortedLinks :(65) LeftToeBase
[2018.04.09-07.57.55:552][599]LogFbx: SortedLinks :(66) LeftToe_End
[2018.04.09-07.57.55:553][599]LogFbx: Parsing AnimStack mixamo.com
[2018.04.09-07.57.55:557][599]LogLinker: Can't find file '/Game/Animations/ThiefFixed_animations/Walking__2_'
[2018.04.09-07.57.55:558][599]LogLinker: Can't find file '/Game/Animations/ThiefFixed_animations/Walking__2_'
[2018.04.09-07.57.56:007][599]LogSlate: Took 0.000222 seconds to synchronously load lazily loaded font '../../../Engine/Content/Slate/Fonts/Roboto-Regular.ttf' (155K)
[2018.04.09-07.57.56:400][599]LogAnimationCompression: Building Anim DDC data for AnimSequence /Game/Animations/ThiefFixed_animations/Walking__2_.Walking__2_
[2018.04.09-07.57.56:401][599]LogAnimationCompression: Recompressing (AnimSequence /Engine/Transient.Walking__2_) using current/default (AnimCompress_BitwiseCompressOnly_0) bFirstRecompressUsingCurrentOrDefault(1) bTryAlternateCompressor(0) IsCompressedDataValid(0)
[2018.04.09-07.58.00:627][837]LogSavePackage: Save=87.86ms
[2018.04.09-07.58.00:627][837]LogSavePackage: Moving '../../../../projects/Art-Thief/ArtThiefMuseum/Saved/Walking__2_94098E3F4BBEC56051B1D6A13B3FB0E5.tmp' to '../../../../projects/Art-Thief/ArtThiefMuseum/Content/Animations/ThiefFixed_animations/Walking__2_.uasset'
[2018.04.09-07.58.00:634][837]LogSavePackage: Display: Finished SavePackage ../../../../projects/Art-Thief/ArtThiefMuseum/Content/Animations/ThiefFixed_animations/Walking__2_.uasset
[2018.04.09-07.58.02:209][922]LogWindowsTextInputMethodSystem: Display: IME system now deactivated.
[2018.04.09-07.58.02:420][923]Cmd: QUIT_EDITOR
[2018.04.09-07.58.02:455][923]LogExit: Preparing to exit.
[2018.04.09-07.58.03:038][923]LogDirectoryWatcher: A directory notification for 'D:/projects/Art-Thief/ArtThiefMuseum/Content/' was aborted.
[2018.04.09-07.58.03:096][923]LogExit: Editor shut down
[2018.04.09-07.58.03:104][923]LogExit: Transaction tracking system shut down
[2018.04.09-07.58.03:298][923]LogDirectoryWatcher: A directory notification for '../../../Engine/Content/' was aborted.
[2018.04.09-07.58.03:298][923]LogDirectoryWatcher: A directory notification for '../../../../projects/Art-Thief/ArtThiefMuseum/Content/' was aborted.
[2018.04.09-07.58.03:298][923]LogDirectoryWatcher: A directory notification for '../../../Engine/Plugins/2D/Paper2D/Content/' was aborted.
[2018.04.09-07.58.03:298][923]LogDirectoryWatcher: A directory notification for '../../../Engine/Plugins/Media/MediaCompositing/Content/' was aborted.
[2018.04.09-07.58.03:298][923]LogDirectoryWatcher: A directory notification for '../../../Engine/Plugins/Runtime/AppleARKit/Content/' was aborted.
[2018.04.09-07.58.03:298][923]LogDirectoryWatcher: A directory notification for '../../../Engine/Plugins/Runtime/Oculus/OculusVR/Content/' was aborted.
[2018.04.09-07.58.03:298][923]LogDirectoryWatcher: A directory notification for '../../../Engine/Plugins/Runtime/Steam/SteamVR/Content/' was aborted.
[2018.04.09-07.58.03:396][923]LogExit: Object subsystem successfully closed.
[2018.04.09-07.58.03:541][923]LogD3D11RHI: Shutdown
[2018.04.09-07.58.03:541][923]LogD3D11RHI: CleanupD3DDevice
[2018.04.09-07.58.03:569][923]LogD3D11RHI: ~FD3D11DynamicRHI
[2018.04.09-07.58.03:579][923]LogModuleManager: Shutting down and abandoning module HierarchicalLODOutliner (548)
[2018.04.09-07.58.03:579][923]LogModuleManager: Shutting down and abandoning module SceneOutliner (546)
[2018.04.09-07.58.03:579][923]LogModuleManager: Shutting down and abandoning module AddContentDialog (544)
[2018.04.09-07.58.03:579][923]LogDirectoryWatcher: A directory notification for 'D:/UE_4.18/FeaturePacks/' was aborted.
[2018.04.09-07.58.03:580][923]LogModuleManager: Shutting down and abandoning module WidgetCarousel (543)
[2018.04.09-07.58.03:580][923]LogModuleManager: Shutting down and abandoning module EditorWidgets (540)
[2018.04.09-07.58.03:580][923]LogModuleManager: Shutting down and abandoning module CollectionManager (538)
[2018.04.09-07.58.03:580][923]LogDirectoryWatcher: A directory notification for 'D:/projects/Art-Thief/ArtThiefMuseum/Content/Collections/' was aborted.
[2018.04.09-07.58.03:580][923]LogDirectoryWatcher: A directory notification for 'D:/projects/Art-Thief/ArtThiefMuseum/Content/Developers/JaredRothwell/Collections/' was aborted.
[2018.04.09-07.58.03:580][923]LogDirectoryWatcher: A directory notification for 'D:/projects/Art-Thief/ArtThiefMuseum/Saved/Collections/' was aborted.
[2018.04.09-07.58.03:580][923]LogModuleManager: Shutting down and abandoning module StatsViewer (536)
[2018.04.09-07.58.03:580][923]LogModuleManager: Shutting down and abandoning module FoliageEdit (534)
[2018.04.09-07.58.03:580][923]LogModuleManager: Shutting down and abandoning module LandscapeEditor (532)
[2018.04.09-07.58.03:581][923]LogModuleManager: Shutting down and abandoning module MeshPaintMode (530)
[2018.04.09-07.58.03:581][923]LogModuleManager: Shutting down and abandoning module SceneDepthPickerMode (528)
[2018.04.09-07.58.03:581][923]LogModuleManager: Shutting down and abandoning module ActorPickerMode (526)
[2018.04.09-07.58.03:581][923]LogModuleManager: Shutting down and abandoning module GeometryMode (524)
[2018.04.09-07.58.03:581][923]LogModuleManager: Shutting down and abandoning module TextureAlignMode (522)
[2018.04.09-07.58.03:581][923]LogModuleManager: Shutting down and abandoning module BspMode (520)
[2018.04.09-07.58.03:581][923]LogModuleManager: Shutting down and abandoning module PIEPreviewDeviceProfileSelector (518)
[2018.04.09-07.58.03:581][923]LogModuleManager: Shutting down and abandoning module HardwareSurvey (516)
[2018.04.09-07.58.03:581][923]LogModuleManager: Shutting down and abandoning module SequenceRecorderSections (514)
[2018.04.09-07.58.03:581][923]LogModuleManager: Shutting down and abandoning module AutomationWorker (512)
[2018.04.09-07.58.03:581][923]LogModuleManager: Shutting down and abandoning module MatineeToLevelSequence (510)
[2018.04.09-07.58.03:581][923]LogModuleManager: Shutting down and abandoning module LevelSequenceEditor (508)
[2018.04.09-07.58.03:581][923]LogModuleManager: Shutting down and abandoning module PlacementMode (507)
[2018.04.09-07.58.03:581][923]LogModuleManager: Shutting down and abandoning module WmfMediaFactory (504)
[2018.04.09-07.58.03:581][923]LogModuleManager: Shutting down and abandoning module WmfMediaEditor (502)
[2018.04.09-07.58.03:581][923]LogModuleManager: Shutting down and abandoning module OpenExrWrapper (500)
[2018.04.09-07.58.03:581][923]LogModuleManager: Shutting down and abandoning module ImgMediaFactory (498)
[2018.04.09-07.58.03:581][923]LogModuleManager: Shutting down and abandoning module ImgMediaEditor (496)
[2018.04.09-07.58.03:581][923]LogModuleManager: Shutting down and abandoning module AvfMediaFactory (494)
[2018.04.09-07.58.03:581][923]LogModuleManager: Shutting down and abandoning module AvfMediaEditor (492)
[2018.04.09-07.58.03:581][923]LogModuleManager: Shutting down and abandoning module AndroidMediaFactory (490)
[2018.04.09-07.58.03:581][923]LogModuleManager: Shutting down and abandoning module AndroidMediaEditor (488)
[2018.04.09-07.58.03:581][923]LogModuleManager: Shutting down and abandoning module CharacterAI (486)
[2018.04.09-07.58.03:581][923]LogModuleManager: Shutting down and abandoning module AudioCapture (484)
[2018.04.09-07.58.03:581][923]LogModuleManager: Shutting down and abandoning module SequenceRecorder (483)
[2018.04.09-07.58.03:581][923]LogModuleManager: Shutting down and abandoning module SmartSnapping (480)
[2018.04.09-07.58.03:581][923]LogModuleManager: Shutting down and abandoning module SessionServices (478)
[2018.04.09-07.58.03:581][923]LogModuleManager: Shutting down and abandoning module ViewportSnapping (476)
[2018.04.09-07.58.03:581][923]LogModuleManager: Shutting down and abandoning module ViewportInteraction (474)
[2018.04.09-07.58.03:581][923]LogModuleManager: Shutting down and abandoning module ClothPainter (472)
[2018.04.09-07.58.03:581][923]LogModuleManager: Shutting down and abandoning module SkeletalMeshEditor (471)
[2018.04.09-07.58.03:581][923]LogModuleManager: Shutting down and abandoning module LogVisualizer (468)
[2018.04.09-07.58.03:582][923]LogModuleManager: Shutting down and abandoning module IntroTutorials (466)
[2018.04.09-07.58.03:582][923]LogModuleManager: Shutting down and abandoning module GameProjectGeneration (465)
[2018.04.09-07.58.03:582][923]LogModuleManager: Shutting down and abandoning module IOSPlatformEditor (462)
[2018.04.09-07.58.03:582][923]LogModuleManager: Shutting down and abandoning module HTML5PlatformEditor (460)
[2018.04.09-07.58.03:582][923]LogModuleManager: Shutting down and abandoning module AndroidPlatformEditor (458)
[2018.04.09-07.58.03:582][923]LogModuleManager: Shutting down and abandoning module AndroidDeviceDetection (457)
[2018.04.09-07.58.04:384][923]LogModuleManager: Shutting down and abandoning module WindowsPlatformEditor (454)
[2018.04.09-07.58.04:384][923]LogModuleManager: Shutting down and abandoning module IOSRuntimeSettings (452)
[2018.04.09-07.58.04:384][923]LogModuleManager: Shutting down and abandoning module AndroidRuntimeSettings (450)
[2018.04.09-07.58.04:385][923]LogModuleManager: Shutting down and abandoning module InputBindingEditor (448)
[2018.04.09-07.58.04:385][923]LogModuleManager: Shutting down and abandoning module MergeActors (446)
[2018.04.09-07.58.04:385][923]LogModuleManager: Shutting down and abandoning module SizeMap (444)
[2018.04.09-07.58.04:385][923]LogModuleManager: Shutting down and abandoning module TreeMap (442)
[2018.04.09-07.58.04:385][923]LogModuleManager: Shutting down and abandoning module ReferenceViewer (440)
[2018.04.09-07.58.04:385][923]LogModuleManager: Shutting down and abandoning module LocalizationDashboard (438)
[2018.04.09-07.58.04:385][923]LogModuleManager: Shutting down and abandoning module LocalizationService (437)
[2018.04.09-07.58.04:385][923]LogModuleManager: Shutting down and abandoning module HardwareTargeting (434)
[2018.04.09-07.58.04:385][923]LogModuleManager: Shutting down and abandoning module DeviceProfileEditor (432)
[2018.04.09-07.58.04:385][923]LogModuleManager: Shutting down and abandoning module UndoHistory (430)
[2018.04.09-07.58.04:385][923]LogModuleManager: Shutting down and abandoning module XmlParser (428)
[2018.04.09-07.58.04:385][923]LogModuleManager: Shutting down and abandoning module Blutility (426)
[2018.04.09-07.58.04:385][923]LogModuleManager: Shutting down and abandoning module ProjectSettingsViewer (424)
[2018.04.09-07.58.04:385][923]LogModuleManager: Shutting down and abandoning module ProjectTargetPlatformEditor (423)
[2018.04.09-07.58.04:385][923]LogModuleManager: Shutting down and abandoning module EditorSettingsViewer (420)
[2018.04.09-07.58.04:385][923]LogModuleManager: Shutting down and abandoning module SettingsEditor (418)
[2018.04.09-07.58.04:385][923]LogModuleManager: Shutting down and abandoning module ProjectLauncher (416)
[2018.04.09-07.58.04:386][923]LogModuleManager: Shutting down and abandoning module SessionFrontend (414)
[2018.04.09-07.58.04:386][923]LogModuleManager: Shutting down and abandoning module ProfilerClient (412)
[2018.04.09-07.58.04:386][923]LogModuleManager: Shutting down and abandoning module DeviceManager (410)
[2018.04.09-07.58.04:386][923]LogModuleManager: Shutting down and abandoning module TargetDeviceServices (409)
[2018.04.09-07.58.04:438][923]LogModuleManager: Shutting down and abandoning module AutomationController (406)
[2018.04.09-07.58.04:438][923]LogModuleManager: Shutting down and abandoning module AutomationWindow (404)
[2018.04.09-07.58.04:438][923]LogModuleManager: Shutting down and abandoning module Layers (402)
[2018.04.09-07.58.04:438][923]LogModuleManager: Shutting down and abandoning module ComponentVisualizers (400)
[2018.04.09-07.58.04:438][923]LogModuleManager: Shutting down and abandoning module DetailCustomizations (398)
[2018.04.09-07.58.04:438][923]LogModuleManager: Shutting down and abandoning module PackagesDialog (396)
[2018.04.09-07.58.04:439][923]LogModuleManager: Shutting down and abandoning module Persona (394)
[2018.04.09-07.58.04:439][923]LogModuleManager: Shutting down and abandoning module AdvancedPreviewScene (393)
[2018.04.09-07.58.04:439][923]LogModuleManager: Shutting down and abandoning module AnimGraph (391)
[2018.04.09-07.58.04:439][923]LogModuleManager: Shutting down and abandoning module Kismet (388)
[2018.04.09-07.58.04:439][923]LogModuleManager: Shutting down and abandoning module ClassViewer (386)
[2018.04.09-07.58.04:439][923]LogModuleManager: Shutting down and abandoning module Toolbox (384)
[2018.04.09-07.58.04:439][923]LogModuleManager: Shutting down and abandoning module ModuleUI (382)
[2018.04.09-07.58.04:439][923]LogModuleManager: Shutting down and abandoning module MovieSceneTools (380)
[2018.04.09-07.58.04:439][923]LogModuleManager: Shutting down and abandoning module OutputLog (378)
[2018.04.09-07.58.04:439][923]LogModuleManager: Shutting down and abandoning module GammaUI (376)
[2018.04.09-07.58.04:439][923]LogModuleManager: Shutting down and abandoning module Documentation (374)
[2018.04.09-07.58.04:439][923]LogModuleManager: Shutting down and abandoning module MovieSceneTracks (372)
[2018.04.09-07.58.04:439][923]LogModuleManager: Shutting down and abandoning module MovieScene (370)
[2018.04.09-07.58.04:439][923]LogModuleManager: Shutting down and abandoning module StreamingPauseRendering (368)
[2018.04.09-07.58.04:440][923]LogModuleManager: Shutting down and abandoning module LauncherPlatform (366)
[2018.04.09-07.58.04:440][923]LogModuleManager: Shutting down and abandoning module AnalyticsET (364)
[2018.04.09-07.58.04:440][923]LogModuleManager: Shutting down and abandoning module PortalServices (362)
[2018.04.09-07.58.04:440][923]LogModuleManager: Shutting down and abandoning module PortalRpc (360)
[2018.04.09-07.58.04:440][923]LogModuleManager: Shutting down and abandoning module MessagingRpc (358)
[2018.04.09-07.58.04:440][923]LogModuleManager: Shutting down and abandoning module AIModule (356)
[2018.04.09-07.58.04:440][923]LogModuleManager: Shutting down and abandoning module GameplayDebugger (355)
[2018.04.09-07.58.04:440][923]LogModuleManager: Shutting down and abandoning module AITestSuite (353)
[2018.04.09-07.58.04:440][923]LogModuleManager: Shutting down and abandoning module DesktopPlatform (350)
[2018.04.09-07.58.04:440][923]LogModuleManager: Shutting down and abandoning module ProfilerService (348)
[2018.04.09-07.58.04:558][923]LogModuleManager: Shutting down and abandoning module TaskGraph (346)
[2018.04.09-07.58.04:558][923]LogModuleManager: Shutting down and abandoning module SteamVRController (344)
[2018.04.09-07.58.04:558][923]LogModuleManager: Shutting down and abandoning module ProceduralMeshComponentEditor (342)
[2018.04.09-07.58.04:558][923]LogModuleManager: Shutting down and abandoning module ProceduralMeshComponent (340)
[2018.04.09-07.58.04:558][923]LogModuleManager: Shutting down and abandoning module OculusInput (338)
[2018.04.09-07.58.04:558][923]LogModuleManager: Shutting down and abandoning module MobilePatchingUtils (336)
[2018.04.09-07.58.04:558][923]LogModuleManager: Shutting down and abandoning module CustomMeshComponent (334)
[2018.04.09-07.58.04:558][923]LogModuleManager: Shutting down and abandoning module CableComponent (332)
[2018.04.09-07.58.04:558][923]LogModuleManager: Shutting down and abandoning module ArchVisCharacter (330)
[2018.04.09-07.58.04:558][923]LogModuleManager: Shutting down and abandoning module AndroidPermission (328)
[2018.04.09-07.58.04:558][923]LogModuleManager: Shutting down and abandoning module ActorSequence (324)
[2018.04.09-07.58.04:558][923]LogModuleManager: Shutting down and abandoning module MediaPlayerEditor (322)
[2018.04.09-07.58.04:559][923]LogModuleManager: Shutting down and abandoning module MediaCompositingEditor (320)
[2018.04.09-07.58.04:559][923]LogModuleManager: Shutting down and abandoning module MediaCompositing (318)
[2018.04.09-07.58.04:559][923]LogModuleManager: Shutting down and abandoning module HTML5Networking (316)
[2018.04.09-07.58.04:559][923]LogModuleManager: Shutting down and abandoning module AlembicImporter (314)
[2018.04.09-07.58.04:559][923]LogModuleManager: Shutting down and abandoning module AlembicLibrary (313)
[2018.04.09-07.58.04:559][923]LogModuleManager: Shutting down and abandoning module GeometryCache (312)
[2018.04.09-07.58.04:559][923]LogModuleManager: Shutting down and abandoning module GeometryCacheEd (311)
[2018.04.09-07.58.04:559][923]LogModuleManager: Shutting down and abandoning module SpeedTreeImporter (306)
[2018.04.09-07.58.04:559][923]LogModuleManager: Shutting down and abandoning module PluginBrowser (304)
[2018.04.09-07.58.04:559][923]LogModuleManager: Shutting down and abandoning module MobileLauncherProfileWizard (302)
[2018.04.09-07.58.04:559][923]LogModuleManager: Shutting down and abandoning module VisualStudioSourceCodeAccess (300)
[2018.04.09-07.58.04:559][923]LogModuleManager: Shutting down and abandoning module VisualStudioCodeSourceCodeAccess (298)
[2018.04.09-07.58.04:559][923]LogModuleManager: Shutting down and abandoning module UObjectPlugin (296)
[2018.04.09-07.58.04:559][923]LogModuleManager: Shutting down and abandoning module SubversionSourceControl (294)
[2018.04.09-07.58.04:559][923]LogModuleManager: Shutting down and abandoning module PerforceSourceControl (292)
[2018.04.09-07.58.04:560][923]LogModuleManager: Shutting down and abandoning module GitSourceControl (290)
[2018.04.09-07.58.04:560][923]LogModuleManager: Shutting down and abandoning module SourceControl (289)
[2018.04.09-07.58.04:560][923]LogModuleManager: Shutting down and abandoning module LightPropagationVolumeEditor (286)
[2018.04.09-07.58.04:560][923]LogModuleManager: Shutting down and abandoning module PaperTiledImporter (284)
[2018.04.09-07.58.04:560][923]LogModuleManager: Shutting down and abandoning module PaperSpriteSheetImporter (282)
[2018.04.09-07.58.04:560][923]LogModuleManager: Shutting down and abandoning module Paper2DEditor (280)
[2018.04.09-07.58.04:560][923]LogModuleManager: Shutting down and abandoning module MeshPaint (279)
[2018.04.09-07.58.04:560][923]LogModuleManager: Shutting down and abandoning module LevelEditor (277)
[2018.04.09-07.58.04:561][923]LogModuleManager: Shutting down and abandoning module PixelInspectorModule (276)
[2018.04.09-07.58.04:561][923]LogModuleManager: Shutting down and abandoning module MainFrame (274)
[2018.04.09-07.58.04:561][923]LogModuleManager: Shutting down and abandoning module HotReload (273)
[2018.04.09-07.58.04:561][923]LogModuleManager: Shutting down and abandoning module RuntimePhysXCooking (268)
[2018.04.09-07.58.04:561][923]LogModuleManager: Shutting down and abandoning module PhysXVehiclesEditor (266)
[2018.04.09-07.58.04:561][923]LogModuleManager: Shutting down and abandoning module PhysXVehicles (264)
[2018.04.09-07.58.04:561][923]LogModuleManager: Shutting down and abandoning module OculusEditor (262)
[2018.04.09-07.58.04:561][923]LogModuleManager: Shutting down and abandoning module LocationServicesBPLibrary (260)
[2018.04.09-07.58.04:561][923]LogModuleManager: Shutting down and abandoning module ImmediatePhysicsEditor (258)
[2018.04.09-07.58.04:561][923]LogModuleManager: Shutting down and abandoning module ImmediatePhysics (256)
[2018.04.09-07.58.04:561][923]LogModuleManager: Shutting down and abandoning module UdpMessaging (254)
[2018.04.09-07.58.04:662][923]LogModuleManager: Shutting down and abandoning module TcpMessaging (252)
[2018.04.09-07.58.04:762][923]LogModuleManager: Shutting down and abandoning module GameplayTagsEditor (250)
[2018.04.09-07.58.04:762][923]LogModuleManager: Shutting down and abandoning module FacialAnimationEditor (248)
[2018.04.09-07.58.04:762][923]LogModuleManager: Shutting down and abandoning module FacialAnimation (246)
[2018.04.09-07.58.04:762][923]LogModuleManager: Shutting down and abandoning module AssetManagerEditor (244)
[2018.04.09-07.58.04:762][923]LogModuleManager: Shutting down and abandoning module GraphEditor (243)
[2018.04.09-07.58.04:762][923]LogModuleManager: Shutting down and abandoning module ContentBrowser (241)
[2018.04.09-07.58.04:763][923]LogModuleManager: Shutting down and abandoning module LightPropagationVolumeRuntime (238)
[2018.04.09-07.58.04:763][923]LogModuleManager: Shutting down and abandoning module Paper2D (236)
[2018.04.09-07.58.04:763][923]LogModuleManager: Shutting down and abandoning module WindowsMoviePlayer (234)
[2018.04.09-07.58.04:763][923]LogModuleManager: Shutting down and abandoning module WmfMedia (232)
[2018.04.09-07.58.04:766][923]LogModuleManager: Shutting down and abandoning module ImgMedia (230)
[2018.04.09-07.58.04:766][923]LogModuleManager: Shutting down and abandoning module PacketHandler (228)
[2018.04.09-07.58.04:766][923]LogModuleManager: Shutting down and abandoning module ClothingSystemEditor (226)
[2018.04.09-07.58.04:766][923]LogModuleManager: Shutting down and abandoning module ClothingSystemRuntime (224)
[2018.04.09-07.58.04:766][923]LogModuleManager: Shutting down and abandoning module MediaAssets (222)
[2018.04.09-07.58.04:766][923]LogModuleManager: Shutting down and abandoning module Media (221)
[2018.04.09-07.58.04:772][923]LogModuleManager: Shutting down and abandoning module Overlay (218)
[2018.04.09-07.58.04:772][923]LogModuleManager: Shutting down and abandoning module OverlayEditor (217)
[2018.04.09-07.58.04:772][923]LogModuleManager: Shutting down and abandoning module VREditor (214)
[2018.04.09-07.58.04:772][923]LogModuleManager: Shutting down and abandoning module StringTableEditor (212)
[2018.04.09-07.58.04:772][923]LogModuleManager: Shutting down and abandoning module GameplayTasksEditor (210)
[2018.04.09-07.58.04:772][923]LogModuleManager: Shutting down and abandoning module BehaviorTreeEditor (208)
[2018.04.09-07.58.04:772][923]LogModuleManager: Shutting down and abandoning module FunctionalTesting (206)
[2018.04.09-07.58.04:772][923]LogModuleManager: Shutting down and abandoning module CollisionAnalyzer (204)
[2018.04.09-07.58.04:772][923]LogModuleManager: Shutting down and abandoning module WorkspaceMenuStructure (203)
[2018.04.09-07.58.04:772][923]LogModuleManager: Shutting down and abandoning module UMG (200)
[2018.04.09-07.58.04:772][923]LogModuleManager: Shutting down and abandoning module UMGEditor (199)
[2018.04.09-07.58.04:772][923]LogModuleManager: Shutting down and abandoning module Sequencer (198)
[2018.04.09-07.58.04:772][923]LogModuleManager: Shutting down and abandoning module MessageLog (195)
[2018.04.09-07.58.04:772][923]LogModuleManager: Shutting down and abandoning module SlateReflector (190)
[2018.04.09-07.58.04:772][923]LogModuleManager: Shutting down and abandoning module Slate (188)
[2018.04.09-07.58.04:772][923]LogModuleManager: Shutting down and abandoning module EditorStyle (186)
[2018.04.09-07.58.04:774][923]LogModuleManager: Shutting down and abandoning module MRMesh (184)
[2018.04.09-07.58.04:774][923]LogModuleManager: Shutting down and abandoning module SourceCodeAccess (182)
[2018.04.09-07.58.04:774][923]LogModuleManager: Shutting down and abandoning module HeadMountedDisplay (180)
[2018.04.09-07.58.04:774][923]LogModuleManager: Shutting down and abandoning module XAudio2 (178)
[2018.04.09-07.58.04:774][923]LogModuleManager: Shutting down and abandoning module Networking (176)
[2018.04.09-07.58.04:774][923]LogModuleManager: Shutting down and abandoning module Core (172)
[2018.04.09-07.58.04:774][923]LogModuleManager: Shutting down and abandoning module LevelSequence (168)
[2018.04.09-07.58.04:774][923]LogModuleManager: Shutting down and abandoning module DirectoryWatcher (166)
[2018.04.09-07.58.04:775][923]LogModuleManager: Shutting down and abandoning module KismetCompiler (164)
[2018.04.09-07.58.04:775][923]LogModuleManager: Shutting down and abandoning module MeshUtilities (162)
[2018.04.09-07.58.04:775][923]LogModuleManager: Shutting down and abandoning module MeshMergeUtilities (161)
[2018.04.09-07.58.04:775][923]LogModuleManager: Shutting down and abandoning module MeshReductionInterface (160)
[2018.04.09-07.58.04:775][923]LogModuleManager: Shutting down and abandoning module SimplygonSwarm (159)
[2018.04.09-07.58.04:775][923]LogModuleManager: Shutting down and abandoning module SimplygonMeshReduction (157)
[2018.04.09-07.58.04:775][923]LogModuleManager: Shutting down and abandoning module QuadricMeshReduction (155)
[2018.04.09-07.58.04:775][923]LogModuleManager: Shutting down and abandoning module MaterialBaking (151)
[2018.04.09-07.58.04:775][923]LogModuleManager: Shutting down and abandoning module DerivedDataCache (148)
[2018.04.09-07.58.04:872][923]LogDerivedDataCache: Shutdown
[2018.04.09-07.58.04:872][923]LogModuleManager: Shutting down and abandoning module TargetPlatform (146)
[2018.04.09-07.58.04:872][923]LogModuleManager: Shutting down and abandoning module VulkanShaderFormat (145)
[2018.04.09-07.58.04:872][923]LogModuleManager: Shutting down and abandoning module ShaderFormatVectorVM (143)
[2018.04.09-07.58.04:872][923]LogModuleManager: Shutting down and abandoning module ShaderFormatOpenGL (141)
[2018.04.09-07.58.04:872][923]LogModuleManager: Shutting down and abandoning module ShaderFormatD3D (139)
[2018.04.09-07.58.04:872][923]LogModuleManager: Shutting down and abandoning module MetalShaderFormat (137)
[2018.04.09-07.58.04:872][923]LogModuleManager: Shutting down and abandoning module TextureFormatUncompressed (135)
[2018.04.09-07.58.04:872][923]LogModuleManager: Shutting down and abandoning module TextureFormatPVR (133)
[2018.04.09-07.58.04:872][923]LogModuleManager: Shutting down and abandoning module TextureFormatDXT (131)
[2018.04.09-07.58.04:872][923]LogModuleManager: Shutting down and abandoning module TextureFormatIntelISPCTexComp (129)
[2018.04.09-07.58.04:872][923]LogModuleManager: Shutting down and abandoning module TextureFormatASTC (127)
[2018.04.09-07.58.04:872][923]LogModuleManager: Shutting down and abandoning module ImageWrapper (126)
[2018.04.09-07.58.04:872][923]LogModuleManager: Shutting down and abandoning module TextureFormatAndroid (123)
[2018.04.09-07.58.04:872][923]LogModuleManager: Shutting down and abandoning module AudioFormatOpus (121)
[2018.04.09-07.58.04:872][923]LogModuleManager: Shutting down and abandoning module AudioFormatOgg (119)
[2018.04.09-07.58.04:872][923]LogModuleManager: Shutting down and abandoning module AudioFormatADPCM (117)
[2018.04.09-07.58.04:872][923]LogModuleManager: Shutting down and abandoning module LinuxTargetPlatform (115)
[2018.04.09-07.58.04:872][923]LogModuleManager: Shutting down and abandoning module LinuxServerTargetPlatform (113)
[2018.04.09-07.58.04:872][923]LogModuleManager: Shutting down and abandoning module LinuxNoEditorTargetPlatform (111)
[2018.04.09-07.58.04:872][923]LogModuleManager: Shutting down and abandoning module LinuxClientTargetPlatform (109)
[2018.04.09-07.58.04:872][923]LogModuleManager: Shutting down and abandoning module TVOSTargetPlatform (107)
[2018.04.09-07.58.04:873][923]LogModuleManager: Shutting down and abandoning module Messaging (105)
[2018.04.09-07.58.04:873][923]LogModuleManager: Shutting down and abandoning module IOSTargetPlatform (103)
[2018.04.09-07.58.04:873][923]LogModuleManager: Shutting down and abandoning module HTML5TargetPlatform (101)
[2018.04.09-07.58.04:873][923]LogModuleManager: Shutting down and abandoning module AndroidTargetPlatform (99)
[2018.04.09-07.58.04:873][923]LogModuleManager: Shutting down and abandoning module Android_PVRTCTargetPlatform (97)
[2018.04.09-07.58.04:873][923]LogModuleManager: Shutting down and abandoning module Android_MultiTargetPlatform (95)
[2018.04.09-07.58.04:873][923]LogModuleManager: Shutting down and abandoning module Android_ETC2TargetPlatform (93)
[2018.04.09-07.58.04:873][923]LogModuleManager: Shutting down and abandoning module Android_ETC1TargetPlatform (91)
[2018.04.09-07.58.04:873][923]LogModuleManager: Shutting down and abandoning module Android_DXTTargetPlatform (89)
[2018.04.09-07.58.04:873][923]LogModuleManager: Shutting down and abandoning module Android_ATCTargetPlatform (87)
[2018.04.09-07.58.04:873][923]LogModuleManager: Shutting down and abandoning module Android_ASTCTargetPlatform (85)
[2018.04.09-07.58.04:873][923]LogModuleManager: Shutting down and abandoning module WindowsTargetPlatform (83)
[2018.04.09-07.58.04:873][923]LogModuleManager: Shutting down and abandoning module WindowsServerTargetPlatform (81)
[2018.04.09-07.58.04:873][923]LogModuleManager: Shutting down and abandoning module WindowsNoEditorTargetPlatform (79)
[2018.04.09-07.58.04:873][923]LogModuleManager: Shutting down and abandoning module WindowsClientTargetPlatform (77)
[2018.04.09-07.58.04:873][923]LogModuleManager: Shutting down and abandoning module MacTargetPlatform (75)
[2018.04.09-07.58.04:873][923]LogModuleManager: Shutting down and abandoning module MacServerTargetPlatform (73)
[2018.04.09-07.58.04:873][923]LogModuleManager: Shutting down and abandoning module MacNoEditorTargetPlatform (71)
[2018.04.09-07.58.04:873][923]LogModuleManager: Shutting down and abandoning module MacClientTargetPlatform (69)
[2018.04.09-07.58.04:873][923]LogModuleManager: Shutting down and abandoning module AllDesktopTargetPlatform (67)
[2018.04.09-07.58.04:873][923]LogModuleManager: Shutting down and abandoning module InputCore (64)
[2018.04.09-07.58.04:873][923]LogModuleManager: Shutting down and abandoning module Settings (62)
[2018.04.09-07.58.04:873][923]LogModuleManager: Shutting down and abandoning module PhysXCooking (60)
[2018.04.09-07.58.04:873][923]LogModuleManager: Shutting down and abandoning module SteamVR (58)
[2018.04.09-07.58.04:873][923]LogModuleManager: Shutting down and abandoning module OculusHMD (56)
[2018.04.09-07.58.04:873][923]LogModuleManager: Shutting down and abandoning module ExampleDeviceProfileSelector (54)
[2018.04.09-07.58.04:873][923]LogModuleManager: Shutting down and abandoning module AppleARKit (52)
[2018.04.09-07.58.04:873][923]LogModuleManager: Shutting down and abandoning module AugmentedReality (51)
[2018.04.09-07.58.04:873][923]LogModuleManager: Shutting down and abandoning module OnlineBlueprintSupport (48)
[2018.04.09-07.58.04:873][923]LogModuleManager: Shutting down and abandoning module OnlineSubsystem (44)
[2018.04.09-07.58.04:873][923]LogModuleManager: Shutting down and abandoning module XMPP (43)
[2018.04.09-07.58.04:873][923]LogModuleManager: Shutting down and abandoning module HTTP (41)
[2018.04.09-07.58.04:873][923]LogHttp: Display: Http module shutting down, but needs to wait on 1 outstanding Http requests:
[2018.04.09-07.58.04:873][923]LogHttp: Display: 	verb=[POST] url=[https://datarouter.ol.epicgames.com/datarouter/api/v1/public/data?SessionID=%7B8C4BCC71-449C-B06C-C462-7F81B6FA8531%7D&AppID=UEEditor.Rocket.Release&AppVersion=4.18.2-3794801%2B%2B%2BUE4%2BRelease-4.18&UserID=2f971d094905c2a7bc833c87802c48c8%7C3f39104fdd2144b9a74201bb2a9c7b8e%7Cba7f9d7c-a839-4a7f-98e9-7a135484811a&AppEnvironment=datacollector-binary&UploadType=eteventstream] status=Processing
[2018.04.09-07.58.04:888][923]LogModuleManager: Shutting down and abandoning module SSL (40)
[2018.04.09-07.58.04:889][923]LogModuleManager: Shutting down and abandoning module AnimationModifiers (36)
[2018.04.09-07.58.04:889][923]LogModuleManager: Shutting down and abandoning module PropertyEditor (35)
[2018.04.09-07.58.04:890][923]LogModuleManager: Shutting down and abandoning module AudioEditor (32)
[2018.04.09-07.58.04:890][923]LogModuleManager: Shutting down and abandoning module TextureCompressor (30)
[2018.04.09-07.58.04:890][923]LogModuleManager: Shutting down and abandoning module ShaderCore (28)
[2018.04.09-07.58.04:890][923]LogModuleManager: Shutting down and abandoning module Landscape (26)
[2018.04.09-07.58.04:890][923]LogModuleManager: Shutting down and abandoning module SlateRHIRenderer (24)
[2018.04.09-07.58.04:890][923]LogModuleManager: Shutting down and abandoning module OpenGLDrv (22)
[2018.04.09-07.58.04:890][923]LogModuleManager: Shutting down and abandoning module D3D11RHI (20)
[2018.04.09-07.58.04:890][923]LogModuleManager: Shutting down and abandoning module AnimGraphRuntime (18)
[2018.04.09-07.58.04:890][923]LogModuleManager: Shutting down and abandoning module Renderer (16)
[2018.04.09-07.58.04:891][923]LogModuleManager: Shutting down and abandoning module Engine (14)
[2018.04.09-07.58.04:891][923]LogModuleManager: Shutting down and abandoning module CoreUObject (12)
[2018.04.09-07.58.04:891][923]LogModuleManager: Shutting down and abandoning module NetworkFile (10)
[2018.04.09-07.58.04:891][923]LogModuleManager: Shutting down and abandoning module CookedIterativeFile (8)
[2018.04.09-07.58.04:891][923]LogModuleManager: Shutting down and abandoning module StreamingFile (6)
[2018.04.09-07.58.04:891][923]LogModuleManager: Shutting down and abandoning module SandboxFile (4)
[2018.04.09-07.58.04:891][923]LogModuleManager: Shutting down and abandoning module PakFile (2)
[2018.04.09-07.58.04:895][923]LogExit: Exiting.
[2018.04.09-07.58.04:912][923]Log file closed, 04/09/18 01:58:04
