Log file open, 04/03/18 01:19:56
LogWindows: Failed to load 'aqProf.dll' (GetLastError=126)
LogWindows: File 'aqProf.dll' does not exist
LogWindows: Failed to load 'VtuneApi.dll' (GetLastError=126)
LogWindows: File 'VtuneApi.dll' does not exist
LogWindows: Failed to load 'VtuneApi32e.dll' (GetLastError=126)
LogWindows: File 'VtuneApi32e.dll' does not exist
LogInit: Display: Running engine for game: ArtThiefMuseum
LogPlatformFile: Not using cached read wrapper
LogInit: Display: RandInit(-1369014970) SRandInit(-1369014970).
LogInit: Read version file with build ID '3709383'
LogInit: Overriding engine version to CL 3794801, compatible CL 3709383
LogInit: Registered custom module enumerator with build ID '3709383'
LogTaskGraph: Started task graph with 5 named threads and 14 total threads with 3 sets of task threads.
LogStats: Stats thread started at 0.179590
LogD3D11RHI: Aftermath initialized
LogModuleManager: Display: Found up-to-date module file ../../../Engine/Plugins/2D/Paper2D/Binaries/Win64/UE4Editor-Paper2D.dll (API version 3709383).
LogModuleManager: Display: Found up-to-date module file ../../../Engine/Plugins/2D/Paper2D/Binaries/Win64/UE4Editor-Paper2DEditor.dll (API version 3709383).
LogModuleManager: Display: Found up-to-date module file ../../../Engine/Plugins/2D/Paper2D/Binaries/Win64/UE4Editor-PaperSpriteSheetImporter.dll (API version 3709383).
LogModuleManager: Display: Found up-to-date module file ../../../Engine/Plugins/2D/Paper2D/Binaries/Win64/UE4Editor-PaperTiledImporter.dll (API version 3709383).
LogModuleManager: Display: Found up-to-date module file ../../../Engine/Plugins/2D/Paper2D/Binaries/Win64/UE4Editor-SmartSnapping.dll (API version 3709383).
LogModuleManager: Display: Found up-to-date module file ../../../Engine/Plugins/Blendables/LightPropagationVolume/Binaries/Win64/UE4Editor-LightPropagationVolumeRuntime.dll (API version 3709383).
LogModuleManager: Display: Found up-to-date module file ../../../Engine/Plugins/Blendables/LightPropagationVolume/Binaries/Win64/UE4Editor-LightPropagationVolumeEditor.dll (API version 3709383).
LogModuleManager: Display: Found up-to-date module file ../../../Engine/Plugins/Developer/GitSourceControl/Binaries/Win64/UE4Editor-GitSourceControl.dll (API version 3709383).
LogModuleManager: Display: Found up-to-date module file ../../../Engine/Plugins/Developer/PerforceSourceControl/Binaries/Win64/UE4Editor-PerforceSourceControl.dll (API version 3709383).
LogModuleManager: Display: Found up-to-date module file ../../../Engine/Plugins/Developer/SubversionSourceControl/Binaries/Win64/UE4Editor-SubversionSourceControl.dll (API version 3709383).
LogModuleManager: Display: Found up-to-date module file ../../../Engine/Plugins/Developer/UObjectPlugin/Binaries/Win64/UE4Editor-UObjectPlugin.dll (API version 3709383).
LogModuleManager: Display: Found up-to-date module file ../../../Engine/Plugins/Developer/VisualStudioCodeSourceCodeAccess/Binaries/Win64/UE4Editor-VisualStudioCodeSourceCodeAccess.dll (API version 3709383).
LogModuleManager: Display: Found up-to-date module file ../../../Engine/Plugins/Developer/VisualStudioSourceCodeAccess/Binaries/Win64/UE4Editor-VisualStudioSourceCodeAccess.dll (API version 3709383).
LogModuleManager: Display: Found up-to-date module file ../../../Engine/Plugins/Editor/AssetManagerEditor/Binaries/Win64/UE4Editor-AssetManagerEditor.dll (API version 3709383).
LogModuleManager: Display: Found up-to-date module file ../../../Engine/Plugins/Editor/AudioCapture/Binaries/Win64/UE4Editor-AudioCapture.dll (API version 3709383).
LogModuleManager: Display: Found up-to-date module file ../../../Engine/Plugins/Editor/FacialAnimation/Binaries/Win64/UE4Editor-FacialAnimation.dll (API version 3709383).
LogModuleManager: Display: Found up-to-date module file ../../../Engine/Plugins/Editor/FacialAnimation/Binaries/Win64/UE4Editor-FacialAnimationEditor.dll (API version 3709383).
LogModuleManager: Display: Found up-to-date module file ../../../Engine/Plugins/Editor/GameplayTagsEditor/Binaries/Win64/UE4Editor-GameplayTagsEditor.dll (API version 3709383).
LogModuleManager: Display: Found up-to-date module file ../../../Engine/Plugins/Editor/MobileLauncherProfileWizard/Binaries/Win64/UE4Editor-MobileLauncherProfileWizard.dll (API version 3709383).
LogModuleManager: Display: Found up-to-date module file ../../../Engine/Plugins/Editor/PluginBrowser/Binaries/Win64/UE4Editor-PluginBrowser.dll (API version 3709383).
LogModuleManager: Display: Found up-to-date module file ../../../Engine/Plugins/Editor/SpeedTreeImporter/Binaries/Win64/UE4Editor-SpeedTreeImporter.dll (API version 3709383).
LogModuleManager: Display: Found up-to-date module file ../../../Engine/Plugins/Experimental/AlembicImporter/Binaries/Win64/UE4Editor-AlembicImporter.dll (API version 3709383).
LogModuleManager: Display: Found up-to-date module file ../../../Engine/Plugins/Experimental/AlembicImporter/Binaries/Win64/UE4Editor-AlembicLibrary.dll (API version 3709383).
LogModuleManager: Display: Found up-to-date module file ../../../Engine/Plugins/Experimental/CharacterAI/Binaries/Win64/UE4Editor-CharacterAI.dll (API version 3709383).
LogModuleManager: Display: Found up-to-date module file ../../../Engine/Plugins/Experimental/HTML5Networking/Binaries/Win64/UE4Editor-HTML5Networking.dll (API version 3709383).
LogModuleManager: Display: Found up-to-date module file ../../../Engine/Plugins/Media/AndroidMedia/Binaries/Win64/UE4Editor-AndroidMediaEditor.dll (API version 3709383).
LogModuleManager: Display: Found up-to-date module file ../../../Engine/Plugins/Media/AndroidMedia/Binaries/Win64/UE4Editor-AndroidMediaFactory.dll (API version 3709383).
LogModuleManager: Display: Found up-to-date module file ../../../Engine/Plugins/Media/AvfMedia/Binaries/Win64/UE4Editor-AvfMediaEditor.dll (API version 3709383).
LogModuleManager: Display: Found up-to-date module file ../../../Engine/Plugins/Media/AvfMedia/Binaries/Win64/UE4Editor-AvfMediaFactory.dll (API version 3709383).
LogModuleManager: Display: Found up-to-date module file ../../../Engine/Plugins/Media/AvfMedia/Binaries/Win64/UE4Editor-AvfMediaFactory.dll (API version 3709383).
LogModuleManager: Display: Found up-to-date module file ../../../Engine/Plugins/Media/ImgMedia/Binaries/Win64/UE4Editor-ImgMedia.dll (API version 3709383).
LogModuleManager: Display: Found up-to-date module file ../../../Engine/Plugins/Media/ImgMedia/Binaries/Win64/UE4Editor-ImgMediaEditor.dll (API version 3709383).
LogModuleManager: Display: Found up-to-date module file ../../../Engine/Plugins/Media/ImgMedia/Binaries/Win64/UE4Editor-ImgMediaFactory.dll (API version 3709383).
LogModuleManager: Display: Found up-to-date module file ../../../Engine/Plugins/Media/ImgMedia/Binaries/Win64/UE4Editor-ImgMediaFactory.dll (API version 3709383).
LogModuleManager: Display: Found up-to-date module file ../../../Engine/Plugins/Media/ImgMedia/Binaries/Win64/UE4Editor-OpenExrWrapper.dll (API version 3709383).
LogModuleManager: Display: Found up-to-date module file ../../../Engine/Plugins/Media/MediaCompositing/Binaries/Win64/UE4Editor-MediaCompositing.dll (API version 3709383).
LogModuleManager: Display: Found up-to-date module file ../../../Engine/Plugins/Media/MediaCompositing/Binaries/Win64/UE4Editor-MediaCompositingEditor.dll (API version 3709383).
LogModuleManager: Display: Found up-to-date module file ../../../Engine/Plugins/Media/MediaPlayerEditor/Binaries/Win64/UE4Editor-MediaPlayerEditor.dll (API version 3709383).
LogModuleManager: Display: Found up-to-date module file ../../../Engine/Plugins/Media/WmfMedia/Binaries/Win64/UE4Editor-WmfMedia.dll (API version 3709383).
LogModuleManager: Display: Found up-to-date module file ../../../Engine/Plugins/Media/WmfMedia/Binaries/Win64/UE4Editor-WmfMediaEditor.dll (API version 3709383).
LogModuleManager: Display: Found up-to-date module file ../../../Engine/Plugins/Media/WmfMedia/Binaries/Win64/UE4Editor-WmfMediaFactory.dll (API version 3709383).
LogModuleManager: Display: Found up-to-date module file ../../../Engine/Plugins/Media/WmfMedia/Binaries/Win64/UE4Editor-WmfMediaFactory.dll (API version 3709383).
LogModuleManager: Display: Found up-to-date module file ../../../Engine/Plugins/Messaging/TcpMessaging/Binaries/Win64/UE4Editor-TcpMessaging.dll (API version 3709383).
LogModuleManager: Display: Found up-to-date module file ../../../Engine/Plugins/Messaging/UdpMessaging/Binaries/Win64/UE4Editor-UdpMessaging.dll (API version 3709383).
LogModuleManager: Display: Found up-to-date module file ../../../Engine/Plugins/MovieScene/ActorSequence/Binaries/Win64/UE4Editor-ActorSequence.dll (API version 3709383).
LogModuleManager: Display: Found up-to-date module file ../../../Engine/Plugins/MovieScene/LevelSequenceEditor/Binaries/Win64/UE4Editor-LevelSequenceEditor.dll (API version 3709383).
LogModuleManager: Display: Found up-to-date module file ../../../Engine/Plugins/MovieScene/MatineeToLevelSequence/Binaries/Win64/UE4Editor-MatineeToLevelSequence.dll (API version 3709383).
LogModuleManager: Display: Found up-to-date module file ../../../Engine/Plugins/Online/OnlineSubsystem/Binaries/Win64/UE4Editor-OnlineSubsystem.dll (API version 3709383).
LogModuleManager: Display: Found up-to-date module file ../../../Engine/Plugins/Runtime/AndroidPermission/Binaries/Win64/UE4Editor-AndroidPermission.dll (API version 3709383).
LogModuleManager: Display: Found up-to-date module file ../../../Engine/Plugins/Online/OnlineSubsystemNull/Binaries/Win64/UE4Editor-OnlineSubsystemNull.dll (API version 3709383).
LogModuleManager: Display: Found up-to-date module file ../../../Engine/Plugins/Online/OnlineSubsystemUtils/Binaries/Win64/UE4Editor-OnlineSubsystemUtils.dll (API version 3709383).
LogModuleManager: Display: Found up-to-date module file ../../../Engine/Plugins/Online/OnlineSubsystemUtils/Binaries/Win64/UE4Editor-OnlineBlueprintSupport.dll (API version 3709383).
LogModuleManager: Display: Found up-to-date module file ../../../Engine/Plugins/Runtime/AndroidDeviceProfileSelector/Binaries/Win64/UE4Editor-AndroidDeviceProfileSelector.dll (API version 3709383).
LogModuleManager: Display: Found up-to-date module file ../../../Engine/Plugins/Runtime/AppleARKit/Binaries/Win64/UE4Editor-AppleARKit.dll (API version 3709383).
LogModuleManager: Display: Found up-to-date module file ../../../Engine/Plugins/Runtime/ArchVisCharacter/Binaries/Win64/UE4Editor-ArchVisCharacter.dll (API version 3709383).
LogModuleManager: Display: Found up-to-date module file ../../../Engine/Plugins/Runtime/CableComponent/Binaries/Win64/UE4Editor-CableComponent.dll (API version 3709383).
LogModuleManager: Display: Found up-to-date module file ../../../Engine/Plugins/Runtime/CustomMeshComponent/Binaries/Win64/UE4Editor-CustomMeshComponent.dll (API version 3709383).
LogModuleManager: Display: Found up-to-date module file ../../../Engine/Plugins/Runtime/ExampleDeviceProfileSelector/Binaries/Win64/UE4Editor-ExampleDeviceProfileSelector.dll (API version 3709383).
LogModuleManager: Display: Found up-to-date module file ../../../Engine/Plugins/Runtime/ImmediatePhysics/Binaries/Win64/UE4Editor-ImmediatePhysics.dll (API version 3709383).
LogModuleManager: Display: Found up-to-date module file ../../../Engine/Plugins/Runtime/ImmediatePhysics/Binaries/Win64/UE4Editor-ImmediatePhysicsEditor.dll (API version 3709383).
LogModuleManager: Display: Found up-to-date module file ../../../Engine/Plugins/Runtime/LocationServicesBPLibrary/Binaries/Win64/UE4Editor-LocationServicesBPLibrary.dll (API version 3709383).
LogModuleManager: Display: Found up-to-date module file ../../../Engine/Plugins/Runtime/MobilePatchingUtils/Binaries/Win64/UE4Editor-MobilePatchingUtils.dll (API version 3709383).
LogModuleManager: Display: Found up-to-date module file ../../../Engine/Plugins/Runtime/Oculus/OculusVR/Binaries/Win64/UE4Editor-OculusHMD.dll (API version 3709383).
LogModuleManager: Display: Found up-to-date module file ../../../Engine/Plugins/Runtime/Oculus/OculusVR/Binaries/Win64/UE4Editor-OculusInput.dll (API version 3709383).
LogModuleManager: Display: Found up-to-date module file ../../../Engine/Plugins/Runtime/Oculus/OculusVR/Binaries/Win64/UE4Editor-OculusEditor.dll (API version 3709383).
LogModuleManager: Display: Found up-to-date module file ../../../Engine/Plugins/Runtime/PhysXVehicles/Binaries/Win64/UE4Editor-PhysXVehicles.dll (API version 3709383).
LogModuleManager: Display: Found up-to-date module file ../../../Engine/Plugins/Runtime/PhysXVehicles/Binaries/Win64/UE4Editor-PhysXVehiclesEditor.dll (API version 3709383).
LogModuleManager: Display: Found up-to-date module file ../../../Engine/Plugins/Runtime/ProceduralMeshComponent/Binaries/Win64/UE4Editor-ProceduralMeshComponent.dll (API version 3709383).
LogModuleManager: Display: Found up-to-date module file ../../../Engine/Plugins/Runtime/ProceduralMeshComponent/Binaries/Win64/UE4Editor-ProceduralMeshComponentEditor.dll (API version 3709383).
LogModuleManager: Display: Found up-to-date module file ../../../Engine/Plugins/Runtime/RuntimePhysXCooking/Binaries/Win64/UE4Editor-RuntimePhysXCooking.dll (API version 3709383).
LogModuleManager: Display: Found up-to-date module file ../../../Engine/Plugins/Runtime/Steam/SteamVR/Binaries/Win64/UE4Editor-SteamVR.dll (API version 3709383).
LogModuleManager: Display: Found up-to-date module file ../../../Engine/Plugins/Runtime/Steam/SteamVR/Binaries/Win64/UE4Editor-SteamVRController.dll (API version 3709383).
LogModuleManager: Display: Found up-to-date module file ../../../Engine/Plugins/Runtime/WindowsMoviePlayer/Binaries/Win64/UE4Editor-WindowsMoviePlayer.dll (API version 3709383).
LogPluginManager: Mounting plugin Paper2D
LogPluginManager: Mounting plugin LightPropagationVolume
LogPluginManager: Mounting plugin CodeLiteSourceCodeAccess
LogPluginManager: Mounting plugin GitSourceControl
LogPluginManager: Mounting plugin KDevelopSourceCodeAccess
LogPluginManager: Mounting plugin NullSourceCodeAccess
LogPluginManager: Mounting plugin PerforceSourceControl
LogPluginManager: Mounting plugin SubversionSourceControl
LogPluginManager: Mounting plugin UObjectPlugin
LogPluginManager: Mounting plugin VisualStudioCodeSourceCodeAccess
LogPluginManager: Mounting plugin VisualStudioSourceCodeAccess
LogPluginManager: Mounting plugin XCodeSourceCodeAccess
LogPluginManager: Mounting plugin AssetManagerEditor
LogPluginManager: Mounting plugin AudioCapture
LogPluginManager: Mounting plugin FacialAnimation
LogPluginManager: Mounting plugin GameplayTagsEditor
LogPluginManager: Mounting plugin MobileLauncherProfileWizard
LogPluginManager: Mounting plugin PluginBrowser
LogPluginManager: Mounting plugin SpeedTreeImporter
LogPluginManager: Mounting plugin AlembicImporter
LogPluginManager: Mounting plugin CharacterAI
LogPluginManager: Mounting plugin HTML5Networking
LogPluginManager: Mounting plugin AndroidMedia
LogPluginManager: Mounting plugin AvfMedia
LogPluginManager: Mounting plugin ImgMedia
LogPluginManager: Mounting plugin MediaCompositing
LogPluginManager: Mounting plugin MediaPlayerEditor
LogPluginManager: Mounting plugin WmfMedia
LogPluginManager: Mounting plugin TcpMessaging
LogPluginManager: Mounting plugin UdpMessaging
LogPluginManager: Mounting plugin ActorSequence
LogPluginManager: Mounting plugin LevelSequenceEditor
LogPluginManager: Mounting plugin MatineeToLevelSequence
LogPluginManager: Mounting plugin OnlineSubsystemGooglePlay
LogPluginManager: Mounting plugin OnlineSubsystemIOS
LogPluginManager: Mounting plugin OnlineSubsystem
LogPluginManager: Mounting plugin OnlineSubsystemNull
LogPluginManager: Mounting plugin OnlineSubsystemUtils
LogPluginManager: Mounting plugin AndroidDeviceProfileSelector
LogPluginManager: Mounting plugin AndroidMoviePlayer
LogPluginManager: Mounting plugin AndroidPermission
LogPluginManager: Mounting plugin AppleARKit
LogPluginManager: Mounting plugin AppleMoviePlayer
LogPluginManager: Mounting plugin ArchVisCharacter
LogPluginManager: Mounting plugin CableComponent
LogPluginManager: Mounting plugin CustomMeshComponent
LogPluginManager: Mounting plugin ExampleDeviceProfileSelector
LogPluginManager: Mounting plugin GoogleCloudMessaging
LogPluginManager: Mounting plugin ImmediatePhysics
LogPluginManager: Mounting plugin IOSDeviceProfileSelector
LogPluginManager: Mounting plugin LinuxDeviceProfileSelector
LogPluginManager: Mounting plugin LocationServicesBPLibrary
LogPluginManager: Mounting plugin MobilePatchingUtils
LogPluginManager: Mounting plugin OculusVR
LogPluginManager: Plugin shader directory ../../../Engine/Plugins/Runtime/Oculus/OculusVR/Shaders found
LogPluginManager: Mapping shader source directory ../../../Engine/Plugins/Runtime/Oculus/OculusVR/Shaders to virtual directory /Plugin/OculusVR
LogPluginManager: Mounting plugin PhysXVehicles
LogPluginManager: Mounting plugin ProceduralMeshComponent
LogPluginManager: Mounting plugin RuntimePhysXCooking
LogPluginManager: Mounting plugin SteamVR
LogPluginManager: Mounting plugin WindowsMoviePlayer
LogInit: Using libcurl 7.47.1
LogInit:  - built for x86_64-pc-win32
LogInit:  - supports SSL with OpenSSL/1.0.2g
LogInit:  - supports HTTP deflate (compression) using libz 1.2.8
LogInit:  - other features:
LogInit:      CURL_VERSION_SSL
LogInit:      CURL_VERSION_LIBZ
LogInit:      CURL_VERSION_IPV6
LogInit:      CURL_VERSION_ASYNCHDNS
LogInit:      CURL_VERSION_LARGEFILE
LogInit:      CURL_VERSION_IDN
LogInit:  CurlRequestOptions (configurable via config and command line):
LogInit:  - bVerifyPeer = false  - Libcurl will NOT verify peer certificate
LogInit:  - bUseHttpProxy = false  - Libcurl will NOT use HTTP proxy
LogInit:  - bDontReuseConnections = false  - Libcurl will reuse connections
LogInit:  - CertBundlePath = nullptr  - Libcurl will use whatever was configured at build time.
LogInit: Build: ++UE4+Release-4.18-CL-3794801
LogInit: Engine Version: 4.18.2-3794801+++UE4+Release-4.18
LogInit: Compatible Engine Version: 4.18.0-3709383+++UE4+Release-4.18
LogInit: Net CL: 3709383
LogDevObjectVersion: Number of dev versions registered: 16
LogDevObjectVersion:   Dev-Blueprints (B0D832E4-1F89-4F0D-ACCF-7EB736FD4AA2): 10
LogDevObjectVersion:   Dev-Build (E1C64328-A22C-4D53-A36C-8E866417BD8C): 0
LogDevObjectVersion:   Dev-Core (375EC13C-06E4-48FB-B500-84F0262A717E): 2
LogDevObjectVersion:   Dev-Editor (E4B068ED-F494-42E9-A231-DA0B2E46BB41): 20
LogDevObjectVersion:   Dev-Framework (CFFC743F-43B0-4480-9391-14DF171D2073): 30
LogDevObjectVersion:   Dev-Mobile (B02B49B5-BB20-44E9-A304-32B752E40360): 0
LogDevObjectVersion:   Dev-Networking (A4E4105C-59A1-49B5-A7C5-40C4547EDFEE): 0
LogDevObjectVersion:   Dev-Online (39C831C9-5AE6-47DC-9A44-9C173E1C8E7C): 0
LogDevObjectVersion:   Dev-Physics (78F01B33-EBEA-4F98-B9B4-84EACCB95AA2): 0
LogDevObjectVersion:   Dev-Platform (6631380F-2D4D-43E0-8009-CF276956A95A): 0
LogDevObjectVersion:   Dev-Rendering (12F88B9F-8875-4AFC-A67C-D90C383ABD29): 20
LogDevObjectVersion:   Dev-Sequencer (7B5AE74C-D270-4C10-A958-57980B212A5A): 4
LogDevObjectVersion:   Dev-VR (D7296918-1DD6-4BDD-9DE2-64A83CC13884): 0
LogDevObjectVersion:   Dev-LoadTimes (C2A15278-BFE7-4AFE-6C17-90FF531DF755): 1
LogDevObjectVersion:   Private-Geometry (6EACA3D4-40EC-4CC1-B786-8BED09428FC5): 1
LogDevObjectVersion:   Dev-AnimPhys (29E575DD-E0A3-4627-9D10-D276232CDCEA): 12
LogInit: Compiled (64-bit): Dec  8 2017 02:04:53
LogInit: Compiled with Visual C++: 19.00.24215.01
LogInit: Build Configuration: Development
LogInit: Branch Name: ++UE4+Release-4.18
LogInit: Command line:  
LogInit: Base directory: D:/UE_4.18/Engine/Binaries/Win64/
LogInit: Installed Engine Build: 1
LogInit: Presizing for max 8388607 objects, including 0 objects not considered by GC, pre-allocating 0 bytes for permanent pool.
LogInit: Object subsystem initialized
[2018.04.03-07.20.00:646][  0]LogInit: Selected Device Profile: [Windows]
[2018.04.03-07.20.00:646][  0]LogInit: Applying CVar settings loaded from the selected device profile: [Windows]
[2018.04.03-07.20.00:884][  0]LogInit: Computer: DESKTOP-1E3V943
[2018.04.03-07.20.00:884][  0]LogInit: User: JaredRothwell
[2018.04.03-07.20.00:884][  0]LogInit: CPU Page size=4096, Cores=4
[2018.04.03-07.20.00:884][  0]LogInit: High frequency timer resolution =2.531247 MHz
[2018.04.03-07.20.00:884][  0]LogMemory: Memory total: Physical=15.9GB (16GB approx)
[2018.04.03-07.20.00:884][  0]LogMemory: Platform Memory Stats for Windows
[2018.04.03-07.20.00:884][  0]LogMemory: Process Physical Memory: 273.31 MB used, 273.31 MB peak
[2018.04.03-07.20.00:884][  0]LogMemory: Process Virtual Memory: 269.93 MB used, 269.93 MB peak
[2018.04.03-07.20.00:884][  0]LogMemory: Physical Memory: 10997.04 MB used,  5255.00 MB free, 16252.04 MB total
[2018.04.03-07.20.00:884][  0]LogMemory: Virtual Memory: 682.52 MB used,  5255.00 MB free, 134217728.00 MB total
[2018.04.03-07.20.06:635][  0]LogInit: Using OS detected language (en-US).
[2018.04.03-07.20.06:635][  0]LogInit: Using OS detected locale (en-US).
[2018.04.03-07.20.07:515][  0]LogTextLocalizationManager: No specific localization for 'en-US' exists, so the 'en' localization will be used.
[2018.04.03-07.20.11:476][  0]LogInit: Setting process to per monitor DPI aware
[2018.04.03-07.20.22:687][  0]LogD3D11RHI: D3D11 adapters:
[2018.04.03-07.20.24:564][  0]LogD3D11RHI:    0. 'NVIDIA GeForce GTX 960M' (Feature Level 11_0)
[2018.04.03-07.20.24:564][  0]LogD3D11RHI:       2019/0/8126 MB DedicatedVideo/DedicatedSystem/SharedSystem, Outputs:2, VendorId:0x10de
[2018.04.03-07.20.24:621][  0]LogD3D11RHI:    1. 'Intel(R) HD Graphics 530' (Feature Level 11_0)
[2018.04.03-07.20.24:621][  0]LogD3D11RHI:       128/0/8126 MB DedicatedVideo/DedicatedSystem/SharedSystem, Outputs:0, VendorId:0x8086
[2018.04.03-07.20.24:624][  0]LogD3D11RHI:    2. 'Microsoft Basic Render Driver' (Feature Level 11_0)
[2018.04.03-07.20.24:624][  0]LogD3D11RHI:       0/0/8126 MB DedicatedVideo/DedicatedSystem/SharedSystem, Outputs:0, VendorId:0x1414
[2018.04.03-07.20.24:624][  0]LogD3D11RHI: Chosen D3D11 Adapter: 0
[2018.04.03-07.20.24:722][  0]LogD3D11RHI: Creating new Direct3DDevice
[2018.04.03-07.20.24:722][  0]LogD3D11RHI:     GPU DeviceId: 0x139b (for the marketing name, search the web for "GPU Device Id")
[2018.04.03-07.20.24:722][  0]LogWindows: EnumDisplayDevices:
[2018.04.03-07.20.24:722][  0]LogWindows:    0. 'Intel(R) HD Graphics 530' (P:0 D:1)
[2018.04.03-07.20.24:722][  0]LogWindows:    1. 'Intel(R) HD Graphics 530' (P:1 D:1)
[2018.04.03-07.20.24:723][  0]LogWindows:    2. 'Intel(R) HD Graphics 530' (P:0 D:0)
[2018.04.03-07.20.24:723][  0]LogWindows: DebugString: GetVideoDriverDetailsInvalid PrimaryIsNotTheChoosenAdapter GetVideoDriverDetailsInvalid PrimaryIsNotTheChoosenAdapter GetVideoDriverDetailsInvalid PrimaryIsNotTheChoosenAdapter FoundDriverCount:0 
[2018.04.03-07.20.24:723][  0]LogD3D11RHI:     Adapter Name: NVIDIA GeForce GTX 960M
[2018.04.03-07.20.24:723][  0]LogD3D11RHI:   Driver Version: Unknown (internal:Unknown, unified:Unknown)
[2018.04.03-07.20.24:723][  0]LogD3D11RHI:      Driver Date: Unknown
[2018.04.03-07.20.24:723][  0]LogRHI: Texture pool is 1413 MB (70% of 2019 MB)
[2018.04.03-07.20.24:882][  0]LogD3D11RHI: Async texture creation enabled
[2018.04.03-07.20.25:304][  0]LogD3D11RHI: GPU Timing Frequency: 1000.000000 (Debug: 2 1)
[2018.04.03-07.20.25:521][  0]LogShaderCompilers: Guid format shader working directory is 8 characters bigger than the processId version (../../../../projects/Art-Thief/ArtThiefMuseum/Intermediate/Shaders/WorkingDirectory/112380/).
[2018.04.03-07.20.25:522][  0]LogShaderCompilers: Cleaned the shader compiler working directory 'C:/Users/Jared Rothwell/AppData/Local/Temp/UnrealShaderWorkingDir/97102B5D4031DA93C7959A8DC4720B29/'.
[2018.04.03-07.20.25:527][  0]LogShaderCompilers: Display: Using Local Shader Compiler.
[2018.04.03-07.20.51:679][  0]LogTemp: Display: Loaded TP AllDesktopTargetPlatform
[2018.04.03-07.20.51:732][  0]LogTemp: Display: Loaded TP MacClientTargetPlatform
[2018.04.03-07.20.51:785][  0]LogTemp: Display: Loaded TP MacNoEditorTargetPlatform
[2018.04.03-07.20.51:839][  0]LogTemp: Display: Loaded TP MacServerTargetPlatform
[2018.04.03-07.20.51:941][  0]LogTemp: Display: Loaded TP MacTargetPlatform
[2018.04.03-07.20.51:998][  0]LogTemp: Display: Loaded TP WindowsClientTargetPlatform
[2018.04.03-07.20.52:051][  0]LogTemp: Display: Loaded TP WindowsNoEditorTargetPlatform
[2018.04.03-07.20.52:106][  0]LogTemp: Display: Loaded TP WindowsServerTargetPlatform
[2018.04.03-07.20.52:188][  0]LogTemp: Display: Loaded TP WindowsTargetPlatform
[2018.04.03-07.20.52:242][  0]LogTemp: Display: Loaded TP Android_ASTCTargetPlatform
[2018.04.03-07.20.52:296][  0]LogTemp: Display: Loaded TP Android_ATCTargetPlatform
[2018.04.03-07.20.52:351][  0]LogTemp: Display: Loaded TP Android_DXTTargetPlatform
[2018.04.03-07.20.52:403][  0]LogTemp: Display: Loaded TP Android_ETC1TargetPlatform
[2018.04.03-07.20.52:455][  0]LogTemp: Display: Loaded TP Android_ETC2TargetPlatform
[2018.04.03-07.20.52:575][  0]LogTemp: Display: Loaded TP Android_MultiTargetPlatform
[2018.04.03-07.20.52:575][  0]LogTemp: Display: Loaded TP Android_PVRTCTargetPlatform
[2018.04.03-07.20.52:679][  0]LogTemp: Display: Loaded TP AndroidTargetPlatform
[2018.04.03-07.20.52:720][  0]LogTemp: Display: Loaded TP HTML5TargetPlatform
[2018.04.03-07.20.53:186][  0]LogTemp: Display: Loaded TP IOSTargetPlatform
[2018.04.03-07.20.53:243][  0]LogTemp: Display: Loaded TP TVOSTargetPlatform
[2018.04.03-07.20.53:295][  0]LogTemp: Display: Loaded TP LinuxClientTargetPlatform
[2018.04.03-07.20.53:356][  0]LogTemp: Display: Loaded TP LinuxNoEditorTargetPlatform
[2018.04.03-07.20.53:407][  0]LogTemp: Display: Loaded TP LinuxServerTargetPlatform
[2018.04.03-07.20.53:497][  0]LogTemp: Display: Loaded TP LinuxTargetPlatform
[2018.04.03-07.20.53:497][  0]LogTargetPlatformManager: Display: Building Assets For Windows
[2018.04.03-07.20.57:335][  0]LogDerivedDataCache: Display: Max Cache Size: 512 MB
[2018.04.03-07.21.03:854][  0]LogDerivedDataCache: Loaded boot cache 6.46s 78MB C:/Users/Jared Rothwell/AppData/Local/UnrealEngine/4.18/DerivedDataCache/Boot.ddc.
[2018.04.03-07.21.03:854][  0]LogDerivedDataCache: Display: Loaded Boot cache: C:/Users/Jared Rothwell/AppData/Local/UnrealEngine/4.18/DerivedDataCache/Boot.ddc
[2018.04.03-07.21.03:855][  0]LogDerivedDataCache: FDerivedDataBackendGraph:  Pak pak cache file ../../../../projects/Art-Thief/ArtThiefMuseum/DerivedDataCache/DDC.ddp not found, will not use a pak cache.
[2018.04.03-07.21.03:855][  0]LogDerivedDataCache: Unable to find inner node Pak for hierarchical cache Hierarchy.
[2018.04.03-07.21.03:855][  0]LogDerivedDataCache: FDerivedDataBackendGraph:  CompressedPak pak cache file ../../../../projects/Art-Thief/ArtThiefMuseum/DerivedDataCache/Compressed.ddp not found, will not use a pak cache.
[2018.04.03-07.21.03:855][  0]LogDerivedDataCache: Unable to find inner node CompressedPak for hierarchical cache Hierarchy.
[2018.04.03-07.21.04:164][  0]LogDerivedDataCache: Display: Pak cache opened for reading ../../../Engine/DerivedDataCache/Compressed.ddp.
[2018.04.03-07.21.04:207][  0]LogDerivedDataCache: Using Local data cache path C:/Users/Jared Rothwell/AppData/Local/UnrealEngine/Common/DerivedDataCache: Writable
[2018.04.03-07.21.04:445][  0]LogMaterial: Verifying Global Shaders for PCD3D_SM5
[2018.04.03-07.21.04:599][  0]LogSlate: Using Freetype 2.6.0
[2018.04.03-07.21.04:861][  0]LogSlate: SlateFontCache - WITH_FREETYPE: 1, WITH_HARFBUZZ: 1
[2018.04.03-07.21.04:862][  0]LogSlate: SlateFontCache - WITH_FREETYPE: 1, WITH_HARFBUZZ: 1
[2018.04.03-07.21.48:605][  0]LogInit: Selected Device Profile: [Windows]
[2018.04.03-07.21.55:312][  0]LogSimplygon: Simplygon DLL not present - disabling.
[2018.04.03-07.21.55:406][  0]LogMeshReduction: Using SimplygonSwarm for distributed automatic mesh merging
[2018.04.03-07.21.55:442][  0]LogMeshReduction: Using QuadricMeshReduction for automatic static mesh reduction
[2018.04.03-07.21.55:466][  0]LogMeshReduction: No automatic skeletal mesh reduction module available
[2018.04.03-07.21.55:466][  0]LogMeshReduction: No automatic mesh merging module available
[2018.04.03-07.21.55:466][  0]LogMeshMerging: No automatic mesh merging module available
[2018.04.03-07.21.56:564][  0]LogNetVersion: ArtThiefMuseum , NetCL: 3709383, EngineNetVer: 2, GameNetVer: 0 (Checksum: 2922769132)
[2018.04.03-07.22.04:328][  0]LogAssetRegistry: FAssetRegistry took 0.0279 seconds to start up
[2018.04.03-07.22.04:979][  0]LogConfig: Warning: Failed to saved backup for config[GameplayTags]
[2018.04.03-07.22.33:430][  0]LogAssetRegistry: Error: Failed to open file for write ../../../../projects/Art-Thief/ArtThiefMuseum/Intermediate/CachedAssetRegistry.bin
[2018.04.03-07.22.33:430][  0]LogAssetRegistry: Error: Failed to open file for write ../../../../projects/Art-Thief/ArtThiefMuseum/Intermediate/AssetRegistryCache/5a627529.bin
[2018.04.03-07.22.33:603][  0]LogAssetRegistry: Error: Failed to open file for write ../../../../projects/Art-Thief/ArtThiefMuseum/Intermediate/AssetRegistryCache/94c5d5a7.bin
[2018.04.03-07.22.33:607][  0]LogAssetRegistry: Error: Failed to open file for write ../../../../projects/Art-Thief/ArtThiefMuseum/Intermediate/AssetRegistryCache/8c0e1344.bin
[2018.04.03-07.22.33:612][  0]LogAssetRegistry: Error: Failed to open file for write ../../../../projects/Art-Thief/ArtThiefMuseum/Intermediate/AssetRegistryCache/44c3f9c9.bin
[2018.04.03-07.22.33:627][  0]LogAssetRegistry: Error: Failed to open file for write ../../../../projects/Art-Thief/ArtThiefMuseum/Intermediate/AssetRegistryCache/2f5244c7.bin
[2018.04.03-07.22.33:637][  0]LogAssetRegistry: Error: Failed to open file for write ../../../../projects/Art-Thief/ArtThiefMuseum/Intermediate/AssetRegistryCache/f0d5030c.bin
[2018.04.03-07.22.33:641][  0]LogAssetRegistry: Error: Failed to open file for write ../../../../projects/Art-Thief/ArtThiefMuseum/Intermediate/AssetRegistryCache/bf121eca.bin
[2018.04.03-07.22.33:646][  0]LogAssetRegistry: Error: Failed to open file for write ../../../../projects/Art-Thief/ArtThiefMuseum/Intermediate/AssetRegistryCache/1f683343.bin
[2018.04.03-07.22.33:649][  0]LogPackageLocalizationCache: Processed 7 localized package path(s) for 2 prioritized culture(s) in 0.325265 seconds
[2018.04.03-07.22.33:695][  0]LogUObjectArray: 35900 objects as part of root set at end of initial load.
[2018.04.03-07.22.33:733][  0]LogUObjectAllocator: 7372024 out of 0 bytes used by permanent object pool.
[2018.04.03-07.22.33:733][  0]LogUObjectArray: CloseDisregardForGC: 0/0 objects in disregard for GC pool
[2018.04.03-07.22.33:982][  0]LogInit: WinSock: version 1.1 (2.2), MaxSocks=32767, MaxUdp=65467
[2018.04.03-07.24.04:683][  0]LogTcpMessaging: Initializing TcpMessaging bridge
[2018.04.03-07.24.04:908][  0]LogUdpMessaging: Initializing bridge on interface 0.0.0.0:0 to multicast group 230.0.0.1:6666.
[2018.04.03-07.24.09:510][  0]LogConfig: Warning: Failed to saved backup for config[InternationalizationExport]
[2018.04.03-07.24.11:441][  0]LogMaterial: Uniform references updated for custom material expression Custom.
[2018.04.03-07.24.16:388][  0]LogConfig: Warning: Failed to saved backup for config[SourceControlSettings]
[2018.04.03-07.24.16:488][  0]SourceControl: Source control is disabled
[2018.04.03-07.24.23:998][  0]LogAndroidPermission: UAndroidPermissionCallbackProxy::GetInstance
[2018.04.03-07.24.24:563][  0]LogOcInput: OculusInput pre-init called
[2018.04.03-07.24.28:894][  0]LogEngine: Initializing Engine...
[2018.04.03-07.24.29:686][  0]LogHMD: Failed to initialize OpenVR with code 110
[2018.04.03-07.24.34:936][  0]LogStats: UGameplayTagsManager::ConstructGameplayTagTree: Construct from data asset -  0.000 s
[2018.04.03-07.24.34:963][  0]LogStats: UGameplayTagsManager::ConstructGameplayTagTree: GameplayTagTreeChangedEvent.Broadcast -  0.000 s
[2018.04.03-07.24.39:196][  0]LogAIModule: Creating AISystem for world Untitled
[2018.04.03-07.24.40:267][  0]LogInit: XAudio2 using 'Speakers (Conexant SmartAudio HD)' : 2 channels at 48 kHz using 32 bits per sample (channel mask 0x3)
[2018.04.03-07.24.40:436][  0]LogInit: FAudioDevice initialized.
[2018.04.03-07.24.40:917][  0]LogDerivedDataCache: Saved boot cache 0.36s 78MB C:/Users/Jared Rothwell/AppData/Local/UnrealEngine/4.18/DerivedDataCache/Boot.ddc.
[2018.04.03-07.24.40:937][  0]LogInit: Texture streaming: Enabled
[2018.04.03-07.24.41:680][  0]LogEngineSessionManager: EngineSessionManager initialized
[2018.04.03-07.24.45:603][  0]LogInit: Transaction tracking system initialized
[2018.04.03-07.24.48:921][  0]BlueprintLog: New page: Editor Load
[2018.04.03-07.24.56:902][  0]LogConfig: Warning: Failed to saved backup for config[LocalizationServiceSettings]
[2018.04.03-07.24.56:912][  0]LocalizationService: Localization service is disabled
[2018.04.03-07.25.02:716][  0]LogConsoleResponse: Display: 
[2018.04.03-07.25.11:934][  0]LogFileCache: Scanning file cache for directory 'D:/projects/Art-Thief/ArtThiefMuseum/Content/' took 0.02s
[2018.04.03-07.25.11:934][  0]LogCook: Display: Max memory allowance for cook 16384mb min free memory 0mb
[2018.04.03-07.25.11:939][  0]LogCook: Display: Mobile HDR setting 1
[2018.04.03-07.25.11:963][  0]LogGameplayTags: Display: UGameplayTagsManager::DoneAddingNativeTags. DelegateIsBound: 0
[2018.04.03-07.25.20:631][  0]Cmd: MAP LOAD FILE="../../../../projects/Art-Thief/ArtThiefMuseum/Content/StarterContent/Maps/Minimal_Default.umap" TEMPLATE=0 SHOWPROGRESS=1 FEATURELEVEL=3
[2018.04.03-07.25.20:940][  0]LightingResults: New page: Lighting Build
[2018.04.03-07.25.21:313][  0]MapCheck: New page: Map Check
[2018.04.03-07.25.21:313][  0]LightingResults: New page: Lighting Build
[2018.04.03-07.25.46:136][  0]LogAIModule: Creating AISystem for world Minimal_Default
[2018.04.03-07.25.51:396][  0]LogEditorServer: Finished looking for orphan Actors (0.000 secs)
[2018.04.03-07.25.52:003][  0]Cmd: MAP CHECKDEP NOCLEARLOG
[2018.04.03-07.25.52:374][  0]MapCheck: Map check complete: 0 Error(s), 0 Warning(s), took 298.479ms to complete.
[2018.04.03-07.25.52:374][  0]LogFileHelpers: Loading map 'Minimal_Default' took 31.757
[2018.04.03-07.26.03:337][  0]LogCollectionManager: Loaded 0 collections in 0.001451 seconds
[2018.04.03-07.26.04:671][  0]LogFileCache: Scanning file cache for directory 'D:/projects/Art-Thief/ArtThiefMuseum/Saved/Collections/' took 0.01s
[2018.04.03-07.26.04:671][  0]LogFileCache: Scanning file cache for directory 'D:/projects/Art-Thief/ArtThiefMuseum/Content/Developers/JaredRothwell/Collections/' took 0.01s
[2018.04.03-07.26.04:671][  0]LogFileCache: Scanning file cache for directory 'D:/projects/Art-Thief/ArtThiefMuseum/Content/Collections/' took 0.01s
[2018.04.03-07.26.04:671][  0]LogCollectionManager: Rebuilt the GUID cache for 0 collections in 0.000016 seconds
[2018.04.03-07.26.04:960][  0]LogContentBrowser: Native class hierarchy populated in 0.2450 seconds. Added 2363 classes and 519 folders.
[2018.04.03-07.26.05:822][  0]LogContentBrowser: Native class hierarchy updated for 'WidgetCarousel' in 0.0003 seconds. Added 0 classes and 0 folders.
[2018.04.03-07.26.15:332][  0]LogContentBrowser: Native class hierarchy updated for 'AddContentDialog' in 0.0003 seconds. Added 0 classes and 0 folders.
[2018.04.03-07.26.15:857][  0]LogContentBrowser: Native class hierarchy updated for 'SceneOutliner' in 0.0003 seconds. Added 1 classes and 2 folders.
[2018.04.03-07.26.44:311][  0]LogContentBrowser: Native class hierarchy updated for 'HierarchicalLODOutliner' in 0.0003 seconds. Added 1 classes and 2 folders.
[2018.04.03-07.26.44:311][  0]LogLoad: (Engine Initialization) Total time: 408.99 seconds
[2018.04.03-07.26.44:311][  0]LogLoad: (Engine Initialization) Total Blueprint compile time: 0.00 seconds
[2018.04.03-07.26.44:353][  0]LogExternalProfiler: Found external profiler: VSPerf
[2018.04.03-07.26.44:353][  0]LogExternalProfiler: Using external profiler: VSPerf
[2018.04.03-07.26.44:586][  0]LogWindowsTextInputMethodSystem: Display: IME system now deactivated.
[2018.04.03-07.26.46:003][  0]LogContentStreaming: Texture pool size now 1000 MB
[2018.04.03-07.26.47:336][  0]LogSlate: Took 0.373301 seconds to synchronously load lazily loaded font '../../../Engine/Content/Slate/Fonts/Roboto-Regular.ttf' (155K)
[2018.04.03-07.26.47:790][  0]LogSlate: Took 0.451457 seconds to synchronously load lazily loaded font '../../../Engine/Content/Slate/Fonts/Roboto-Bold.ttf' (160K)
[2018.04.03-07.26.48:052][  0]LogSlate: Took 0.256491 seconds to synchronously load lazily loaded font '../../../Engine/Content/Editor/Slate/Fonts/FontAwesome.ttf' (139K)
[2018.04.03-07.26.52:932][  0]LogRenderer: Reallocating scene render targets to support 696x260 Format 10 NumSamples 1 (Frame:1).
[2018.04.03-07.26.52:932][  0]LogSlate: Took 0.186816 seconds to synchronously load lazily loaded font '../../../Engine/Content/Slate/Fonts/Roboto-Light.ttf' (159K)
[2018.04.03-07.27.08:590][  4]LogAssetRegistry: Asset discovery search completed in 304.2840 seconds
[2018.04.03-07.27.09:384][  4]LogCollectionManager: Rebuilt the object cache for 0 collections in 0.000000 seconds (found 0 objects)
[2018.04.03-07.27.09:385][  4]LogCollectionManager: Fixed up redirectors for 0 collections in 0.581955 seconds (updated 0 objects)
[2018.04.03-07.27.23:039][ 31]LogRenderer: Reallocating scene render targets to support 924x424 Format 10 NumSamples 1 (Frame:13).
[2018.04.03-07.27.28:449][116]LogEditorViewport: Clicking on Actor (context menu): StaticMeshActor (Plane)
[2018.04.03-07.28.44:175][593]LogSlate: Took 0.000199 seconds to synchronously load lazily loaded font '../../../Engine/Content/Slate/Fonts/Roboto-Light.ttf' (159K)
[2018.04.03-07.28.44:906][593]LogContentBrowser: Native class hierarchy updated for 'SkeletonEditor' in 0.0005 seconds. Added 1 classes and 2 folders.
[2018.04.03-07.28.45:552][593]LogSlate: Took 0.000243 seconds to synchronously load lazily loaded font '../../../Engine/Content/Slate/Fonts/Roboto-Regular.ttf' (155K)
[2018.04.03-07.28.50:132][593]LogActorComponent: RegisterComponentWithWorld: (/Engine/Transient.World_3:PersistentLevel.Actor_0.DebugSkelMeshComponent_0) Already registered. Aborting.
[2018.04.03-07.28.51:121][593]LogSkeletalMesh: USkeletalMeshComponent::InitArticulated : Bodies already created (/Engine/Transient.World_3:PersistentLevel.Actor_0.DebugSkelMeshComponent_0) - call TermArticulated first.
[2018.04.03-07.28.54:787][593]LogSlate: Took 0.524256 seconds to synchronously load lazily loaded font '../../../Engine/Content/Editor/Slate/Fonts/Roboto-Italic.ttf' (157K)
[2018.04.03-07.28.55:074][593]LogContentBrowser: Native class hierarchy updated for 'ClothingSystemEditorInterface' in 0.0004 seconds. Added 1 classes and 0 folders.
[2018.04.03-07.28.55:782][594]LogRenderer: Reallocating scene render targets to support 924x712 Format 10 NumSamples 1 (Frame:1).
[2018.04.03-07.37.37:925][160]LogRenderer: Reallocating scene render targets to support 1144x888 Format 10 NumSamples 1 (Frame:13).
[2018.04.03-07.39.22:474][ 84]LogContentBrowser: Native class hierarchy updated for 'MaterialEditor' in 0.0003 seconds. Added 1 classes and 0 folders.
[2018.04.03-07.39.22:496][ 84]LogMaterial: Missing cached shader map for material Bodymat, compiling. 
[2018.04.03-07.39.23:272][ 84]LogMaterial: Missing cached shader map for material Bodymat, compiling. 
[2018.04.03-07.39.23:455][ 84]LogMaterial: Missing cached shader map for material FMatExpressionPreview MaterialExpressionTextureSample_0, compiling. 
[2018.04.03-07.39.23:475][ 84]LogMaterial: Missing cached shader map for material FMatExpressionPreview MaterialExpressionTextureSample_2, compiling. 
[2018.04.03-07.39.23:541][ 84]LogMaterial: Missing cached shader map for material FMatExpressionPreview MaterialExpressionTextureSample_1, compiling. 
[2018.04.03-07.39.23:546][ 84]LogMaterial: Missing cached shader map for material FMatExpressionPreview MaterialExpressionTextureSample_3, compiling. 
[2018.04.03-07.39.23:552][ 84]LogMaterial: Missing cached shader map for material FMatExpressionPreview MaterialExpressionTextureSample_4, compiling. 
[2018.04.03-07.39.23:660][ 84]LogSlate: Took 0.013251 seconds to synchronously load lazily loaded font '../../../Engine/Content/Editor/Slate/Fonts/Roboto-BoldCondensed.ttf' (158K)
[2018.04.03-07.39.39:912][719]MaterialEditorStats: Base pass shader: 52 instructions
[2018.04.03-07.39.39:913][719]MaterialEditorStats: Base pass shader with Volumetric Lightmap: 79 instructions
[2018.04.03-07.39.39:913][719]MaterialEditorStats: Vertex shader: 124 instructions
[2018.04.03-07.39.39:913][719]MaterialEditorStats: Texture samplers: 3/16
[2018.04.03-07.39.39:913][719]MaterialEditorStats: User interpolators: 2/4 Scalars (1/4 Vectors) (TexCoords: 2, Custom: 0)
[2018.04.03-07.39.41:328][749]LogSavePackage: Save=644.65ms
[2018.04.03-07.39.41:328][749]LogSavePackage: Moving '../../../../projects/Art-Thief/ArtThiefMuseum/Saved/Minimal_Default_Auto1BC90D99841DF82CD2C3FD2951B36A140.tmp' to '../../../../projects/Art-Thief/ArtThiefMuseum/Saved/Autosaves/Game/StarterContent/Maps/Minimal_Default_Auto1.umap'
[2018.04.03-07.39.41:328][749]LogSavePackage: Display: Finished SavePackage ../../../../projects/Art-Thief/ArtThiefMuseum/Saved/Autosaves/Game/StarterContent/Maps/Minimal_Default_Auto1.umap
[2018.04.03-07.39.41:380][749]LogFileHelpers: Editor autosave (incl. sublevels) for '/Game/StarterContent/Maps/Minimal_Default' took 0.803
[2018.04.03-07.39.41:381][749]LogFileHelpers: Editor autosave (incl. sublevels) for all levels took 0.803
[2018.04.03-07.40.25:206][190]LogMaterial: Missing cached shader map for material Bodymat, compiling. 
[2018.04.03-07.40.25:290][190]LogMaterial: Missing cached shader map for material Bodymat, compiling. 
[2018.04.03-07.40.29:887][397]LogMaterialEditor: Saving and Compiling material Bodymat
[2018.04.03-07.40.32:639][397]LogMaterial: Missing cached shader map for material Bodymat, compiling. 
[2018.04.03-07.40.32:756][397]LogMaterial: Missing cached shader map for material Bodymat, compiling. 
[2018.04.03-07.40.32:891][397]LogMaterial: Missing cached shader map for material Bodymat, compiling. 
[2018.04.03-07.40.33:035][397]LogMaterial: Missing cached shader map for material FDebugViewModeMaterialProxy Bodymat, compiling. 
[2018.04.03-07.40.37:150][397]TextureStreamingBuild: Display: Compiling optional shaders took 4.150 seconds.
[2018.04.03-07.40.43:415][397]Cmd: OBJ SAVEPACKAGE PACKAGE="/Game/Animations/Thief/Bodymat" FILE="../../../../projects/Art-Thief/ArtThiefMuseum/Content/Animations/Thief/Bodymat.uasset" SILENT=true
[2018.04.03-07.40.43:447][397]LogSavePackage: Save=24.24ms
[2018.04.03-07.40.43:447][397]LogSavePackage: Moving '../../../../projects/Art-Thief/ArtThiefMuseum/Saved/Bodymat16B44E074029D985F8FC469029421398.tmp' to '../../../../projects/Art-Thief/ArtThiefMuseum/Content/Animations/Thief/Bodymat.uasset'
[2018.04.03-07.40.43:452][397]LogSavePackage: Display: Finished SavePackage ../../../../projects/Art-Thief/ArtThiefMuseum/Content/Animations/Thief/Bodymat.uasset
[2018.04.03-07.40.43:462][397]MaterialEditorStats: Base pass shader: 117 instructions
[2018.04.03-07.40.43:462][397]MaterialEditorStats: Base pass shader with Volumetric Lightmap: 191 instructions
[2018.04.03-07.40.43:462][397]MaterialEditorStats: Vertex shader: 31 instructions
[2018.04.03-07.40.43:462][397]MaterialEditorStats: Texture samplers: 7/16
[2018.04.03-07.40.43:462][397]MaterialEditorStats: User interpolators: 2/4 Scalars (1/4 Vectors) (TexCoords: 2, Custom: 0)
[2018.04.03-07.40.58:460][232]LogEditorViewport: Clicking on Actor (LMB): StaticMeshActor (Plane)
[2018.04.03-07.41.24:790][502]LogMaterial: Missing cached shader map for material PreviewMaterial_0, compiling. 
[2018.04.03-07.41.24:935][502]LogMaterial: Missing cached shader map for material PreviewMaterial_0, compiling. 
[2018.04.03-07.41.25:064][502]LogMaterial: Missing cached shader map for material PreviewMaterial_0, compiling. 
[2018.04.03-07.41.25:154][502]LogMaterial: Missing cached shader map for material FMatExpressionPreview MaterialExpressionTextureSample_0, compiling. 
[2018.04.03-07.41.25:160][502]LogMaterial: Missing cached shader map for material FMatExpressionPreview MaterialExpressionTextureSample_2, compiling. 
[2018.04.03-07.41.25:166][502]LogMaterial: Missing cached shader map for material FMatExpressionPreview MaterialExpressionTextureSample_1, compiling. 
[2018.04.03-07.41.25:195][502]LogMaterial: Missing cached shader map for material FMatExpressionPreview MaterialExpressionTextureSample_3, compiling. 
[2018.04.03-07.41.25:201][502]LogMaterial: Missing cached shader map for material FMatExpressionPreview MaterialExpressionTextureSample_4, compiling. 
[2018.04.03-07.41.31:507][803]MaterialEditorStats: Base pass shader: 117 instructions
[2018.04.03-07.41.31:507][803]MaterialEditorStats: Base pass shader with Volumetric Lightmap: 191 instructions
[2018.04.03-07.41.31:507][803]MaterialEditorStats: Vertex shader: 31 instructions
[2018.04.03-07.41.31:507][803]MaterialEditorStats: Texture samplers: 6/16
[2018.04.03-07.41.31:507][803]MaterialEditorStats: User interpolators: 2/4 Scalars (1/4 Vectors) (TexCoords: 2, Custom: 0)
[2018.04.03-07.42.03:713][556]LogMaterial: Missing cached shader map for material PreviewMaterial_0, compiling. 
[2018.04.03-07.42.03:844][556]LogMaterial: Missing cached shader map for material FMatExpressionPreview MaterialExpressionTextureSample_4, compiling. 
[2018.04.03-07.42.12:995][748]LogMaterialEditor: Applying material Bodymat
[2018.04.03-07.42.14:617][748]LogMaterial: Missing cached shader map for material PreviewMaterial_0, compiling. 
[2018.04.03-07.42.14:818][748]LogMaterial: Missing cached shader map for material Bodymat, compiling. 
[2018.04.03-07.42.15:058][748]LogMaterial: Missing cached shader map for material Bodymat, compiling. 
[2018.04.03-07.42.15:276][748]LogMaterial: Missing cached shader map for material FDebugViewModeMaterialProxy Bodymat, compiling. 
[2018.04.03-07.42.22:392][748]TextureStreamingBuild: Display: Compiling optional shaders took 7.124 seconds.
[2018.04.03-07.42.26:702][936]LogEditorViewport: Clicking on Actor (LMB): StaticMeshActor (Plane)
[2018.04.03-07.42.27:922][984]LogEditorViewport: Clicking on Actor (LMB): SkeletalMeshActor (Thief)
[2018.04.03-07.42.28:008][984]LogEditorViewport: Clicking on Component (LMB): SkeletalMeshComponent (SkeletalMeshComponent0)
[2018.04.03-07.42.36:430][451]MaterialEditorStats: Base pass shader: 121 instructions
[2018.04.03-07.42.36:430][451]MaterialEditorStats: Base pass shader with Volumetric Lightmap: 195 instructions
[2018.04.03-07.42.36:430][451]MaterialEditorStats: Vertex shader: 37 instructions
[2018.04.03-07.42.36:430][451]MaterialEditorStats: Texture samplers: 8/16
[2018.04.03-07.42.36:430][451]MaterialEditorStats: User interpolators: 2/4 Scalars (1/4 Vectors) (TexCoords: 2, Custom: 0)
[2018.04.03-07.42.48:491][163]LogMaterial: Missing cached shader map for material Bottommat, compiling. 
[2018.04.03-07.42.48:664][163]LogMaterial: Missing cached shader map for material Bottommat, compiling. 
[2018.04.03-07.42.48:755][163]LogMaterial: Missing cached shader map for material Bottommat, compiling. 
[2018.04.03-07.42.48:870][163]LogMaterial: Missing cached shader map for material FMatExpressionPreview MaterialExpressionTextureSample_0, compiling. 
[2018.04.03-07.42.48:878][163]LogMaterial: Missing cached shader map for material FMatExpressionPreview MaterialExpressionTextureSample_2, compiling. 
[2018.04.03-07.42.48:884][163]LogMaterial: Missing cached shader map for material FMatExpressionPreview MaterialExpressionTextureSample_1, compiling. 
[2018.04.03-07.42.48:890][163]LogMaterial: Missing cached shader map for material FMatExpressionPreview MaterialExpressionTextureSample_3, compiling. 
[2018.04.03-07.42.48:934][163]LogMaterial: Missing cached shader map for material FMatExpressionPreview MaterialExpressionTextureSample_4, compiling. 
[2018.04.03-07.42.58:432][476]MaterialEditorStats: Base pass shader: 52 instructions
[2018.04.03-07.42.58:432][476]MaterialEditorStats: Base pass shader with Volumetric Lightmap: 79 instructions
[2018.04.03-07.42.58:433][476]MaterialEditorStats: Vertex shader: 124 instructions
[2018.04.03-07.42.58:433][476]MaterialEditorStats: Texture samplers: 3/16
[2018.04.03-07.42.58:433][476]MaterialEditorStats: User interpolators: 2/4 Scalars (1/4 Vectors) (TexCoords: 2, Custom: 0)
[2018.04.03-07.43.18:535][623]LogMaterial: Missing cached shader map for material Bottommat, compiling. 
[2018.04.03-07.43.18:596][623]LogMaterial: Missing cached shader map for material Bottommat, compiling. 
[2018.04.03-07.43.23:181][833]LogMaterialEditor: Applying material Bottommat
[2018.04.03-07.43.24:990][833]LogMaterial: Missing cached shader map for material Bottommat, compiling. 
[2018.04.03-07.43.25:100][833]LogMaterial: Missing cached shader map for material Bottommat, compiling. 
[2018.04.03-07.43.25:220][833]LogMaterial: Missing cached shader map for material Bottommat, compiling. 
[2018.04.03-07.43.25:338][833]LogMaterial: Missing cached shader map for material FDebugViewModeMaterialProxy Bottommat, compiling. 
[2018.04.03-07.43.29:450][833]TextureStreamingBuild: Display: Compiling optional shaders took 4.120 seconds.
[2018.04.03-07.43.35:872][853]MaterialEditorStats: Base pass shader: 117 instructions
[2018.04.03-07.43.35:872][853]MaterialEditorStats: Base pass shader with Volumetric Lightmap: 191 instructions
[2018.04.03-07.43.35:872][853]MaterialEditorStats: Vertex shader: 31 instructions
[2018.04.03-07.43.35:872][853]MaterialEditorStats: Texture samplers: 7/16
[2018.04.03-07.43.35:872][853]MaterialEditorStats: User interpolators: 2/4 Scalars (1/4 Vectors) (TexCoords: 2, Custom: 0)
[2018.04.03-07.43.39:677][904]LogMaterialEditor: Saving and Compiling material Bottommat
[2018.04.03-07.43.39:809][904]Cmd: OBJ SAVEPACKAGE PACKAGE="/Game/Animations/Thief/Bottommat" FILE="../../../../projects/Art-Thief/ArtThiefMuseum/Content/Animations/Thief/Bottommat.uasset" SILENT=true
[2018.04.03-07.43.39:837][904]LogSavePackage: Save=19.26ms
[2018.04.03-07.43.39:837][904]LogSavePackage: Moving '../../../../projects/Art-Thief/ArtThiefMuseum/Saved/Bottommat8EAF6BF54F798173B43F639B1AC0D4AE.tmp' to '../../../../projects/Art-Thief/ArtThiefMuseum/Content/Animations/Thief/Bottommat.uasset'
[2018.04.03-07.43.39:843][904]LogSavePackage: Display: Finished SavePackage ../../../../projects/Art-Thief/ArtThiefMuseum/Content/Animations/Thief/Bottommat.uasset
[2018.04.03-07.43.45:569][217]LogMaterial: Missing cached shader map for material Glovemat, compiling. 
[2018.04.03-07.43.45:754][217]LogMaterial: Missing cached shader map for material Glovemat, compiling. 
[2018.04.03-07.43.45:846][217]LogMaterial: Missing cached shader map for material Glovemat, compiling. 
[2018.04.03-07.43.45:954][217]LogMaterial: Missing cached shader map for material FMatExpressionPreview MaterialExpressionTextureSample_0, compiling. 
[2018.04.03-07.43.45:961][217]LogMaterial: Missing cached shader map for material FMatExpressionPreview MaterialExpressionTextureSample_2, compiling. 
[2018.04.03-07.43.45:968][217]LogMaterial: Missing cached shader map for material FMatExpressionPreview MaterialExpressionTextureSample_1, compiling. 
[2018.04.03-07.43.46:006][217]LogMaterial: Missing cached shader map for material FMatExpressionPreview MaterialExpressionTextureSample_3, compiling. 
[2018.04.03-07.43.46:014][217]LogMaterial: Missing cached shader map for material FMatExpressionPreview MaterialExpressionTextureSample_4, compiling. 
[2018.04.03-07.43.55:592][552]MaterialEditorStats: Base pass shader: 52 instructions
[2018.04.03-07.43.55:592][552]MaterialEditorStats: Base pass shader with Volumetric Lightmap: 79 instructions
[2018.04.03-07.43.55:592][552]MaterialEditorStats: Vertex shader: 124 instructions
[2018.04.03-07.43.55:592][552]MaterialEditorStats: Texture samplers: 3/16
[2018.04.03-07.43.55:592][552]MaterialEditorStats: User interpolators: 2/4 Scalars (1/4 Vectors) (TexCoords: 2, Custom: 0)
[2018.04.03-07.44.07:515][215]LogMaterial: Missing cached shader map for material Glovemat, compiling. 
[2018.04.03-07.44.07:576][215]LogMaterial: Missing cached shader map for material Glovemat, compiling. 
[2018.04.03-07.44.09:144][284]LogMaterial: Missing cached shader map for material Glovemat, compiling. 
[2018.04.03-07.44.09:237][284]LogMaterial: Missing cached shader map for material Glovemat, compiling. 
[2018.04.03-07.44.10:495][334]LogMaterialEditor: Applying material Glovemat
[2018.04.03-07.44.11:973][334]LogMaterial: Missing cached shader map for material Glovemat, compiling. 
[2018.04.03-07.44.12:098][334]LogMaterial: Missing cached shader map for material Glovemat, compiling. 
[2018.04.03-07.44.12:214][334]LogMaterial: Missing cached shader map for material Glovemat, compiling. 
[2018.04.03-07.44.12:346][334]LogMaterial: Missing cached shader map for material FDebugViewModeMaterialProxy Glovemat, compiling. 
[2018.04.03-07.44.16:412][334]TextureStreamingBuild: Display: Compiling optional shaders took 4.089 seconds.
[2018.04.03-07.44.23:169][355]MaterialEditorStats: Base pass shader: 117 instructions
[2018.04.03-07.44.23:169][355]MaterialEditorStats: Base pass shader with Volumetric Lightmap: 191 instructions
[2018.04.03-07.44.23:169][355]MaterialEditorStats: Vertex shader: 31 instructions
[2018.04.03-07.44.23:169][355]MaterialEditorStats: Texture samplers: 7/16
[2018.04.03-07.44.23:169][355]MaterialEditorStats: User interpolators: 2/4 Scalars (1/4 Vectors) (TexCoords: 2, Custom: 0)
[2018.04.03-07.44.33:986][691]LogMaterial: Missing cached shader map for material Hatmat, compiling. 
[2018.04.03-07.44.34:185][691]LogMaterial: Missing cached shader map for material Hatmat, compiling. 
[2018.04.03-07.44.34:304][691]LogMaterial: Missing cached shader map for material Hatmat, compiling. 
[2018.04.03-07.44.34:413][691]LogMaterial: Missing cached shader map for material FMatExpressionPreview MaterialExpressionTextureSample_0, compiling. 
[2018.04.03-07.44.34:420][691]LogMaterial: Missing cached shader map for material FMatExpressionPreview MaterialExpressionTextureSample_2, compiling. 
[2018.04.03-07.44.34:428][691]LogMaterial: Missing cached shader map for material FMatExpressionPreview MaterialExpressionTextureSample_1, compiling. 
[2018.04.03-07.44.34:435][691]LogMaterial: Missing cached shader map for material FMatExpressionPreview MaterialExpressionTextureSample_3, compiling. 
[2018.04.03-07.44.34:442][691]LogMaterial: Missing cached shader map for material FMatExpressionPreview MaterialExpressionTextureSample_4, compiling. 
[2018.04.03-07.44.46:766][221]MaterialEditorStats: Base pass shader: 52 instructions
[2018.04.03-07.44.46:766][221]MaterialEditorStats: Base pass shader with Volumetric Lightmap: 79 instructions
[2018.04.03-07.44.46:766][221]MaterialEditorStats: Vertex shader: 124 instructions
[2018.04.03-07.44.46:766][221]MaterialEditorStats: Texture samplers: 3/16
[2018.04.03-07.44.46:766][221]MaterialEditorStats: User interpolators: 2/4 Scalars (1/4 Vectors) (TexCoords: 2, Custom: 0)
[2018.04.03-07.44.55:506][678]LogMaterial: Missing cached shader map for material Hatmat, compiling. 
[2018.04.03-07.44.55:570][678]LogMaterial: Missing cached shader map for material Hatmat, compiling. 
[2018.04.03-07.44.57:455][749]LogMaterialEditor: Applying material Hatmat
[2018.04.03-07.44.58:238][749]LogMaterial: Missing cached shader map for material Hatmat, compiling. 
[2018.04.03-07.44.58:373][749]LogMaterial: Missing cached shader map for material Hatmat, compiling. 
[2018.04.03-07.44.58:495][749]LogMaterial: Missing cached shader map for material Hatmat, compiling. 
[2018.04.03-07.44.58:609][749]LogMaterial: Missing cached shader map for material FDebugViewModeMaterialProxy Hatmat, compiling. 
[2018.04.03-07.45.02:762][749]TextureStreamingBuild: Display: Compiling optional shaders took 4.160 seconds.
[2018.04.03-07.45.14:055][286]LogMaterial: Missing cached shader map for material Maskmat, compiling. 
[2018.04.03-07.45.14:250][286]LogMaterial: Missing cached shader map for material Maskmat, compiling. 
[2018.04.03-07.45.14:341][286]LogMaterial: Missing cached shader map for material Maskmat, compiling. 
[2018.04.03-07.45.14:454][286]LogMaterial: Missing cached shader map for material FMatExpressionPreview MaterialExpressionTextureSample_0, compiling. 
[2018.04.03-07.45.14:461][286]LogMaterial: Missing cached shader map for material FMatExpressionPreview MaterialExpressionTextureSample_2, compiling. 
[2018.04.03-07.45.14:470][286]LogMaterial: Missing cached shader map for material FMatExpressionPreview MaterialExpressionTextureSample_1, compiling. 
[2018.04.03-07.45.14:487][286]LogMaterial: Missing cached shader map for material FMatExpressionPreview MaterialExpressionTextureSample_3, compiling. 
[2018.04.03-07.45.14:499][286]LogMaterial: Missing cached shader map for material FMatExpressionPreview MaterialExpressionTextureSample_4, compiling. 
[2018.04.03-07.45.19:847][500]LogMaterial: Missing cached shader map for material Maskmat, compiling. 
[2018.04.03-07.45.19:931][500]LogMaterial: Missing cached shader map for material Maskmat, compiling. 
[2018.04.03-07.45.21:690][566]LogMaterialEditor: Applying material Maskmat
[2018.04.03-07.45.22:451][566]LogMaterial: Missing cached shader map for material Maskmat, compiling. 
[2018.04.03-07.45.22:581][566]LogMaterial: Missing cached shader map for material Maskmat, compiling. 
[2018.04.03-07.45.22:720][566]LogMaterial: Missing cached shader map for material Maskmat, compiling. 
[2018.04.03-07.45.22:837][566]LogMaterial: Missing cached shader map for material FDebugViewModeMaterialProxy Maskmat, compiling. 
[2018.04.03-07.45.26:892][566]TextureStreamingBuild: Display: Compiling optional shaders took 4.062 seconds.
[2018.04.03-07.45.37:024][101]LogMaterial: Missing cached shader map for material Shoesmat, compiling. 
[2018.04.03-07.45.37:251][101]LogMaterial: Missing cached shader map for material Shoesmat, compiling. 
[2018.04.03-07.45.37:345][101]LogMaterial: Missing cached shader map for material Shoesmat, compiling. 
[2018.04.03-07.45.37:465][101]LogMaterial: Missing cached shader map for material FMatExpressionPreview MaterialExpressionTextureSample_0, compiling. 
[2018.04.03-07.45.37:473][101]LogMaterial: Missing cached shader map for material FMatExpressionPreview MaterialExpressionTextureSample_2, compiling. 
[2018.04.03-07.45.37:480][101]LogMaterial: Missing cached shader map for material FMatExpressionPreview MaterialExpressionTextureSample_1, compiling. 
[2018.04.03-07.45.37:487][101]LogMaterial: Missing cached shader map for material FMatExpressionPreview MaterialExpressionTextureSample_3, compiling. 
[2018.04.03-07.45.37:495][101]LogMaterial: Missing cached shader map for material FMatExpressionPreview MaterialExpressionTextureSample_4, compiling. 
[2018.04.03-07.45.41:245][251]LogMaterial: Missing cached shader map for material Shoesmat, compiling. 
[2018.04.03-07.45.41:335][251]LogMaterial: Missing cached shader map for material Shoesmat, compiling. 
[2018.04.03-07.45.42:495][292]LogMaterialEditor: Applying material Shoesmat
[2018.04.03-07.45.43:314][292]LogMaterial: Missing cached shader map for material Shoesmat, compiling. 
[2018.04.03-07.45.43:455][292]LogMaterial: Missing cached shader map for material Shoesmat, compiling. 
[2018.04.03-07.45.43:591][292]LogMaterial: Missing cached shader map for material Shoesmat, compiling. 
[2018.04.03-07.45.43:715][292]LogMaterial: Missing cached shader map for material FDebugViewModeMaterialProxy Shoesmat, compiling. 
[2018.04.03-07.45.48:192][292]TextureStreamingBuild: Display: Compiling optional shaders took 4.485 seconds.
[2018.04.03-07.46.34:752][927]LogEditorViewport: Clicking on Actor (LMB): StaticMeshActor (Plane)
[2018.04.03-07.46.35:652][975]LogEditorViewport: Clicking on Actor (LMB): SkeletalMeshActor (Thief)
[2018.04.03-07.46.45:631][251]LogSavePackage: Save=383.56ms
[2018.04.03-07.46.45:631][251]LogSavePackage: Moving '../../../../projects/Art-Thief/ArtThiefMuseum/Saved/Minimal_DefaultD62F1CEC4C6F006BE51EF2A80F3C6317.tmp' to '../../../../projects/Art-Thief/ArtThiefMuseum/Content/StarterContent/Maps/Minimal_Default.umap'
[2018.04.03-07.46.45:632][251]LogFileManager: Warning: DeleteFile was unable to delete '../../../../projects/Art-Thief/ArtThiefMuseum/Content/StarterContent/Maps/Minimal_Default.umap', retrying in .5s...
[2018.04.03-07.46.46:132][251]LogFileManager: Error: Error deleting file '../../../../projects/Art-Thief/ArtThiefMuseum/Content/StarterContent/Maps/Minimal_Default.umap'.
[2018.04.03-07.46.46:132][251]LogSavePackage: Error: Error saving '../../../../projects/Art-Thief/ArtThiefMuseum/Content/StarterContent/Maps/Minimal_Default.umap'
[2018.04.03-07.46.46:133][251]LogSavePackage: Display: Finished SavePackage ../../../../projects/Art-Thief/ArtThiefMuseum/Content/StarterContent/Maps/Minimal_Default.umap
[2018.04.03-07.46.46:281][251]EditorErrors: New page: Save Output
[2018.04.03-07.46.46:281][251]EditorErrors: Warning: Error saving '../../../../projects/Art-Thief/ArtThiefMuseum/Content/StarterContent/Maps/Minimal_Default.umap'
[2018.04.03-07.46.46:351][251]LogFileHelpers: Saving map 'Minimal_Default' took 5.720
[2018.04.03-07.46.55:115][251]LogSavePackage: Save=374.82ms
[2018.04.03-07.46.55:115][251]LogSavePackage: Moving '../../../../projects/Art-Thief/ArtThiefMuseum/Saved/Minimal_Default53F0C34941BA50BFB17F8B9643715615.tmp' to '../../../../projects/Art-Thief/ArtThiefMuseum/Content/StarterContent/Maps/Minimal_Default.umap'
[2018.04.03-07.46.55:115][251]LogFileManager: Warning: DeleteFile was unable to delete '../../../../projects/Art-Thief/ArtThiefMuseum/Content/StarterContent/Maps/Minimal_Default.umap', retrying in .5s...
[2018.04.03-07.46.55:616][251]LogFileManager: Error: Error deleting file '../../../../projects/Art-Thief/ArtThiefMuseum/Content/StarterContent/Maps/Minimal_Default.umap'.
[2018.04.03-07.46.55:616][251]LogSavePackage: Error: Error saving '../../../../projects/Art-Thief/ArtThiefMuseum/Content/StarterContent/Maps/Minimal_Default.umap'
[2018.04.03-07.46.55:618][251]LogSavePackage: Display: Finished SavePackage ../../../../projects/Art-Thief/ArtThiefMuseum/Content/StarterContent/Maps/Minimal_Default.umap
[2018.04.03-07.46.55:621][251]EditorErrors: New page: Save Output
[2018.04.03-07.46.55:621][251]EditorErrors: Warning: Error saving '../../../../projects/Art-Thief/ArtThiefMuseum/Content/StarterContent/Maps/Minimal_Default.umap'
[2018.04.03-07.46.55:625][251]LogFileHelpers: Saving map 'Minimal_Default' took 0.961
[2018.04.03-07.46.57:881][251]Cmd: OBJ SAVEPACKAGE PACKAGE="/Game/Animations/Thief/Bodymat" FILE="../../../../projects/Art-Thief/ArtThiefMuseum/Content/Animations/Thief/Bodymat.uasset" SILENT=true
[2018.04.03-07.46.57:920][251]LogSavePackage: Save=30.03ms
[2018.04.03-07.46.57:920][251]LogSavePackage: Moving '../../../../projects/Art-Thief/ArtThiefMuseum/Saved/Bodymat65F562C044EEBE45382F8DBA280C6693.tmp' to '../../../../projects/Art-Thief/ArtThiefMuseum/Content/Animations/Thief/Bodymat.uasset'
[2018.04.03-07.46.57:923][251]LogSavePackage: Display: Finished SavePackage ../../../../projects/Art-Thief/ArtThiefMuseum/Content/Animations/Thief/Bodymat.uasset
[2018.04.03-07.46.57:972][251]Cmd: OBJ SAVEPACKAGE PACKAGE="/Game/Animations/Thief/Glovemat" FILE="../../../../projects/Art-Thief/ArtThiefMuseum/Content/Animations/Thief/Glovemat.uasset" SILENT=true
[2018.04.03-07.46.58:007][251]LogSavePackage: Save=25.83ms
[2018.04.03-07.46.58:007][251]LogSavePackage: Moving '../../../../projects/Art-Thief/ArtThiefMuseum/Saved/Glovemat65915D4342B776FB49410CA736A82EBC.tmp' to '../../../../projects/Art-Thief/ArtThiefMuseum/Content/Animations/Thief/Glovemat.uasset'
[2018.04.03-07.46.58:009][251]LogSavePackage: Display: Finished SavePackage ../../../../projects/Art-Thief/ArtThiefMuseum/Content/Animations/Thief/Glovemat.uasset
[2018.04.03-07.46.58:057][251]Cmd: OBJ SAVEPACKAGE PACKAGE="/Game/Animations/Thief/Hatmat" FILE="../../../../projects/Art-Thief/ArtThiefMuseum/Content/Animations/Thief/Hatmat.uasset" SILENT=true
[2018.04.03-07.46.58:083][251]LogSavePackage: Save=18.22ms
[2018.04.03-07.46.58:083][251]LogSavePackage: Moving '../../../../projects/Art-Thief/ArtThiefMuseum/Saved/Hatmat1F7CD98E4742251770A4989141C687CF.tmp' to '../../../../projects/Art-Thief/ArtThiefMuseum/Content/Animations/Thief/Hatmat.uasset'
[2018.04.03-07.46.58:085][251]LogSavePackage: Display: Finished SavePackage ../../../../projects/Art-Thief/ArtThiefMuseum/Content/Animations/Thief/Hatmat.uasset
[2018.04.03-07.46.58:129][251]Cmd: OBJ SAVEPACKAGE PACKAGE="/Game/Animations/Thief/Maskmat" FILE="../../../../projects/Art-Thief/ArtThiefMuseum/Content/Animations/Thief/Maskmat.uasset" SILENT=true
[2018.04.03-07.46.58:160][251]LogSavePackage: Save=22.49ms
[2018.04.03-07.46.58:160][251]LogSavePackage: Moving '../../../../projects/Art-Thief/ArtThiefMuseum/Saved/MaskmatF298A61140B5CA33F7943CB1BED1B8CA.tmp' to '../../../../projects/Art-Thief/ArtThiefMuseum/Content/Animations/Thief/Maskmat.uasset'
[2018.04.03-07.46.58:162][251]LogSavePackage: Display: Finished SavePackage ../../../../projects/Art-Thief/ArtThiefMuseum/Content/Animations/Thief/Maskmat.uasset
[2018.04.03-07.46.58:211][251]Cmd: OBJ SAVEPACKAGE PACKAGE="/Game/Animations/Thief/Shoesmat" FILE="../../../../projects/Art-Thief/ArtThiefMuseum/Content/Animations/Thief/Shoesmat.uasset" SILENT=true
[2018.04.03-07.46.58:242][251]LogSavePackage: Save=23.38ms
[2018.04.03-07.46.58:242][251]LogSavePackage: Moving '../../../../projects/Art-Thief/ArtThiefMuseum/Saved/ShoesmatA60B180C4F7C2F082BE920810C0093EA.tmp' to '../../../../projects/Art-Thief/ArtThiefMuseum/Content/Animations/Thief/Shoesmat.uasset'
[2018.04.03-07.46.58:245][251]LogSavePackage: Display: Finished SavePackage ../../../../projects/Art-Thief/ArtThiefMuseum/Content/Animations/Thief/Shoesmat.uasset
[2018.04.03-07.49.16:584][748]LogEditorViewport: Clicking on Actor (LMB): SkeletalMeshActor (Thief)
[2018.04.03-07.49.40:585][ 92]Cmd: TRANSACTION UNDO
[2018.04.03-07.49.40:585][ 92]LogEditorTransaction: Undo Move Actors
[2018.04.03-07.49.40:650][ 92]LogSlate: Took 0.004915 seconds to synchronously load lazily loaded font '../../../Engine/Content/Slate/Fonts/Roboto-Light.ttf' (159K)
[2018.04.03-07.51.02:239][785]LogEditorViewport: Clicking on Actor (LMB): StaticMeshActor (Plane)
[2018.04.03-07.51.02:323][786]LogEditorViewport: Clicking on Component (LMB): StaticMeshComponent (StaticMeshComponent0)
[2018.04.03-07.51.03:376][846]LogEditorViewport: Clicking on Actor (LMB): SkeletalMeshActor (Thief)
[2018.04.03-07.51.05:980][993]Cmd: TRANSACTION UNDO
[2018.04.03-07.51.05:980][993]LogEditorTransaction: Undo Move Actors
[2018.04.03-07.53.02:945][207]LogSavePackage: Save=482.26ms
[2018.04.03-07.53.02:945][207]LogSavePackage: Moving '../../../../projects/Art-Thief/ArtThiefMuseum/Saved/Minimal_Default_Auto27F2072664E6694E283B4A791A779EDB3.tmp' to '../../../../projects/Art-Thief/ArtThiefMuseum/Saved/Autosaves/Game/StarterContent/Maps/Minimal_Default_Auto2.umap'
[2018.04.03-07.53.02:946][207]LogSavePackage: Display: Finished SavePackage ../../../../projects/Art-Thief/ArtThiefMuseum/Saved/Autosaves/Game/StarterContent/Maps/Minimal_Default_Auto2.umap
[2018.04.03-07.53.02:948][207]LogFileHelpers: Editor autosave (incl. sublevels) for '/Game/StarterContent/Maps/Minimal_Default' took 0.537
[2018.04.03-07.53.02:948][207]LogFileHelpers: Editor autosave (incl. sublevels) for all levels took 0.537
[2018.04.03-07.53.02:974][207]OBJ SavePackage: Generating thumbnails for [0] asset(s) in package [/Game/Sequences/Sneaking_Seq] ([1] browsable assets)...
[2018.04.03-07.53.02:974][207]OBJ SavePackage: Finished generating thumbnails for package [/Game/Sequences/Sneaking_Seq]
[2018.04.03-07.53.02:974][207]Cmd: OBJ SAVEPACKAGE PACKAGE="/Game/Sequences/Sneaking_Seq" FILE="../../../../projects/Art-Thief/ArtThiefMuseum/Saved/Autosaves/Game/Sequences/Sneaking_Seq_Auto2.uasset" SILENT=false AUTOSAVING=true
[2018.04.03-07.53.03:009][207]LogSavePackage: Save=32.30ms
[2018.04.03-07.53.03:009][207]LogSavePackage: Moving '../../../../projects/Art-Thief/ArtThiefMuseum/Saved/Sneaking_Seq_Auto29A336FEF42848D711D15DD81D96B7F6E.tmp' to '../../../../projects/Art-Thief/ArtThiefMuseum/Saved/Autosaves/Game/Sequences/Sneaking_Seq_Auto2.uasset'
[2018.04.03-07.53.03:009][207]LogSavePackage: Display: Finished SavePackage ../../../../projects/Art-Thief/ArtThiefMuseum/Saved/Autosaves/Game/Sequences/Sneaking_Seq_Auto2.uasset
[2018.04.03-07.53.03:009][207]LogFileHelpers: Auto-saving content packages took 0.060
[2018.04.03-07.54.16:230][512]Cmd: TRANSACTION UNDO
[2018.04.03-07.54.16:230][512]LogEditorTransaction: Undo Move Actors
[2018.04.03-07.54.42:765][ 81]Cmd: TRANSACTION UNDO
[2018.04.03-07.54.42:765][ 81]LogEditorTransaction: Undo Set Playback Range
[2018.04.03-07.54.43:535][124]Cmd: TRANSACTION UNDO
[2018.04.03-07.54.43:535][124]LogEditorTransaction: Undo Select Actors/Components
[2018.04.03-07.54.44:140][158]Cmd: TRANSACTION UNDO
[2018.04.03-07.54.44:140][158]LogEditorTransaction: Undo Select Actors/Components
[2018.04.03-07.54.44:706][191]Cmd: TRANSACTION UNDO
[2018.04.03-07.54.44:707][191]LogEditorTransaction: Undo Select Actors/Components
[2018.04.03-07.54.45:198][219]Cmd: TRANSACTION UNDO
[2018.04.03-07.54.45:198][219]LogEditorTransaction: Undo Select Actors/Components
[2018.04.03-07.54.45:705][248]Cmd: TRANSACTION UNDO
[2018.04.03-07.54.45:705][248]LogEditorTransaction: Undo Select Actors/Components
[2018.04.03-07.54.47:183][335]Cmd: TRANSACTION UNDO
[2018.04.03-07.54.47:183][335]LogEditorTransaction: Undo Select Actors/Components
[2018.04.03-07.54.47:730][367]Cmd: TRANSACTION UNDO
[2018.04.03-07.54.47:731][367]LogEditorTransaction: Undo Select Actors/Components
[2018.04.03-07.54.48:343][403]Cmd: TRANSACTION UNDO
[2018.04.03-07.54.48:343][403]LogEditorTransaction: Undo Add Keys at Current Time
[2018.04.03-07.54.49:260][456]Cmd: TRANSACTION UNDO
[2018.04.03-07.54.49:260][456]LogEditorTransaction: Undo Move Actors
[2018.04.03-07.54.49:945][496]Cmd: TRANSACTION UNDO
[2018.04.03-07.54.49:945][496]LogEditorTransaction: Undo Move Actors
[2018.04.03-07.55.05:717][418]Cmd: TRANSACTION UNDO
[2018.04.03-07.55.05:717][418]LogEditorTransaction: Undo Select Actors/Components
[2018.04.03-07.55.06:160][442]Cmd: TRANSACTION UNDO
[2018.04.03-07.55.06:160][442]LogEditorTransaction: Undo Select Actors/Components
[2018.04.03-07.55.06:473][459]Cmd: TRANSACTION UNDO
[2018.04.03-07.55.06:473][459]LogEditorTransaction: Undo Select Actors/Components
[2018.04.03-07.55.06:773][476]Cmd: TRANSACTION UNDO
[2018.04.03-07.55.06:773][476]LogEditorTransaction: Undo Move Actors
[2018.04.03-07.55.06:960][485]Cmd: TRANSACTION UNDO
[2018.04.03-07.55.06:961][485]LogEditorTransaction: Undo Move Actors
[2018.04.03-07.55.07:345][507]Cmd: TRANSACTION UNDO
[2018.04.03-07.55.07:345][507]LogEditorTransaction: Undo Rotate Actors
[2018.04.03-07.55.07:698][526]Cmd: TRANSACTION UNDO
[2018.04.03-07.55.07:698][526]LogEditorTransaction: Undo Rotate Actors
[2018.04.03-07.55.08:049][545]Cmd: TRANSACTION UNDO
[2018.04.03-07.55.08:049][545]LogEditorTransaction: Undo Move Actors
[2018.04.03-07.55.08:468][568]Cmd: TRANSACTION UNDO
[2018.04.03-07.55.08:469][568]LogEditorTransaction: Undo Move Actors
[2018.04.03-07.55.08:972][597]Cmd: TRANSACTION UNDO
[2018.04.03-07.55.08:972][597]LogEditorTransaction: Undo Move Actors
[2018.04.03-07.56.21:329][859]Cmd: TRANSACTION UNDO
[2018.04.03-07.56.21:329][859]LogEditorTransaction: Undo Add Keys at Current Time
[2018.04.03-07.56.22:064][901]Cmd: TRANSACTION UNDO
[2018.04.03-07.56.22:064][901]LogEditorTransaction: Undo Add Keys at Current Time
[2018.04.03-08.01.03:486][128]LogWindows: Error: === Critical error: ===
[2018.04.03-08.01.03:486][128]LogWindows: Error: 
[2018.04.03-08.01.03:486][128]LogWindows: Error: Fatal error!
[2018.04.03-08.01.03:486][128]LogWindows: Error: 
[2018.04.03-08.01.03:486][128]LogWindows: Error: Unhandled Exception: EXCEPTION_ACCESS_VIOLATION reading address 0x00000000
[2018.04.03-08.01.03:486][128]LogWindows: Error: 
[2018.04.03-08.01.03:486][128]LogWindows: Error: [Callstack] 0x00000000B83271E3 UE4Editor-Engine.dll!UnknownFunction []
[2018.04.03-08.01.03:486][128]LogWindows: Error: [Callstack] 0x00000000BC4C4647 UE4Editor-UnrealEd.dll!UnknownFunction []
[2018.04.03-08.01.03:486][128]LogWindows: Error: [Callstack] 0x00000000BC4C44D5 UE4Editor-UnrealEd.dll!UnknownFunction []
[2018.04.03-08.01.03:486][128]LogWindows: Error: [Callstack] 0x00000000B59D715B UE4Editor-Sequencer.dll!UnknownFunction []
[2018.04.03-08.01.03:486][128]LogWindows: Error: [Callstack] 0x00000000B5882CC7 UE4Editor-Sequencer.dll!UnknownFunction []
[2018.04.03-08.01.03:486][128]LogWindows: Error: [Callstack] 0x00000000D4EC7BBF UE4Editor-Slate.dll!UnknownFunction []
[2018.04.03-08.01.03:486][128]LogWindows: Error: [Callstack] 0x00000000D4FCD3A2 UE4Editor-Slate.dll!UnknownFunction []
[2018.04.03-08.01.03:486][128]LogWindows: Error: [Callstack] 0x00000000D4FCC483 UE4Editor-Slate.dll!UnknownFunction []
[2018.04.03-08.01.03:486][128]LogWindows: Error: [Callstack] 0x00000000D4FA8B8D UE4Editor-Slate.dll!UnknownFunction []
[2018.04.03-08.01.03:486][128]LogWindows: Error: [Callstack] 0x00000000D4FA99DD UE4Editor-Slate.dll!UnknownFunction []
[2018.04.03-08.01.03:486][128]LogWindows: Error: [Callstack] 0x00000000D50AE825 UE4Editor-Slate.dll!UnknownFunction []
[2018.04.03-08.01.03:486][128]LogWindows: Error: [Callstack] 0x00000000D508EBC6 UE4Editor-Slate.dll!UnknownFunction []
[2018.04.03-08.01.03:486][128]LogWindows: Error: [Callstack] 0x00000000D4EA5EFC UE4Editor-Slate.dll!UnknownFunction []
[2018.04.03-08.01.03:486][128]LogWindows: Error: [Callstack] 0x00000000D4E78095 UE4Editor-Slate.dll!UnknownFunction []
[2018.04.03-08.01.03:486][128]LogWindows: Error: [Callstack] 0x00000000D4F128A7 UE4Editor-Slate.dll!UnknownFunction []
[2018.04.03-08.01.03:486][128]LogWindows: Error: [Callstack] 0x00000000D4EFB092 UE4Editor-Slate.dll!UnknownFunction []
[2018.04.03-08.01.03:486][128]LogWindows: Error: [Callstack] 0x00000000D4EED902 UE4Editor-Slate.dll!UnknownFunction []
[2018.04.03-08.01.03:486][128]LogWindows: Error: [Callstack] 0x00000000EC16E54B UE4Editor-ApplicationCore.dll!UnknownFunction []
[2018.04.03-08.01.03:486][128]LogWindows: Error: [Callstack] 0x00000000EC161A48 UE4Editor-ApplicationCore.dll!UnknownFunction []
[2018.04.03-08.01.03:486][128]LogWindows: Error: [Callstack] 0x00000000EC1703EC UE4Editor-ApplicationCore.dll!UnknownFunction []
[2018.04.03-08.01.03:487][128]LogWindows: Error: [Callstack] 0x00000000EC15D5A9 UE4Editor-ApplicationCore.dll!UnknownFunction []
[2018.04.03-08.01.03:487][128]LogWindows: Error: [Callstack] 0x000000001D21B85D USER32.dll!UnknownFunction []
[2018.04.03-08.01.03:487][128]LogWindows: Error: [Callstack] 0x000000001D21B1EF USER32.dll!UnknownFunction []
[2018.04.03-08.01.03:487][128]LogWindows: Error: [Callstack] 0x00000000EC171516 UE4Editor-ApplicationCore.dll!UnknownFunction []
[2018.04.03-08.01.03:487][128]LogWindows: Error: [Callstack] 0x000000005B2450C8 UE4Editor.exe!UnknownFunction []
[2018.04.03-08.01.03:487][128]LogWindows: Error: [Callstack] 0x000000005B255430 UE4Editor.exe!UnknownFunction []
[2018.04.03-08.01.03:487][128]LogWindows: Error: [Callstack] 0x000000005B2554AA UE4Editor.exe!UnknownFunction []
[2018.04.03-08.01.03:487][128]LogWindows: Error: [Callstack] 0x000000005B262379 UE4Editor.exe!UnknownFunction []
[2018.04.03-08.01.03:487][128]LogWindows: Error: [Callstack] 0x000000005B263D57 UE4Editor.exe!UnknownFunction []
[2018.04.03-08.01.03:487][128]LogWindows: Error: [Callstack] 0x000000001DD21FE4 KERNEL32.DLL!UnknownFunction []
[2018.04.03-08.01.03:487][128]LogWindows: Error: [Callstack] 0x000000001E0BEFC1 ntdll.dll!UnknownFunction []
[2018.04.03-08.01.03:487][128]LogWindows: Error: [Callstack] 0x000000001E0BEFC1 ntdll.dll!UnknownFunction []
[2018.04.03-08.01.03:487][128]LogWindows: Error: 
[2018.04.03-08.01.03:516][128]LogExit: Executing StaticShutdownAfterError
[2018.04.03-08.01.03:541][128]LogWindows: FPlatformMisc::RequestExit(1)
[2018.04.03-08.01.03:577][128]Log file closed, 04/03/18 02:01:03
