Log file open, 04/04/18 21:51:59
LogWindows: Failed to load 'aqProf.dll' (GetLastError=126)
LogWindows: File 'aqProf.dll' does not exist
LogWindows: Failed to load 'VSPerf140.dll' (GetLastError=126)
LogWindows: File 'VSPerf140.dll' does not exist
LogWindows: Failed to load 'VtuneApi.dll' (GetLastError=126)
LogWindows: File 'VtuneApi.dll' does not exist
LogWindows: Failed to load 'VtuneApi32e.dll' (GetLastError=126)
LogWindows: File 'VtuneApi32e.dll' does not exist
LogInit: Display: Running engine for game: ArtThiefMuseum
LogPlatformFile: Not using cached read wrapper
LogInit: Display: RandInit(-266073876) SRandInit(-266073876).
LogInit: Read version file with build ID '3709383'
LogInit: Overriding engine version to CL 3832480, compatible CL 3709383
LogInit: Registered custom module enumerator with build ID '3709383'
LogTaskGraph: Started task graph with 5 named threads and 8 total threads with 3 sets of task threads.
LogStats: Stats thread started at 0.136200
LogD3D11RHI: Aftermath initialized
LogModuleManager: Display: Found up-to-date module file ../../../Engine/Plugins/2D/Paper2D/Binaries/Win64/UE4Editor-Paper2D.dll (API version 3709383).
LogModuleManager: Display: Found up-to-date module file ../../../Engine/Plugins/2D/Paper2D/Binaries/Win64/UE4Editor-Paper2DEditor.dll (API version 3709383).
LogModuleManager: Display: Found up-to-date module file ../../../Engine/Plugins/2D/Paper2D/Binaries/Win64/UE4Editor-PaperSpriteSheetImporter.dll (API version 3709383).
LogModuleManager: Display: Found up-to-date module file ../../../Engine/Plugins/2D/Paper2D/Binaries/Win64/UE4Editor-PaperTiledImporter.dll (API version 3709383).
LogModuleManager: Display: Found up-to-date module file ../../../Engine/Plugins/2D/Paper2D/Binaries/Win64/UE4Editor-SmartSnapping.dll (API version 3709383).
LogModuleManager: Display: Found up-to-date module file ../../../Engine/Plugins/Blendables/LightPropagationVolume/Binaries/Win64/UE4Editor-LightPropagationVolumeRuntime.dll (API version 3709383).
LogModuleManager: Display: Found up-to-date module file ../../../Engine/Plugins/Blendables/LightPropagationVolume/Binaries/Win64/UE4Editor-LightPropagationVolumeEditor.dll (API version 3709383).
LogModuleManager: Display: Found up-to-date module file ../../../Engine/Plugins/Developer/GitSourceControl/Binaries/Win64/UE4Editor-GitSourceControl.dll (API version 3709383).
LogModuleManager: Display: Found up-to-date module file ../../../Engine/Plugins/Developer/PerforceSourceControl/Binaries/Win64/UE4Editor-PerforceSourceControl.dll (API version 3709383).
LogModuleManager: Display: Found up-to-date module file ../../../Engine/Plugins/Developer/SubversionSourceControl/Binaries/Win64/UE4Editor-SubversionSourceControl.dll (API version 3709383).
LogModuleManager: Display: Found up-to-date module file ../../../Engine/Plugins/Developer/UObjectPlugin/Binaries/Win64/UE4Editor-UObjectPlugin.dll (API version 3709383).
LogModuleManager: Display: Found up-to-date module file ../../../Engine/Plugins/Developer/VisualStudioCodeSourceCodeAccess/Binaries/Win64/UE4Editor-VisualStudioCodeSourceCodeAccess.dll (API version 3709383).
LogModuleManager: Display: Found up-to-date module file ../../../Engine/Plugins/Developer/VisualStudioSourceCodeAccess/Binaries/Win64/UE4Editor-VisualStudioSourceCodeAccess.dll (API version 3709383).
LogModuleManager: Display: Found up-to-date module file ../../../Engine/Plugins/Editor/AssetManagerEditor/Binaries/Win64/UE4Editor-AssetManagerEditor.dll (API version 3709383).
LogModuleManager: Display: Found up-to-date module file ../../../Engine/Plugins/Editor/AudioCapture/Binaries/Win64/UE4Editor-AudioCapture.dll (API version 3709383).
LogModuleManager: Display: Found up-to-date module file ../../../Engine/Plugins/Editor/FacialAnimation/Binaries/Win64/UE4Editor-FacialAnimation.dll (API version 3709383).
LogModuleManager: Display: Found up-to-date module file ../../../Engine/Plugins/Editor/FacialAnimation/Binaries/Win64/UE4Editor-FacialAnimationEditor.dll (API version 3709383).
LogModuleManager: Display: Found up-to-date module file ../../../Engine/Plugins/Editor/GameplayTagsEditor/Binaries/Win64/UE4Editor-GameplayTagsEditor.dll (API version 3709383).
LogModuleManager: Display: Found up-to-date module file ../../../Engine/Plugins/Editor/MobileLauncherProfileWizard/Binaries/Win64/UE4Editor-MobileLauncherProfileWizard.dll (API version 3709383).
LogModuleManager: Display: Found up-to-date module file ../../../Engine/Plugins/Editor/PluginBrowser/Binaries/Win64/UE4Editor-PluginBrowser.dll (API version 3709383).
LogModuleManager: Display: Found up-to-date module file ../../../Engine/Plugins/Editor/SpeedTreeImporter/Binaries/Win64/UE4Editor-SpeedTreeImporter.dll (API version 3709383).
LogModuleManager: Display: Found up-to-date module file ../../../Engine/Plugins/Experimental/AlembicImporter/Binaries/Win64/UE4Editor-AlembicImporter.dll (API version 3709383).
LogModuleManager: Display: Found up-to-date module file ../../../Engine/Plugins/Experimental/AlembicImporter/Binaries/Win64/UE4Editor-AlembicLibrary.dll (API version 3709383).
LogModuleManager: Display: Found up-to-date module file ../../../Engine/Plugins/Experimental/CharacterAI/Binaries/Win64/UE4Editor-CharacterAI.dll (API version 3709383).
LogModuleManager: Display: Found up-to-date module file ../../../Engine/Plugins/Experimental/HTML5Networking/Binaries/Win64/UE4Editor-HTML5Networking.dll (API version 3709383).
LogModuleManager: Display: Found up-to-date module file ../../../Engine/Plugins/Media/AndroidMedia/Binaries/Win64/UE4Editor-AndroidMediaEditor.dll (API version 3709383).
LogModuleManager: Display: Found up-to-date module file ../../../Engine/Plugins/Media/AndroidMedia/Binaries/Win64/UE4Editor-AndroidMediaFactory.dll (API version 3709383).
LogModuleManager: Display: Found up-to-date module file ../../../Engine/Plugins/Media/AvfMedia/Binaries/Win64/UE4Editor-AvfMediaEditor.dll (API version 3709383).
LogModuleManager: Display: Found up-to-date module file ../../../Engine/Plugins/Media/AvfMedia/Binaries/Win64/UE4Editor-AvfMediaFactory.dll (API version 3709383).
LogModuleManager: Display: Found up-to-date module file ../../../Engine/Plugins/Media/AvfMedia/Binaries/Win64/UE4Editor-AvfMediaFactory.dll (API version 3709383).
LogModuleManager: Display: Found up-to-date module file ../../../Engine/Plugins/Media/ImgMedia/Binaries/Win64/UE4Editor-ImgMedia.dll (API version 3709383).
LogModuleManager: Display: Found up-to-date module file ../../../Engine/Plugins/Media/ImgMedia/Binaries/Win64/UE4Editor-ImgMediaEditor.dll (API version 3709383).
LogModuleManager: Display: Found up-to-date module file ../../../Engine/Plugins/Media/ImgMedia/Binaries/Win64/UE4Editor-ImgMediaFactory.dll (API version 3709383).
LogModuleManager: Display: Found up-to-date module file ../../../Engine/Plugins/Media/ImgMedia/Binaries/Win64/UE4Editor-ImgMediaFactory.dll (API version 3709383).
LogModuleManager: Display: Found up-to-date module file ../../../Engine/Plugins/Media/ImgMedia/Binaries/Win64/UE4Editor-OpenExrWrapper.dll (API version 3709383).
LogModuleManager: Display: Found up-to-date module file ../../../Engine/Plugins/Media/MediaCompositing/Binaries/Win64/UE4Editor-MediaCompositing.dll (API version 3709383).
LogModuleManager: Display: Found up-to-date module file ../../../Engine/Plugins/Media/MediaCompositing/Binaries/Win64/UE4Editor-MediaCompositingEditor.dll (API version 3709383).
LogModuleManager: Display: Found up-to-date module file ../../../Engine/Plugins/Media/MediaPlayerEditor/Binaries/Win64/UE4Editor-MediaPlayerEditor.dll (API version 3709383).
LogModuleManager: Display: Found up-to-date module file ../../../Engine/Plugins/Media/WmfMedia/Binaries/Win64/UE4Editor-WmfMedia.dll (API version 3709383).
LogModuleManager: Display: Found up-to-date module file ../../../Engine/Plugins/Media/WmfMedia/Binaries/Win64/UE4Editor-WmfMediaEditor.dll (API version 3709383).
LogModuleManager: Display: Found up-to-date module file ../../../Engine/Plugins/Media/WmfMedia/Binaries/Win64/UE4Editor-WmfMediaFactory.dll (API version 3709383).
LogModuleManager: Display: Found up-to-date module file ../../../Engine/Plugins/Media/WmfMedia/Binaries/Win64/UE4Editor-WmfMediaFactory.dll (API version 3709383).
LogModuleManager: Display: Found up-to-date module file ../../../Engine/Plugins/Messaging/TcpMessaging/Binaries/Win64/UE4Editor-TcpMessaging.dll (API version 3709383).
LogModuleManager: Display: Found up-to-date module file ../../../Engine/Plugins/Messaging/UdpMessaging/Binaries/Win64/UE4Editor-UdpMessaging.dll (API version 3709383).
LogModuleManager: Display: Found up-to-date module file ../../../Engine/Plugins/MovieScene/ActorSequence/Binaries/Win64/UE4Editor-ActorSequence.dll (API version 3709383).
LogModuleManager: Display: Found up-to-date module file ../../../Engine/Plugins/MovieScene/LevelSequenceEditor/Binaries/Win64/UE4Editor-LevelSequenceEditor.dll (API version 3709383).
LogModuleManager: Display: Found up-to-date module file ../../../Engine/Plugins/MovieScene/MatineeToLevelSequence/Binaries/Win64/UE4Editor-MatineeToLevelSequence.dll (API version 3709383).
LogModuleManager: Display: Found up-to-date module file ../../../Engine/Plugins/Online/OnlineSubsystem/Binaries/Win64/UE4Editor-OnlineSubsystem.dll (API version 3709383).
LogModuleManager: Display: Found up-to-date module file ../../../Engine/Plugins/Runtime/AndroidPermission/Binaries/Win64/UE4Editor-AndroidPermission.dll (API version 3709383).
LogModuleManager: Display: Found up-to-date module file ../../../Engine/Plugins/Online/OnlineSubsystemNull/Binaries/Win64/UE4Editor-OnlineSubsystemNull.dll (API version 3709383).
LogModuleManager: Display: Found up-to-date module file ../../../Engine/Plugins/Online/OnlineSubsystemUtils/Binaries/Win64/UE4Editor-OnlineSubsystemUtils.dll (API version 3709383).
LogModuleManager: Display: Found up-to-date module file ../../../Engine/Plugins/Online/OnlineSubsystemUtils/Binaries/Win64/UE4Editor-OnlineBlueprintSupport.dll (API version 3709383).
LogModuleManager: Display: Found up-to-date module file ../../../Engine/Plugins/Runtime/AndroidDeviceProfileSelector/Binaries/Win64/UE4Editor-AndroidDeviceProfileSelector.dll (API version 3709383).
LogModuleManager: Display: Found up-to-date module file ../../../Engine/Plugins/Runtime/AppleARKit/Binaries/Win64/UE4Editor-AppleARKit.dll (API version 3709383).
LogModuleManager: Display: Found up-to-date module file ../../../Engine/Plugins/Runtime/ArchVisCharacter/Binaries/Win64/UE4Editor-ArchVisCharacter.dll (API version 3709383).
LogModuleManager: Display: Found up-to-date module file ../../../Engine/Plugins/Runtime/CableComponent/Binaries/Win64/UE4Editor-CableComponent.dll (API version 3709383).
LogModuleManager: Display: Found up-to-date module file ../../../Engine/Plugins/Runtime/CustomMeshComponent/Binaries/Win64/UE4Editor-CustomMeshComponent.dll (API version 3709383).
LogModuleManager: Display: Found up-to-date module file ../../../Engine/Plugins/Runtime/ExampleDeviceProfileSelector/Binaries/Win64/UE4Editor-ExampleDeviceProfileSelector.dll (API version 3709383).
LogModuleManager: Display: Found up-to-date module file ../../../Engine/Plugins/Runtime/ImmediatePhysics/Binaries/Win64/UE4Editor-ImmediatePhysics.dll (API version 3709383).
LogModuleManager: Display: Found up-to-date module file ../../../Engine/Plugins/Runtime/ImmediatePhysics/Binaries/Win64/UE4Editor-ImmediatePhysicsEditor.dll (API version 3709383).
LogModuleManager: Display: Found up-to-date module file ../../../Engine/Plugins/Runtime/LocationServicesBPLibrary/Binaries/Win64/UE4Editor-LocationServicesBPLibrary.dll (API version 3709383).
LogModuleManager: Display: Found up-to-date module file ../../../Engine/Plugins/Runtime/MobilePatchingUtils/Binaries/Win64/UE4Editor-MobilePatchingUtils.dll (API version 3709383).
LogModuleManager: Display: Found up-to-date module file ../../../Engine/Plugins/Runtime/Oculus/OculusVR/Binaries/Win64/UE4Editor-OculusHMD.dll (API version 3709383).
LogModuleManager: Display: Found up-to-date module file ../../../Engine/Plugins/Runtime/Oculus/OculusVR/Binaries/Win64/UE4Editor-OculusInput.dll (API version 3709383).
LogModuleManager: Display: Found up-to-date module file ../../../Engine/Plugins/Runtime/Oculus/OculusVR/Binaries/Win64/UE4Editor-OculusEditor.dll (API version 3709383).
LogModuleManager: Display: Found up-to-date module file ../../../Engine/Plugins/Runtime/PhysXVehicles/Binaries/Win64/UE4Editor-PhysXVehicles.dll (API version 3709383).
LogModuleManager: Display: Found up-to-date module file ../../../Engine/Plugins/Runtime/PhysXVehicles/Binaries/Win64/UE4Editor-PhysXVehiclesEditor.dll (API version 3709383).
LogModuleManager: Display: Found up-to-date module file ../../../Engine/Plugins/Runtime/ProceduralMeshComponent/Binaries/Win64/UE4Editor-ProceduralMeshComponent.dll (API version 3709383).
LogModuleManager: Display: Found up-to-date module file ../../../Engine/Plugins/Runtime/ProceduralMeshComponent/Binaries/Win64/UE4Editor-ProceduralMeshComponentEditor.dll (API version 3709383).
LogModuleManager: Display: Found up-to-date module file ../../../Engine/Plugins/Runtime/RuntimePhysXCooking/Binaries/Win64/UE4Editor-RuntimePhysXCooking.dll (API version 3709383).
LogModuleManager: Display: Found up-to-date module file ../../../Engine/Plugins/Runtime/Steam/SteamVR/Binaries/Win64/UE4Editor-SteamVR.dll (API version 3709383).
LogModuleManager: Display: Found up-to-date module file ../../../Engine/Plugins/Runtime/Steam/SteamVR/Binaries/Win64/UE4Editor-SteamVRController.dll (API version 3709383).
LogModuleManager: Display: Found up-to-date module file ../../../Engine/Plugins/Runtime/WindowsMoviePlayer/Binaries/Win64/UE4Editor-WindowsMoviePlayer.dll (API version 3709383).
LogPluginManager: Mounting plugin Paper2D
LogPluginManager: Mounting plugin LightPropagationVolume
LogPluginManager: Mounting plugin CodeLiteSourceCodeAccess
LogPluginManager: Mounting plugin GitSourceControl
LogPluginManager: Mounting plugin KDevelopSourceCodeAccess
LogPluginManager: Mounting plugin NullSourceCodeAccess
LogPluginManager: Mounting plugin PerforceSourceControl
LogPluginManager: Mounting plugin SubversionSourceControl
LogPluginManager: Mounting plugin UObjectPlugin
LogPluginManager: Mounting plugin VisualStudioCodeSourceCodeAccess
LogPluginManager: Mounting plugin VisualStudioSourceCodeAccess
LogPluginManager: Mounting plugin XCodeSourceCodeAccess
LogPluginManager: Mounting plugin AssetManagerEditor
LogPluginManager: Mounting plugin AudioCapture
LogPluginManager: Mounting plugin FacialAnimation
LogPluginManager: Mounting plugin GameplayTagsEditor
LogPluginManager: Mounting plugin MobileLauncherProfileWizard
LogPluginManager: Mounting plugin PluginBrowser
LogPluginManager: Mounting plugin SpeedTreeImporter
LogPluginManager: Mounting plugin AlembicImporter
LogPluginManager: Mounting plugin CharacterAI
LogPluginManager: Mounting plugin HTML5Networking
LogPluginManager: Mounting plugin AndroidMedia
LogPluginManager: Mounting plugin AvfMedia
LogPluginManager: Mounting plugin ImgMedia
LogPluginManager: Mounting plugin MediaCompositing
LogPluginManager: Mounting plugin MediaPlayerEditor
LogPluginManager: Mounting plugin WmfMedia
LogPluginManager: Mounting plugin TcpMessaging
LogPluginManager: Mounting plugin UdpMessaging
LogPluginManager: Mounting plugin ActorSequence
LogPluginManager: Mounting plugin LevelSequenceEditor
LogPluginManager: Mounting plugin MatineeToLevelSequence
LogPluginManager: Mounting plugin OnlineSubsystemGooglePlay
LogPluginManager: Mounting plugin OnlineSubsystemIOS
LogPluginManager: Mounting plugin OnlineSubsystem
LogPluginManager: Mounting plugin OnlineSubsystemNull
LogPluginManager: Mounting plugin OnlineSubsystemUtils
LogPluginManager: Mounting plugin AndroidDeviceProfileSelector
LogPluginManager: Mounting plugin AndroidMoviePlayer
LogPluginManager: Mounting plugin AndroidPermission
LogPluginManager: Mounting plugin AppleARKit
LogPluginManager: Mounting plugin AppleMoviePlayer
LogPluginManager: Mounting plugin ArchVisCharacter
LogPluginManager: Mounting plugin CableComponent
LogPluginManager: Mounting plugin CustomMeshComponent
LogPluginManager: Mounting plugin ExampleDeviceProfileSelector
LogPluginManager: Mounting plugin GoogleCloudMessaging
LogPluginManager: Mounting plugin ImmediatePhysics
LogPluginManager: Mounting plugin IOSDeviceProfileSelector
LogPluginManager: Mounting plugin LinuxDeviceProfileSelector
LogPluginManager: Mounting plugin LocationServicesBPLibrary
LogPluginManager: Mounting plugin MobilePatchingUtils
LogPluginManager: Mounting plugin OculusVR
LogPluginManager: Plugin shader directory ../../../Engine/Plugins/Runtime/Oculus/OculusVR/Shaders found
LogPluginManager: Mapping shader source directory ../../../Engine/Plugins/Runtime/Oculus/OculusVR/Shaders to virtual directory /Plugin/OculusVR
LogPluginManager: Mounting plugin PhysXVehicles
LogPluginManager: Mounting plugin ProceduralMeshComponent
LogPluginManager: Mounting plugin RuntimePhysXCooking
LogPluginManager: Mounting plugin SteamVR
LogPluginManager: Mounting plugin WindowsMoviePlayer
LogInit: Using libcurl 7.47.1
LogInit:  - built for x86_64-pc-win32
LogInit:  - supports SSL with OpenSSL/1.0.2g
LogInit:  - supports HTTP deflate (compression) using libz 1.2.8
LogInit:  - other features:
LogInit:      CURL_VERSION_SSL
LogInit:      CURL_VERSION_LIBZ
LogInit:      CURL_VERSION_IPV6
LogInit:      CURL_VERSION_ASYNCHDNS
LogInit:      CURL_VERSION_LARGEFILE
LogInit:      CURL_VERSION_IDN
LogInit:  CurlRequestOptions (configurable via config and command line):
LogInit:  - bVerifyPeer = false  - Libcurl will NOT verify peer certificate
LogInit:  - bUseHttpProxy = false  - Libcurl will NOT use HTTP proxy
LogInit:  - bDontReuseConnections = false  - Libcurl will reuse connections
LogInit:  - CertBundlePath = nullptr  - Libcurl will use whatever was configured at build time.
LogInit: Build: ++UE4+Release-4.18-CL-3832480
LogInit: Engine Version: 4.18.3-3832480+++UE4+Release-4.18
LogInit: Compatible Engine Version: 4.18.0-3709383+++UE4+Release-4.18
LogInit: Net CL: 3709383
LogDevObjectVersion: Number of dev versions registered: 16
LogDevObjectVersion:   Dev-Blueprints (B0D832E4-1F89-4F0D-ACCF-7EB736FD4AA2): 10
LogDevObjectVersion:   Dev-Build (E1C64328-A22C-4D53-A36C-8E866417BD8C): 0
LogDevObjectVersion:   Dev-Core (375EC13C-06E4-48FB-B500-84F0262A717E): 2
LogDevObjectVersion:   Dev-Editor (E4B068ED-F494-42E9-A231-DA0B2E46BB41): 20
LogDevObjectVersion:   Dev-Framework (CFFC743F-43B0-4480-9391-14DF171D2073): 30
LogDevObjectVersion:   Dev-Mobile (B02B49B5-BB20-44E9-A304-32B752E40360): 0
LogDevObjectVersion:   Dev-Networking (A4E4105C-59A1-49B5-A7C5-40C4547EDFEE): 0
LogDevObjectVersion:   Dev-Online (39C831C9-5AE6-47DC-9A44-9C173E1C8E7C): 0
LogDevObjectVersion:   Dev-Physics (78F01B33-EBEA-4F98-B9B4-84EACCB95AA2): 0
LogDevObjectVersion:   Dev-Platform (6631380F-2D4D-43E0-8009-CF276956A95A): 0
LogDevObjectVersion:   Dev-Rendering (12F88B9F-8875-4AFC-A67C-D90C383ABD29): 20
LogDevObjectVersion:   Dev-Sequencer (7B5AE74C-D270-4C10-A958-57980B212A5A): 4
LogDevObjectVersion:   Dev-VR (D7296918-1DD6-4BDD-9DE2-64A83CC13884): 0
LogDevObjectVersion:   Dev-LoadTimes (C2A15278-BFE7-4AFE-6C17-90FF531DF755): 1
LogDevObjectVersion:   Private-Geometry (6EACA3D4-40EC-4CC1-B786-8BED09428FC5): 1
LogDevObjectVersion:   Dev-AnimPhys (29E575DD-E0A3-4627-9D10-D276232CDCEA): 12
LogInit: Compiled (64-bit): Jan 12 2018 02:04:55
LogInit: Compiled with Visual C++: 19.00.24215.01
LogInit: Build Configuration: Development
LogInit: Branch Name: ++UE4+Release-4.18
LogInit: Command line:  
LogInit: Base directory: C:/Program Files/Epic Games/UE_4.18/Engine/Binaries/Win64/
LogInit: Installed Engine Build: 1
LogInit: Presizing for max 8388607 objects, including 0 objects not considered by GC, pre-allocating 0 bytes for permanent pool.
LogInit: Object subsystem initialized
[2018.04.05-03.52.01:063][  0]LogInit: Selected Device Profile: [Windows]
[2018.04.05-03.52.01:063][  0]LogInit: Applying CVar settings loaded from the selected device profile: [Windows]
[2018.04.05-03.52.01:074][  0]LogInit: Computer: DESKTOP-UNGKE0H
[2018.04.05-03.52.01:074][  0]LogInit: User: lydia
[2018.04.05-03.52.01:074][  0]LogInit: CPU Page size=4096, Cores=2
[2018.04.05-03.52.01:074][  0]LogInit: High frequency timer resolution =2.531250 MHz
[2018.04.05-03.52.01:074][  0]LogMemory: Memory total: Physical=11.9GB (12GB approx)
[2018.04.05-03.52.01:074][  0]LogMemory: Platform Memory Stats for Windows
[2018.04.05-03.52.01:074][  0]LogMemory: Process Physical Memory: 274.82 MB used, 274.82 MB peak
[2018.04.05-03.52.01:074][  0]LogMemory: Process Virtual Memory: 271.68 MB used, 271.68 MB peak
[2018.04.05-03.52.01:074][  0]LogMemory: Physical Memory: 5122.58 MB used,  7029.37 MB free, 12151.95 MB total
[2018.04.05-03.52.01:074][  0]LogMemory: Virtual Memory: 680.67 MB used,  7029.37 MB free, 134217728.00 MB total
[2018.04.05-03.52.01:283][  0]LogInit: Using OS detected language (en-US).
[2018.04.05-03.52.01:283][  0]LogInit: Using OS detected locale (en-US).
[2018.04.05-03.52.01:287][  0]LogTextLocalizationManager: No specific localization for 'en-US' exists, so the 'en' localization will be used.
[2018.04.05-03.52.01:750][  0]LogInit: Setting process to per monitor DPI aware
[2018.04.05-03.52.02:045][  0]LogD3D11RHI: D3D11 adapters:
[2018.04.05-03.52.02:103][  0]LogD3D11RHI:    0. 'NVIDIA GeForce 940MX' (Feature Level 11_0)
[2018.04.05-03.52.02:103][  0]LogD3D11RHI:       2010/0/6075 MB DedicatedVideo/DedicatedSystem/SharedSystem, Outputs:1, VendorId:0x10de
[2018.04.05-03.52.02:112][  0]LogD3D11RHI:    1. 'Intel(R) HD Graphics 520' (Feature Level 11_0)
[2018.04.05-03.52.02:112][  0]LogD3D11RHI:       128/0/6075 MB DedicatedVideo/DedicatedSystem/SharedSystem, Outputs:0, VendorId:0x8086
[2018.04.05-03.52.02:115][  0]LogD3D11RHI:    2. 'Microsoft Basic Render Driver' (Feature Level 11_0)
[2018.04.05-03.52.02:116][  0]LogD3D11RHI:       0/0/6075 MB DedicatedVideo/DedicatedSystem/SharedSystem, Outputs:0, VendorId:0x1414
[2018.04.05-03.52.02:116][  0]LogD3D11RHI: Chosen D3D11 Adapter: 0
[2018.04.05-03.52.02:123][  0]LogD3D11RHI: Creating new Direct3DDevice
[2018.04.05-03.52.02:123][  0]LogD3D11RHI:     GPU DeviceId: 0x179c (for the marketing name, search the web for "GPU Device Id")
[2018.04.05-03.52.02:123][  0]LogWindows: EnumDisplayDevices:
[2018.04.05-03.52.02:123][  0]LogWindows:    0. 'Intel(R) HD Graphics 520' (P:1 D:1)
[2018.04.05-03.52.02:124][  0]LogWindows:    1. 'Intel(R) HD Graphics 520' (P:0 D:0)
[2018.04.05-03.52.02:124][  0]LogWindows:    2. 'Intel(R) HD Graphics 520' (P:0 D:0)
[2018.04.05-03.52.02:124][  0]LogWindows: DebugString: GetVideoDriverDetailsInvalid PrimaryIsNotTheChoosenAdapter GetVideoDriverDetailsInvalid PrimaryIsNotTheChoosenAdapter GetVideoDriverDetailsInvalid PrimaryIsNotTheChoosenAdapter FoundDriverCount:0 
[2018.04.05-03.52.02:124][  0]LogD3D11RHI:     Adapter Name: NVIDIA GeForce 940MX
[2018.04.05-03.52.02:124][  0]LogD3D11RHI:   Driver Version: Unknown (internal:Unknown, unified:Unknown)
[2018.04.05-03.52.02:124][  0]LogD3D11RHI:      Driver Date: Unknown
[2018.04.05-03.52.02:124][  0]LogRHI: Texture pool is 1407 MB (70% of 2010 MB)
[2018.04.05-03.52.02:160][  0]LogD3D11RHI: Async texture creation enabled
[2018.04.05-03.52.02:183][  0]LogD3D11RHI: GPU Timing Frequency: 1000.000000 (Debug: 2 2)
[2018.04.05-03.52.02:183][  0]LogShaderCompilers: Guid format shader working directory is -36 characters bigger than the processId version (../../../../../../Users/lydia/Desktop/Lydia/Chris/GitHub/Art-Thief/ArtThiefMuseum/Intermediate/Shaders/WorkingDirectory/15648/).
[2018.04.05-03.52.02:184][  0]LogShaderCompilers: Cleaned the shader compiler working directory 'C:/Users/lydia/AppData/Local/Temp/UnrealShaderWorkingDir/D4FD3DA242E0B7072F5F55ADD41EFA2D/'.
[2018.04.05-03.52.02:184][  0]LogShaderCompilers: Display: Using Local Shader Compiler.
[2018.04.05-03.52.03:433][  0]LogTemp: Display: Loaded TP AllDesktopTargetPlatform
[2018.04.05-03.52.03:490][  0]LogTemp: Display: Loaded TP MacClientTargetPlatform
[2018.04.05-03.52.03:547][  0]LogTemp: Display: Loaded TP MacNoEditorTargetPlatform
[2018.04.05-03.52.03:605][  0]LogTemp: Display: Loaded TP MacServerTargetPlatform
[2018.04.05-03.52.03:666][  0]LogTemp: Display: Loaded TP MacTargetPlatform
[2018.04.05-03.52.03:727][  0]LogTemp: Display: Loaded TP WindowsClientTargetPlatform
[2018.04.05-03.52.03:784][  0]LogTemp: Display: Loaded TP WindowsNoEditorTargetPlatform
[2018.04.05-03.52.03:841][  0]LogTemp: Display: Loaded TP WindowsServerTargetPlatform
[2018.04.05-03.52.03:893][  0]LogTemp: Display: Loaded TP WindowsTargetPlatform
[2018.04.05-03.52.03:949][  0]LogTemp: Display: Loaded TP Android_ASTCTargetPlatform
[2018.04.05-03.52.04:007][  0]LogTemp: Display: Loaded TP Android_ATCTargetPlatform
[2018.04.05-03.52.04:066][  0]LogTemp: Display: Loaded TP Android_DXTTargetPlatform
[2018.04.05-03.52.04:124][  0]LogTemp: Display: Loaded TP Android_ETC1TargetPlatform
[2018.04.05-03.52.04:186][  0]LogTemp: Display: Loaded TP Android_ETC2TargetPlatform
[2018.04.05-03.52.04:303][  0]LogTemp: Display: Loaded TP Android_MultiTargetPlatform
[2018.04.05-03.52.04:303][  0]LogTemp: Display: Loaded TP Android_PVRTCTargetPlatform
[2018.04.05-03.52.04:361][  0]LogTemp: Display: Loaded TP AndroidTargetPlatform
[2018.04.05-03.52.04:407][  0]LogTemp: Display: Loaded TP HTML5TargetPlatform
[2018.04.05-03.52.04:509][  0]LogTemp: Display: Loaded TP IOSTargetPlatform
[2018.04.05-03.52.04:539][  0]LogTemp: Display: Loaded TP TVOSTargetPlatform
[2018.04.05-03.52.04:595][  0]LogTemp: Display: Loaded TP LinuxClientTargetPlatform
[2018.04.05-03.52.04:650][  0]LogTemp: Display: Loaded TP LinuxNoEditorTargetPlatform
[2018.04.05-03.52.04:709][  0]LogTemp: Display: Loaded TP LinuxServerTargetPlatform
[2018.04.05-03.52.04:764][  0]LogTemp: Display: Loaded TP LinuxTargetPlatform
[2018.04.05-03.52.04:764][  0]LogTargetPlatformManager: Display: Building Assets For Windows
[2018.04.05-03.52.05:311][  0]LogDerivedDataCache: Display: Max Cache Size: 512 MB
[2018.04.05-03.52.05:399][  0]LogDerivedDataCache: Loaded boot cache 0.09s 78MB C:/Users/lydia/AppData/Local/UnrealEngine/4.18/DerivedDataCache/Boot.ddc.
[2018.04.05-03.52.05:399][  0]LogDerivedDataCache: Display: Loaded Boot cache: C:/Users/lydia/AppData/Local/UnrealEngine/4.18/DerivedDataCache/Boot.ddc
[2018.04.05-03.52.05:399][  0]LogDerivedDataCache: FDerivedDataBackendGraph:  Pak pak cache file ../../../../../../Users/lydia/Desktop/Lydia/Chris/GitHub/Art-Thief/ArtThiefMuseum/DerivedDataCache/DDC.ddp not found, will not use a pak cache.
[2018.04.05-03.52.05:399][  0]LogDerivedDataCache: Unable to find inner node Pak for hierarchical cache Hierarchy.
[2018.04.05-03.52.05:399][  0]LogDerivedDataCache: FDerivedDataBackendGraph:  CompressedPak pak cache file ../../../../../../Users/lydia/Desktop/Lydia/Chris/GitHub/Art-Thief/ArtThiefMuseum/DerivedDataCache/Compressed.ddp not found, will not use a pak cache.
[2018.04.05-03.52.05:399][  0]LogDerivedDataCache: Unable to find inner node CompressedPak for hierarchical cache Hierarchy.
[2018.04.05-03.52.05:417][  0]LogDerivedDataCache: Display: Pak cache opened for reading ../../../Engine/DerivedDataCache/Compressed.ddp.
[2018.04.05-03.52.05:430][  0]LogDerivedDataCache: Using Local data cache path C:/Users/lydia/AppData/Local/UnrealEngine/Common/DerivedDataCache: Writable
[2018.04.05-03.52.05:441][  0]LogMaterial: Verifying Global Shaders for PCD3D_SM5
[2018.04.05-03.52.05:441][  0]LogSlate: Using Freetype 2.6.0
[2018.04.05-03.52.05:442][  0]LogSlate: SlateFontCache - WITH_FREETYPE: 1, WITH_HARFBUZZ: 1
[2018.04.05-03.52.05:442][  0]LogSlate: SlateFontCache - WITH_FREETYPE: 1, WITH_HARFBUZZ: 1
[2018.04.05-03.52.05:865][  0]LogInit: Selected Device Profile: [Windows]
[2018.04.05-03.52.06:259][  0]LogSimplygon: Simplygon DLL not present - disabling.
[2018.04.05-03.52.06:307][  0]LogMeshReduction: Using SimplygonSwarm for distributed automatic mesh merging
[2018.04.05-03.52.06:307][  0]LogMeshReduction: Using QuadricMeshReduction for automatic static mesh reduction
[2018.04.05-03.52.06:307][  0]LogMeshReduction: No automatic skeletal mesh reduction module available
[2018.04.05-03.52.06:307][  0]LogMeshReduction: No automatic mesh merging module available
[2018.04.05-03.52.06:307][  0]LogMeshMerging: No automatic mesh merging module available
[2018.04.05-03.52.06:342][  0]LogNetVersion: ArtThiefMuseum , NetCL: 3709383, EngineNetVer: 2, GameNetVer: 0 (Checksum: 2922769132)
[2018.04.05-03.52.06:542][  0]LogAssetRegistry: FAssetRegistry took 0.0269 seconds to start up
[2018.04.05-03.52.07:181][  0]LogPackageLocalizationCache: Processed 7 localized package path(s) for 2 prioritized culture(s) in 0.108449 seconds
[2018.04.05-03.52.07:188][  0]LogUObjectArray: 35870 objects as part of root set at end of initial load.
[2018.04.05-03.52.07:188][  0]LogUObjectAllocator: 7363696 out of 0 bytes used by permanent object pool.
[2018.04.05-03.52.07:188][  0]LogUObjectArray: CloseDisregardForGC: 0/0 objects in disregard for GC pool
[2018.04.05-03.52.07:248][  0]LogInit: WinSock: version 1.1 (2.2), MaxSocks=32767, MaxUdp=65467
[2018.04.05-03.52.10:493][  0]LogTcpMessaging: Initializing TcpMessaging bridge
[2018.04.05-03.52.10:546][  0]LogUdpMessaging: Initializing bridge on interface 0.0.0.0:0 to multicast group 230.0.0.1:6666.
[2018.04.05-03.52.11:374][  0]LogMaterial: Uniform references updated for custom material expression Custom.
[2018.04.05-03.52.11:899][  0]SourceControl: Source control is disabled
[2018.04.05-03.52.13:010][  0]LogAndroidPermission: UAndroidPermissionCallbackProxy::GetInstance
[2018.04.05-03.52.13:331][  0]LogOcInput: OculusInput pre-init called
[2018.04.05-03.52.13:670][  0]LogEngine: Initializing Engine...
[2018.04.05-03.52.13:672][  0]LogHMD: Failed to initialize OpenVR with code 110
[2018.04.05-03.52.13:927][  0]LogStats: UGameplayTagsManager::ConstructGameplayTagTree: Construct from data asset -  0.000 s
[2018.04.05-03.52.13:928][  0]LogStats: UGameplayTagsManager::ConstructGameplayTagTree: GameplayTagTreeChangedEvent.Broadcast -  0.000 s
[2018.04.05-03.52.14:078][  0]LogAIModule: Creating AISystem for world Untitled
[2018.04.05-03.52.14:090][  0]LogInit: XAudio2 using 'Speakers (Realtek High Definition Audio)' : 2 channels at 48 kHz using 32 bits per sample (channel mask 0x3)
[2018.04.05-03.52.14:275][  0]LogInit: FAudioDevice initialized.
[2018.04.05-03.52.14:390][  0]LogDerivedDataCache: Saved boot cache 0.11s 78MB C:/Users/lydia/AppData/Local/UnrealEngine/4.18/DerivedDataCache/Boot.ddc.
[2018.04.05-03.52.14:401][  0]LogInit: Texture streaming: Enabled
[2018.04.05-03.52.14:519][  0]LogEngineSessionManager: EngineSessionManager initialized
[2018.04.05-03.52.14:673][  0]LogInit: Transaction tracking system initialized
[2018.04.05-03.52.15:049][  0]BlueprintLog: New page: Editor Load
[2018.04.05-03.52.16:113][  0]LocalizationService: Localization service is disabled
[2018.04.05-03.52.16:983][  0]LogConsoleResponse: Display: 
[2018.04.05-03.52.17:217][  0]LogCook: Display: Max memory allowance for cook 16384mb min free memory 0mb
[2018.04.05-03.52.17:218][  0]LogCook: Display: Mobile HDR setting 1
[2018.04.05-03.52.17:218][  0]LogGameplayTags: Display: UGameplayTagsManager::DoneAddingNativeTags. DelegateIsBound: 0
[2018.04.05-03.52.17:413][  0]LogFileCache: Scanning file cache for directory 'C:/Users/lydia/Desktop/Lydia/Chris/GitHub/Art-Thief/ArtThiefMuseum/Content/' took 0.02s
[2018.04.05-03.52.18:649][  0]Cmd: MAP LOAD FILE="../../../../../../Users/lydia/Desktop/Lydia/Chris/GitHub/Art-Thief/ArtThiefMuseum/Content/StarterContent/Maps/Minimal_Default.umap" TEMPLATE=0 SHOWPROGRESS=1 FEATURELEVEL=3
[2018.04.05-03.52.18:650][  0]LightingResults: New page: Lighting Build
[2018.04.05-03.52.18:699][  0]MapCheck: New page: Map Check
[2018.04.05-03.52.18:699][  0]LightingResults: New page: Lighting Build
[2018.04.05-03.52.19:737][  0]LogAIModule: Creating AISystem for world Minimal_Default
[2018.04.05-03.52.19:755][  0]LogEditorServer: Finished looking for orphan Actors (0.000 secs)
[2018.04.05-03.52.19:770][  0]Cmd: MAP CHECKDEP NOCLEARLOG
[2018.04.05-03.52.19:839][  0]MapCheck: Map check complete: 0 Error(s), 0 Warning(s), took 69.275ms to complete.
[2018.04.05-03.52.19:839][  0]LogFileHelpers: Loading map 'Minimal_Default' took 1.190
[2018.04.05-03.52.19:926][  0]LogWindowsTextInputMethodSystem: Display: IME system now deactivated.
[2018.04.05-03.52.19:926][  0]LogWindowsTextInputMethodSystem: Display: IME system now deactivated.
[2018.04.05-03.52.20:073][  0]LogCollectionManager: Loaded 0 collections in 0.002342 seconds
[2018.04.05-03.52.20:164][  0]LogFileCache: Scanning file cache for directory 'C:/Users/lydia/Desktop/Lydia/Chris/GitHub/Art-Thief/ArtThiefMuseum/Saved/Collections/' took 0.01s
[2018.04.05-03.52.20:164][  0]LogFileCache: Scanning file cache for directory 'C:/Users/lydia/Desktop/Lydia/Chris/GitHub/Art-Thief/ArtThiefMuseum/Content/Developers/lydia/Collections/' took 0.01s
[2018.04.05-03.52.20:164][  0]LogFileCache: Scanning file cache for directory 'C:/Users/lydia/Desktop/Lydia/Chris/GitHub/Art-Thief/ArtThiefMuseum/Content/Collections/' took 0.01s
[2018.04.05-03.52.20:164][  0]LogCollectionManager: Rebuilt the GUID cache for 0 collections in 0.000000 seconds
[2018.04.05-03.52.20:173][  0]LogContentBrowser: Native class hierarchy populated in 0.0085 seconds. Added 2364 classes and 521 folders.
[2018.04.05-03.52.20:250][  0]LogContentBrowser: Native class hierarchy updated for 'WidgetCarousel' in 0.0003 seconds. Added 0 classes and 0 folders.
[2018.04.05-03.52.20:296][  0]LogContentBrowser: Native class hierarchy updated for 'AddContentDialog' in 0.0003 seconds. Added 0 classes and 0 folders.
[2018.04.05-03.52.20:313][  0]LogSlate: Took 0.000186 seconds to synchronously load lazily loaded font '../../../Engine/Content/Slate/Fonts/Roboto-Regular.ttf' (155K)
[2018.04.05-03.52.20:316][  0]LogSlate: Took 0.000244 seconds to synchronously load lazily loaded font '../../../Engine/Content/Slate/Fonts/Roboto-Bold.ttf' (160K)
[2018.04.05-03.52.20:321][  0]LogSlate: Took 0.000179 seconds to synchronously load lazily loaded font '../../../Engine/Content/Editor/Slate/Fonts/FontAwesome.ttf' (139K)
[2018.04.05-03.52.20:437][  0]LogRenderer: Reallocating scene render targets to support 852x384 Format 10 NumSamples 1 (Frame:1).
[2018.04.05-03.52.20:656][  0]LogContentBrowser: Native class hierarchy updated for 'HierarchicalLODOutliner' in 0.0003 seconds. Added 1 classes and 2 folders.
[2018.04.05-03.52.20:656][  0]LogLoad: (Engine Initialization) Total time: 22.24 seconds
[2018.04.05-03.52.20:656][  0]LogLoad: (Engine Initialization) Total Blueprint compile time: 0.00 seconds
[2018.04.05-03.52.20:656][  0]LogExternalProfiler: No external profilers were discovered.  External profiling features will not be available.
[2018.04.05-03.52.20:692][  0]LogContentStreaming: Texture pool size now 1000 MB
[2018.04.05-03.52.20:729][  1]LogAssetRegistry: Asset discovery search completed in 14.2094 seconds
[2018.04.05-03.52.20:731][  1]LogCollectionManager: Rebuilt the object cache for 0 collections in 0.000000 seconds (found 0 objects)
[2018.04.05-03.52.20:731][  1]LogCollectionManager: Fixed up redirectors for 0 collections in 0.000059 seconds (updated 0 objects)
[2018.04.05-03.52.21:696][ 49]LogSlate: Took 0.000181 seconds to synchronously load lazily loaded font '../../../Engine/Content/Slate/Fonts/Roboto-Light.ttf' (159K)
[2018.04.05-03.52.24:721][230]LogSlate: Took 0.000119 seconds to synchronously load lazily loaded font '../../../Engine/Content/Slate/Fonts/Roboto-Light.ttf' (159K)
[2018.04.05-04.23.53:733][162]MapCheck: New page: Map Check
[2018.04.05-04.23.53:752][162]Cmd: MAP REBUILD ALLVISIBLE
[2018.04.05-04.23.53:752][162]LogEditorServer: Rebuildmap Clear paths rebuilt
[2018.04.05-04.23.53:776][162]LightingResults: New page: Lighting Build - Apr 4, 2018, 4:23:53 PM
[2018.04.05-04.23.53:822][162]LogSwarmInterface: [OpenConnection] Registering TCP channel ...
[2018.04.05-04.23.53:945][162]LogSwarmInterface: [OpenConnection] Connecting to agent ...
[2018.04.05-04.23.53:958][162]LogSwarmInterface: [TryOpenConnection] Testing the Agent
[2018.04.05-04.23.54:466][162]LogSwarmInterface: [TryOpenConnection] Opening Connection to Agent
[2018.04.05-04.23.54:466][162]LogSwarmInterface: [TryOpenConnection] Local Process ID is 15648
[2018.04.05-04.23.56:886][162]LogStaticLightingSystem: Warning: No importance volume found, so the scene bounding box was used.  You can optimize your scene's quality and lighting build times by adding importance volumes.
[2018.04.05-04.23.56:887][162]LogStaticLightingSystem: Running Lightmass w/ ImmediateImport mode ENABLED
[2018.04.05-04.23.56:887][162]LogStaticLightingSystem: Running Lightmass w/ ImmediateProcess mode ENABLED
[2018.04.05-04.23.56:887][162]LogStaticLightingSystem: Running Lightmass w/ Sorting mode ENABLED
[2018.04.05-04.23.56:887][162]LogStaticLightingSystem: Running Lightmass w/ Mapping paddings ENABLED
[2018.04.05-04.23.56:887][162]LogStaticLightingSystem: Running Lightmass w/ Mapping debug paddings DISABLED
[2018.04.05-04.23.57:044][162]LogEditorBuildUtils: Build time 0:03
[2018.04.05-04.24.09:959][806]Cmd: CAMERA ALIGN ACTIVEVIEWPORTONLY
[2018.04.05-04.24.46:482][681]LogSlate: Took 0.000168 seconds to synchronously load lazily loaded font '../../../Engine/Content/Slate/Fonts/Roboto-Light.ttf' (159K)
[2018.04.05-04.24.46:796][681]LogSavePackage: Save=238.15ms
[2018.04.05-04.24.46:796][681]LogSavePackage: Moving '../../../../../../Users/lydia/Desktop/Lydia/Chris/GitHub/Art-Thief/ArtThiefMuseum/Saved/Minimal_Default_Auto160CDDD9742366081EC548DAA85D7E21A.tmp' to '../../../../../../Users/lydia/Desktop/Lydia/Chris/GitHub/Art-Thief/ArtThiefMuseum/Saved/Autosaves/Game/StarterContent/Maps/Minimal_Default_Auto1.umap'
[2018.04.05-04.24.46:798][681]LogSavePackage: Display: Finished SavePackage ../../../../../../Users/lydia/Desktop/Lydia/Chris/GitHub/Art-Thief/ArtThiefMuseum/Saved/Autosaves/Game/StarterContent/Maps/Minimal_Default_Auto1.umap
[2018.04.05-04.24.46:801][681]LogFileHelpers: Editor autosave (incl. sublevels) for '/Game/StarterContent/Maps/Minimal_Default' took 0.280
[2018.04.05-04.24.46:801][681]LogFileHelpers: Editor autosave (incl. sublevels) for all levels took 0.280
[2018.04.05-04.24.49:248][793]Job is a success!
[2018.04.05-04.24.49:449][794]LogVolumetricLightmapImport: Imported Volumetric Lightmap in 0.094s
[2018.04.05-04.24.49:449][794]LogVolumetricLightmapImport:      Indirection Texture 32x32x32 = 0.1Mb
[2018.04.05-04.24.49:449][794]LogVolumetricLightmapImport:      BrickData 1280x10x5 = 2.0Mb
[2018.04.05-04.24.49:449][794]LogVolumetricLightmapImport:      Bricks at Level
[2018.04.05-04.24.49:449][794]LogVolumetricLightmapImport:          0: 1.8% covering 100.0% of volume
[2018.04.05-04.24.49:449][794]LogVolumetricLightmapImport:          1: 4.3% covering 3.7% of volume
[2018.04.05-04.24.49:449][794]LogVolumetricLightmapImport:          2: 93.9% covering 1.3% of volume
[2018.04.05-04.24.52:536][794]LogTexture: Display: Building textures: SkyOcclusion0_1 (AutoDXT, 1024X512)
[2018.04.05-04.24.52:536][794]LogTexture: Display: Building textures: HQ_Lightmap0_1 (AutoDXT, 1024X1024)
[2018.04.05-04.24.52:536][794]LogTexture: Display: Building textures: LQ_Lightmap_0_1 (DXT1, 1024X1024)
[2018.04.05-04.24.52:536][794]LogTexture: Display: Building textures: SkyOcclusion0_2 (AutoDXT, 1024X512)
[2018.04.05-04.24.52:536][794]LogTexture: Display: Building textures: HQ_Lightmap0_2 (AutoDXT, 1024X1024)
[2018.04.05-04.24.52:536][794]LogTexture: Display: Building textures: LQ_Lightmap_0_2 (DXT1, 1024X1024)
[2018.04.05-04.24.52:536][794]LogTexture: Display: Building textures: SkyOcclusion1_3 (AutoDXT, 1024X512)
[2018.04.05-04.24.52:536][794]LogTexture: Display: Building textures: HQ_Lightmap1_3 (AutoDXT, 1024X1024)
[2018.04.05-04.24.52:536][794]LogTexture: Display: Building textures: LQ_Lightmap_1_3 (DXT1, 1024X1024)
[2018.04.05-04.24.52:936][794]LogTexture: Display: Building textures: ShadowMapTexture2D_0 (BGRA8, 1024X1024)
[2018.04.05-04.24.52:979][794]LogTexture: Display: Building textures: ShadowMapTexture2D_1 (BGRA8, 512X1024)
[2018.04.05-04.24.53:011][794]Lightmass on DESKTOP-UNGKE0H: 55.2 sec total, 138 ms importing, 16 ms setup, 20.5 sec photons, 34.4 sec processing, 0 ms extra exporting [27/27 mappings]. Threads: 2:17 min total, 1:19 min processing.
[2018.04.05-04.24.53:052][794]LogStaticLightingSystem: Illumination: 59.2 sec (2.89 sec encoding lightmaps, 437 ms encoding shadowmaps)
[2018.04.05-04.24.53:052][794]LogStaticLightingSystem: Lightmap texture memory:  8.0 MB (5.3 MB streaming, 2.7 MB non-streaming), 6 textures
[2018.04.05-04.24.53:053][794]LogStaticLightingSystem: Shadowmap texture memory: 8.0 MB (5.3 MB streaming, 2.7 MB non-streaming), 2 textures
[2018.04.05-04.24.53:903][794]DumpUnbuiltLightIteractions
[2018.04.05-04.24.53:903][794]Lights with unbuilt interactions: 0
[2018.04.05-04.24.53:903][794]
[2018.04.05-04.24.53:903][794]Primitives with unbuilt interactions: 0
[2018.04.05-04.24.53:915][795]Cmd: MAP CHECK NOTIFYRESULTS
[2018.04.05-04.24.53:916][795]MapCheck: New page: Minimal_Default - Apr 4, 2018, 4:24:53 PM
[2018.04.05-04.24.54:010][795]MapCheck: Map check complete: 0 Error(s), 0 Warning(s), took 94.53ms to complete.
[2018.04.05-04.34.52:038][591]LogSavePackage: Save=344.26ms
[2018.04.05-04.34.52:038][591]LogSavePackage: Moving '../../../../../../Users/lydia/Desktop/Lydia/Chris/GitHub/Art-Thief/ArtThiefMuseum/Saved/Minimal_Default_Auto21A2567D949313CEFA60013A2D9CFC3B9.tmp' to '../../../../../../Users/lydia/Desktop/Lydia/Chris/GitHub/Art-Thief/ArtThiefMuseum/Saved/Autosaves/Game/StarterContent/Maps/Minimal_Default_Auto2.umap'
[2018.04.05-04.34.52:042][591]LogSavePackage: Display: Finished SavePackage ../../../../../../Users/lydia/Desktop/Lydia/Chris/GitHub/Art-Thief/ArtThiefMuseum/Saved/Autosaves/Game/StarterContent/Maps/Minimal_Default_Auto2.umap
[2018.04.05-04.34.52:044][591]LogFileHelpers: Editor autosave (incl. sublevels) for '/Game/StarterContent/Maps/Minimal_Default' took 0.384
[2018.04.05-04.34.52:044][591]LogFileHelpers: Editor autosave (incl. sublevels) for all levels took 0.384
[2018.04.05-04.34.52:048][591]OBJ SavePackage: Generating thumbnails for [0] asset(s) in package [/Game/StarterContent/Maps/Minimal_Default_BuiltData] ([1] browsable assets)...
[2018.04.05-04.34.52:048][591]OBJ SavePackage: Finished generating thumbnails for package [/Game/StarterContent/Maps/Minimal_Default_BuiltData]
[2018.04.05-04.34.52:103][591]LogSavePackage: Save=35.55ms
[2018.04.05-04.34.52:104][591]LogSavePackage: Moving '../../../../../../Users/lydia/Desktop/Lydia/Chris/GitHub/Art-Thief/ArtThiefMuseum/Saved/Minimal_Default_BuiltData_Auto2D41D12DF4E989863A41B8D9D64344A57.tmp' to '../../../../../../Users/lydia/Desktop/Lydia/Chris/GitHub/Art-Thief/ArtThiefMuseum/Saved/Autosaves/Game/StarterContent/Maps/Minimal_Default_BuiltData_Auto2.uasset'
[2018.04.05-04.34.52:106][591]LogSavePackage: Display: Finished SavePackage ../../../../../../Users/lydia/Desktop/Lydia/Chris/GitHub/Art-Thief/ArtThiefMuseum/Saved/Autosaves/Game/StarterContent/Maps/Minimal_Default_BuiltData_Auto2.uasset
[2018.04.05-04.34.52:106][591]LogFileHelpers: Auto-saving content packages took 0.060
[2018.04.05-05.30.32:234][437]Cmd: TRANSACTION UNDO
[2018.04.05-05.30.32:234][437]LogEditorTransaction: Undo Edit Intensity
[2018.04.05-05.30.42:283][  8]Cmd: TRANSACTION UNDO
[2018.04.05-05.30.42:283][  8]LogEditorTransaction: Undo Edit Attenuation Radius
[2018.04.05-05.30.43:214][ 60]Cmd: TRANSACTION UNDO
[2018.04.05-05.30.43:215][ 60]LogEditorTransaction: Undo Edit Attenuation Radius
[2018.04.05-05.30.55:892][799]MapCheck: New page: Map Check
[2018.04.05-05.30.55:910][799]Cmd: MAP REBUILD ALLVISIBLE
[2018.04.05-05.30.55:910][799]LogEditorServer: Rebuildmap Clear paths rebuilt
[2018.04.05-05.30.55:927][799]LightingResults: New page: Lighting Build - Apr 4, 2018, 5:30:55 PM
[2018.04.05-05.30.55:935][799]LogSwarmInterface: [OpenConnection] Registering TCP channel ...
[2018.04.05-05.30.55:938][799]LogSwarmInterface: [OpenConnection] Connecting to agent ...
[2018.04.05-05.30.55:938][799]LogSwarmInterface: [TryOpenConnection] Testing the Agent
[2018.04.05-05.30.55:939][799]LogSwarmInterface: [TryOpenConnection] Opening Connection to Agent
[2018.04.05-05.30.55:939][799]LogSwarmInterface: [TryOpenConnection] Local Process ID is 15648
[2018.04.05-05.31.00:452][799]LogStaticLightingSystem: Warning: No importance volume found, so the scene bounding box was used.  You can optimize your scene's quality and lighting build times by adding importance volumes.
[2018.04.05-05.31.00:453][799]LogStaticLightingSystem: Running Lightmass w/ ImmediateImport mode ENABLED
[2018.04.05-05.31.00:453][799]LogStaticLightingSystem: Running Lightmass w/ ImmediateProcess mode ENABLED
[2018.04.05-05.31.00:453][799]LogStaticLightingSystem: Running Lightmass w/ Sorting mode ENABLED
[2018.04.05-05.31.00:453][799]LogStaticLightingSystem: Running Lightmass w/ Mapping paddings ENABLED
[2018.04.05-05.31.00:453][799]LogStaticLightingSystem: Running Lightmass w/ Mapping debug paddings DISABLED
[2018.04.05-05.31.00:592][799]LogEditorBuildUtils: Build time 0:04
[2018.04.05-05.31.04:706][  3]Cmd: DELETE
[2018.04.05-05.31.04:706][  3]Cmd: ACTOR DELETE
[2018.04.05-05.31.04:878][  3]LogEditorActor: Deleted Actor: PointLight
[2018.04.05-05.31.04:895][  3]LogEditorActor: Deleted 1 Actors (0.189 secs)
[2018.04.05-05.31.12:236][409]Cmd: TRANSACTION UNDO
[2018.04.05-05.31.12:236][409]LogEditorTransaction: Undo Delete Actors
[2018.04.05-05.31.16:354][625]MapCheck: New page: Map Check
[2018.04.05-05.31.16:370][625]Cmd: MAP REBUILD ALLVISIBLE
[2018.04.05-05.31.16:370][625]LogEditorServer: Rebuildmap Clear paths rebuilt
[2018.04.05-05.31.16:395][625]LogStaticLightingSystem: Warning: Failed to build lighting!!! A lighting build is already in progress! Please cancel it before triggering a new build.
[2018.04.05-05.31.16:471][625]Job has failed! Job is closed while Tasks are still PENDING
[2018.04.05-05.31.16:482][625]LogEditorBuildUtils: Build time 0:00
[2018.04.05-05.31.20:480][841]MapCheck: New page: Map Check
[2018.04.05-05.31.20:495][841]Cmd: MAP REBUILD ALLVISIBLE
[2018.04.05-05.31.20:495][841]LogEditorServer: Rebuildmap Clear paths rebuilt
[2018.04.05-05.31.20:514][841]LightingResults: New page: Lighting Build - Apr 4, 2018, 5:31:20 PM
[2018.04.05-05.31.20:526][841]LogSwarmInterface: [OpenConnection] Registering TCP channel ...
[2018.04.05-05.31.20:529][841]LogSwarmInterface: [OpenConnection] Connecting to agent ...
[2018.04.05-05.31.20:529][841]LogSwarmInterface: [TryOpenConnection] Testing the Agent
[2018.04.05-05.31.20:529][841]LogSwarmInterface: [TryOpenConnection] Opening Connection to Agent
[2018.04.05-05.31.20:530][841]LogSwarmInterface: [TryOpenConnection] Local Process ID is 15648
[2018.04.05-05.31.25:039][841]LogStaticLightingSystem: Warning: No importance volume found, so the scene bounding box was used.  You can optimize your scene's quality and lighting build times by adding importance volumes.
[2018.04.05-05.31.25:039][841]LogStaticLightingSystem: Running Lightmass w/ ImmediateImport mode ENABLED
[2018.04.05-05.31.25:040][841]LogStaticLightingSystem: Running Lightmass w/ ImmediateProcess mode ENABLED
[2018.04.05-05.31.25:040][841]LogStaticLightingSystem: Running Lightmass w/ Sorting mode ENABLED
[2018.04.05-05.31.25:040][841]LogStaticLightingSystem: Running Lightmass w/ Mapping paddings ENABLED
[2018.04.05-05.31.25:040][841]LogStaticLightingSystem: Running Lightmass w/ Mapping debug paddings DISABLED
[2018.04.05-05.31.25:111][841]LogEditorBuildUtils: Build time 0:04
[2018.04.05-05.31.51:793][ 72]LogSavePackage: Save=490.83ms
[2018.04.05-05.31.51:793][ 72]LogSavePackage: Moving '../../../../../../Users/lydia/Desktop/Lydia/Chris/GitHub/Art-Thief/ArtThiefMuseum/Saved/Minimal_Default_Auto3E146D002483A7CFB144E2BA01F8F9CC2.tmp' to '../../../../../../Users/lydia/Desktop/Lydia/Chris/GitHub/Art-Thief/ArtThiefMuseum/Saved/Autosaves/Game/StarterContent/Maps/Minimal_Default_Auto3.umap'
[2018.04.05-05.31.51:797][ 72]LogSavePackage: Display: Finished SavePackage ../../../../../../Users/lydia/Desktop/Lydia/Chris/GitHub/Art-Thief/ArtThiefMuseum/Saved/Autosaves/Game/StarterContent/Maps/Minimal_Default_Auto3.umap
[2018.04.05-05.31.51:800][ 72]LogFileHelpers: Editor autosave (incl. sublevels) for '/Game/StarterContent/Maps/Minimal_Default' took 0.539
[2018.04.05-05.31.51:800][ 72]LogFileHelpers: Editor autosave (incl. sublevels) for all levels took 0.539
[2018.04.05-05.32.05:168][113]Job is a success!
[2018.04.05-05.32.05:687][114]LogVolumetricLightmapImport: Imported Volumetric Lightmap in 0.132s
[2018.04.05-05.32.05:687][114]LogVolumetricLightmapImport:      Indirection Texture 32x32x32 = 0.1Mb
[2018.04.05-05.32.05:687][114]LogVolumetricLightmapImport:      BrickData 1280x10x5 = 2.0Mb
[2018.04.05-05.32.05:687][114]LogVolumetricLightmapImport:      Bricks at Level
[2018.04.05-05.32.05:687][114]LogVolumetricLightmapImport:          0: 1.8% covering 100.0% of volume
[2018.04.05-05.32.05:687][114]LogVolumetricLightmapImport:          1: 4.3% covering 3.7% of volume
[2018.04.05-05.32.05:687][114]LogVolumetricLightmapImport:          2: 93.8% covering 1.3% of volume
[2018.04.05-05.32.08:880][114]LogTexture: Display: Building textures: SkyOcclusion1_1 (AutoDXT, 1024X512)
[2018.04.05-05.32.08:880][114]LogTexture: Display: Building textures: HQ_Lightmap1_1 (AutoDXT, 1024X1024)
[2018.04.05-05.32.08:880][114]LogTexture: Display: Building textures: LQ_Lightmap_1_1 (DXT1, 1024X1024)
[2018.04.05-05.32.08:880][114]LogTexture: Display: Building textures: SkyOcclusion1_2 (AutoDXT, 1024X512)
[2018.04.05-05.32.08:880][114]LogTexture: Display: Building textures: HQ_Lightmap1_2 (AutoDXT, 1024X1024)
[2018.04.05-05.32.08:880][114]LogTexture: Display: Building textures: LQ_Lightmap_1_2 (DXT1, 1024X1024)
[2018.04.05-05.32.08:880][114]LogTexture: Display: Building textures: SkyOcclusion0_3 (AutoDXT, 1024X512)
[2018.04.05-05.32.08:880][114]LogTexture: Display: Building textures: HQ_Lightmap0_3 (AutoDXT, 1024X1024)
[2018.04.05-05.32.08:880][114]LogTexture: Display: Building textures: LQ_Lightmap_0_3 (DXT1, 1024X1024)
[2018.04.05-05.32.09:280][114]LogTexture: Display: Building textures: ShadowMapTexture2D_2 (BGRA8, 1024X1024)
[2018.04.05-05.32.09:345][114]LogTexture: Display: Building textures: ShadowMapTexture2D_3 (BGRA8, 512X1024)
[2018.04.05-05.32.09:368][114]Lightmass on DESKTOP-UNGKE0H: 43.5 sec total, 208 ms importing, 9 ms setup, 15.8 sec photons, 27.4 sec processing, 0 ms extra exporting [27/27 mappings]. Threads: 1:49 min total, 58.6 sec processing.
[2018.04.05-05.32.09:408][114]LogStaticLightingSystem: Illumination: 48.5 sec (3.00 sec encoding lightmaps, 462 ms encoding shadowmaps)
[2018.04.05-05.32.09:408][114]LogStaticLightingSystem: Lightmap texture memory:  8.0 MB (5.3 MB streaming, 2.7 MB non-streaming), 6 textures
[2018.04.05-05.32.09:408][114]LogStaticLightingSystem: Shadowmap texture memory: 8.0 MB (5.3 MB streaming, 2.7 MB non-streaming), 2 textures
[2018.04.05-05.32.10:057][114]DumpUnbuiltLightIteractions
[2018.04.05-05.32.10:058][114]Lights with unbuilt interactions: 0
[2018.04.05-05.32.10:058][114]
[2018.04.05-05.32.10:058][114]Primitives with unbuilt interactions: 0
[2018.04.05-05.32.10:076][115]Cmd: MAP CHECK NOTIFYRESULTS
[2018.04.05-05.32.10:076][115]MapCheck: New page: Minimal_Default - Apr 4, 2018, 5:32:10 PM
[2018.04.05-05.32.10:156][115]MapCheck: Map check complete: 0 Error(s), 0 Warning(s), took 79.556ms to complete.
[2018.04.05-05.32.58:047][220]Cmd: DELETE
[2018.04.05-05.32.58:047][220]Cmd: ACTOR DELETE
[2018.04.05-05.32.58:050][220]LogEditorActor: Deleted Actor: PointLight
[2018.04.05-05.32.58:066][220]LogEditorActor: Deleted 1 Actors (0.019 secs)
[2018.04.05-05.33.01:049][398]MapCheck: New page: Map Check
[2018.04.05-05.33.01:062][398]Cmd: MAP REBUILD ALLVISIBLE
[2018.04.05-05.33.01:062][398]LogEditorServer: Rebuildmap Clear paths rebuilt
[2018.04.05-05.33.01:078][398]LightingResults: New page: Lighting Build - Apr 4, 2018, 5:33:01 PM
[2018.04.05-05.33.01:088][398]LogSwarmInterface: [OpenConnection] Registering TCP channel ...
[2018.04.05-05.33.01:092][398]LogSwarmInterface: [OpenConnection] Connecting to agent ...
[2018.04.05-05.33.01:092][398]LogSwarmInterface: [TryOpenConnection] Testing the Agent
[2018.04.05-05.33.01:093][398]LogSwarmInterface: [TryOpenConnection] Opening Connection to Agent
[2018.04.05-05.33.01:093][398]LogSwarmInterface: [TryOpenConnection] Local Process ID is 15648
[2018.04.05-05.33.05:602][398]LogStaticLightingSystem: Warning: No importance volume found, so the scene bounding box was used.  You can optimize your scene's quality and lighting build times by adding importance volumes.
[2018.04.05-05.33.05:603][398]LogStaticLightingSystem: Running Lightmass w/ ImmediateImport mode ENABLED
[2018.04.05-05.33.05:603][398]LogStaticLightingSystem: Running Lightmass w/ ImmediateProcess mode ENABLED
[2018.04.05-05.33.05:603][398]LogStaticLightingSystem: Running Lightmass w/ Sorting mode ENABLED
[2018.04.05-05.33.05:603][398]LogStaticLightingSystem: Running Lightmass w/ Mapping paddings ENABLED
[2018.04.05-05.33.05:603][398]LogStaticLightingSystem: Running Lightmass w/ Mapping debug paddings DISABLED
[2018.04.05-05.33.05:722][398]LogEditorBuildUtils: Build time 0:04
[2018.04.05-05.33.56:542][358]Job is a success!
[2018.04.05-05.33.56:704][359]LogVolumetricLightmapImport: Imported Volumetric Lightmap in 0.093s
[2018.04.05-05.33.56:704][359]LogVolumetricLightmapImport:      Indirection Texture 32x32x32 = 0.1Mb
[2018.04.05-05.33.56:704][359]LogVolumetricLightmapImport:      BrickData 1280x10x5 = 2.0Mb
[2018.04.05-05.33.56:704][359]LogVolumetricLightmapImport:      Bricks at Level
[2018.04.05-05.33.56:704][359]LogVolumetricLightmapImport:          0: 1.8% covering 100.0% of volume
[2018.04.05-05.33.56:704][359]LogVolumetricLightmapImport:          1: 4.3% covering 3.7% of volume
[2018.04.05-05.33.56:704][359]LogVolumetricLightmapImport:          2: 93.8% covering 1.3% of volume
[2018.04.05-05.33.59:870][359]LogTexture: Display: Building textures: SkyOcclusion0_1 (AutoDXT, 1024X512)
[2018.04.05-05.33.59:870][359]LogTexture: Display: Building textures: HQ_Lightmap0_1 (AutoDXT, 1024X1024)
[2018.04.05-05.33.59:870][359]LogTexture: Display: Building textures: LQ_Lightmap_0_1 (DXT1, 1024X1024)
[2018.04.05-05.33.59:870][359]LogTexture: Display: Building textures: SkyOcclusion0_2 (AutoDXT, 1024X512)
[2018.04.05-05.33.59:870][359]LogTexture: Display: Building textures: HQ_Lightmap0_2 (AutoDXT, 1024X1024)
[2018.04.05-05.33.59:870][359]LogTexture: Display: Building textures: LQ_Lightmap_0_2 (DXT1, 1024X1024)
[2018.04.05-05.33.59:870][359]LogTexture: Display: Building textures: SkyOcclusion1_3 (AutoDXT, 1024X512)
[2018.04.05-05.33.59:870][359]LogTexture: Display: Building textures: HQ_Lightmap1_3 (AutoDXT, 1024X1024)
[2018.04.05-05.33.59:870][359]LogTexture: Display: Building textures: LQ_Lightmap_1_3 (DXT1, 1024X1024)
[2018.04.05-05.34.00:270][359]LogTexture: Display: Building textures: ShadowMapTexture2D_4 (BGRA8, 1024X1024)
[2018.04.05-05.34.00:323][359]LogTexture: Display: Building textures: ShadowMapTexture2D_5 (BGRA8, 512X1024)
[2018.04.05-05.34.00:338][359]Lightmass on DESKTOP-UNGKE0H: 53.7 sec total, 128 ms importing, 8 ms setup, 19.6 sec photons, 33.9 sec processing, 0 ms extra exporting [27/27 mappings]. Threads: 2:15 min total, 1:17 min processing.
[2018.04.05-05.34.00:376][359]LogStaticLightingSystem: Illumination: 59.2 sec (2.98 sec encoding lightmaps, 447 ms encoding shadowmaps)
[2018.04.05-05.34.00:376][359]LogStaticLightingSystem: Lightmap texture memory:  8.0 MB (5.3 MB streaming, 2.7 MB non-streaming), 6 textures
[2018.04.05-05.34.00:376][359]LogStaticLightingSystem: Shadowmap texture memory: 8.0 MB (5.3 MB streaming, 2.7 MB non-streaming), 2 textures
[2018.04.05-05.34.00:621][359]DumpUnbuiltLightIteractions
[2018.04.05-05.34.00:621][359]Lights with unbuilt interactions: 0
[2018.04.05-05.34.00:621][359]
[2018.04.05-05.34.00:621][359]Primitives with unbuilt interactions: 0
[2018.04.05-05.34.00:639][360]Cmd: MAP CHECK NOTIFYRESULTS
[2018.04.05-05.34.00:639][360]MapCheck: New page: Minimal_Default - Apr 4, 2018, 5:34:00 PM
[2018.04.05-05.34.00:742][360]MapCheck: Map check complete: 0 Error(s), 0 Warning(s), took 103.212ms to complete.
[2018.04.05-05.36.03:534][785]LogFactory: FactoryCreateFile: StaticMesh with FbxFactory (0 0 ../../../../../../Users/lydia/Downloads/marbleplayer.obj)
[2018.04.05-05.36.03:804][785]LogFbx: Loading FBX Scene from ../../../../../../Users/lydia/Downloads/marbleplayer.obj
[2018.04.05-05.36.08:350][785]LogFbx: FBX Scene Loaded Succesfully
[2018.04.05-05.36.08:353][785]LogSlate: Took 0.000150 seconds to synchronously load lazily loaded font '../../../Engine/Content/Slate/Fonts/Roboto-Regular.ttf' (155K)
[2018.04.05-05.36.24:782][785]LogFbx: Loading FBX Scene from ../../../../../../Users/lydia/Downloads/marbleplayer.obj
[2018.04.05-05.36.29:322][785]LogFbx: FBX Scene Loaded Succesfully
[2018.04.05-05.36.29:359][785]LogLinker: Can't find file '/Game/Props/defaultMat'
[2018.04.05-05.36.29:360][785]LogLinker: Can't find file '/Game/Props/defaultMat'
[2018.04.05-05.36.29:366][785]LogMaterial: Missing cached shader map for material defaultMat, compiling. 
[2018.04.05-05.36.30:683][785]LogStaticMesh: Building static mesh marbleplayer...
